#
# There is insufficient memory for the Java Runtime Environment to continue.
# Native memory allocation (malloc) failed to allocate 895856 bytes for Chunk::new
# Possible reasons:
#   The system is out of physical RAM or swap space
#   The process is running with CompressedOops enabled, and the Java Heap may be blocking the growth of the native heap
# Possible solutions:
#   Reduce memory load on the system
#   Increase physical memory or swap space
#   Check if swap backing store is full
#   Decrease Java heap size (-Xmx/-Xms)
#   Decrease number of Java threads
#   Decrease Java thread stack sizes (-Xss)
#   Set larger code cache with -XX:ReservedCodeCacheSize=
#   JVM is running with Unscaled Compressed Oops mode in which the Java heap is
#     placed in the first 4GB address space. The Java Heap base address is the
#     maximum limit for the native heap growth. Please use -XX:HeapBaseMinAddress
#     to set the Java Heap base and to place the Java Heap above 4GB virtual address.
# This output file may be truncated or incomplete.
#
#  Out of Memory Error (arena.cpp:184), pid=5748, tid=14080
#
# JRE version: Java(TM) SE Runtime Environment (18.0.2+9) (build 18.0.2+9-61)
# Java VM: Java HotSpot(TM) 64-Bit Server VM (18.0.2+9-61, mixed mode, sharing, tiered, compressed oops, compressed class ptrs, g1 gc, windows-amd64)
# No core dump will be written. Minidumps are not enabled by default on client versions of Windows
#

---------------  S U M M A R Y ------------

Command Line: -Dmaven.multiModuleProjectDirectory=E:\sgwProject\jingsai -Dmaven.home=D:\maven\apache-maven-3.8.6 -Dclassworlds.conf=D:\maven\apache-maven-3.8.6\bin\m2.conf -Dmaven.ext.class.path=D:\IntelliJ IDEA 2022.2\plugins\maven\lib\maven-event-listener.jar -javaagent:D:\IntelliJ IDEA 2022.2\lib\idea_rt.jar=58885:D:\IntelliJ IDEA 2022.2\bin -Dfile.encoding=UTF-8 org.codehaus.classworlds.Launcher -Didea.version=2022.2 install

Host: Intel(R) Core(TM) i5-7500 CPU @ 3.40GHz, 4 cores, 7G,  Windows 10 , 64 bit Build 19041 (10.0.19041.1889)
Time: Wed Oct 19 23:11:03 2022  Windows 10 , 64 bit Build 19041 (10.0.19041.1889) elapsed time: 8.978903 seconds (0d 0h 0m 8s)

---------------  T H R E A D  ---------------

Current thread (0x000002b3f9f8e0c0):  JavaThread "C2 CompilerThread0" daemon [_thread_in_native, id=14080, stack(0x000000f450c00000,0x000000f450d00000)]


Current CompileTask:
C2:   8979 8555       4       org.codehaus.plexus.util.xml.pull.MXParser::parseAttribute (1641 bytes)

Stack: [0x000000f450c00000,0x000000f450d00000]
Native frames: (J=compiled Java code, j=interpreted, Vv=VM code, C=native code)
V  [jvm.dll+0x6993ca]
V  [jvm.dll+0x7f481d]
V  [jvm.dll+0x7f612e]
V  [jvm.dll+0x7f67e3]
V  [jvm.dll+0x25cdaf]
V  [jvm.dll+0xb8c2f]
V  [jvm.dll+0xb8fa5]
V  [jvm.dll+0x3860cb]
V  [jvm.dll+0x34fd01]
V  [jvm.dll+0x34f19a]
V  [jvm.dll+0x22ff51]
V  [jvm.dll+0x22f321]
V  [jvm.dll+0x1ba01c]
V  [jvm.dll+0x23ec9a]
V  [jvm.dll+0x23cf85]
V  [jvm.dll+0x7a6e21]
V  [jvm.dll+0x7a125a]
V  [jvm.dll+0x698275]
C  [ucrtbase.dll+0x21bb2]
C  [KERNEL32.DLL+0x17034]
C  [ntdll.dll+0x526a1]


---------------  P R O C E S S  ---------------

Threads class SMR info:
_java_thread_list=0x000002b3ff656430, length=15, elements={
0x000002b3dc6905e0, 0x000002b3f9f6c1a0, 0x000002b3f9f6ce00, 0x000002b3f9f843c0,
0x000002b3f9f84f30, 0x000002b3f9f8a900, 0x000002b3f9f8d2b0, 0x000002b3f9f8e0c0,
0x000002b3f9fa0950, 0x000002b3f9fa1470, 0x000002b3dc759950, 0x000002b3fe58d780,
0x000002b3fe5a5e00, 0x000002b380fac010, 0x000002b382c17240
}

Java Threads: ( => current thread )
  0x000002b3dc6905e0 JavaThread "main" [_thread_in_vm, id=15336, stack(0x000000f44ff00000,0x000000f450000000)]
  0x000002b3f9f6c1a0 JavaThread "Reference Handler" daemon [_thread_blocked, id=7536, stack(0x000000f450600000,0x000000f450700000)]
  0x000002b3f9f6ce00 JavaThread "Finalizer" daemon [_thread_blocked, id=6372, stack(0x000000f450700000,0x000000f450800000)]
  0x000002b3f9f843c0 JavaThread "Signal Dispatcher" daemon [_thread_blocked, id=6132, stack(0x000000f450800000,0x000000f450900000)]
  0x000002b3f9f84f30 JavaThread "Attach Listener" daemon [_thread_blocked, id=9292, stack(0x000000f450900000,0x000000f450a00000)]
  0x000002b3f9f8a900 JavaThread "Service Thread" daemon [_thread_blocked, id=14740, stack(0x000000f450a00000,0x000000f450b00000)]
  0x000002b3f9f8d2b0 JavaThread "Monitor Deflation Thread" daemon [_thread_blocked, id=14560, stack(0x000000f450b00000,0x000000f450c00000)]
=>0x000002b3f9f8e0c0 JavaThread "C2 CompilerThread0" daemon [_thread_in_native, id=14080, stack(0x000000f450c00000,0x000000f450d00000)]
  0x000002b3f9fa0950 JavaThread "C1 CompilerThread0" daemon [_thread_in_vm, id=13116, stack(0x000000f450d00000,0x000000f450e00000)]
  0x000002b3f9fa1470 JavaThread "Sweeper thread" daemon [_thread_blocked, id=8412, stack(0x000000f450e00000,0x000000f450f00000)]
  0x000002b3dc759950 JavaThread "Common-Cleaner" daemon [_thread_blocked, id=12716, stack(0x000000f450f00000,0x000000f451000000)]
  0x000002b3fe58d780 JavaThread "Monitor Ctrl-Break" daemon [_thread_in_native, id=4896, stack(0x000000f451000000,0x000000f451100000)]
  0x000002b3fe5a5e00 JavaThread "Notification Thread" daemon [_thread_blocked, id=1096, stack(0x000000f451100000,0x000000f451200000)]
  0x000002b380fac010 JavaThread "C2 CompilerThread1" daemon [_thread_in_native, id=12912, stack(0x000000f451700000,0x000000f451800000)]
  0x000002b382c17240 JavaThread "Thread-1" daemon [_thread_in_vm, id=11592, stack(0x000000f451a00000,0x000000f451b00000)]

Other Threads:
  0x000002b3f9f691a0 VMThread "VM Thread" [stack: 0x000000f450500000,0x000000f450600000] [id=1224]
  0x000002b3fe557ba0 WatcherThread "VM Periodic Task Thread" [stack: 0x000000f451200000,0x000000f451300000] [id=14940]
  0x000002b3dc6ef3e0 WorkerThread "GC Thread#0" [stack: 0x000000f450000000,0x000000f450100000] [id=14996]
  0x000002b3fec04170 WorkerThread "GC Thread#1" [stack: 0x000000f451300000,0x000000f451400000] [id=11472]
  0x000002b3fe5cb750 WorkerThread "GC Thread#2" [stack: 0x000000f451400000,0x000000f451500000] [id=6784]
  0x000002b3feae45c0 WorkerThread "GC Thread#3" [stack: 0x000000f451500000,0x000000f451600000] [id=7820]
  0x000002b3dc701020 ConcurrentGCThread "G1 Main Marker" [stack: 0x000000f450100000,0x000000f450200000] [id=1216]
  0x000002b3dc701a10 WorkerThread "G1 Conc#0" [stack: 0x000000f450200000,0x000000f450300000] [id=3656]
  0x000002b3dc742fa0 ConcurrentGCThread "G1 Refine#0" [stack: 0x000000f450300000,0x000000f450400000] [id=4808]
  0x000002b3febf8d30 ConcurrentGCThread "G1 Refine#1" [stack: 0x000000f451600000,0x000000f451700000] [id=5312]
  0x000002b3fffa2cb0 ConcurrentGCThread "G1 Refine#2" [stack: 0x000000f451800000,0x000000f451900000] [id=14216]
  0x000002b3811bb630 ConcurrentGCThread "G1 Refine#3" [stack: 0x000000f451900000,0x000000f451a00000] [id=2308]
  0x000002b3dc7438b0 ConcurrentGCThread "G1 Service" [stack: 0x000000f450400000,0x000000f450500000] [id=8536]

Threads with active compile tasks:
C2 CompilerThread0     9458 8555       4       org.codehaus.plexus.util.xml.pull.MXParser::parseAttribute (1641 bytes)
C1 CompilerThread0     9458 8627   !   3       org.apache.maven.plugin.PluginParameterExpressionEvaluator::evaluate (1319 bytes)
C2 CompilerThread1     9458 8554       4       org.codehaus.plexus.interpolation.reflection.ReflectionValueExtractor::evaluate (242 bytes)

VM state: not at safepoint (normal execution)

VM Mutex/Monitor currently owned by a thread:  ([mutex/lock_event])
[0x000002b3dc68aa60] Metaspace_lock - owner thread: 0x000002b382c17240
[0x000002b3dc68c670] MethodData_lock - owner thread: 0x000002b3f9fa0950

Heap address: 0x0000000081800000, size: 2024 MB, Compressed Oops mode: 32-bit

CDS archive(s) mapped at: [0x0000000800000000-0x0000000800ba0000-0x0000000800ba0000), size 12189696, SharedBaseAddress: 0x0000000800000000, ArchiveRelocationMode: 0.
Compressed class space mapped at: 0x0000000800c00000-0x0000000840c00000, reserved size: 1073741824
Narrow klass base: 0x0000000800000000, Narrow klass shift: 0, Narrow klass range: 0x100000000

GC Precious Log:
 CardTable entry size: 512
 Card Set container configuration: InlinePtr #cards 5 size 8 Array Of Cards #cards 12 size 40 Howl #buckets 4 coarsen threshold 1843 Howl Bitmap #cards 512 size 80 coarsen threshold 460 Card regions per heap region 1 cards per card region 2048
 CPUs: 4 total, 4 available
 Memory: 8088M
 Large Page Support: Disabled
 NUMA Support: Disabled
 Compressed Oops: Enabled (32-bit)
 Heap Region Size: 1M
 Heap Min Capacity: 8M
 Heap Initial Capacity: 128M
 Heap Max Capacity: 2024M
 Pre-touch: Disabled
 Parallel Workers: 4
 Concurrent Workers: 1
 Concurrent Refinement Workers: 4
 Periodic GC: Disabled

Heap:
 garbage-first heap   total 147456K, used 103967K [0x0000000081800000, 0x0000000100000000)
  region size 1024K, 60 young (61440K), 9 survivors (9216K)
 Metaspace       used 31865K, committed 32384K, reserved 1114112K
  class space    used 3367K, committed 3648K, reserved 1048576K

Heap Regions: E=young(eden), S=young(survivor), O=old, HS=humongous(starts), HC=humongous(continues), CS=collection set, F=free, OA=open archive, CA=closed archive, TAMS=top-at-mark-start (previous, next)
|   0|0x0000000081800000, 0x0000000081900000, 0x0000000081900000|100%| O|  |TAMS 0x0000000081900000, 0x0000000081800000| Untracked 
|   1|0x0000000081900000, 0x0000000081a00000, 0x0000000081a00000|100%| O|  |TAMS 0x0000000081a00000, 0x0000000081900000| Untracked 
|   2|0x0000000081a00000, 0x0000000081b00000, 0x0000000081b00000|100%| O|  |TAMS 0x0000000081b00000, 0x0000000081a00000| Untracked 
|   3|0x0000000081b00000, 0x0000000081c00000, 0x0000000081c00000|100%| O|  |TAMS 0x0000000081b00000, 0x0000000081b00000| Untracked 
|   4|0x0000000081c00000, 0x0000000081d00000, 0x0000000081d00000|100%| O|  |TAMS 0x0000000081c00000, 0x0000000081c00000| Untracked 
|   5|0x0000000081d00000, 0x0000000081e00000, 0x0000000081e00000|100%| O|  |TAMS 0x0000000081d00000, 0x0000000081d00000| Untracked 
|   6|0x0000000081e00000, 0x0000000081f00000, 0x0000000081f00000|100%| O|  |TAMS 0x0000000081e00000, 0x0000000081e00000| Untracked 
|   7|0x0000000081f00000, 0x0000000082000000, 0x0000000082000000|100%| O|  |TAMS 0x0000000081f00000, 0x0000000081f00000| Untracked 
|   8|0x0000000082000000, 0x0000000082100000, 0x0000000082100000|100%| O|  |TAMS 0x0000000082000000, 0x0000000082000000| Untracked 
|   9|0x0000000082100000, 0x0000000082200000, 0x0000000082200000|100%| O|  |TAMS 0x0000000082100000, 0x0000000082100000| Untracked 
|  10|0x0000000082200000, 0x0000000082300000, 0x0000000082300000|100%| O|  |TAMS 0x0000000082200000, 0x0000000082200000| Untracked 
|  11|0x0000000082300000, 0x0000000082400000, 0x0000000082400000|100%| O|  |TAMS 0x0000000082300000, 0x0000000082300000| Untracked 
|  12|0x0000000082400000, 0x0000000082500000, 0x0000000082500000|100%|HS|  |TAMS 0x0000000082400000, 0x0000000082400000| Complete 
|  13|0x0000000082500000, 0x0000000082600000, 0x0000000082600000|100%| O|  |TAMS 0x0000000082500000, 0x0000000082500000| Untracked 
|  14|0x0000000082600000, 0x0000000082700000, 0x0000000082700000|100%| O|  |TAMS 0x0000000082600000, 0x0000000082600000| Untracked 
|  15|0x0000000082700000, 0x0000000082800000, 0x0000000082800000|100%| O|  |TAMS 0x0000000082700000, 0x0000000082700000| Untracked 
|  16|0x0000000082800000, 0x0000000082900000, 0x0000000082900000|100%| O|  |TAMS 0x0000000082800000, 0x0000000082800000| Untracked 
|  17|0x0000000082900000, 0x0000000082a00000, 0x0000000082a00000|100%| O|  |TAMS 0x0000000082900000, 0x0000000082900000| Untracked 
|  18|0x0000000082a00000, 0x0000000082b00000, 0x0000000082b00000|100%| O|  |TAMS 0x0000000082a00000, 0x0000000082a00000| Untracked 
|  19|0x0000000082b00000, 0x0000000082c00000, 0x0000000082c00000|100%| O|  |TAMS 0x0000000082b00000, 0x0000000082b00000| Untracked 
|  20|0x0000000082c00000, 0x0000000082d00000, 0x0000000082d00000|100%| O|  |TAMS 0x0000000082c00000, 0x0000000082c00000| Untracked 
|  21|0x0000000082d00000, 0x0000000082e00000, 0x0000000082e00000|100%| O|  |TAMS 0x0000000082d00000, 0x0000000082d00000| Untracked 
|  22|0x0000000082e00000, 0x0000000082f00000, 0x0000000082f00000|100%| O|  |TAMS 0x0000000082e00000, 0x0000000082e00000| Untracked 
|  23|0x0000000082f00000, 0x0000000083000000, 0x0000000083000000|100%|HS|  |TAMS 0x0000000082f00000, 0x0000000082f00000| Complete 
|  24|0x0000000083000000, 0x0000000083100000, 0x0000000083100000|100%|HC|  |TAMS 0x0000000083000000, 0x0000000083000000| Complete 
|  25|0x0000000083100000, 0x0000000083200000, 0x0000000083200000|100%| O|  |TAMS 0x0000000083100000, 0x0000000083100000| Untracked 
|  26|0x0000000083200000, 0x0000000083300000, 0x0000000083300000|100%| O|  |TAMS 0x0000000083200000, 0x0000000083200000| Untracked 
|  27|0x0000000083300000, 0x0000000083400000, 0x0000000083400000|100%| O|  |TAMS 0x0000000083300000, 0x0000000083300000| Untracked 
|  28|0x0000000083400000, 0x0000000083500000, 0x0000000083500000|100%| O|  |TAMS 0x0000000083400000, 0x0000000083400000| Untracked 
|  29|0x0000000083500000, 0x0000000083600000, 0x0000000083600000|100%| O|  |TAMS 0x0000000083500000, 0x0000000083500000| Untracked 
|  30|0x0000000083600000, 0x0000000083700000, 0x0000000083700000|100%| O|  |TAMS 0x0000000083600000, 0x0000000083600000| Untracked 
|  31|0x0000000083700000, 0x0000000083800000, 0x0000000083800000|100%| O|  |TAMS 0x0000000083700000, 0x0000000083700000| Untracked 
|  32|0x0000000083800000, 0x0000000083895e00, 0x0000000083900000| 58%| O|  |TAMS 0x0000000083800000, 0x0000000083800000| Untracked 
|  33|0x0000000083900000, 0x0000000083900000, 0x0000000083a00000|  0%| F|  |TAMS 0x0000000083900000, 0x0000000083900000| Untracked 
|  34|0x0000000083a00000, 0x0000000083a00000, 0x0000000083b00000|  0%| F|  |TAMS 0x0000000083a00000, 0x0000000083a00000| Untracked 
|  35|0x0000000083b00000, 0x0000000083b00000, 0x0000000083c00000|  0%| F|  |TAMS 0x0000000083b00000, 0x0000000083b00000| Untracked 
|  36|0x0000000083c00000, 0x0000000083d00000, 0x0000000083d00000|100%| O|  |TAMS 0x0000000083d00000, 0x0000000083c00000| Untracked 
|  37|0x0000000083d00000, 0x0000000083e00000, 0x0000000083e00000|100%| O|  |TAMS 0x0000000083e00000, 0x0000000083d00000| Untracked 
|  38|0x0000000083e00000, 0x0000000083f00000, 0x0000000083f00000|100%| O|  |TAMS 0x0000000083f00000, 0x0000000083e00000| Untracked 
|  39|0x0000000083f00000, 0x0000000084000000, 0x0000000084000000|100%| O|  |TAMS 0x0000000084000000, 0x0000000083f00000| Untracked 
|  40|0x0000000084000000, 0x0000000084100000, 0x0000000084100000|100%| O|  |TAMS 0x0000000084100000, 0x0000000084000000| Untracked 
|  41|0x0000000084100000, 0x0000000084200000, 0x0000000084200000|100%| O|  |TAMS 0x0000000084200000, 0x0000000084100000| Untracked 
|  42|0x0000000084200000, 0x00000000842f2000, 0x0000000084300000| 94%| O|  |TAMS 0x00000000842f2000, 0x0000000084200000| Untracked 
|  43|0x0000000084300000, 0x0000000084300000, 0x0000000084400000|  0%| F|  |TAMS 0x0000000084300000, 0x0000000084300000| Untracked 
|  44|0x0000000084400000, 0x0000000084400000, 0x0000000084500000|  0%| F|  |TAMS 0x0000000084400000, 0x0000000084400000| Untracked 
|  45|0x0000000084500000, 0x0000000084500000, 0x0000000084600000|  0%| F|  |TAMS 0x0000000084500000, 0x0000000084500000| Untracked 
|  46|0x0000000084600000, 0x0000000084600000, 0x0000000084700000|  0%| F|  |TAMS 0x0000000084600000, 0x0000000084600000| Untracked 
|  47|0x0000000084700000, 0x0000000084700000, 0x0000000084800000|  0%| F|  |TAMS 0x0000000084700000, 0x0000000084700000| Untracked 
|  48|0x0000000084800000, 0x0000000084800000, 0x0000000084900000|  0%| F|  |TAMS 0x0000000084800000, 0x0000000084800000| Untracked 
|  49|0x0000000084900000, 0x0000000084900000, 0x0000000084a00000|  0%| F|  |TAMS 0x0000000084900000, 0x0000000084900000| Untracked 
|  50|0x0000000084a00000, 0x0000000084a00000, 0x0000000084b00000|  0%| F|  |TAMS 0x0000000084a00000, 0x0000000084a00000| Untracked 
|  51|0x0000000084b00000, 0x0000000084b00000, 0x0000000084c00000|  0%| F|  |TAMS 0x0000000084b00000, 0x0000000084b00000| Untracked 
|  52|0x0000000084c00000, 0x0000000084c00000, 0x0000000084d00000|  0%| F|  |TAMS 0x0000000084c00000, 0x0000000084c00000| Untracked 
|  53|0x0000000084d00000, 0x0000000084d00000, 0x0000000084e00000|  0%| F|  |TAMS 0x0000000084d00000, 0x0000000084d00000| Untracked 
|  54|0x0000000084e00000, 0x0000000084e00000, 0x0000000084f00000|  0%| F|  |TAMS 0x0000000084e00000, 0x0000000084e00000| Untracked 
|  55|0x0000000084f00000, 0x0000000084f00000, 0x0000000085000000|  0%| F|  |TAMS 0x0000000084f00000, 0x0000000084f00000| Untracked 
|  56|0x0000000085000000, 0x0000000085000000, 0x0000000085100000|  0%| F|  |TAMS 0x0000000085000000, 0x0000000085000000| Untracked 
|  57|0x0000000085100000, 0x0000000085100000, 0x0000000085200000|  0%| F|  |TAMS 0x0000000085100000, 0x0000000085100000| Untracked 
|  58|0x0000000085200000, 0x0000000085200000, 0x0000000085300000|  0%| F|  |TAMS 0x0000000085200000, 0x0000000085200000| Untracked 
|  59|0x0000000085300000, 0x0000000085300000, 0x0000000085400000|  0%| F|  |TAMS 0x0000000085300000, 0x0000000085300000| Untracked 
|  60|0x0000000085400000, 0x0000000085500000, 0x0000000085500000|100%| S|CS|TAMS 0x0000000085400000, 0x0000000085400000| Complete 
|  61|0x0000000085500000, 0x0000000085600000, 0x0000000085600000|100%| S|CS|TAMS 0x0000000085500000, 0x0000000085500000| Complete 
|  62|0x0000000085600000, 0x0000000085700000, 0x0000000085700000|100%| S|CS|TAMS 0x0000000085600000, 0x0000000085600000| Complete 
|  63|0x0000000085700000, 0x0000000085800000, 0x0000000085800000|100%| S|CS|TAMS 0x0000000085700000, 0x0000000085700000| Complete 
|  64|0x0000000085800000, 0x0000000085900000, 0x0000000085900000|100%| S|CS|TAMS 0x0000000085800000, 0x0000000085800000| Complete 
|  65|0x0000000085900000, 0x0000000085900000, 0x0000000085a00000|  0%| F|  |TAMS 0x0000000085900000, 0x0000000085900000| Untracked 
|  66|0x0000000085a00000, 0x0000000085a00000, 0x0000000085b00000|  0%| F|  |TAMS 0x0000000085a00000, 0x0000000085a00000| Untracked 
|  67|0x0000000085b00000, 0x0000000085b00000, 0x0000000085c00000|  0%| F|  |TAMS 0x0000000085b00000, 0x0000000085b00000| Untracked 
|  68|0x0000000085c00000, 0x0000000085c00000, 0x0000000085d00000|  0%| F|  |TAMS 0x0000000085c00000, 0x0000000085c00000| Untracked 
|  69|0x0000000085d00000, 0x0000000085e00000, 0x0000000085e00000|100%| S|CS|TAMS 0x0000000085d00000, 0x0000000085d00000| Complete 
|  70|0x0000000085e00000, 0x0000000085f00000, 0x0000000085f00000|100%| S|CS|TAMS 0x0000000085e00000, 0x0000000085e00000| Complete 
|  71|0x0000000085f00000, 0x0000000086000000, 0x0000000086000000|100%| S|CS|TAMS 0x0000000085f00000, 0x0000000085f00000| Complete 
|  72|0x0000000086000000, 0x0000000086100000, 0x0000000086100000|100%| S|CS|TAMS 0x0000000086000000, 0x0000000086000000| Complete 
|  73|0x0000000086100000, 0x0000000086100000, 0x0000000086200000|  0%| F|  |TAMS 0x0000000086100000, 0x0000000086100000| Untracked 
|  74|0x0000000086200000, 0x0000000086200000, 0x0000000086300000|  0%| F|  |TAMS 0x0000000086200000, 0x0000000086200000| Untracked 
|  75|0x0000000086300000, 0x0000000086300000, 0x0000000086400000|  0%| F|  |TAMS 0x0000000086300000, 0x0000000086300000| Untracked 
|  76|0x0000000086400000, 0x0000000086400000, 0x0000000086500000|  0%| F|  |TAMS 0x0000000086400000, 0x0000000086400000| Untracked 
|  77|0x0000000086500000, 0x0000000086500000, 0x0000000086600000|  0%| F|  |TAMS 0x0000000086500000, 0x0000000086500000| Untracked 
|  78|0x0000000086600000, 0x0000000086600000, 0x0000000086700000|  0%| F|  |TAMS 0x0000000086600000, 0x0000000086600000| Untracked 
|  79|0x0000000086700000, 0x0000000086700000, 0x0000000086800000|  0%| F|  |TAMS 0x0000000086700000, 0x0000000086700000| Untracked 
|  80|0x0000000086800000, 0x0000000086800000, 0x0000000086900000|  0%| F|  |TAMS 0x0000000086800000, 0x0000000086800000| Untracked 
|  81|0x0000000086900000, 0x0000000086900000, 0x0000000086a00000|  0%| F|  |TAMS 0x0000000086900000, 0x0000000086900000| Untracked 
|  82|0x0000000086a00000, 0x0000000086a00000, 0x0000000086b00000|  0%| F|  |TAMS 0x0000000086a00000, 0x0000000086a00000| Untracked 
|  83|0x0000000086b00000, 0x0000000086b00000, 0x0000000086c00000|  0%| F|  |TAMS 0x0000000086b00000, 0x0000000086b00000| Untracked 
|  84|0x0000000086c00000, 0x0000000086c00000, 0x0000000086d00000|  0%| F|  |TAMS 0x0000000086c00000, 0x0000000086c00000| Untracked 
|  85|0x0000000086d00000, 0x0000000086d00000, 0x0000000086e00000|  0%| F|  |TAMS 0x0000000086d00000, 0x0000000086d00000| Untracked 
|  86|0x0000000086e00000, 0x0000000086e00000, 0x0000000086f00000|  0%| F|  |TAMS 0x0000000086e00000, 0x0000000086e00000| Untracked 
|  87|0x0000000086f00000, 0x0000000086f00000, 0x0000000087000000|  0%| F|  |TAMS 0x0000000086f00000, 0x0000000086f00000| Untracked 
|  88|0x0000000087000000, 0x0000000087000000, 0x0000000087100000|  0%| F|  |TAMS 0x0000000087000000, 0x0000000087000000| Untracked 
|  89|0x0000000087100000, 0x0000000087200000, 0x0000000087200000|100%| E|  |TAMS 0x0000000087100000, 0x0000000087100000| Complete 
|  90|0x0000000087200000, 0x0000000087300000, 0x0000000087300000|100%| E|CS|TAMS 0x0000000087200000, 0x0000000087200000| Complete 
|  91|0x0000000087300000, 0x0000000087400000, 0x0000000087400000|100%| E|CS|TAMS 0x0000000087300000, 0x0000000087300000| Complete 
|  92|0x0000000087400000, 0x0000000087500000, 0x0000000087500000|100%| E|CS|TAMS 0x0000000087400000, 0x0000000087400000| Complete 
|  93|0x0000000087500000, 0x0000000087600000, 0x0000000087600000|100%| E|CS|TAMS 0x0000000087500000, 0x0000000087500000| Complete 
|  94|0x0000000087600000, 0x0000000087700000, 0x0000000087700000|100%| E|CS|TAMS 0x0000000087600000, 0x0000000087600000| Complete 
|  95|0x0000000087700000, 0x0000000087800000, 0x0000000087800000|100%| E|CS|TAMS 0x0000000087700000, 0x0000000087700000| Complete 
|  96|0x0000000087800000, 0x0000000087900000, 0x0000000087900000|100%| E|CS|TAMS 0x0000000087800000, 0x0000000087800000| Complete 
|  97|0x0000000087900000, 0x0000000087a00000, 0x0000000087a00000|100%| E|CS|TAMS 0x0000000087900000, 0x0000000087900000| Complete 
|  98|0x0000000087a00000, 0x0000000087b00000, 0x0000000087b00000|100%| E|CS|TAMS 0x0000000087a00000, 0x0000000087a00000| Complete 
|  99|0x0000000087b00000, 0x0000000087c00000, 0x0000000087c00000|100%| E|CS|TAMS 0x0000000087b00000, 0x0000000087b00000| Complete 
| 100|0x0000000087c00000, 0x0000000087d00000, 0x0000000087d00000|100%| E|CS|TAMS 0x0000000087c00000, 0x0000000087c00000| Complete 
| 101|0x0000000087d00000, 0x0000000087e00000, 0x0000000087e00000|100%| E|CS|TAMS 0x0000000087d00000, 0x0000000087d00000| Complete 
| 102|0x0000000087e00000, 0x0000000087f00000, 0x0000000087f00000|100%| E|CS|TAMS 0x0000000087e00000, 0x0000000087e00000| Complete 
| 103|0x0000000087f00000, 0x0000000088000000, 0x0000000088000000|100%| E|CS|TAMS 0x0000000087f00000, 0x0000000087f00000| Complete 
| 104|0x0000000088000000, 0x0000000088100000, 0x0000000088100000|100%| E|CS|TAMS 0x0000000088000000, 0x0000000088000000| Complete 
| 105|0x0000000088100000, 0x0000000088200000, 0x0000000088200000|100%| E|CS|TAMS 0x0000000088100000, 0x0000000088100000| Complete 
| 106|0x0000000088200000, 0x0000000088300000, 0x0000000088300000|100%| E|CS|TAMS 0x0000000088200000, 0x0000000088200000| Complete 
| 107|0x0000000088300000, 0x0000000088400000, 0x0000000088400000|100%| E|CS|TAMS 0x0000000088300000, 0x0000000088300000| Complete 
| 108|0x0000000088400000, 0x0000000088500000, 0x0000000088500000|100%| E|CS|TAMS 0x0000000088400000, 0x0000000088400000| Complete 
| 109|0x0000000088500000, 0x0000000088600000, 0x0000000088600000|100%| E|CS|TAMS 0x0000000088500000, 0x0000000088500000| Complete 
| 110|0x0000000088600000, 0x0000000088700000, 0x0000000088700000|100%| E|CS|TAMS 0x0000000088600000, 0x0000000088600000| Complete 
| 111|0x0000000088700000, 0x0000000088800000, 0x0000000088800000|100%| E|CS|TAMS 0x0000000088700000, 0x0000000088700000| Complete 
| 112|0x0000000088800000, 0x0000000088900000, 0x0000000088900000|100%| E|CS|TAMS 0x0000000088800000, 0x0000000088800000| Complete 
| 113|0x0000000088900000, 0x0000000088a00000, 0x0000000088a00000|100%| E|CS|TAMS 0x0000000088900000, 0x0000000088900000| Complete 
| 114|0x0000000088a00000, 0x0000000088b00000, 0x0000000088b00000|100%| E|CS|TAMS 0x0000000088a00000, 0x0000000088a00000| Complete 
| 115|0x0000000088b00000, 0x0000000088c00000, 0x0000000088c00000|100%| E|CS|TAMS 0x0000000088b00000, 0x0000000088b00000| Complete 
| 116|0x0000000088c00000, 0x0000000088d00000, 0x0000000088d00000|100%| E|CS|TAMS 0x0000000088c00000, 0x0000000088c00000| Complete 
| 117|0x0000000088d00000, 0x0000000088e00000, 0x0000000088e00000|100%| E|CS|TAMS 0x0000000088d00000, 0x0000000088d00000| Complete 
| 118|0x0000000088e00000, 0x0000000088f00000, 0x0000000088f00000|100%| E|CS|TAMS 0x0000000088e00000, 0x0000000088e00000| Complete 
| 119|0x0000000088f00000, 0x0000000089000000, 0x0000000089000000|100%| E|CS|TAMS 0x0000000088f00000, 0x0000000088f00000| Complete 
| 120|0x0000000089000000, 0x0000000089100000, 0x0000000089100000|100%| E|CS|TAMS 0x0000000089000000, 0x0000000089000000| Complete 
| 121|0x0000000089100000, 0x0000000089200000, 0x0000000089200000|100%| E|CS|TAMS 0x0000000089100000, 0x0000000089100000| Complete 
| 122|0x0000000089200000, 0x0000000089300000, 0x0000000089300000|100%| E|CS|TAMS 0x0000000089200000, 0x0000000089200000| Complete 
| 123|0x0000000089300000, 0x0000000089400000, 0x0000000089400000|100%| E|  |TAMS 0x0000000089300000, 0x0000000089300000| Complete 
| 124|0x0000000089400000, 0x0000000089500000, 0x0000000089500000|100%| E|CS|TAMS 0x0000000089400000, 0x0000000089400000| Complete 
| 125|0x0000000089500000, 0x0000000089600000, 0x0000000089600000|100%| E|CS|TAMS 0x0000000089500000, 0x0000000089500000| Complete 
| 126|0x0000000089600000, 0x0000000089700000, 0x0000000089700000|100%| E|CS|TAMS 0x0000000089600000, 0x0000000089600000| Complete 
| 127|0x0000000089700000, 0x0000000089800000, 0x0000000089800000|100%| E|CS|TAMS 0x0000000089700000, 0x0000000089700000| Complete 
| 128|0x0000000089800000, 0x0000000089900000, 0x0000000089900000|100%| E|CS|TAMS 0x0000000089800000, 0x0000000089800000| Complete 
| 129|0x0000000089900000, 0x0000000089a00000, 0x0000000089a00000|100%| E|CS|TAMS 0x0000000089900000, 0x0000000089900000| Complete 
| 130|0x0000000089a00000, 0x0000000089b00000, 0x0000000089b00000|100%| E|CS|TAMS 0x0000000089a00000, 0x0000000089a00000| Complete 
| 131|0x0000000089b00000, 0x0000000089c00000, 0x0000000089c00000|100%| E|CS|TAMS 0x0000000089b00000, 0x0000000089b00000| Complete 
| 132|0x0000000089c00000, 0x0000000089d00000, 0x0000000089d00000|100%| E|CS|TAMS 0x0000000089c00000, 0x0000000089c00000| Complete 
| 133|0x0000000089d00000, 0x0000000089e00000, 0x0000000089e00000|100%| E|CS|TAMS 0x0000000089d00000, 0x0000000089d00000| Complete 
| 134|0x0000000089e00000, 0x0000000089f00000, 0x0000000089f00000|100%| E|CS|TAMS 0x0000000089e00000, 0x0000000089e00000| Complete 
| 135|0x0000000089f00000, 0x000000008a000000, 0x000000008a000000|100%| E|CS|TAMS 0x0000000089f00000, 0x0000000089f00000| Complete 
| 136|0x000000008a000000, 0x000000008a100000, 0x000000008a100000|100%| E|CS|TAMS 0x000000008a000000, 0x000000008a000000| Complete 
| 137|0x000000008a100000, 0x000000008a200000, 0x000000008a200000|100%| E|CS|TAMS 0x000000008a100000, 0x000000008a100000| Complete 
| 138|0x000000008a200000, 0x000000008a300000, 0x000000008a300000|100%| E|CS|TAMS 0x000000008a200000, 0x000000008a200000| Complete 
| 139|0x000000008a300000, 0x000000008a400000, 0x000000008a400000|100%| E|CS|TAMS 0x000000008a300000, 0x000000008a300000| Complete 
|2020|0x00000000ffc00000, 0x00000000ffd00000, 0x00000000ffd00000|100%| O|  |TAMS 0x00000000ffc00000, 0x00000000ffc00000| Untracked 
|2021|0x00000000ffd00000, 0x00000000ffe00000, 0x00000000ffe00000|100%| O|  |TAMS 0x00000000ffd00000, 0x00000000ffd00000| Untracked 
|2022|0x00000000ffe00000, 0x00000000fff00000, 0x00000000fff00000|100%| O|  |TAMS 0x00000000ffe00000, 0x00000000ffe00000| Untracked 
|2023|0x00000000fff00000, 0x0000000100000000, 0x0000000100000000|100%| O|  |TAMS 0x00000000fff00000, 0x00000000fff00000| Untracked 

Card table byte_map: [0x000002b3f33d0000,0x000002b3f37d0000] _byte_map_base: 0x000002b3f2fc4000

Marking Bits (Prev, Next): (CMBitMap*) 0x000002b3dc6f0a30, (CMBitMap*) 0x000002b3dc6f09f0
 Prev Bits: [0x000002b3f5b70000, 0x000002b3f7b10000)
 Next Bits: [0x000002b3f3bd0000, 0x000002b3f5b70000)

Polling page: 0x000002b3da3f0000

Metaspace:

Usage:
  Non-class:     27.83 MB used.
      Class:      3.29 MB used.
       Both:     31.12 MB used.

Virtual space:
  Non-class space:       64.00 MB reserved,      28.06 MB ( 44%) committed,  1 nodes.
      Class space:        1.00 GB reserved,       3.56 MB ( <1%) committed,  1 nodes.
             Both:        1.06 GB reserved,      31.62 MB (  3%) committed. 

Chunk freelists:
   Non-Class:  3.00 MB
       Class:  316.00 KB
        Both:  3.31 MB

MaxMetaspaceSize: unlimited
CompressedClassSpaceSize: 1.00 GB
Initial GC threshold: 21.00 MB
Current GC threshold: 35.56 MB
CDS: on
MetaspaceReclaimPolicy: balanced
 - commit_granule_bytes: 65536.
 - commit_granule_words: 8192.
 - virtual_space_node_default_size: 8388608.
 - enlarge_chunks_in_place: 1.
 - new_chunks_are_fully_committed: 0.
 - uncommit_free_chunks: 1.
 - use_allocation_guard: 0.


Internal statistics:

num_allocs_failed_limit: 3.
num_arena_births: 602.
num_arena_deaths: 0.
num_vsnodes_births: 2.
num_vsnodes_deaths: 0.
num_space_committed: 506.
num_space_uncommitted: 0.
num_chunks_returned_to_freelist: 3.
num_chunks_taken_from_freelist: 1778.
num_chunk_merges: 3.
num_chunk_splits: 1252.
num_chunks_enlarged: 923.
num_inconsistent_stats: 0.

CodeHeap 'non-profiled nmethods': size=120000Kb used=4311Kb max_used=4311Kb free=115688Kb
 bounds [0x000002b3ebaa0000, 0x000002b3ebee0000, 0x000002b3f2fd0000]
CodeHeap 'profiled nmethods': size=120000Kb used=17516Kb max_used=17516Kb free=102483Kb
 bounds [0x000002b3e4570000, 0x000002b3e5690000, 0x000002b3ebaa0000]
CodeHeap 'non-nmethods': size=5760Kb used=1251Kb max_used=1339Kb free=4508Kb
 bounds [0x000002b3e3fd0000, 0x000002b3e4240000, 0x000002b3e4570000]
 total_blobs=8181 nmethods=7631 adapters=460
 compilation: enabled
              stopped_count=0, restarted_count=0
 full_count=0

Compilation events (20 events):
Event: 8.574 Thread 0x000002b3f9fa0950 nmethod 8614 0x000002b3e5680590 code [0x000002b3e5680860, 0x000002b3e5681578]
Event: 8.574 Thread 0x000002b3f9fa0950 8615       3       org.eclipse.sisu.plexus.CompositeBeanHelper::findMethod (77 bytes)
Event: 8.575 Thread 0x000002b3f9fa0950 nmethod 8615 0x000002b3e5681c10 code [0x000002b3e5681ea0, 0x000002b3e5682cf8]
Event: 8.575 Thread 0x000002b3f9fa0950 8616       3       jdk.internal.reflect.Reflection::verifyMemberAccess (200 bytes)
Event: 8.577 Thread 0x000002b3f9fa0950 nmethod 8616 0x000002b3e5683190 code [0x000002b3e5683620, 0x000002b3e56859f8]
Event: 8.577 Thread 0x000002b3f9fa0950 8617       3       com.google.inject.TypeLiteral::<init> (43 bytes)
Event: 8.577 Thread 0x000002b3f9fa0950 nmethod 8617 0x000002b3e5686410 code [0x000002b3e5686620, 0x000002b3e5686cd8]
Event: 8.577 Thread 0x000002b3f9fa0950 8621       3       com.google.inject.internal.MoreTypes::canonicalize (148 bytes)
Event: 8.578 Thread 0x000002b3f9fa0950 nmethod 8621 0x000002b3e5686f10 code [0x000002b3e5687240, 0x000002b3e5688a98]
Event: 8.578 Thread 0x000002b3f9fa0950 8620       3       jdk.internal.math.FDBigInteger::mult (64 bytes)
Event: 8.578 Thread 0x000002b3f9fa0950 nmethod 8620 0x000002b3e5688f10 code [0x000002b3e56890c0, 0x000002b3e5689318]
Event: 8.578 Thread 0x000002b3f9fa0950 8619       1       java.lang.invoke.LambdaForm::arity (5 bytes)
Event: 8.578 Thread 0x000002b3f9fa0950 nmethod 8619 0x000002b3ebed5690 code [0x000002b3ebed5820, 0x000002b3ebed58f8]
Event: 8.578 Thread 0x000002b3f9fa0950 8622       3       java.lang.Class::getMethod (59 bytes)
Event: 8.579 Thread 0x000002b3f9fa0950 nmethod 8622 0x000002b3e5689510 code [0x000002b3e56897a0, 0x000002b3e568a2c8]
Event: 8.580 Thread 0x000002b3f9fa0950 8624       3       java.lang.invoke.MemberName::getFactory (4 bytes)
Event: 8.580 Thread 0x000002b3f9fa0950 nmethod 8624 0x000002b3e568a790 code [0x000002b3e568a920, 0x000002b3e568aa18]
Event: 8.581 Thread 0x000002b3f9fa0950 8626       3       org.apache.maven.project.MavenProject::getProperties (8 bytes)
Event: 8.581 Thread 0x000002b3f9fa0950 nmethod 8626 0x000002b3e568aa90 code [0x000002b3e568ac40, 0x000002b3e568b008]
Event: 8.581 Thread 0x000002b3f9fa0950 8627   !   3       org.apache.maven.plugin.PluginParameterExpressionEvaluator::evaluate (1319 bytes)

GC Heap History (20 events):
Event: 0.666 GC heap before
{Heap before GC invocations=1 (full 0):
 garbage-first heap   total 131072K, used 17672K [0x0000000081800000, 0x0000000100000000)
  region size 1024K, 16 young (16384K), 2 survivors (2048K)
 Metaspace       used 5898K, committed 6080K, reserved 1114112K
  class space    used 666K, committed 768K, reserved 1048576K
}
Event: 0.669 GC heap after
{Heap after GC invocations=2 (full 0):
 garbage-first heap   total 131072K, used 4685K [0x0000000081800000, 0x0000000100000000)
  region size 1024K, 2 young (2048K), 2 survivors (2048K)
 Metaspace       used 5898K, committed 6080K, reserved 1114112K
  class space    used 666K, committed 768K, reserved 1048576K
}
Event: 1.814 GC heap before
{Heap before GC invocations=2 (full 0):
 garbage-first heap   total 131072K, used 80461K [0x0000000081800000, 0x0000000100000000)
  region size 1024K, 76 young (77824K), 2 survivors (2048K)
 Metaspace       used 13651K, committed 13952K, reserved 1114112K
  class space    used 1513K, committed 1664K, reserved 1048576K
}
Event: 1.824 GC heap after
{Heap after GC invocations=3 (full 0):
 garbage-first heap   total 131072K, used 11822K [0x0000000081800000, 0x0000000100000000)
  region size 1024K, 9 young (9216K), 9 survivors (9216K)
 Metaspace       used 13651K, committed 13952K, reserved 1114112K
  class space    used 1513K, committed 1664K, reserved 1048576K
}
Event: 2.740 GC heap before
{Heap before GC invocations=3 (full 0):
 garbage-first heap   total 131072K, used 113198K [0x0000000081800000, 0x0000000100000000)
  region size 1024K, 76 young (77824K), 9 survivors (9216K)
 Metaspace       used 17537K, committed 17920K, reserved 1114112K
  class space    used 1879K, committed 2112K, reserved 1048576K
}
Event: 2.751 GC heap after
{Heap after GC invocations=4 (full 0):
 garbage-first heap   total 131072K, used 16758K [0x0000000081800000, 0x0000000100000000)
  region size 1024K, 6 young (6144K), 6 survivors (6144K)
 Metaspace       used 17537K, committed 17920K, reserved 1114112K
  class space    used 1879K, committed 2112K, reserved 1048576K
}
Event: 2.880 GC heap before
{Heap before GC invocations=4 (full 0):
 garbage-first heap   total 131072K, used 19830K [0x0000000081800000, 0x0000000100000000)
  region size 1024K, 10 young (10240K), 6 survivors (6144K)
 Metaspace       used 21195K, committed 21504K, reserved 1114112K
  class space    used 2314K, committed 2496K, reserved 1048576K
}
Event: 2.884 GC heap after
{Heap after GC invocations=5 (full 0):
 garbage-first heap   total 131072K, used 17352K [0x0000000081800000, 0x0000000100000000)
  region size 1024K, 6 young (6144K), 6 survivors (6144K)
 Metaspace       used 21195K, committed 21504K, reserved 1114112K
  class space    used 2314K, committed 2496K, reserved 1048576K
}
Event: 3.400 GC heap before
{Heap before GC invocations=6 (full 0):
 garbage-first heap   total 61440K, used 47048K [0x0000000081800000, 0x0000000100000000)
  region size 1024K, 36 young (36864K), 6 survivors (6144K)
 Metaspace       used 23606K, committed 23936K, reserved 1114112K
  class space    used 2549K, committed 2688K, reserved 1048576K
}
Event: 3.412 GC heap after
{Heap after GC invocations=7 (full 0):
 garbage-first heap   total 65536K, used 27879K [0x0000000081800000, 0x0000000100000000)
  region size 1024K, 5 young (5120K), 5 survivors (5120K)
 Metaspace       used 23606K, committed 23936K, reserved 1114112K
  class space    used 2549K, committed 2688K, reserved 1048576K
}
Event: 3.417 GC heap before
{Heap before GC invocations=7 (full 0):
 garbage-first heap   total 65536K, used 28903K [0x0000000081800000, 0x0000000100000000)
  region size 1024K, 6 young (6144K), 5 survivors (5120K)
 Metaspace       used 23606K, committed 23936K, reserved 1114112K
  class space    used 2549K, committed 2688K, reserved 1048576K
}
Event: 3.425 GC heap after
{Heap after GC invocations=8 (full 0):
 garbage-first heap   total 65536K, used 28934K [0x0000000081800000, 0x0000000100000000)
  region size 1024K, 1 young (1024K), 1 survivors (1024K)
 Metaspace       used 23606K, committed 23936K, reserved 1114112K
  class space    used 2549K, committed 2688K, reserved 1048576K
}
Event: 3.948 GC heap before
{Heap before GC invocations=8 (full 0):
 garbage-first heap   total 65536K, used 47366K [0x0000000081800000, 0x0000000100000000)
  region size 1024K, 19 young (19456K), 1 survivors (1024K)
 Metaspace       used 24362K, committed 24768K, reserved 1114112K
  class space    used 2622K, committed 2816K, reserved 1048576K
}
Event: 3.954 GC heap after
{Heap after GC invocations=9 (full 0):
 garbage-first heap   total 147456K, used 32200K [0x0000000081800000, 0x0000000100000000)
  region size 1024K, 3 young (3072K), 3 survivors (3072K)
 Metaspace       used 24362K, committed 24768K, reserved 1114112K
  class space    used 2622K, committed 2816K, reserved 1048576K
}
Event: 5.405 GC heap before
{Heap before GC invocations=9 (full 0):
 garbage-first heap   total 147456K, used 96712K [0x0000000081800000, 0x0000000100000000)
  region size 1024K, 66 young (67584K), 3 survivors (3072K)
 Metaspace       used 26906K, committed 27328K, reserved 1114112K
  class space    used 2866K, committed 3072K, reserved 1048576K
}
Event: 5.414 GC heap after
{Heap after GC invocations=10 (full 0):
 garbage-first heap   total 147456K, used 37487K [0x0000000081800000, 0x0000000100000000)
  region size 1024K, 8 young (8192K), 8 survivors (8192K)
 Metaspace       used 26906K, committed 27328K, reserved 1114112K
  class space    used 2866K, committed 3072K, reserved 1048576K
}
Event: 6.294 GC heap before
{Heap before GC invocations=10 (full 0):
 garbage-first heap   total 147456K, used 100975K [0x0000000081800000, 0x0000000100000000)
  region size 1024K, 70 young (71680K), 8 survivors (8192K)
 Metaspace       used 27578K, committed 28096K, reserved 1114112K
  class space    used 2926K, committed 3200K, reserved 1048576K
}
Event: 6.300 GC heap after
{Heap after GC invocations=11 (full 0):
 garbage-first heap   total 147456K, used 37542K [0x0000000081800000, 0x0000000100000000)
  region size 1024K, 5 young (5120K), 5 survivors (5120K)
 Metaspace       used 27578K, committed 28096K, reserved 1114112K
  class space    used 2926K, committed 3200K, reserved 1048576K
}
Event: 7.752 GC heap before
{Heap before GC invocations=11 (full 0):
 garbage-first heap   total 147456K, used 107174K [0x0000000081800000, 0x0000000100000000)
  region size 1024K, 71 young (72704K), 5 survivors (5120K)
 Metaspace       used 29767K, committed 30272K, reserved 1114112K
  class space    used 3159K, committed 3392K, reserved 1048576K
}
Event: 7.771 GC heap after
{Heap after GC invocations=12 (full 0):
 garbage-first heap   total 147456K, used 53791K [0x0000000081800000, 0x0000000100000000)
  region size 1024K, 9 young (9216K), 9 survivors (9216K)
 Metaspace       used 29767K, committed 30272K, reserved 1114112K
  class space    used 3159K, committed 3392K, reserved 1048576K
}

Deoptimization events (20 events):
Event: 8.574 Thread 0x000002b3dc6905e0 Uncommon trap: trap_request=0xffffffde fr.pc=0x000002b3ebb4e124 relative=0x0000000000000084
Event: 8.574 Thread 0x000002b3dc6905e0 Uncommon trap: reason=class_check action=maybe_recompile pc=0x000002b3ebb4e124 method=com.google.inject.internal.MoreTypes.getRawType(Ljava/lang/reflect/Type;)Ljava/lang/Class; @ 13 c2
Event: 8.574 Thread 0x000002b3dc6905e0 DEOPT PACKING pc=0x000002b3ebb4e124 sp=0x000000f44fffe280
Event: 8.574 Thread 0x000002b3dc6905e0 DEOPT UNPACKING pc=0x000002b3e40223a3 sp=0x000000f44fffe210 mode 2
Event: 8.574 Thread 0x000002b3dc6905e0 Uncommon trap: trap_request=0xffffff45 fr.pc=0x000002b3ebb52410 relative=0x00000000000008d0
Event: 8.575 Thread 0x000002b3dc6905e0 Uncommon trap: reason=unstable_if action=reinterpret pc=0x000002b3ebb52410 method=com.google.inject.internal.MoreTypes.canonicalize(Ljava/lang/reflect/Type;)Ljava/lang/reflect/Type; @ 16 c2
Event: 8.575 Thread 0x000002b3dc6905e0 DEOPT PACKING pc=0x000002b3ebb52410 sp=0x000000f44fffe200
Event: 8.575 Thread 0x000002b3dc6905e0 DEOPT UNPACKING pc=0x000002b3e40223a3 sp=0x000000f44fffe208 mode 2
Event: 8.575 Thread 0x000002b3dc6905e0 Uncommon trap: trap_request=0xffffffde fr.pc=0x000002b3ebb4e124 relative=0x0000000000000084
Event: 8.575 Thread 0x000002b3dc6905e0 Uncommon trap: reason=class_check action=maybe_recompile pc=0x000002b3ebb4e124 method=com.google.inject.internal.MoreTypes.getRawType(Ljava/lang/reflect/Type;)Ljava/lang/Class; @ 13 c2
Event: 8.575 Thread 0x000002b3dc6905e0 DEOPT PACKING pc=0x000002b3ebb4e124 sp=0x000000f44fffe270
Event: 8.575 Thread 0x000002b3dc6905e0 DEOPT UNPACKING pc=0x000002b3e40223a3 sp=0x000000f44fffe200 mode 2
Event: 8.575 Thread 0x000002b3dc6905e0 Uncommon trap: trap_request=0xffffffde fr.pc=0x000002b3ebb4e124 relative=0x0000000000000084
Event: 8.575 Thread 0x000002b3dc6905e0 Uncommon trap: reason=class_check action=maybe_recompile pc=0x000002b3ebb4e124 method=com.google.inject.internal.MoreTypes.getRawType(Ljava/lang/reflect/Type;)Ljava/lang/Class; @ 13 c2
Event: 8.575 Thread 0x000002b3dc6905e0 DEOPT PACKING pc=0x000002b3ebb4e124 sp=0x000000f44fffe270
Event: 8.575 Thread 0x000002b3dc6905e0 DEOPT UNPACKING pc=0x000002b3e40223a3 sp=0x000000f44fffe200 mode 2
Event: 8.581 Thread 0x000002b3dc6905e0 Uncommon trap: trap_request=0xffffffde fr.pc=0x000002b3ebb4e124 relative=0x0000000000000084
Event: 8.581 Thread 0x000002b3dc6905e0 Uncommon trap: reason=class_check action=maybe_recompile pc=0x000002b3ebb4e124 method=com.google.inject.internal.MoreTypes.getRawType(Ljava/lang/reflect/Type;)Ljava/lang/Class; @ 13 c2
Event: 8.581 Thread 0x000002b3dc6905e0 DEOPT PACKING pc=0x000002b3ebb4e124 sp=0x000000f44fffe270
Event: 8.581 Thread 0x000002b3dc6905e0 DEOPT UNPACKING pc=0x000002b3e40223a3 sp=0x000000f44fffe1f8 mode 2

Classes loaded (20 events):
Event: 8.568 Loading class java/util/concurrent/RunnableFuture
Event: 8.568 Loading class java/util/concurrent/RunnableFuture done
Event: 8.568 Loading class java/util/concurrent/FutureTask
Event: 8.569 Loading class java/util/concurrent/FutureTask done
Event: 8.570 Loading class java/util/concurrent/FutureTask$WaitNode
Event: 8.570 Loading class java/util/concurrent/FutureTask$WaitNode done
Event: 8.576 Loading class jdk/internal/math/FDBigInteger
Event: 8.576 Loading class jdk/internal/math/FDBigInteger done
Event: 8.577 Loading class java/math/MathContext
Event: 8.577 Loading class java/math/MathContext done
Event: 8.578 Loading class java/lang/ProcessHandle
Event: 8.578 Loading class java/lang/ProcessHandle done
Event: 8.578 Loading class java/lang/ProcessHandle$Info
Event: 8.578 Loading class java/lang/ProcessHandle$Info done
Event: 8.578 Loading class java/util/concurrent/CompletableFuture
Event: 8.579 Loading class java/util/concurrent/CompletionStage
Event: 8.579 Loading class java/util/concurrent/CompletionStage done
Event: 8.579 Loading class java/util/concurrent/CompletableFuture done
Event: 8.579 Loading class java/lang/ProcessHandleImpl
Event: 8.579 Loading class java/lang/ProcessHandleImpl done

Classes unloaded (0 events):
No events

Classes redefined (0 events):
No events

Internal exceptions (20 events):
Event: 8.269 Thread 0x000002b3dc6905e0 Exception <a 'sun/nio/fs/WindowsException'{0x0000000088a1dc40}> (0x0000000088a1dc40) 
thrown [s\open\src\hotspot\share\prims\jni.cpp, line 516]
Event: 8.269 Thread 0x000002b3dc6905e0 Exception <a 'sun/nio/fs/WindowsException'{0x0000000088a1df00}> (0x0000000088a1df00) 
thrown [s\open\src\hotspot\share\prims\jni.cpp, line 516]
Event: 8.269 Thread 0x000002b3dc6905e0 Exception <a 'sun/nio/fs/WindowsException'{0x0000000088a2d2b0}> (0x0000000088a2d2b0) 
thrown [s\open\src\hotspot\share\prims\jni.cpp, line 516]
Event: 8.269 Thread 0x000002b3dc6905e0 Exception <a 'sun/nio/fs/WindowsException'{0x0000000088a2d5b0}> (0x0000000088a2d5b0) 
thrown [s\open\src\hotspot\share\prims\jni.cpp, line 516]
Event: 8.269 Thread 0x000002b3dc6905e0 Exception <a 'sun/nio/fs/WindowsException'{0x0000000088a2eff8}> (0x0000000088a2eff8) 
thrown [s\open\src\hotspot\share\prims\jni.cpp, line 516]
Event: 8.269 Thread 0x000002b3dc6905e0 Exception <a 'sun/nio/fs/WindowsException'{0x0000000088a2f3b8}> (0x0000000088a2f3b8) 
thrown [s\open\src\hotspot\share\prims\jni.cpp, line 516]
Event: 8.276 Thread 0x000002b3dc6905e0 Exception <a 'sun/nio/fs/WindowsException'{0x0000000088a873f0}> (0x0000000088a873f0) 
thrown [s\open\src\hotspot\share\prims\jni.cpp, line 516]
Event: 8.276 Thread 0x000002b3dc6905e0 Exception <a 'sun/nio/fs/WindowsException'{0x0000000088a87748}> (0x0000000088a87748) 
thrown [s\open\src\hotspot\share\prims\jni.cpp, line 516]
Event: 8.276 Thread 0x000002b3dc6905e0 Exception <a 'sun/nio/fs/WindowsException'{0x0000000088a896f8}> (0x0000000088a896f8) 
thrown [s\open\src\hotspot\share\prims\jni.cpp, line 516]
Event: 8.276 Thread 0x000002b3dc6905e0 Exception <a 'sun/nio/fs/WindowsException'{0x0000000088a89a28}> (0x0000000088a89a28) 
thrown [s\open\src\hotspot\share\prims\jni.cpp, line 516]
Event: 8.276 Thread 0x000002b3dc6905e0 Exception <a 'sun/nio/fs/WindowsException'{0x0000000088a8f500}> (0x0000000088a8f500) 
thrown [s\open\src\hotspot\share\prims\jni.cpp, line 516]
Event: 8.276 Thread 0x000002b3dc6905e0 Exception <a 'sun/nio/fs/WindowsException'{0x0000000088a8f7f0}> (0x0000000088a8f7f0) 
thrown [s\open\src\hotspot\share\prims\jni.cpp, line 516]
Event: 8.277 Thread 0x000002b3dc6905e0 Exception <a 'sun/nio/fs/WindowsException'{0x0000000088a99808}> (0x0000000088a99808) 
thrown [s\open\src\hotspot\share\prims\jni.cpp, line 516]
Event: 8.277 Thread 0x000002b3dc6905e0 Exception <a 'sun/nio/fs/WindowsException'{0x0000000088a99b38}> (0x0000000088a99b38) 
thrown [s\open\src\hotspot\share\prims\jni.cpp, line 516]
Event: 8.277 Thread 0x000002b3dc6905e0 Exception <a 'sun/nio/fs/WindowsException'{0x0000000088a9bb00}> (0x0000000088a9bb00) 
thrown [s\open\src\hotspot\share\prims\jni.cpp, line 516]
Event: 8.277 Thread 0x000002b3dc6905e0 Exception <a 'sun/nio/fs/WindowsException'{0x0000000088a9bef0}> (0x0000000088a9bef0) 
thrown [s\open\src\hotspot\share\prims\jni.cpp, line 516]
Event: 8.286 Thread 0x000002b3dc6905e0 Exception <a 'sun/nio/fs/WindowsException'{0x0000000088983e38}> (0x0000000088983e38) 
thrown [s\open\src\hotspot\share\prims\jni.cpp, line 516]
Event: 8.286 Thread 0x000002b3dc6905e0 Exception <a 'sun/nio/fs/WindowsException'{0x00000000889844d0}> (0x00000000889844d0) 
thrown [s\open\src\hotspot\share\prims\jni.cpp, line 516]
Event: 8.286 Thread 0x000002b3dc6905e0 Exception <a 'sun/nio/fs/WindowsException'{0x0000000088984cb0}> (0x0000000088984cb0) 
thrown [s\open\src\hotspot\share\prims\jni.cpp, line 516]
Event: 8.580 Thread 0x000002b382c17240 Exception <a 'java/lang/NoSuchMethodError'{0x0000000087242d18}: 'java.lang.Object java.lang.invoke.DirectMethodHandle$Holder.invokeStatic(java.lang.Object, java.lang.Object, long, java.lang.Object)'> (0x0000000087242d18) 
thrown [s\open\src\hotspot\share\interpreter\linkResolver.cpp, line 759]

VM Operations (20 events):
Event: 6.806 Executing VM operation: ICBufferFull
Event: 6.807 Executing VM operation: ICBufferFull done
Event: 6.809 Executing VM operation: HandshakeAllThreads
Event: 6.809 Executing VM operation: HandshakeAllThreads done
Event: 6.878 Executing VM operation: ICBufferFull
Event: 6.878 Executing VM operation: ICBufferFull done
Event: 6.951 Executing VM operation: ICBufferFull
Event: 6.951 Executing VM operation: ICBufferFull done
Event: 7.047 Executing VM operation: ICBufferFull
Event: 7.048 Executing VM operation: ICBufferFull done
Event: 7.159 Executing VM operation: ICBufferFull
Event: 7.159 Executing VM operation: ICBufferFull done
Event: 7.471 Executing VM operation: HandshakeAllThreads
Event: 7.477 Executing VM operation: HandshakeAllThreads done
Event: 7.484 Executing VM operation: ICBufferFull
Event: 7.484 Executing VM operation: ICBufferFull done
Event: 7.752 Executing VM operation: G1CollectForAllocation
Event: 7.771 Executing VM operation: G1CollectForAllocation done
Event: 8.570 Executing VM operation: HandshakeAllThreads
Event: 8.570 Executing VM operation: HandshakeAllThreads done

Events (20 events):
Event: 4.899 Thread 0x000002b3f9fa1470 flushing nmethod 0x000002b3e512c510
Event: 4.899 Thread 0x000002b3f9fa1470 flushing nmethod 0x000002b3e512fa10
Event: 4.899 Thread 0x000002b3f9fa1470 flushing nmethod 0x000002b3e5155090
Event: 4.899 Thread 0x000002b3f9fa1470 flushing nmethod 0x000002b3e5155410
Event: 4.899 Thread 0x000002b3f9fa1470 flushing nmethod 0x000002b3e5173410
Event: 4.899 Thread 0x000002b3f9fa1470 flushing nmethod 0x000002b3e5178990
Event: 4.899 Thread 0x000002b3f9fa1470 flushing nmethod 0x000002b3e518f290
Event: 4.899 Thread 0x000002b3f9fa1470 flushing nmethod 0x000002b3e51a5590
Event: 4.899 Thread 0x000002b3f9fa1470 flushing nmethod 0x000002b3e51c5610
Event: 4.899 Thread 0x000002b3f9fa1470 flushing nmethod 0x000002b3e51fbe90
Event: 4.899 Thread 0x000002b3f9fa1470 flushing nmethod 0x000002b3e5204390
Event: 4.899 Thread 0x000002b3f9fa1470 flushing nmethod 0x000002b3e525b490
Event: 4.899 Thread 0x000002b3f9fa1470 flushing nmethod 0x000002b3e52aa890
Event: 4.899 Thread 0x000002b3f9fa1470 flushing nmethod 0x000002b3e52ab110
Event: 5.014 Thread 0x000002b3feff5b10 Thread exited: 0x000002b3feff5b10
Event: 5.210 Thread 0x000002b380fac010 Thread added: 0x000002b380fac010
Event: 7.478 Thread 0x000002b3f9fa1470 flushing nmethod 0x000002b3ebd4be90
Event: 7.485 Thread 0x000002b3f9fa1470 flushing nmethod 0x000002b3e52ad890
Event: 7.485 Thread 0x000002b3f9fa1470 flushing nmethod 0x000002b3e52bb210
Event: 8.571 Thread 0x000002b382c17240 Thread added: 0x000002b382c17240


Dynamic libraries:
0x00007ff7728b0000 - 0x00007ff7728c0000 	D:\jdk\bin\java.exe
0x00007ffe11ad0000 - 0x00007ffe11cc8000 	C:\WINDOWS\SYSTEM32\ntdll.dll
0x00007ffe11410000 - 0x00007ffe114cd000 	C:\WINDOWS\System32\KERNEL32.DLL
0x00007ffe0f490000 - 0x00007ffe0f762000 	C:\WINDOWS\System32\KERNELBASE.dll
0x00007ffe0f900000 - 0x00007ffe0fa00000 	C:\WINDOWS\System32\ucrtbase.dll
0x00007ffdcc310000 - 0x00007ffdcc328000 	D:\jdk\bin\jli.dll
0x00007ffde5890000 - 0x00007ffde58aa000 	D:\jdk\bin\VCRUNTIME140.dll
0x00007ffe114d0000 - 0x00007ffe1157e000 	C:\WINDOWS\System32\ADVAPI32.dll
0x00007ffe10bf0000 - 0x00007ffe10c8e000 	C:\WINDOWS\System32\msvcrt.dll
0x00007ffe119c0000 - 0x00007ffe11a5c000 	C:\WINDOWS\System32\sechost.dll
0x00007ffe10cf0000 - 0x00007ffe10e15000 	C:\WINDOWS\System32\RPCRT4.dll
0x00007ffe10a50000 - 0x00007ffe10bed000 	C:\WINDOWS\System32\USER32.dll
0x00007ffe0fa00000 - 0x00007ffe0fa22000 	C:\WINDOWS\System32\win32u.dll
0x00007ffe00c50000 - 0x00007ffe00eea000 	C:\WINDOWS\WinSxS\amd64_microsoft.windows.common-controls_6595b64144ccf1df_6.0.19041.1110_none_60b5254171f9507e\COMCTL32.dll
0x00007ffe0ffd0000 - 0x00007ffe0fffb000 	C:\WINDOWS\System32\GDI32.dll
0x00007ffe0f2d0000 - 0x00007ffe0f3df000 	C:\WINDOWS\System32\gdi32full.dll
0x00007ffe0f1e0000 - 0x00007ffe0f27d000 	C:\WINDOWS\System32\msvcp_win.dll
0x00007ffe0df70000 - 0x00007ffe0df7a000 	C:\WINDOWS\SYSTEM32\VERSION.dll
0x00007ffe11a60000 - 0x00007ffe11a90000 	C:\WINDOWS\System32\IMM32.DLL
0x00007ffe076d0000 - 0x00007ffe076dc000 	D:\jdk\bin\vcruntime140_1.dll
0x00007ffd731a0000 - 0x00007ffd7322d000 	D:\jdk\bin\msvcp140.dll
0x00007ffd70780000 - 0x00007ffd71391000 	D:\jdk\bin\server\jvm.dll
0x00007ffe0fb30000 - 0x00007ffe0fb38000 	C:\WINDOWS\System32\PSAPI.DLL
0x00007ffdfaec0000 - 0x00007ffdfaec9000 	C:\WINDOWS\SYSTEM32\WSOCK32.dll
0x00007ffe005b0000 - 0x00007ffe005d7000 	C:\WINDOWS\SYSTEM32\WINMM.dll
0x00007ffe109e0000 - 0x00007ffe10a4b000 	C:\WINDOWS\System32\WS2_32.dll
0x00007ffe0df30000 - 0x00007ffe0df42000 	C:\WINDOWS\SYSTEM32\kernel.appcore.dll
0x00007ffdff340000 - 0x00007ffdff34a000 	D:\jdk\bin\jimage.dll
0x00007ffe09b60000 - 0x00007ffe09d44000 	C:\WINDOWS\SYSTEM32\DBGHELP.DLL
0x00007ffe09b00000 - 0x00007ffe09b2c000 	C:\WINDOWS\SYSTEM32\dbgcore.DLL
0x00007ffe0fa30000 - 0x00007ffe0fab2000 	C:\WINDOWS\System32\bcryptPrimitives.dll
0x00007ffe077e0000 - 0x00007ffe077ee000 	D:\jdk\bin\instrument.dll
0x00007ffdc7670000 - 0x00007ffdc7695000 	D:\jdk\bin\java.dll
0x00007ffd706a0000 - 0x00007ffd70776000 	D:\jdk\bin\jsvml.dll
0x00007ffe10250000 - 0x00007ffe10993000 	C:\WINDOWS\System32\SHELL32.dll
0x00007ffe0d0f0000 - 0x00007ffe0d881000 	C:\WINDOWS\SYSTEM32\windows.storage.dll
0x00007ffe0fb40000 - 0x00007ffe0fe94000 	C:\WINDOWS\System32\combase.dll
0x00007ffe0eb60000 - 0x00007ffe0eb90000 	C:\WINDOWS\SYSTEM32\Wldp.dll
0x00007ffe11690000 - 0x00007ffe1173d000 	C:\WINDOWS\System32\SHCORE.dll
0x00007ffe113b0000 - 0x00007ffe11405000 	C:\WINDOWS\System32\shlwapi.dll
0x00007ffe0f120000 - 0x00007ffe0f13f000 	C:\WINDOWS\SYSTEM32\profapi.dll
0x00007ffdac690000 - 0x00007ffdac6a8000 	D:\jdk\bin\zip.dll
0x00007ffdaf210000 - 0x00007ffdaf223000 	D:\jdk\bin\net.dll
0x00007ffe08110000 - 0x00007ffe0821d000 	C:\WINDOWS\SYSTEM32\WINHTTP.dll
0x00007ffe0e8c0000 - 0x00007ffe0e92a000 	C:\WINDOWS\system32\mswsock.dll
0x00007ffdac870000 - 0x00007ffdac886000 	D:\jdk\bin\nio.dll
0x00007ffde6840000 - 0x00007ffde685a000 	D:\IntelliJ IDEA 2022.2\bin\breakgen64.dll
0x0000000069ac0000 - 0x0000000069ae4000 	C:\Users\admin\AppData\Local\Temp\jansi-2.4.0-93e06ee6fd2fbacc-jansi.dll
0x00007ffdf47f0000 - 0x00007ffdf4800000 	D:\jdk\bin\verify.dll

dbghelp: loaded successfully - version: 4.0.5 - missing functions: none
symbol engine: initialized successfully - sym options: 0x614 - pdb path: .;D:\jdk\bin;C:\WINDOWS\SYSTEM32;C:\WINDOWS\WinSxS\amd64_microsoft.windows.common-controls_6595b64144ccf1df_6.0.19041.1110_none_60b5254171f9507e;D:\jdk\bin\server;D:\IntelliJ IDEA 2022.2\bin;C:\Users\admin\AppData\Local\Temp

VM Arguments:
jvm_args: -Dmaven.multiModuleProjectDirectory=E:\sgwProject\jingsai -Dmaven.home=D:\maven\apache-maven-3.8.6 -Dclassworlds.conf=D:\maven\apache-maven-3.8.6\bin\m2.conf -Dmaven.ext.class.path=D:\IntelliJ IDEA 2022.2\plugins\maven\lib\maven-event-listener.jar -javaagent:D:\IntelliJ IDEA 2022.2\lib\idea_rt.jar=58885:D:\IntelliJ IDEA 2022.2\bin -Dfile.encoding=UTF-8 
java_command: org.codehaus.classworlds.Launcher -Didea.version=2022.2 install
java_class_path (initial): D:\maven\apache-maven-3.8.6\boot\plexus-classworlds-2.6.0.jar;D:\maven\apache-maven-3.8.6\boot\plexus-classworlds.license
Launcher Type: SUN_STANDARD

[Global flags]
     intx CICompilerCount                          = 3                                         {product} {ergonomic}
     uint ConcGCThreads                            = 1                                         {product} {ergonomic}
     uint G1ConcRefinementThreads                  = 4                                         {product} {ergonomic}
   size_t G1HeapRegionSize                         = 1048576                                   {product} {ergonomic}
    uintx GCDrainStackTargetSize                   = 64                                        {product} {ergonomic}
   size_t InitialHeapSize                          = 134217728                                 {product} {ergonomic}
   size_t MarkStackSize                            = 4194304                                   {product} {ergonomic}
   size_t MaxHeapSize                              = 2122317824                                {product} {ergonomic}
   size_t MaxNewSize                               = 1272971264                                {product} {ergonomic}
   size_t MinHeapDeltaBytes                        = 1048576                                   {product} {ergonomic}
   size_t MinHeapSize                              = 8388608                                   {product} {ergonomic}
    uintx NonNMethodCodeHeapSize                   = 5832780                                {pd product} {ergonomic}
    uintx NonProfiledCodeHeapSize                  = 122912730                              {pd product} {ergonomic}
    uintx ProfiledCodeHeapSize                     = 122912730                              {pd product} {ergonomic}
    uintx ReservedCodeCacheSize                    = 251658240                              {pd product} {ergonomic}
     bool SegmentedCodeCache                       = true                                      {product} {ergonomic}
   size_t SoftMaxHeapSize                          = 2122317824                             {manageable} {ergonomic}
     bool UseCompressedClassPointers               = true                           {product lp64_product} {ergonomic}
     bool UseCompressedOops                        = true                           {product lp64_product} {ergonomic}
     bool UseG1GC                                  = true                                      {product} {ergonomic}
     bool UseLargePagesIndividualAllocation        = false                                  {pd product} {ergonomic}

Logging:
Log output configuration:
 #0: stdout all=warning uptime,level,tags foldmultilines=false
 #1: stderr all=off uptime,level,tags foldmultilines=false

Environment Variables:
PATH=C:\GeneralData\GBase\Server\bin;D:\oracle\bin;D:\oracle\WINDOWS.X64_193000_db_home\bin;C:\Program Files\Common Files\Oracle\Java\javapath;C:\Program Files (x86)\Intel\iCLS Client\;C:\Program Files\Intel\iCLS Client\;C:\WINDOWS\system32;C:\WINDOWS;C:\WINDOWS\System32\Wbem;C:\WINDOWS\System32\WindowsPowerShell\v1.0\;C:\Program Files (x86)\Intel\Intel(R) Management Engine Components\DAL;C:\Program Files\Intel\Intel(R) Management Engine Components\DAL;C:\Program Files (x86)\Intel\Intel(R) Management Engine Components\IPT;C:\Program Files\Intel\Intel(R) Management Engine Components\IPT;C:\WINDOWS\System32\OpenSSH\;C:\Program Files\dotnet\;C:\Program Files (x86)\NetSarang\Xshell 7\;C:\Program Files\Git\cmd;C:\Users\admin\AppData\Local\Microsoft\WindowsApps;D:\maven\apache-maven-3.8.6\bin;
USERNAME=admin
OS=Windows_NT
PROCESSOR_IDENTIFIER=Intel64 Family 6 Model 158 Stepping 9, GenuineIntel



---------------  S Y S T E M  ---------------

OS:
 Windows 10 , 64 bit Build 19041 (10.0.19041.1889)
OS uptime: 0 days 13:41 hours

CPU: total 4 (initial active 4) (4 cores per cpu, 1 threads per core) family 6 model 158 stepping 9 microcode 0xb4, cx8, cmov, fxsr, mmx, 3dnowpref, sse, sse2, sse3, ssse3, sse4.1, sse4.2, popcnt, lzcnt, tsc, tscinvbit, avx, avx2, aes, erms, clmul, bmi1, bmi2, rtm, adx, fma, vzeroupper, clflush, clflushopt

Memory: 4k page, system-wide physical 8088M (824M free)
TotalPageFile size 12184M (AvailPageFile size 320M)
current process WorkingSet (physical memory assigned to process): 297M, peak: 298M
current process commit charge ("private bytes"): 332M, peak: 336M

vm_info: Java HotSpot(TM) 64-Bit Server VM (18.0.2+9-61) for windows-amd64 JRE (18.0.2+9-61), built on Jun  7 2022 13:09:01 by "mach5one" with MS VC++ 16.8 / 16.9 (VS2019)

END.
