#
# There is insufficient memory for the Java Runtime Environment to continue.
# Native memory allocation (mmap) failed to map 23068672 bytes for G1 virtual space
# Possible reasons:
#   The system is out of physical RAM or swap space
#   The process is running with CompressedOops enabled, and the Java Heap may be blocking the growth of the native heap
# Possible solutions:
#   Reduce memory load on the system
#   Increase physical memory or swap space
#   Check if swap backing store is full
#   Decrease Java heap size (-Xmx/-Xms)
#   Decrease number of Java threads
#   Decrease Java thread stack sizes (-Xss)
#   Set larger code cache with -XX:ReservedCodeCacheSize=
#   JVM is running with Unscaled Compressed Oops mode in which the Java heap is
#     placed in the first 4GB address space. The Java Heap base address is the
#     maximum limit for the native heap growth. Please use -XX:HeapBaseMinAddress
#     to set the Java Heap base and to place the Java Heap above 4GB virtual address.
# This output file may be truncated or incomplete.
#
#  Out of Memory Error (os_windows.cpp:3530), pid=6800, tid=6596
#
# JRE version: Java(TM) SE Runtime Environment (18.0.2+9) (build 18.0.2+9-61)
# Java VM: Java HotSpot(TM) 64-Bit Server VM (18.0.2+9-61, mixed mode, sharing, tiered, compressed oops, compressed class ptrs, g1 gc, windows-amd64)
# No core dump will be written. Minidumps are not enabled by default on client versions of Windows
#

---------------  S U M M A R Y ------------

Command Line: -Dmaven.multiModuleProjectDirectory=E:\sgwProject\jingsai -Dmaven.home=D:\maven\apache-maven-3.8.6 -Dclassworlds.conf=D:\maven\apache-maven-3.8.6\bin\m2.conf -Dmaven.ext.class.path=D:\IntelliJ IDEA 2022.2\plugins\maven\lib\maven-event-listener.jar -javaagent:D:\IntelliJ IDEA 2022.2\lib\idea_rt.jar=59904:D:\IntelliJ IDEA 2022.2\bin -Dfile.encoding=UTF-8 org.codehaus.classworlds.Launcher -Didea.version=2022.2 install

Host: Intel(R) Core(TM) i5-7500 CPU @ 3.40GHz, 4 cores, 7G,  Windows 10 , 64 bit Build 19041 (10.0.19041.1889)
Time: Wed Oct 19 23:36:55 2022  Windows 10 , 64 bit Build 19041 (10.0.19041.1889) elapsed time: 4.480404 seconds (0d 0h 0m 4s)

---------------  T H R E A D  ---------------

Current thread (0x0000026a885bc4f0):  VMThread "VM Thread" [stack: 0x000000cf0e500000,0x000000cf0e600000] [id=6596]

Stack: [0x000000cf0e500000,0x000000cf0e600000]
Native frames: (J=compiled Java code, j=interpreted, Vv=VM code, C=native code)
V  [jvm.dll+0x6993ca]
V  [jvm.dll+0x7f481d]
V  [jvm.dll+0x7f612e]
V  [jvm.dll+0x7f67e3]
V  [jvm.dll+0x25cdaf]
V  [jvm.dll+0x696319]
V  [jvm.dll+0x68ae4a]
V  [jvm.dll+0x3223eb]
V  [jvm.dll+0x329dc6]
V  [jvm.dll+0x37eade]
V  [jvm.dll+0x37ed0f]
V  [jvm.dll+0x2fa16a]
V  [jvm.dll+0x2fa217]
V  [jvm.dll+0x33e752]
V  [jvm.dll+0x33ccf4]
V  [jvm.dll+0x2f9940]
V  [jvm.dll+0x33c2cb]
V  [jvm.dll+0x7fb5cb]
V  [jvm.dll+0x7fc364]
V  [jvm.dll+0x7fc89c]
V  [jvm.dll+0x7fccf4]
V  [jvm.dll+0x7fcdb7]
V  [jvm.dll+0x7a125a]
V  [jvm.dll+0x698275]
C  [ucrtbase.dll+0x21bb2]
C  [KERNEL32.DLL+0x17034]
C  [ntdll.dll+0x526a1]

VM_Operation (0x000000cf0dffc200): G1CollectForAllocation, mode: safepoint, requested by thread 0x0000026a885413b0


---------------  P R O C E S S  ---------------

Threads class SMR info:
_java_thread_list=0x0000026aacaa3140, length=14, elements={
0x0000026a885413b0, 0x0000026aa7dadf70, 0x0000026aa7daebd0, 0x0000026aa7dc8fc0,
0x0000026aa7dea980, 0x0000026aa7ded330, 0x0000026aa7dedcd0, 0x0000026aa7df69b0,
0x0000026aa7e490e0, 0x0000026aa7e786c0, 0x0000026a88609290, 0x0000026aac0fd6b0,
0x0000026aac1168b0, 0x0000026aacb0f880
}

Java Threads: ( => current thread )
  0x0000026a885413b0 JavaThread "main" [_thread_blocked, id=10652, stack(0x000000cf0df00000,0x000000cf0e000000)]
  0x0000026aa7dadf70 JavaThread "Reference Handler" daemon [_thread_blocked, id=8092, stack(0x000000cf0e600000,0x000000cf0e700000)]
  0x0000026aa7daebd0 JavaThread "Finalizer" daemon [_thread_blocked, id=14096, stack(0x000000cf0e700000,0x000000cf0e800000)]
  0x0000026aa7dc8fc0 JavaThread "Signal Dispatcher" daemon [_thread_blocked, id=10812, stack(0x000000cf0e800000,0x000000cf0e900000)]
  0x0000026aa7dea980 JavaThread "Attach Listener" daemon [_thread_blocked, id=14368, stack(0x000000cf0e900000,0x000000cf0ea00000)]
  0x0000026aa7ded330 JavaThread "Service Thread" daemon [_thread_blocked, id=12456, stack(0x000000cf0ea00000,0x000000cf0eb00000)]
  0x0000026aa7dedcd0 JavaThread "Monitor Deflation Thread" daemon [_thread_blocked, id=9360, stack(0x000000cf0eb00000,0x000000cf0ec00000)]
  0x0000026aa7df69b0 JavaThread "C2 CompilerThread0" daemon [_thread_blocked, id=6340, stack(0x000000cf0ec00000,0x000000cf0ed00000)]
  0x0000026aa7e490e0 JavaThread "C1 CompilerThread0" daemon [_thread_blocked, id=11784, stack(0x000000cf0ed00000,0x000000cf0ee00000)]
  0x0000026aa7e786c0 JavaThread "Sweeper thread" daemon [_thread_blocked, id=3184, stack(0x000000cf0ee00000,0x000000cf0ef00000)]
  0x0000026a88609290 JavaThread "Common-Cleaner" daemon [_thread_blocked, id=15292, stack(0x000000cf0ef00000,0x000000cf0f000000)]
  0x0000026aac0fd6b0 JavaThread "Monitor Ctrl-Break" daemon [_thread_in_native, id=11748, stack(0x000000cf0f000000,0x000000cf0f100000)]
  0x0000026aac1168b0 JavaThread "Notification Thread" daemon [_thread_blocked, id=15220, stack(0x000000cf0f100000,0x000000cf0f200000)]
  0x0000026aacb0f880 JavaThread "C2 CompilerThread1" daemon [_thread_blocked, id=9336, stack(0x000000cf0f700000,0x000000cf0f800000)]

Other Threads:
=>0x0000026a885bc4f0 VMThread "VM Thread" [stack: 0x000000cf0e500000,0x000000cf0e600000] [id=6596]
  0x0000026aac116d70 WatcherThread "VM Periodic Task Thread" [stack: 0x000000cf0f200000,0x000000cf0f300000] [id=4364]
  0x0000026a8859f1a0 WorkerThread "GC Thread#0" [stack: 0x000000cf0e000000,0x000000cf0e100000] [id=2104]
  0x0000026aac2b5610 WorkerThread "GC Thread#1" [stack: 0x000000cf0f300000,0x000000cf0f400000] [id=14516]
  0x0000026aac6c6ec0 WorkerThread "GC Thread#2" [stack: 0x000000cf0f400000,0x000000cf0f500000] [id=11288]
  0x0000026aacb64df0 WorkerThread "GC Thread#3" [stack: 0x000000cf0f500000,0x000000cf0f600000] [id=12460]
  0x0000026a885afdd0 ConcurrentGCThread "G1 Main Marker" [stack: 0x000000cf0e100000,0x000000cf0e200000] [id=7144]
  0x0000026a885b07c0 WorkerThread "G1 Conc#0" [stack: 0x000000cf0e200000,0x000000cf0e300000] [id=4612]
  0x0000026a885f3f70 ConcurrentGCThread "G1 Refine#0" [stack: 0x000000cf0e300000,0x000000cf0e400000] [id=15172]
  0x0000026aac6c7160 ConcurrentGCThread "G1 Refine#1" [stack: 0x000000cf0f600000,0x000000cf0f700000] [id=13652]
  0x0000026a885f4880 ConcurrentGCThread "G1 Service" [stack: 0x000000cf0e400000,0x000000cf0e500000] [id=12892]

Threads with active compile tasks:
C2 CompilerThread0     4681 6279       4       lombok.core.AST::buildWithField (21 bytes)
C2 CompilerThread1     4681 6314       4       lombok.javac.JavacAST::buildStatementOrExpression (104 bytes)

VM state: at safepoint (normal execution)

VM Mutex/Monitor currently owned by a thread:  ([mutex/lock_event])
[0x0000026a8853aad0] Threads_lock - owner thread: 0x0000026a885bc4f0
[0x0000026a88539c30] Heap_lock - owner thread: 0x0000026a885413b0

Heap address: 0x0000000081800000, size: 2024 MB, Compressed Oops mode: 32-bit

CDS archive(s) mapped at: [0x0000000800000000-0x0000000800ba0000-0x0000000800ba0000), size 12189696, SharedBaseAddress: 0x0000000800000000, ArchiveRelocationMode: 0.
Compressed class space mapped at: 0x0000000800c00000-0x0000000840c00000, reserved size: 1073741824
Narrow klass base: 0x0000000800000000, Narrow klass shift: 0, Narrow klass range: 0x100000000

GC Precious Log:
 CardTable entry size: 512
 Card Set container configuration: InlinePtr #cards 5 size 8 Array Of Cards #cards 12 size 40 Howl #buckets 4 coarsen threshold 1843 Howl Bitmap #cards 512 size 80 coarsen threshold 460 Card regions per heap region 1 cards per card region 2048
 CPUs: 4 total, 4 available
 Memory: 8088M
 Large Page Support: Disabled
 NUMA Support: Disabled
 Compressed Oops: Enabled (32-bit)
 Heap Region Size: 1M
 Heap Min Capacity: 8M
 Heap Initial Capacity: 128M
 Heap Max Capacity: 2024M
 Pre-touch: Disabled
 Parallel Workers: 4
 Concurrent Workers: 1
 Concurrent Refinement Workers: 4
 Periodic GC: Disabled

Heap:
 garbage-first heap   total 135168K, used 39236K [0x0000000081800000, 0x0000000100000000)
  region size 1024K, 1 young (1024K), 1 survivors (1024K)
 Metaspace       used 27274K, committed 27776K, reserved 1114112K
  class space    used 2914K, committed 3136K, reserved 1048576K

Heap Regions: E=young(eden), S=young(survivor), O=old, HS=humongous(starts), HC=humongous(continues), CS=collection set, F=free, OA=open archive, CA=closed archive, TAMS=top-at-mark-start (previous, next)
|   0|0x0000000081800000, 0x0000000081900000, 0x0000000081900000|100%| O|  |TAMS 0x0000000081900000, 0x0000000081900000| Untracked 
|   1|0x0000000081900000, 0x0000000081a00000, 0x0000000081a00000|100%| O|  |TAMS 0x0000000081a00000, 0x0000000081a00000| Untracked 
|   2|0x0000000081a00000, 0x0000000081b00000, 0x0000000081b00000|100%| O|  |TAMS 0x0000000081b00000, 0x0000000081b00000| Untracked 
|   3|0x0000000081b00000, 0x0000000081c00000, 0x0000000081c00000|100%| O|  |TAMS 0x0000000081c00000, 0x0000000081c00000| Untracked 
|   4|0x0000000081c00000, 0x0000000081d00000, 0x0000000081d00000|100%| O|  |TAMS 0x0000000081d00000, 0x0000000081d00000| Untracked 
|   5|0x0000000081d00000, 0x0000000081e00000, 0x0000000081e00000|100%| O|  |TAMS 0x0000000081e00000, 0x0000000081e00000| Untracked 
|   6|0x0000000081e00000, 0x0000000081f00000, 0x0000000081f00000|100%| O|  |TAMS 0x0000000081f00000, 0x0000000081f00000| Untracked 
|   7|0x0000000081f00000, 0x0000000082000000, 0x0000000082000000|100%| O|  |TAMS 0x0000000082000000, 0x0000000082000000| Untracked 
|   8|0x0000000082000000, 0x0000000082100000, 0x0000000082100000|100%| O|  |TAMS 0x0000000082100000, 0x0000000082100000| Untracked 
|   9|0x0000000082100000, 0x0000000082200000, 0x0000000082200000|100%| O|  |TAMS 0x0000000082200000, 0x0000000082200000| Untracked 
|  10|0x0000000082200000, 0x0000000082300000, 0x0000000082300000|100%| O|  |TAMS 0x0000000082300000, 0x0000000082300000| Untracked 
|  11|0x0000000082300000, 0x0000000082400000, 0x0000000082400000|100%| O|  |TAMS 0x0000000082400000, 0x0000000082400000| Untracked 
|  12|0x0000000082400000, 0x0000000082500000, 0x0000000082500000|100%| O|  |TAMS 0x0000000082500000, 0x0000000082500000| Untracked 
|  13|0x0000000082500000, 0x0000000082600000, 0x0000000082600000|100%| O|  |TAMS 0x0000000082600000, 0x0000000082600000| Untracked 
|  14|0x0000000082600000, 0x0000000082700000, 0x0000000082700000|100%|HS|  |TAMS 0x0000000082700000, 0x0000000082700000| Complete 
|  15|0x0000000082700000, 0x0000000082800000, 0x0000000082800000|100%| O|  |TAMS 0x0000000082800000, 0x0000000082800000| Untracked 
|  16|0x0000000082800000, 0x0000000082900000, 0x0000000082900000|100%| O|  |TAMS 0x0000000082900000, 0x0000000082900000| Untracked 
|  17|0x0000000082900000, 0x0000000082a00000, 0x0000000082a00000|100%| O|  |TAMS 0x0000000082a00000, 0x0000000082a00000| Untracked 
|  18|0x0000000082a00000, 0x0000000082b00000, 0x0000000082b00000|100%| O|  |TAMS 0x0000000082b00000, 0x0000000082b00000| Untracked 
|  19|0x0000000082b00000, 0x0000000082c00000, 0x0000000082c00000|100%| O|  |TAMS 0x0000000082c00000, 0x0000000082c00000| Untracked 
|  20|0x0000000082c00000, 0x0000000082d00000, 0x0000000082d00000|100%| O|  |TAMS 0x0000000082d00000, 0x0000000082d00000| Untracked 
|  21|0x0000000082d00000, 0x0000000082e00000, 0x0000000082e00000|100%| O|  |TAMS 0x0000000082e00000, 0x0000000082e00000| Untracked 
|  22|0x0000000082e00000, 0x0000000082f00000, 0x0000000082f00000|100%| O|  |TAMS 0x0000000082f00000, 0x0000000082f00000| Untracked 
|  23|0x0000000082f00000, 0x0000000083000000, 0x0000000083000000|100%| O|  |TAMS 0x0000000083000000, 0x0000000083000000| Untracked 
|  24|0x0000000083000000, 0x0000000083100000, 0x0000000083100000|100%| O|  |TAMS 0x0000000083071000, 0x0000000083100000| Untracked 
|  25|0x0000000083100000, 0x0000000083200000, 0x0000000083200000|100%| O|  |TAMS 0x0000000083100000, 0x0000000083200000| Untracked 
|  26|0x0000000083200000, 0x0000000083300000, 0x0000000083300000|100%| O|  |TAMS 0x0000000083200000, 0x0000000083300000| Untracked 
|  27|0x0000000083300000, 0x0000000083351000, 0x0000000083400000| 31%| O|  |TAMS 0x0000000083300000, 0x0000000083351000| Untracked 
|  28|0x0000000083400000, 0x0000000083400000, 0x0000000083500000|  0%| F|  |TAMS 0x0000000083400000, 0x0000000083400000| Untracked 
|  29|0x0000000083500000, 0x0000000083500000, 0x0000000083600000|  0%| F|  |TAMS 0x0000000083500000, 0x0000000083500000| Untracked 
|  30|0x0000000083600000, 0x0000000083600000, 0x0000000083700000|  0%| F|  |TAMS 0x0000000083600000, 0x0000000083600000| Untracked 
|  31|0x0000000083700000, 0x0000000083700000, 0x0000000083800000|  0%| F|  |TAMS 0x0000000083700000, 0x0000000083700000| Untracked 
|  32|0x0000000083800000, 0x0000000083800000, 0x0000000083900000|  0%| F|  |TAMS 0x0000000083800000, 0x0000000083800000| Untracked 
|  33|0x0000000083900000, 0x0000000083900000, 0x0000000083a00000|  0%| F|  |TAMS 0x0000000083900000, 0x0000000083900000| Untracked 
|  34|0x0000000083a00000, 0x0000000083a00000, 0x0000000083b00000|  0%| F|  |TAMS 0x0000000083a00000, 0x0000000083a00000| Untracked 
|  35|0x0000000083b00000, 0x0000000083b00000, 0x0000000083c00000|  0%| F|  |TAMS 0x0000000083b00000, 0x0000000083b00000| Untracked 
|  36|0x0000000083c00000, 0x0000000083d00000, 0x0000000083d00000|100%| O|  |TAMS 0x0000000083d00000, 0x0000000083d00000| Untracked 
|  37|0x0000000083d00000, 0x0000000083e00000, 0x0000000083e00000|100%| O|  |TAMS 0x0000000083e00000, 0x0000000083e00000| Untracked 
|  38|0x0000000083e00000, 0x0000000083f00000, 0x0000000083f00000|100%| O|  |TAMS 0x0000000083f00000, 0x0000000083f00000| Untracked 
|  39|0x0000000083f00000, 0x0000000084000000, 0x0000000084000000|100%| O|  |TAMS 0x0000000084000000, 0x0000000084000000| Untracked 
|  40|0x0000000084000000, 0x0000000084100000, 0x0000000084100000|100%| O|  |TAMS 0x0000000084100000, 0x0000000084100000| Untracked 
|  41|0x0000000084100000, 0x0000000084200000, 0x0000000084200000|100%| O|  |TAMS 0x0000000084200000, 0x0000000084200000| Untracked 
|  42|0x0000000084200000, 0x0000000084200000, 0x0000000084300000|  0%| F|  |TAMS 0x0000000084200000, 0x0000000084200000| Untracked 
|  43|0x0000000084300000, 0x0000000084300000, 0x0000000084400000|  0%| F|  |TAMS 0x0000000084300000, 0x0000000084300000| Untracked 
|  44|0x0000000084400000, 0x0000000084400000, 0x0000000084500000|  0%| F|  |TAMS 0x0000000084400000, 0x0000000084400000| Untracked 
|  45|0x0000000084500000, 0x0000000084500000, 0x0000000084600000|  0%| F|  |TAMS 0x0000000084500000, 0x0000000084500000| Untracked 
|  46|0x0000000084600000, 0x0000000084600000, 0x0000000084700000|  0%| F|  |TAMS 0x0000000084600000, 0x0000000084600000| Untracked 
|  47|0x0000000084700000, 0x0000000084700000, 0x0000000084800000|  0%| F|  |TAMS 0x0000000084700000, 0x0000000084700000| Untracked 
|  48|0x0000000084800000, 0x0000000084900000, 0x0000000084900000|100%| S|CS|TAMS 0x0000000084800000, 0x0000000084800000| Complete 
|  49|0x0000000084900000, 0x0000000084900000, 0x0000000084a00000|  0%| F|  |TAMS 0x0000000084900000, 0x0000000084900000| Untracked 
|  50|0x0000000084a00000, 0x0000000084a00000, 0x0000000084b00000|  0%| F|  |TAMS 0x0000000084a00000, 0x0000000084a00000| Untracked 
|  51|0x0000000084b00000, 0x0000000084b00000, 0x0000000084c00000|  0%| F|  |TAMS 0x0000000084b00000, 0x0000000084b00000| Untracked 
|  52|0x0000000084c00000, 0x0000000084c00000, 0x0000000084d00000|  0%| F|  |TAMS 0x0000000084c00000, 0x0000000084c00000| Untracked 
|  53|0x0000000084d00000, 0x0000000084d00000, 0x0000000084e00000|  0%| F|  |TAMS 0x0000000084d00000, 0x0000000084d00000| Untracked 
|  54|0x0000000084e00000, 0x0000000084e00000, 0x0000000084f00000|  0%| F|  |TAMS 0x0000000084e00000, 0x0000000084e00000| Untracked 
|  55|0x0000000084f00000, 0x0000000084f00000, 0x0000000085000000|  0%| F|  |TAMS 0x0000000084f00000, 0x0000000084f00000| Untracked 
|  56|0x0000000085000000, 0x0000000085000000, 0x0000000085100000|  0%| F|  |TAMS 0x0000000085000000, 0x0000000085000000| Untracked 
|  57|0x0000000085100000, 0x0000000085100000, 0x0000000085200000|  0%| F|  |TAMS 0x0000000085100000, 0x0000000085100000| Untracked 
|  58|0x0000000085200000, 0x0000000085200000, 0x0000000085300000|  0%| F|  |TAMS 0x0000000085200000, 0x0000000085200000| Untracked 
|  59|0x0000000085300000, 0x0000000085300000, 0x0000000085400000|  0%| F|  |TAMS 0x0000000085300000, 0x0000000085300000| Untracked 
|  60|0x0000000085400000, 0x0000000085400000, 0x0000000085500000|  0%| F|  |TAMS 0x0000000085400000, 0x0000000085400000| Untracked 
|  61|0x0000000085500000, 0x0000000085500000, 0x0000000085600000|  0%| F|  |TAMS 0x0000000085500000, 0x0000000085500000| Untracked 
|  62|0x0000000085600000, 0x0000000085600000, 0x0000000085700000|  0%| F|  |TAMS 0x0000000085600000, 0x0000000085600000| Untracked 
|  63|0x0000000085700000, 0x0000000085700000, 0x0000000085800000|  0%| F|  |TAMS 0x0000000085700000, 0x0000000085700000| Untracked 
|  64|0x0000000085800000, 0x0000000085800000, 0x0000000085900000|  0%| F|  |TAMS 0x0000000085800000, 0x0000000085800000| Untracked 
|  65|0x0000000085900000, 0x0000000085900000, 0x0000000085a00000|  0%| F|  |TAMS 0x0000000085900000, 0x0000000085900000| Untracked 
|  66|0x0000000085a00000, 0x0000000085a00000, 0x0000000085b00000|  0%| F|  |TAMS 0x0000000085a00000, 0x0000000085a00000| Untracked 
|  67|0x0000000085b00000, 0x0000000085b00000, 0x0000000085c00000|  0%| F|  |TAMS 0x0000000085b00000, 0x0000000085b00000| Untracked 
|  68|0x0000000085c00000, 0x0000000085c00000, 0x0000000085d00000|  0%| F|  |TAMS 0x0000000085c00000, 0x0000000085c00000| Untracked 
|  69|0x0000000085d00000, 0x0000000085d00000, 0x0000000085e00000|  0%| F|  |TAMS 0x0000000085d00000, 0x0000000085d00000| Untracked 
|  70|0x0000000085e00000, 0x0000000085e00000, 0x0000000085f00000|  0%| F|  |TAMS 0x0000000085e00000, 0x0000000085e00000| Untracked 
|  71|0x0000000085f00000, 0x0000000085f00000, 0x0000000086000000|  0%| F|  |TAMS 0x0000000085f00000, 0x0000000085f00000| Untracked 
|  72|0x0000000086000000, 0x0000000086000000, 0x0000000086100000|  0%| F|  |TAMS 0x0000000086000000, 0x0000000086000000| Untracked 
|  73|0x0000000086100000, 0x0000000086100000, 0x0000000086200000|  0%| F|  |TAMS 0x0000000086100000, 0x0000000086100000| Untracked 
|  74|0x0000000086200000, 0x0000000086200000, 0x0000000086300000|  0%| F|  |TAMS 0x0000000086200000, 0x0000000086200000| Untracked 
|  75|0x0000000086300000, 0x0000000086300000, 0x0000000086400000|  0%| F|  |TAMS 0x0000000086300000, 0x0000000086300000| Untracked 
|  76|0x0000000086400000, 0x0000000086400000, 0x0000000086500000|  0%| F|  |TAMS 0x0000000086400000, 0x0000000086400000| Untracked 
|  77|0x0000000086500000, 0x0000000086500000, 0x0000000086600000|  0%| F|  |TAMS 0x0000000086500000, 0x0000000086500000| Untracked 
|  78|0x0000000086600000, 0x0000000086600000, 0x0000000086700000|  0%| F|  |TAMS 0x0000000086600000, 0x0000000086600000| Untracked 
|  79|0x0000000086700000, 0x0000000086700000, 0x0000000086800000|  0%| F|  |TAMS 0x0000000086700000, 0x0000000086700000| Untracked 
|  80|0x0000000086800000, 0x0000000086800000, 0x0000000086900000|  0%| F|  |TAMS 0x0000000086800000, 0x0000000086800000| Untracked 
|  81|0x0000000086900000, 0x0000000086900000, 0x0000000086a00000|  0%| F|  |TAMS 0x0000000086900000, 0x0000000086900000| Untracked 
|  82|0x0000000086a00000, 0x0000000086a00000, 0x0000000086b00000|  0%| F|  |TAMS 0x0000000086a00000, 0x0000000086a00000| Untracked 
|  83|0x0000000086b00000, 0x0000000086b00000, 0x0000000086c00000|  0%| F|  |TAMS 0x0000000086b00000, 0x0000000086b00000| Untracked 
|  84|0x0000000086c00000, 0x0000000086c00000, 0x0000000086d00000|  0%| F|  |TAMS 0x0000000086c00000, 0x0000000086c00000| Untracked 
|  85|0x0000000086d00000, 0x0000000086d00000, 0x0000000086e00000|  0%| F|  |TAMS 0x0000000086d00000, 0x0000000086d00000| Untracked 
|  86|0x0000000086e00000, 0x0000000086e00000, 0x0000000086f00000|  0%| F|  |TAMS 0x0000000086e00000, 0x0000000086e00000| Untracked 
|  87|0x0000000086f00000, 0x0000000086f00000, 0x0000000087000000|  0%| F|  |TAMS 0x0000000086f00000, 0x0000000086f00000| Untracked 
|  88|0x0000000087000000, 0x0000000087000000, 0x0000000087100000|  0%| F|  |TAMS 0x0000000087000000, 0x0000000087000000| Untracked 
|  89|0x0000000087100000, 0x0000000087100000, 0x0000000087200000|  0%| F|  |TAMS 0x0000000087100000, 0x0000000087100000| Untracked 
|  90|0x0000000087200000, 0x0000000087200000, 0x0000000087300000|  0%| F|  |TAMS 0x0000000087200000, 0x0000000087200000| Untracked 
|  91|0x0000000087300000, 0x0000000087300000, 0x0000000087400000|  0%| F|  |TAMS 0x0000000087300000, 0x0000000087300000| Untracked 
|  92|0x0000000087400000, 0x0000000087400000, 0x0000000087500000|  0%| F|  |TAMS 0x0000000087400000, 0x0000000087400000| Untracked 
|  93|0x0000000087500000, 0x0000000087500000, 0x0000000087600000|  0%| F|  |TAMS 0x0000000087500000, 0x0000000087500000| Untracked 
|  94|0x0000000087600000, 0x0000000087600000, 0x0000000087700000|  0%| F|  |TAMS 0x0000000087600000, 0x0000000087600000| Untracked 
|  95|0x0000000087700000, 0x0000000087700000, 0x0000000087800000|  0%| F|  |TAMS 0x0000000087700000, 0x0000000087700000| Untracked 
|  96|0x0000000087800000, 0x0000000087800000, 0x0000000087900000|  0%| F|  |TAMS 0x0000000087800000, 0x0000000087800000| Untracked 
|  97|0x0000000087900000, 0x0000000087900000, 0x0000000087a00000|  0%| F|  |TAMS 0x0000000087900000, 0x0000000087900000| Untracked 
|  98|0x0000000087a00000, 0x0000000087a00000, 0x0000000087b00000|  0%| F|  |TAMS 0x0000000087a00000, 0x0000000087a00000| Untracked 
|  99|0x0000000087b00000, 0x0000000087b00000, 0x0000000087c00000|  0%| F|  |TAMS 0x0000000087b00000, 0x0000000087b00000| Untracked 
| 100|0x0000000087c00000, 0x0000000087c00000, 0x0000000087d00000|  0%| F|  |TAMS 0x0000000087c00000, 0x0000000087c00000| Untracked 
| 101|0x0000000087d00000, 0x0000000087d00000, 0x0000000087e00000|  0%| F|  |TAMS 0x0000000087d00000, 0x0000000087d00000| Untracked 
| 102|0x0000000087e00000, 0x0000000087e00000, 0x0000000087f00000|  0%| F|  |TAMS 0x0000000087e00000, 0x0000000087e00000| Untracked 
| 103|0x0000000087f00000, 0x0000000087f00000, 0x0000000088000000|  0%| F|  |TAMS 0x0000000087f00000, 0x0000000087f00000| Untracked 
| 104|0x0000000088000000, 0x0000000088000000, 0x0000000088100000|  0%| F|  |TAMS 0x0000000088000000, 0x0000000088000000| Untracked 
| 105|0x0000000088100000, 0x0000000088100000, 0x0000000088200000|  0%| F|  |TAMS 0x0000000088100000, 0x0000000088100000| Untracked 
| 106|0x0000000088200000, 0x0000000088200000, 0x0000000088300000|  0%| F|  |TAMS 0x0000000088200000, 0x0000000088200000| Untracked 
| 107|0x0000000088300000, 0x0000000088300000, 0x0000000088400000|  0%| F|  |TAMS 0x0000000088300000, 0x0000000088300000| Untracked 
| 108|0x0000000088400000, 0x0000000088400000, 0x0000000088500000|  0%| F|  |TAMS 0x0000000088400000, 0x0000000088400000| Untracked 
| 109|0x0000000088500000, 0x0000000088500000, 0x0000000088600000|  0%| F|  |TAMS 0x0000000088500000, 0x0000000088500000| Untracked 
| 110|0x0000000088600000, 0x0000000088600000, 0x0000000088700000|  0%| F|  |TAMS 0x0000000088600000, 0x0000000088600000| Untracked 
| 111|0x0000000088700000, 0x0000000088700000, 0x0000000088800000|  0%| F|  |TAMS 0x0000000088700000, 0x0000000088700000| Untracked 
| 112|0x0000000088800000, 0x0000000088800000, 0x0000000088900000|  0%| F|  |TAMS 0x0000000088800000, 0x0000000088800000| Untracked 
| 113|0x0000000088900000, 0x0000000088900000, 0x0000000088a00000|  0%| F|  |TAMS 0x0000000088900000, 0x0000000088900000| Untracked 
| 114|0x0000000088a00000, 0x0000000088a00000, 0x0000000088b00000|  0%| F|  |TAMS 0x0000000088a00000, 0x0000000088a00000| Untracked 
| 115|0x0000000088b00000, 0x0000000088b00000, 0x0000000088c00000|  0%| F|  |TAMS 0x0000000088b00000, 0x0000000088b00000| Untracked 
| 116|0x0000000088c00000, 0x0000000088c00000, 0x0000000088d00000|  0%| F|  |TAMS 0x0000000088c00000, 0x0000000088c00000| Untracked 
| 117|0x0000000088d00000, 0x0000000088d00000, 0x0000000088e00000|  0%| F|  |TAMS 0x0000000088d00000, 0x0000000088d00000| Untracked 
| 118|0x0000000088e00000, 0x0000000088e00000, 0x0000000088f00000|  0%| F|  |TAMS 0x0000000088e00000, 0x0000000088e00000| Untracked 
| 119|0x0000000088f00000, 0x0000000088f00000, 0x0000000089000000|  0%| F|  |TAMS 0x0000000088f00000, 0x0000000088f00000| Untracked 
| 120|0x0000000089000000, 0x0000000089000000, 0x0000000089100000|  0%| F|  |TAMS 0x0000000089000000, 0x0000000089000000| Untracked 
| 121|0x0000000089100000, 0x0000000089100000, 0x0000000089200000|  0%| F|  |TAMS 0x0000000089100000, 0x0000000089100000| Untracked 
| 122|0x0000000089200000, 0x0000000089200000, 0x0000000089300000|  0%| F|  |TAMS 0x0000000089200000, 0x0000000089200000| Untracked 
| 123|0x0000000089300000, 0x0000000089300000, 0x0000000089400000|  0%| F|  |TAMS 0x0000000089300000, 0x0000000089300000| Untracked 
| 124|0x0000000089400000, 0x0000000089400000, 0x0000000089500000|  0%| F|  |TAMS 0x0000000089400000, 0x0000000089400000| Untracked 
| 125|0x0000000089500000, 0x0000000089500000, 0x0000000089600000|  0%| F|  |TAMS 0x0000000089500000, 0x0000000089500000| Untracked 
| 126|0x0000000089600000, 0x0000000089600000, 0x0000000089700000|  0%| F|  |TAMS 0x0000000089600000, 0x0000000089600000| Untracked 
| 127|0x0000000089700000, 0x0000000089700000, 0x0000000089800000|  0%| F|  |TAMS 0x0000000089700000, 0x0000000089700000| Untracked 
|2020|0x00000000ffc00000, 0x00000000ffd00000, 0x00000000ffd00000|100%| O|  |TAMS 0x00000000ffd00000, 0x00000000ffd00000| Untracked 
|2021|0x00000000ffd00000, 0x00000000ffe00000, 0x00000000ffe00000|100%| O|  |TAMS 0x00000000ffe00000, 0x00000000ffe00000| Untracked 
|2022|0x00000000ffe00000, 0x00000000fff00000, 0x00000000fff00000|100%| O|  |TAMS 0x00000000fff00000, 0x00000000fff00000| Untracked 
|2023|0x00000000fff00000, 0x0000000100000000, 0x0000000100000000|100%| O|  |TAMS 0x0000000100000000, 0x0000000100000000| Untracked 

Card table byte_map: [0x0000026aa10b0000,0x0000026aa14b0000] _byte_map_base: 0x0000026aa0ca4000

Marking Bits (Prev, Next): (CMBitMap*) 0x0000026a8859f7a0, (CMBitMap*) 0x0000026a8859f7e0
 Prev Bits: [0x0000026aa18b0000, 0x0000026aa3850000)
 Next Bits: [0x0000026aa3850000, 0x0000026aa57f0000)

Polling page: 0x0000026a88610000

Metaspace:

Usage:
  Non-class:     23.79 MB used.
      Class:      2.85 MB used.
       Both:     26.64 MB used.

Virtual space:
  Non-class space:       64.00 MB reserved,      24.06 MB ( 38%) committed,  1 nodes.
      Class space:        1.00 GB reserved,       3.06 MB ( <1%) committed,  1 nodes.
             Both:        1.06 GB reserved,      27.12 MB (  2%) committed. 

Chunk freelists:
   Non-Class:  3.52 MB
       Class:  782.00 KB
        Both:  4.28 MB

MaxMetaspaceSize: unlimited
CompressedClassSpaceSize: 1.00 GB
Initial GC threshold: 21.00 MB
Current GC threshold: 44.06 MB
CDS: on
MetaspaceReclaimPolicy: balanced
 - commit_granule_bytes: 65536.
 - commit_granule_words: 8192.
 - virtual_space_node_default_size: 8388608.
 - enlarge_chunks_in_place: 1.
 - new_chunks_are_fully_committed: 0.
 - uncommit_free_chunks: 1.
 - use_allocation_guard: 0.


Internal statistics:

num_allocs_failed_limit: 6.
num_arena_births: 520.
num_arena_deaths: 0.
num_vsnodes_births: 2.
num_vsnodes_deaths: 0.
num_space_committed: 434.
num_space_uncommitted: 0.
num_chunks_returned_to_freelist: 6.
num_chunks_taken_from_freelist: 1546.
num_chunk_merges: 6.
num_chunk_splits: 1070.
num_chunks_enlarged: 760.
num_inconsistent_stats: 0.

CodeHeap 'non-profiled nmethods': size=120000Kb used=2487Kb max_used=2824Kb free=117512Kb
 bounds [0x0000026a99150000, 0x0000026a99420000, 0x0000026aa0680000]
CodeHeap 'profiled nmethods': size=120000Kb used=12141Kb max_used=13266Kb free=107858Kb
 bounds [0x0000026a91c20000, 0x0000026a92920000, 0x0000026a99150000]
CodeHeap 'non-nmethods': size=5760Kb used=1313Kb max_used=1313Kb free=4446Kb
 bounds [0x0000026a91680000, 0x0000026a918f0000, 0x0000026a91c20000]
 total_blobs=6272 nmethods=5747 adapters=433
 compilation: enabled
              stopped_count=0, restarted_count=0
 full_count=0

Compilation events (20 events):
Event: 4.459 Thread 0x0000026aa7e490e0 6743       2       java.util.stream.ReferencePipeline::forEachWithCancel (23 bytes)
Event: 4.459 Thread 0x0000026aa7e490e0 nmethod 6743 0x0000026a9208d290 code [0x0000026a9208d440, 0x0000026a9208d638]
Event: 4.460 Thread 0x0000026aa7e490e0 6744       2       java.util.stream.FindOps$FindOp::evaluateSequential (39 bytes)
Event: 4.460 Thread 0x0000026aa7e490e0 nmethod 6744 0x0000026a9208cd10 code [0x0000026a9208cee0, 0x0000026a9208d128]
Event: 4.460 Thread 0x0000026aa7e490e0 6746       2       com.sun.tools.javac.util.Pair::of (10 bytes)
Event: 4.460 Thread 0x0000026aa7e490e0 nmethod 6746 0x0000026a9208c890 code [0x0000026a9208ca20, 0x0000026a9208cc18]
Event: 4.460 Thread 0x0000026aa7e490e0 6747       2       com.sun.tools.javac.util.Pair::hashCode (64 bytes)
Event: 4.460 Thread 0x0000026aa7e490e0 nmethod 6747 0x0000026a9208c390 code [0x0000026a9208c560, 0x0000026a9208c7b8]
Event: 4.460 Thread 0x0000026aa7e490e0 6745       2       java.util.stream.FindOps$FindSink::<init> (5 bytes)
Event: 4.460 Thread 0x0000026aa7e490e0 nmethod 6745 0x0000026a91d15310 code [0x0000026a91d154a0, 0x0000026a91d15598]
Event: 4.461 Thread 0x0000026aa7e490e0 6748       2       com.sun.tools.javac.jvm.ClassReader$5::read (84 bytes)
Event: 4.461 Thread 0x0000026aa7e490e0 nmethod 6748 0x0000026a9208b510 code [0x0000026a9208b720, 0x0000026a9208bce8]
Event: 4.461 Thread 0x0000026aa7e490e0 6749       2       com.sun.tools.javac.util.ByteBuffer::reset (6 bytes)
Event: 4.462 Thread 0x0000026aa7e490e0 nmethod 6749 0x0000026a92083c90 code [0x0000026a92083e20, 0x0000026a92083f38]
Event: 4.462 Thread 0x0000026aa7e490e0 6750   !   2       com.sun.tools.javac.util.ByteBuffer::appendStream (117 bytes)
Event: 4.462 Thread 0x0000026aa7e490e0 nmethod 6750 0x0000026a920bce10 code [0x0000026a920bd020, 0x0000026a920bd428]
Event: 4.462 Thread 0x0000026aa7e490e0 6751       2       com.sun.tools.javac.jvm.ClassReader::readClassBuffer (328 bytes)
Event: 4.463 Thread 0x0000026aa7e490e0 nmethod 6751 0x0000026a920bb810 code [0x0000026a920bbac0, 0x0000026a920bc758]
Event: 4.463 Thread 0x0000026aa7e490e0 6752       2       com.sun.tools.javac.code.Symbol$ClassSymbol::setAnnotationTypeMetadata (29 bytes)
Event: 4.463 Thread 0x0000026aa7e490e0 nmethod 6752 0x0000026a92678290 code [0x0000026a92678460, 0x0000026a926787a8]

GC Heap History (20 events):
Event: 0.765 GC heap after
{Heap after GC invocations=2 (full 0):
 garbage-first heap   total 131072K, used 4606K [0x0000000081800000, 0x0000000100000000)
  region size 1024K, 2 young (2048K), 2 survivors (2048K)
 Metaspace       used 5891K, committed 6080K, reserved 1114112K
  class space    used 666K, committed 768K, reserved 1048576K
}
Event: 1.811 GC heap before
{Heap before GC invocations=2 (full 0):
 garbage-first heap   total 131072K, used 80382K [0x0000000081800000, 0x0000000100000000)
  region size 1024K, 76 young (77824K), 2 survivors (2048K)
 Metaspace       used 13623K, committed 13952K, reserved 1114112K
  class space    used 1514K, committed 1664K, reserved 1048576K
}
Event: 1.821 GC heap after
{Heap after GC invocations=3 (full 0):
 garbage-first heap   total 131072K, used 11750K [0x0000000081800000, 0x0000000100000000)
  region size 1024K, 9 young (9216K), 9 survivors (9216K)
 Metaspace       used 13623K, committed 13952K, reserved 1114112K
  class space    used 1514K, committed 1664K, reserved 1048576K
}
Event: 2.618 GC heap before
{Heap before GC invocations=3 (full 0):
 garbage-first heap   total 131072K, used 112102K [0x0000000081800000, 0x0000000100000000)
  region size 1024K, 76 young (77824K), 9 survivors (9216K)
 Metaspace       used 17438K, committed 17792K, reserved 1114112K
  class space    used 1867K, committed 2048K, reserved 1048576K
}
Event: 2.629 GC heap after
{Heap after GC invocations=4 (full 0):
 garbage-first heap   total 131072K, used 16688K [0x0000000081800000, 0x0000000100000000)
  region size 1024K, 6 young (6144K), 6 survivors (6144K)
 Metaspace       used 17438K, committed 17792K, reserved 1114112K
  class space    used 1867K, committed 2048K, reserved 1048576K
}
Event: 2.746 GC heap before
{Heap before GC invocations=4 (full 0):
 garbage-first heap   total 131072K, used 19760K [0x0000000081800000, 0x0000000100000000)
  region size 1024K, 10 young (10240K), 6 survivors (6144K)
 Metaspace       used 21130K, committed 21504K, reserved 1114112K
  class space    used 2310K, committed 2496K, reserved 1048576K
}
Event: 2.750 GC heap after
{Heap after GC invocations=5 (full 0):
 garbage-first heap   total 131072K, used 17283K [0x0000000081800000, 0x0000000100000000)
  region size 1024K, 6 young (6144K), 6 survivors (6144K)
 Metaspace       used 21130K, committed 21504K, reserved 1114112K
  class space    used 2310K, committed 2496K, reserved 1048576K
}
Event: 3.136 GC heap before
{Heap before GC invocations=6 (full 0):
 garbage-first heap   total 61440K, used 46979K [0x0000000081800000, 0x0000000100000000)
  region size 1024K, 36 young (36864K), 6 survivors (6144K)
 Metaspace       used 23473K, committed 23808K, reserved 1114112K
  class space    used 2539K, committed 2688K, reserved 1048576K
}
Event: 3.150 GC heap after
{Heap after GC invocations=7 (full 0):
 garbage-first heap   total 65536K, used 27954K [0x0000000081800000, 0x0000000100000000)
  region size 1024K, 5 young (5120K), 5 survivors (5120K)
 Metaspace       used 23473K, committed 23808K, reserved 1114112K
  class space    used 2539K, committed 2688K, reserved 1048576K
}
Event: 3.157 GC heap before
{Heap before GC invocations=7 (full 0):
 garbage-first heap   total 65536K, used 28978K [0x0000000081800000, 0x0000000100000000)
  region size 1024K, 6 young (6144K), 5 survivors (5120K)
 Metaspace       used 23473K, committed 23808K, reserved 1114112K
  class space    used 2539K, committed 2688K, reserved 1048576K
}
Event: 3.162 GC heap after
{Heap after GC invocations=8 (full 0):
 garbage-first heap   total 78848K, used 29635K [0x0000000081800000, 0x0000000100000000)
  region size 1024K, 1 young (1024K), 1 survivors (1024K)
 Metaspace       used 23473K, committed 23808K, reserved 1114112K
  class space    used 2539K, committed 2688K, reserved 1048576K
}
Event: 3.495 GC heap before
{Heap before GC invocations=8 (full 0):
 garbage-first heap   total 78848K, used 55235K [0x0000000081800000, 0x0000000100000000)
  region size 1024K, 27 young (27648K), 1 survivors (1024K)
 Metaspace       used 24330K, committed 24768K, reserved 1114112K
  class space    used 2611K, committed 2816K, reserved 1048576K
}
Event: 3.502 GC heap after
{Heap after GC invocations=9 (full 0):
 garbage-first heap   total 78848K, used 34304K [0x0000000081800000, 0x0000000100000000)
  region size 1024K, 4 young (4096K), 4 survivors (4096K)
 Metaspace       used 24330K, committed 24768K, reserved 1114112K
  class space    used 2611K, committed 2816K, reserved 1048576K
}
Event: 3.859 GC heap before
{Heap before GC invocations=9 (full 0):
 garbage-first heap   total 78848K, used 57856K [0x0000000081800000, 0x0000000100000000)
  region size 1024K, 27 young (27648K), 4 survivors (4096K)
 Metaspace       used 25541K, committed 25920K, reserved 1114112K
  class space    used 2740K, committed 2944K, reserved 1048576K
}
Event: 3.869 GC heap after
{Heap after GC invocations=10 (full 0):
 garbage-first heap   total 78848K, used 38229K [0x0000000081800000, 0x0000000100000000)
  region size 1024K, 3 young (3072K), 3 survivors (3072K)
 Metaspace       used 25541K, committed 25920K, reserved 1114112K
  class space    used 2740K, committed 2944K, reserved 1048576K
}
Event: 4.098 GC heap before
{Heap before GC invocations=10 (full 0):
 garbage-first heap   total 78848K, used 58709K [0x0000000081800000, 0x0000000100000000)
  region size 1024K, 24 young (24576K), 3 survivors (3072K)
 Metaspace       used 26554K, committed 27008K, reserved 1114112K
  class space    used 2835K, committed 3072K, reserved 1048576K
}
Event: 4.102 GC heap after
{Heap after GC invocations=11 (full 0):
 garbage-first heap   total 78848K, used 38728K [0x0000000081800000, 0x0000000100000000)
  region size 1024K, 1 young (1024K), 1 survivors (1024K)
 Metaspace       used 26554K, committed 27008K, reserved 1114112K
  class space    used 2835K, committed 3072K, reserved 1048576K
}
Event: 4.311 GC heap before
{Heap before GC invocations=12 (full 0):
 garbage-first heap   total 78848K, used 60232K [0x0000000081800000, 0x0000000100000000)
  region size 1024K, 22 young (22528K), 1 survivors (1024K)
 Metaspace       used 27074K, committed 27520K, reserved 1114112K
  class space    used 2908K, committed 3136K, reserved 1048576K
}
Event: 4.313 GC heap after
{Heap after GC invocations=13 (full 0):
 garbage-first heap   total 78848K, used 38986K [0x0000000081800000, 0x0000000100000000)
  region size 1024K, 1 young (1024K), 1 survivors (1024K)
 Metaspace       used 27074K, committed 27520K, reserved 1114112K
  class space    used 2908K, committed 3136K, reserved 1048576K
}
Event: 4.465 GC heap before
{Heap before GC invocations=13 (full 0):
 garbage-first heap   total 78848K, used 62538K [0x0000000081800000, 0x0000000100000000)
  region size 1024K, 24 young (24576K), 1 survivors (1024K)
 Metaspace       used 27274K, committed 27776K, reserved 1114112K
  class space    used 2914K, committed 3136K, reserved 1048576K
}

Deoptimization events (20 events):
Event: 4.231 Thread 0x0000026a885413b0 DEOPT PACKING pc=0x0000026a991c7234 sp=0x000000cf0dffc4d0
Event: 4.231 Thread 0x0000026a885413b0 DEOPT UNPACKING pc=0x0000026a916d23a3 sp=0x000000cf0dffc450 mode 2
Event: 4.289 Thread 0x0000026a885413b0 Uncommon trap: trap_request=0xffffffbe fr.pc=0x0000026a991c7234 relative=0x0000000000000414
Event: 4.289 Thread 0x0000026a885413b0 Uncommon trap: reason=profile_predicate action=maybe_recompile pc=0x0000026a991c7234 method=java.lang.Class.searchMethods([Ljava/lang/reflect/Method;Ljava/lang/String;[Ljava/lang/Class;)Ljava/lang/reflect/Method; @ 22 c2
Event: 4.289 Thread 0x0000026a885413b0 DEOPT PACKING pc=0x0000026a991c7234 sp=0x000000cf0dffd100
Event: 4.289 Thread 0x0000026a885413b0 DEOPT UNPACKING pc=0x0000026a916d23a3 sp=0x000000cf0dffd080 mode 2
Event: 4.289 Thread 0x0000026a885413b0 Uncommon trap: trap_request=0xffffffbe fr.pc=0x0000026a991c7234 relative=0x0000000000000414
Event: 4.289 Thread 0x0000026a885413b0 Uncommon trap: reason=profile_predicate action=maybe_recompile pc=0x0000026a991c7234 method=java.lang.Class.searchMethods([Ljava/lang/reflect/Method;Ljava/lang/String;[Ljava/lang/Class;)Ljava/lang/reflect/Method; @ 22 c2
Event: 4.289 Thread 0x0000026a885413b0 DEOPT PACKING pc=0x0000026a991c7234 sp=0x000000cf0dffd100
Event: 4.289 Thread 0x0000026a885413b0 DEOPT UNPACKING pc=0x0000026a916d23a3 sp=0x000000cf0dffd080 mode 2
Event: 4.308 Thread 0x0000026a885413b0 DEOPT PACKING pc=0x0000026a91c293d6 sp=0x000000cf0dffd2f0
Event: 4.308 Thread 0x0000026a885413b0 DEOPT UNPACKING pc=0x0000026a916d2b43 sp=0x000000cf0dffc7d8 mode 0
Event: 4.336 Thread 0x0000026a885413b0 DEOPT PACKING pc=0x0000026a91c293d6 sp=0x000000cf0dffd2f0
Event: 4.336 Thread 0x0000026a885413b0 DEOPT UNPACKING pc=0x0000026a916d2b43 sp=0x000000cf0dffc7d8 mode 0
Event: 4.353 Thread 0x0000026a885413b0 DEOPT PACKING pc=0x0000026a91c293d6 sp=0x000000cf0dffd2f0
Event: 4.353 Thread 0x0000026a885413b0 DEOPT UNPACKING pc=0x0000026a916d2b43 sp=0x000000cf0dffc7d8 mode 0
Event: 4.426 Thread 0x0000026a885413b0 Uncommon trap: trap_request=0xffffff45 fr.pc=0x0000026a9935bb28 relative=0x00000000000002a8
Event: 4.426 Thread 0x0000026a885413b0 Uncommon trap: reason=unstable_if action=reinterpret pc=0x0000026a9935bb28 method=com.sun.tools.javac.util.Convert.utf2chars([BI[CII)I @ 37 c2
Event: 4.426 Thread 0x0000026a885413b0 DEOPT PACKING pc=0x0000026a9935bb28 sp=0x000000cf0dffc4b0
Event: 4.426 Thread 0x0000026a885413b0 DEOPT UNPACKING pc=0x0000026a916d23a3 sp=0x000000cf0dffc410 mode 2

Classes loaded (20 events):
Event: 3.871 Loading class java/util/Vector$1
Event: 3.871 Loading class java/util/Vector$1 done
Event: 3.874 Loading class java/io/PushbackInputStream
Event: 3.874 Loading class java/io/PushbackInputStream done
Event: 3.994 Loading class java/util/Collections$UnmodifiableSortedSet
Event: 3.994 Loading class java/util/Collections$UnmodifiableSortedSet done
Event: 3.999 Loading class java/util/IdentityHashMap$EntrySet
Event: 3.999 Loading class java/util/IdentityHashMap$EntrySet done
Event: 3.999 Loading class java/util/IdentityHashMap$EntryIterator
Event: 4.000 Loading class java/util/IdentityHashMap$EntryIterator done
Event: 4.000 Loading class java/util/IdentityHashMap$EntryIterator$Entry
Event: 4.000 Loading class java/util/IdentityHashMap$EntryIterator$Entry done
Event: 4.197 Loading class java/util/regex/Pattern$SliceI
Event: 4.198 Loading class java/util/regex/Pattern$SliceI done
Event: 4.218 Loading class java/util/regex/Pattern$Loop
Event: 4.218 Loading class java/util/regex/Pattern$Loop done
Event: 4.218 Loading class java/util/regex/Pattern$Prolog
Event: 4.218 Loading class java/util/regex/Pattern$Prolog done
Event: 4.227 Loading class java/util/regex/Pattern$LazyLoop
Event: 4.227 Loading class java/util/regex/Pattern$LazyLoop done

Classes unloaded (0 events):
No events

Classes redefined (0 events):
No events

Internal exceptions (20 events):
Event: 3.626 Thread 0x0000026a885413b0 Exception <a 'sun/nio/fs/WindowsException'{0x000000008577f1f0}> (0x000000008577f1f0) 
thrown [s\open\src\hotspot\share\prims\jni.cpp, line 516]
Event: 3.627 Thread 0x0000026a885413b0 Exception <a 'sun/nio/fs/WindowsException'{0x0000000085783358}> (0x0000000085783358) 
thrown [s\open\src\hotspot\share\prims\jni.cpp, line 516]
Event: 3.627 Thread 0x0000026a885413b0 Exception <a 'sun/nio/fs/WindowsException'{0x00000000857835f8}> (0x00000000857835f8) 
thrown [s\open\src\hotspot\share\prims\jni.cpp, line 516]
Event: 3.627 Thread 0x0000026a885413b0 Exception <a 'sun/nio/fs/WindowsException'{0x00000000857844f8}> (0x00000000857844f8) 
thrown [s\open\src\hotspot\share\prims\jni.cpp, line 516]
Event: 3.627 Thread 0x0000026a885413b0 Exception <a 'sun/nio/fs/WindowsException'{0x0000000085784820}> (0x0000000085784820) 
thrown [s\open\src\hotspot\share\prims\jni.cpp, line 516]
Event: 3.691 Thread 0x0000026a885413b0 Implicit null exception at 0x0000026a9925706f to 0x0000026a99257584
Event: 3.709 Thread 0x0000026a885413b0 Implicit null exception at 0x0000026a9925340f to 0x0000026a99253684
Event: 4.214 Thread 0x0000026a885413b0 Exception <a 'java/lang/NoSuchMethodError'{0x0000000085637830}: 'void java.lang.invoke.DirectMethodHandle$Holder.invokeInterface(java.lang.Object, java.lang.Object, java.lang.Object, int)'> (0x0000000085637830) 
thrown [s\open\src\hotspot\share\interpreter\linkResolver.cpp, line 759]
Event: 4.214 Thread 0x0000026a885413b0 Exception <a 'java/lang/NoSuchMethodError'{0x000000008563f340}: 'void java.lang.invoke.DelegatingMethodHandle$Holder.reinvoke_L(java.lang.Object, java.lang.Object, java.lang.Object, int)'> (0x000000008563f340) 
thrown [s\open\src\hotspot\share\interpreter\linkResolver.cpp, line 759]
Event: 4.216 Thread 0x0000026a885413b0 Exception <a 'java/lang/NoSuchMethodError'{0x000000008566ee70}: 'java.lang.Object java.lang.invoke.DirectMethodHandle$Holder.invokeVirtual(java.lang.Object, java.lang.Object, java.lang.Object, java.lang.Object)'> (0x000000008566ee70) 
thrown [s\open\src\hotspot\share\interpreter\linkResolver.cpp, line 759]
Event: 4.217 Thread 0x0000026a885413b0 Exception <a 'java/lang/NoSuchMethodError'{0x000000008567cb60}: 'long java.lang.invoke.DirectMethodHandle$Holder.invokeStatic(java.lang.Object, java.lang.Object, int)'> (0x000000008567cb60) 
thrown [s\open\src\hotspot\share\interpreter\linkResolver.cpp, line 759]
Event: 4.217 Thread 0x0000026a885413b0 Exception <a 'java/lang/NoSuchMethodError'{0x0000000085687d80}: 'java.lang.Object java.lang.invoke.DirectMethodHandle$Holder.invokeSpecial(java.lang.Object, java.lang.Object, java.lang.Object, long, java.lang.Object)'> (0x0000000085687d80) 
thrown [s\open\src\hotspot\share\interpreter\linkResolver.cpp, line 759]
Event: 4.218 Thread 0x0000026a885413b0 Exception <a 'java/lang/NoSuchMethodError'{0x000000008568bcb8}: 'java.lang.Object java.lang.invoke.DelegatingMethodHandle$Holder.reinvoke_L(java.lang.Object, java.lang.Object, long, java.lang.Object)'> (0x000000008568bcb8) 
thrown [s\open\src\hotspot\share\interpreter\linkResolver.cpp, line 759]
Event: 4.220 Thread 0x0000026a885413b0 Exception <a 'java/lang/NoSuchMethodError'{0x00000000856a5618}: 'java.lang.Object java.lang.invoke.DirectMethodHandle$Holder.invokeVirtual(java.lang.Object, java.lang.Object, java.lang.Object, java.lang.Object, java.lang.Object, java.lang.Object, java.lang.Object, java.lang.Object, java.lang.Object, java.lang.Object)'> (0x00000000856a5618) 
thrown [s\open\src\hotspot\share\interpreter\linkResolver.cpp, line 759]
Event: 4.220 Thread 0x0000026a885413b0 Exception <a 'java/lang/NoSuchMethodError'{0x00000000856aa060}: 'java.lang.Object java.lang.invoke.DirectMethodHandle$Holder.invokeSpecial(java.lang.Object, java.lang.Object, java.lang.Object, java.lang.Object, java.lang.Object, java.lang.Object, java.lang.Object, java.lang.Object, java.lang.Object, java.lang.Object, java.lang.Object)'> (0x00000000856aa060) 
thrown [s\open\src\hotspot\share\interpreter\linkResolver.cpp, line 759]
Event: 4.232 Thread 0x0000026a885413b0 Exception <a 'java/lang/NoSuchMethodError'{0x00000000855d3b28}: 'void java.lang.invoke.DirectMethodHandle$Holder.invokeVirtual(java.lang.Object, java.lang.Object)'> (0x00000000855d3b28) 
thrown [s\open\src\hotspot\share\interpreter\linkResolver.cpp, line 759]
Event: 4.233 Thread 0x0000026a885413b0 Exception <a 'java/lang/NoSuchMethodError'{0x00000000855de4d8}: 'void java.lang.invoke.DirectMethodHandle$Holder.invokeVirtual(java.lang.Object, java.lang.Object, java.lang.Object, java.lang.Object)'> (0x00000000855de4d8) 
thrown [s\open\src\hotspot\share\interpreter\linkResolver.cpp, line 759]
Event: 4.247 Thread 0x0000026a885413b0 Exception <a 'java/lang/NoSuchMethodError'{0x00000000853850d0}: 'java.lang.Object java.lang.invoke.DirectMethodHandle$Holder.invokeVirtual(java.lang.Object, java.lang.Object, java.lang.Object, java.lang.Object, java.lang.Object, java.lang.Object)'> (0x00000000853850d0) 
thrown [s\open\src\hotspot\share\interpreter\linkResolver.cpp, line 759]
Event: 4.263 Thread 0x0000026a885413b0 Exception <a 'java/lang/NoSuchMethodError'{0x00000000851e3b18}: 'java.lang.Object java.lang.invoke.DirectMethodHandle$Holder.invokeVirtual(java.lang.Object, java.lang.Object, java.lang.Object, java.lang.Object, java.lang.Object)'> (0x00000000851e3b18) 
thrown [s\open\src\hotspot\share\interpreter\linkResolver.cpp, line 759]
Event: 4.266 Thread 0x0000026a885413b0 Exception <a 'java/lang/NoSuchMethodError'{0x000000008501be88}: 'java.lang.Object java.lang.invoke.DirectMethodHandle$Holder.invokeVirtual(java.lang.Object, java.lang.Object, long)'> (0x000000008501be88) 
thrown [s\open\src\hotspot\share\interpreter\linkResolver.cpp, line 759]

VM Operations (20 events):
Event: 3.502 Executing VM operation: G1CollectForAllocation done
Event: 3.625 Executing VM operation: ICBufferFull
Event: 3.625 Executing VM operation: ICBufferFull done
Event: 3.859 Executing VM operation: G1CollectForAllocation
Event: 3.869 Executing VM operation: G1CollectForAllocation done
Event: 3.967 Executing VM operation: HandshakeAllThreads
Event: 3.967 Executing VM operation: HandshakeAllThreads done
Event: 3.975 Executing VM operation: HandshakeAllThreads
Event: 3.975 Executing VM operation: HandshakeAllThreads done
Event: 3.998 Executing VM operation: HandshakeAllThreads
Event: 3.998 Executing VM operation: HandshakeAllThreads done
Event: 4.097 Executing VM operation: G1CollectForAllocation
Event: 4.104 Executing VM operation: G1CollectForAllocation done
Event: 4.145 Executing VM operation: G1Concurrent
Event: 4.149 Executing VM operation: G1Concurrent done
Event: 4.170 Executing VM operation: G1Concurrent
Event: 4.171 Executing VM operation: G1Concurrent done
Event: 4.311 Executing VM operation: G1CollectForAllocation
Event: 4.313 Executing VM operation: G1CollectForAllocation done
Event: 4.465 Executing VM operation: G1CollectForAllocation

Events (20 events):
Event: 4.003 Thread 0x0000026aa7e786c0 flushing nmethod 0x0000026a92752490
Event: 4.003 Thread 0x0000026aa7e786c0 flushing nmethod 0x0000026a92753d10
Event: 4.003 Thread 0x0000026aa7e786c0 flushing nmethod 0x0000026a92754a90
Event: 4.003 Thread 0x0000026aa7e786c0 flushing nmethod 0x0000026a92755610
Event: 4.003 Thread 0x0000026aa7e786c0 flushing nmethod 0x0000026a9275bd90
Event: 4.003 Thread 0x0000026aa7e786c0 flushing nmethod 0x0000026a92763290
Event: 4.003 Thread 0x0000026aa7e786c0 flushing nmethod 0x0000026a9276ea10
Event: 4.003 Thread 0x0000026aa7e786c0 flushing nmethod 0x0000026a92777710
Event: 4.003 Thread 0x0000026aa7e786c0 flushing nmethod 0x0000026a9277e610
Event: 4.003 Thread 0x0000026aa7e786c0 flushing nmethod 0x0000026a927a1f90
Event: 4.003 Thread 0x0000026aa7e786c0 flushing nmethod 0x0000026a927bc310
Event: 4.003 Thread 0x0000026aa7e786c0 flushing nmethod 0x0000026a927eed90
Event: 4.003 Thread 0x0000026aa7e786c0 flushing nmethod 0x0000026a927f1490
Event: 4.003 Thread 0x0000026aa7e786c0 flushing nmethod 0x0000026a927f9e90
Event: 4.003 Thread 0x0000026aa7e786c0 flushing nmethod 0x0000026a927fa210
Event: 4.004 Thread 0x0000026aa7e786c0 flushing nmethod 0x0000026a92868490
Event: 4.004 Thread 0x0000026aa7e786c0 flushing nmethod 0x0000026a928a9190
Event: 4.004 Thread 0x0000026aa7e786c0 flushing nmethod 0x0000026a928f6210
Event: 4.004 Thread 0x0000026aa7e786c0 flushing nmethod 0x0000026a928f6a90
Event: 4.004 Thread 0x0000026aa7e786c0 flushing nmethod 0x0000026a928f9210


Dynamic libraries:
0x00007ff7728b0000 - 0x00007ff7728c0000 	D:\jdk\bin\java.exe
0x00007ffe11ad0000 - 0x00007ffe11cc8000 	C:\WINDOWS\SYSTEM32\ntdll.dll
0x00007ffe11410000 - 0x00007ffe114cd000 	C:\WINDOWS\System32\KERNEL32.DLL
0x00007ffe0f490000 - 0x00007ffe0f762000 	C:\WINDOWS\System32\KERNELBASE.dll
0x00007ffe0f900000 - 0x00007ffe0fa00000 	C:\WINDOWS\System32\ucrtbase.dll
0x00007ffdcc310000 - 0x00007ffdcc328000 	D:\jdk\bin\jli.dll
0x00007ffde5890000 - 0x00007ffde58aa000 	D:\jdk\bin\VCRUNTIME140.dll
0x00007ffe114d0000 - 0x00007ffe1157e000 	C:\WINDOWS\System32\ADVAPI32.dll
0x00007ffe10bf0000 - 0x00007ffe10c8e000 	C:\WINDOWS\System32\msvcrt.dll
0x00007ffe119c0000 - 0x00007ffe11a5c000 	C:\WINDOWS\System32\sechost.dll
0x00007ffe10cf0000 - 0x00007ffe10e15000 	C:\WINDOWS\System32\RPCRT4.dll
0x00007ffe10a50000 - 0x00007ffe10bed000 	C:\WINDOWS\System32\USER32.dll
0x00007ffe0fa00000 - 0x00007ffe0fa22000 	C:\WINDOWS\System32\win32u.dll
0x00007ffe0ffd0000 - 0x00007ffe0fffb000 	C:\WINDOWS\System32\GDI32.dll
0x00007ffe00c50000 - 0x00007ffe00eea000 	C:\WINDOWS\WinSxS\amd64_microsoft.windows.common-controls_6595b64144ccf1df_6.0.19041.1110_none_60b5254171f9507e\COMCTL32.dll
0x00007ffe0f2d0000 - 0x00007ffe0f3df000 	C:\WINDOWS\System32\gdi32full.dll
0x00007ffe0f1e0000 - 0x00007ffe0f27d000 	C:\WINDOWS\System32\msvcp_win.dll
0x00007ffe0df70000 - 0x00007ffe0df7a000 	C:\WINDOWS\SYSTEM32\VERSION.dll
0x00007ffe11a60000 - 0x00007ffe11a90000 	C:\WINDOWS\System32\IMM32.DLL
0x00007ffe076d0000 - 0x00007ffe076dc000 	D:\jdk\bin\vcruntime140_1.dll
0x00007ffd731a0000 - 0x00007ffd7322d000 	D:\jdk\bin\msvcp140.dll
0x00007ffd70780000 - 0x00007ffd71391000 	D:\jdk\bin\server\jvm.dll
0x00007ffe0fb30000 - 0x00007ffe0fb38000 	C:\WINDOWS\System32\PSAPI.DLL
0x00007ffdfaec0000 - 0x00007ffdfaec9000 	C:\WINDOWS\SYSTEM32\WSOCK32.dll
0x00007ffe005b0000 - 0x00007ffe005d7000 	C:\WINDOWS\SYSTEM32\WINMM.dll
0x00007ffe109e0000 - 0x00007ffe10a4b000 	C:\WINDOWS\System32\WS2_32.dll
0x00007ffe0df30000 - 0x00007ffe0df42000 	C:\WINDOWS\SYSTEM32\kernel.appcore.dll
0x00007ffdff340000 - 0x00007ffdff34a000 	D:\jdk\bin\jimage.dll
0x00007ffe09b60000 - 0x00007ffe09d44000 	C:\WINDOWS\SYSTEM32\DBGHELP.DLL
0x00007ffe09b00000 - 0x00007ffe09b2c000 	C:\WINDOWS\SYSTEM32\dbgcore.DLL
0x00007ffe0fa30000 - 0x00007ffe0fab2000 	C:\WINDOWS\System32\bcryptPrimitives.dll
0x00007ffe077e0000 - 0x00007ffe077ee000 	D:\jdk\bin\instrument.dll
0x00007ffdc7670000 - 0x00007ffdc7695000 	D:\jdk\bin\java.dll
0x00007ffd706a0000 - 0x00007ffd70776000 	D:\jdk\bin\jsvml.dll
0x00007ffe10250000 - 0x00007ffe10993000 	C:\WINDOWS\System32\SHELL32.dll
0x00007ffe0d0f0000 - 0x00007ffe0d881000 	C:\WINDOWS\SYSTEM32\windows.storage.dll
0x00007ffe0fb40000 - 0x00007ffe0fe94000 	C:\WINDOWS\System32\combase.dll
0x00007ffe0eb60000 - 0x00007ffe0eb90000 	C:\WINDOWS\SYSTEM32\Wldp.dll
0x00007ffe11690000 - 0x00007ffe1173d000 	C:\WINDOWS\System32\SHCORE.dll
0x00007ffe113b0000 - 0x00007ffe11405000 	C:\WINDOWS\System32\shlwapi.dll
0x00007ffe0f120000 - 0x00007ffe0f13f000 	C:\WINDOWS\SYSTEM32\profapi.dll
0x00007ffdac690000 - 0x00007ffdac6a8000 	D:\jdk\bin\zip.dll
0x00007ffdaf210000 - 0x00007ffdaf223000 	D:\jdk\bin\net.dll
0x00007ffe08110000 - 0x00007ffe0821d000 	C:\WINDOWS\SYSTEM32\WINHTTP.dll
0x00007ffe0e8c0000 - 0x00007ffe0e92a000 	C:\WINDOWS\system32\mswsock.dll
0x00007ffdac870000 - 0x00007ffdac886000 	D:\jdk\bin\nio.dll
0x00007ffde6290000 - 0x00007ffde62aa000 	D:\IntelliJ IDEA 2022.2\bin\breakgen64.dll
0x0000000069ac0000 - 0x0000000069ae4000 	C:\Users\admin\AppData\Local\Temp\jansi-2.4.0-505b8bba8b884523-jansi.dll
0x00007ffdf47f0000 - 0x00007ffdf4800000 	D:\jdk\bin\verify.dll

dbghelp: loaded successfully - version: 4.0.5 - missing functions: none
symbol engine: initialized successfully - sym options: 0x614 - pdb path: .;D:\jdk\bin;C:\WINDOWS\SYSTEM32;C:\WINDOWS\WinSxS\amd64_microsoft.windows.common-controls_6595b64144ccf1df_6.0.19041.1110_none_60b5254171f9507e;D:\jdk\bin\server;D:\IntelliJ IDEA 2022.2\bin;C:\Users\admin\AppData\Local\Temp

VM Arguments:
jvm_args: -Dmaven.multiModuleProjectDirectory=E:\sgwProject\jingsai -Dmaven.home=D:\maven\apache-maven-3.8.6 -Dclassworlds.conf=D:\maven\apache-maven-3.8.6\bin\m2.conf -Dmaven.ext.class.path=D:\IntelliJ IDEA 2022.2\plugins\maven\lib\maven-event-listener.jar -javaagent:D:\IntelliJ IDEA 2022.2\lib\idea_rt.jar=59904:D:\IntelliJ IDEA 2022.2\bin -Dfile.encoding=UTF-8 
java_command: org.codehaus.classworlds.Launcher -Didea.version=2022.2 install
java_class_path (initial): D:\maven\apache-maven-3.8.6\boot\plexus-classworlds-2.6.0.jar;D:\maven\apache-maven-3.8.6\boot\plexus-classworlds.license
Launcher Type: SUN_STANDARD

[Global flags]
     intx CICompilerCount                          = 3                                         {product} {ergonomic}
     uint ConcGCThreads                            = 1                                         {product} {ergonomic}
     uint G1ConcRefinementThreads                  = 4                                         {product} {ergonomic}
   size_t G1HeapRegionSize                         = 1048576                                   {product} {ergonomic}
    uintx GCDrainStackTargetSize                   = 64                                        {product} {ergonomic}
   size_t InitialHeapSize                          = 134217728                                 {product} {ergonomic}
   size_t MarkStackSize                            = 4194304                                   {product} {ergonomic}
   size_t MaxHeapSize                              = 2122317824                                {product} {ergonomic}
   size_t MaxNewSize                               = 1272971264                                {product} {ergonomic}
   size_t MinHeapDeltaBytes                        = 1048576                                   {product} {ergonomic}
   size_t MinHeapSize                              = 8388608                                   {product} {ergonomic}
    uintx NonNMethodCodeHeapSize                   = 5832780                                {pd product} {ergonomic}
    uintx NonProfiledCodeHeapSize                  = 122912730                              {pd product} {ergonomic}
    uintx ProfiledCodeHeapSize                     = 122912730                              {pd product} {ergonomic}
    uintx ReservedCodeCacheSize                    = 251658240                              {pd product} {ergonomic}
     bool SegmentedCodeCache                       = true                                      {product} {ergonomic}
   size_t SoftMaxHeapSize                          = 2122317824                             {manageable} {ergonomic}
     bool UseCompressedClassPointers               = true                           {product lp64_product} {ergonomic}
     bool UseCompressedOops                        = true                           {product lp64_product} {ergonomic}
     bool UseG1GC                                  = true                                      {product} {ergonomic}
     bool UseLargePagesIndividualAllocation        = false                                  {pd product} {ergonomic}

Logging:
Log output configuration:
 #0: stdout all=warning uptime,level,tags foldmultilines=false
 #1: stderr all=off uptime,level,tags foldmultilines=false

Environment Variables:
PATH=C:\GeneralData\GBase\Server\bin;D:\oracle\bin;D:\oracle\WINDOWS.X64_193000_db_home\bin;C:\Program Files\Common Files\Oracle\Java\javapath;C:\Program Files (x86)\Intel\iCLS Client\;C:\Program Files\Intel\iCLS Client\;C:\WINDOWS\system32;C:\WINDOWS;C:\WINDOWS\System32\Wbem;C:\WINDOWS\System32\WindowsPowerShell\v1.0\;C:\Program Files (x86)\Intel\Intel(R) Management Engine Components\DAL;C:\Program Files\Intel\Intel(R) Management Engine Components\DAL;C:\Program Files (x86)\Intel\Intel(R) Management Engine Components\IPT;C:\Program Files\Intel\Intel(R) Management Engine Components\IPT;C:\WINDOWS\System32\OpenSSH\;C:\Program Files\dotnet\;C:\Program Files (x86)\NetSarang\Xshell 7\;C:\Program Files\Git\cmd;C:\Users\admin\AppData\Local\Microsoft\WindowsApps;D:\maven\apache-maven-3.8.6\bin;
USERNAME=admin
OS=Windows_NT
PROCESSOR_IDENTIFIER=Intel64 Family 6 Model 158 Stepping 9, GenuineIntel



---------------  S Y S T E M  ---------------

OS:
 Windows 10 , 64 bit Build 19041 (10.0.19041.1889)
OS uptime: 0 days 14:07 hours

CPU: total 4 (initial active 4) (4 cores per cpu, 1 threads per core) family 6 model 158 stepping 9 microcode 0xb4, cx8, cmov, fxsr, mmx, 3dnowpref, sse, sse2, sse3, ssse3, sse4.1, sse4.2, popcnt, lzcnt, tsc, tscinvbit, avx, avx2, aes, erms, clmul, bmi1, bmi2, rtm, adx, fma, vzeroupper, clflush, clflushopt

Memory: 4k page, system-wide physical 8088M (582M free)
TotalPageFile size 12184M (AvailPageFile size 24M)
current process WorkingSet (physical memory assigned to process): 228M, peak: 235M
current process commit charge ("private bytes"): 310M, peak: 336M

vm_info: Java HotSpot(TM) 64-Bit Server VM (18.0.2+9-61) for windows-amd64 JRE (18.0.2+9-61), built on Jun  7 2022 13:09:01 by "mach5one" with MS VC++ 16.8 / 16.9 (VS2019)

END.
