#
# There is insufficient memory for the Java Runtime Environment to continue.
# Native memory allocation (mmap) failed to map 22020096 bytes for G1 virtual space
# Possible reasons:
#   The system is out of physical RAM or swap space
#   The process is running with CompressedOops enabled, and the Java Heap may be blocking the growth of the native heap
# Possible solutions:
#   Reduce memory load on the system
#   Increase physical memory or swap space
#   Check if swap backing store is full
#   Decrease Java heap size (-Xmx/-Xms)
#   Decrease number of Java threads
#   Decrease Java thread stack sizes (-Xss)
#   Set larger code cache with -XX:ReservedCodeCacheSize=
#   JVM is running with Unscaled Compressed Oops mode in which the Java heap is
#     placed in the first 4GB address space. The Java Heap base address is the
#     maximum limit for the native heap growth. Please use -XX:HeapBaseMinAddress
#     to set the Java Heap base and to place the Java Heap above 4GB virtual address.
# This output file may be truncated or incomplete.
#
#  Out of Memory Error (os_windows.cpp:3530), pid=4364, tid=11800
#
# JRE version: Java(TM) SE Runtime Environment (18.0.2+9) (build 18.0.2+9-61)
# Java VM: Java HotSpot(TM) 64-Bit Server VM (18.0.2+9-61, mixed mode, sharing, tiered, compressed oops, compressed class ptrs, g1 gc, windows-amd64)
# No core dump will be written. Minidumps are not enabled by default on client versions of Windows
#

---------------  S U M M A R Y ------------

Command Line: -Dmaven.multiModuleProjectDirectory=E:\sgwProject\jingsai -Dmaven.home=D:\maven\apache-maven-3.8.6 -Dclassworlds.conf=D:\maven\apache-maven-3.8.6\bin\m2.conf -Dmaven.ext.class.path=D:\IntelliJ IDEA 2022.2\plugins\maven\lib\maven-event-listener.jar -javaagent:D:\IntelliJ IDEA 2022.2\lib\idea_rt.jar=56019:D:\IntelliJ IDEA 2022.2\bin -Dfile.encoding=UTF-8 org.codehaus.classworlds.Launcher -Didea.version=2022.2 install

Host: Intel(R) Core(TM) i5-7500 CPU @ 3.40GHz, 4 cores, 7G,  Windows 10 , 64 bit Build 19041 (10.0.19041.1889)
Time: Wed Oct 19 21:56:21 2022  Windows 10 , 64 bit Build 19041 (10.0.19041.1889) elapsed time: 7.584139 seconds (0d 0h 0m 7s)

---------------  T H R E A D  ---------------

Current thread (0x000002b4c2e557b0):  VMThread "VM Thread" [stack: 0x000000e112c00000,0x000000e112d00000] [id=11800]

Stack: [0x000000e112c00000,0x000000e112d00000]
Native frames: (J=compiled Java code, j=interpreted, Vv=VM code, C=native code)
V  [jvm.dll+0x6993ca]
V  [jvm.dll+0x7f481d]
V  [jvm.dll+0x7f612e]
V  [jvm.dll+0x7f67e3]
V  [jvm.dll+0x25cdaf]
V  [jvm.dll+0x696319]
V  [jvm.dll+0x68ae4a]
V  [jvm.dll+0x3223eb]
V  [jvm.dll+0x329dc6]
V  [jvm.dll+0x37eade]
V  [jvm.dll+0x37ed0f]
V  [jvm.dll+0x2fa16a]
V  [jvm.dll+0x2fa217]
V  [jvm.dll+0x33e752]
V  [jvm.dll+0x33ccf4]
V  [jvm.dll+0x2f9940]
V  [jvm.dll+0x33c2cb]
V  [jvm.dll+0x7fb5cb]
V  [jvm.dll+0x7fc364]
V  [jvm.dll+0x7fc89c]
V  [jvm.dll+0x7fccf4]
V  [jvm.dll+0x7fcdb7]
V  [jvm.dll+0x7a125a]
V  [jvm.dll+0x698275]
C  [ucrtbase.dll+0x21bb2]
C  [KERNEL32.DLL+0x17034]
C  [ntdll.dll+0x526a1]

VM_Operation (0x000000e1126fb8a0): G1CollectForAllocation, mode: safepoint, requested by thread 0x000002b4a553f8b0


---------------  P R O C E S S  ---------------

Threads class SMR info:
_java_thread_list=0x000002b4c8e4fba0, length=14, elements={
0x000002b4a553f8b0, 0x000002b4c2e576b0, 0x000002b4c2e5c230, 0x000002b4c2e75520,
0x000002b4c2e76de0, 0x000002b4c2e796a0, 0x000002b4c2e7a090, 0x000002b4c2e7ac70,
0x000002b4c2e88d10, 0x000002b4c2eee970, 0x000002b4c2e461e0, 0x000002b4c70e8d90,
0x000002b4c70e9250, 0x000002b4c815c390
}

Java Threads: ( => current thread )
  0x000002b4a553f8b0 JavaThread "main" [_thread_blocked, id=1000, stack(0x000000e112600000,0x000000e112700000)]
  0x000002b4c2e576b0 JavaThread "Reference Handler" daemon [_thread_blocked, id=13564, stack(0x000000e112d00000,0x000000e112e00000)]
  0x000002b4c2e5c230 JavaThread "Finalizer" daemon [_thread_blocked, id=7620, stack(0x000000e112e00000,0x000000e112f00000)]
  0x000002b4c2e75520 JavaThread "Signal Dispatcher" daemon [_thread_blocked, id=5132, stack(0x000000e112f00000,0x000000e113000000)]
  0x000002b4c2e76de0 JavaThread "Attach Listener" daemon [_thread_blocked, id=5288, stack(0x000000e113000000,0x000000e113100000)]
  0x000002b4c2e796a0 JavaThread "Service Thread" daemon [_thread_blocked, id=10276, stack(0x000000e113100000,0x000000e113200000)]
  0x000002b4c2e7a090 JavaThread "Monitor Deflation Thread" daemon [_thread_blocked, id=6488, stack(0x000000e113200000,0x000000e113300000)]
  0x000002b4c2e7ac70 JavaThread "C2 CompilerThread0" daemon [_thread_blocked, id=9572, stack(0x000000e113300000,0x000000e113400000)]
  0x000002b4c2e88d10 JavaThread "C1 CompilerThread0" daemon [_thread_blocked, id=10984, stack(0x000000e113400000,0x000000e113500000)]
  0x000002b4c2eee970 JavaThread "Sweeper thread" daemon [_thread_blocked, id=13740, stack(0x000000e113500000,0x000000e113600000)]
  0x000002b4c2e461e0 JavaThread "Common-Cleaner" daemon [_thread_blocked, id=5276, stack(0x000000e113600000,0x000000e113700000)]
  0x000002b4c70e8d90 JavaThread "Monitor Ctrl-Break" daemon [_thread_in_native, id=14120, stack(0x000000e113700000,0x000000e113800000)]
  0x000002b4c70e9250 JavaThread "Notification Thread" daemon [_thread_blocked, id=11928, stack(0x000000e113800000,0x000000e113900000)]
  0x000002b4c815c390 JavaThread "C2 CompilerThread1" daemon [_thread_blocked, id=6236, stack(0x000000e113e00000,0x000000e113f00000)]

Other Threads:
=>0x000002b4c2e557b0 VMThread "VM Thread" [stack: 0x000000e112c00000,0x000000e112d00000] [id=11800]
  0x000002b4c7176130 WatcherThread "VM Periodic Task Thread" [stack: 0x000000e113900000,0x000000e113a00000] [id=12764]
  0x000002b4a559f6b0 WorkerThread "GC Thread#0" [stack: 0x000000e112700000,0x000000e112800000] [id=2808]
  0x000002b4c721c230 WorkerThread "GC Thread#1" [stack: 0x000000e113a00000,0x000000e113b00000] [id=7608]
  0x000002b4c7935400 WorkerThread "GC Thread#2" [stack: 0x000000e113b00000,0x000000e113c00000] [id=11960]
  0x000002b4c7ab2910 WorkerThread "GC Thread#3" [stack: 0x000000e113c00000,0x000000e113d00000] [id=2760]
  0x000002b4a55b1200 ConcurrentGCThread "G1 Main Marker" [stack: 0x000000e112800000,0x000000e112900000] [id=14652]
  0x000002b4a55b22a0 WorkerThread "G1 Conc#0" [stack: 0x000000e112900000,0x000000e112a00000] [id=5136]
  0x000002b4a560ea90 ConcurrentGCThread "G1 Refine#0" [stack: 0x000000e112a00000,0x000000e112b00000] [id=4896]
  0x000002b4c7713f90 ConcurrentGCThread "G1 Refine#1" [stack: 0x000000e113d00000,0x000000e113e00000] [id=6908]
  0x000002b4c8045c50 ConcurrentGCThread "G1 Refine#2" [stack: 0x000000e113f00000,0x000000e114000000] [id=2192]
  0x000002b4c2d0f550 ConcurrentGCThread "G1 Service" [stack: 0x000000e112b00000,0x000000e112c00000] [id=13484]

Threads with active compile tasks:
C2 CompilerThread1     7606 8326       4       java.lang.StringLatin1::compareToCI (108 bytes)

VM state: at safepoint (normal execution)

VM Mutex/Monitor currently owned by a thread:  ([mutex/lock_event])
[0x000002b4a553ad20] Threads_lock - owner thread: 0x000002b4c2e557b0
[0x000002b4a553ae40] Heap_lock - owner thread: 0x000002b4a553f8b0

Heap address: 0x0000000081800000, size: 2024 MB, Compressed Oops mode: 32-bit

CDS archive(s) mapped at: [0x0000000800000000-0x0000000800ba0000-0x0000000800ba0000), size 12189696, SharedBaseAddress: 0x0000000800000000, ArchiveRelocationMode: 0.
Compressed class space mapped at: 0x0000000800c00000-0x0000000840c00000, reserved size: 1073741824
Narrow klass base: 0x0000000800000000, Narrow klass shift: 0, Narrow klass range: 0x100000000

GC Precious Log:
 CardTable entry size: 512
 Card Set container configuration: InlinePtr #cards 5 size 8 Array Of Cards #cards 12 size 40 Howl #buckets 4 coarsen threshold 1843 Howl Bitmap #cards 512 size 80 coarsen threshold 460 Card regions per heap region 1 cards per card region 2048
 CPUs: 4 total, 4 available
 Memory: 8088M
 Large Page Support: Disabled
 NUMA Support: Disabled
 Compressed Oops: Enabled (32-bit)
 Heap Region Size: 1M
 Heap Min Capacity: 8M
 Heap Initial Capacity: 128M
 Heap Max Capacity: 2024M
 Pre-touch: Disabled
 Parallel Workers: 4
 Concurrent Workers: 1
 Concurrent Refinement Workers: 4
 Periodic GC: Disabled

Heap:
 garbage-first heap   total 103424K, used 55102K [0x0000000081800000, 0x0000000100000000)
  region size 1024K, 5 young (5120K), 5 survivors (5120K)
 Metaspace       used 30266K, committed 30784K, reserved 1114112K
  class space    used 3221K, committed 3456K, reserved 1048576K

Heap Regions: E=young(eden), S=young(survivor), O=old, HS=humongous(starts), HC=humongous(continues), CS=collection set, F=free, OA=open archive, CA=closed archive, TAMS=top-at-mark-start (previous, next)
|   0|0x0000000081800000, 0x0000000081900000, 0x0000000081900000|100%| O|  |TAMS 0x0000000081900000, 0x0000000081800000| Untracked 
|   1|0x0000000081900000, 0x0000000081a00000, 0x0000000081a00000|100%| O|  |TAMS 0x0000000081a00000, 0x0000000081900000| Untracked 
|   2|0x0000000081a00000, 0x0000000081b00000, 0x0000000081b00000|100%| O|  |TAMS 0x0000000081b00000, 0x0000000081a00000| Untracked 
|   3|0x0000000081b00000, 0x0000000081c00000, 0x0000000081c00000|100%| O|  |TAMS 0x0000000081c00000, 0x0000000081b00000| Untracked 
|   4|0x0000000081c00000, 0x0000000081d00000, 0x0000000081d00000|100%|HS|  |TAMS 0x0000000081c00000, 0x0000000081c00000| Complete 
|   5|0x0000000081d00000, 0x0000000081e00000, 0x0000000081e00000|100%| O|  |TAMS 0x0000000081d00000, 0x0000000081d00000| Untracked 
|   6|0x0000000081e00000, 0x0000000081f00000, 0x0000000081f00000|100%| O|  |TAMS 0x0000000081e00000, 0x0000000081e00000| Untracked 
|   7|0x0000000081f00000, 0x0000000082000000, 0x0000000082000000|100%| O|  |TAMS 0x0000000081f00000, 0x0000000081f00000| Untracked 
|   8|0x0000000082000000, 0x0000000082100000, 0x0000000082100000|100%| O|  |TAMS 0x0000000082000000, 0x0000000082000000| Untracked 
|   9|0x0000000082100000, 0x0000000082200000, 0x0000000082200000|100%| O|  |TAMS 0x0000000082100000, 0x0000000082100000| Untracked 
|  10|0x0000000082200000, 0x0000000082300000, 0x0000000082300000|100%| O|  |TAMS 0x0000000082200000, 0x0000000082200000| Untracked 
|  11|0x0000000082300000, 0x0000000082400000, 0x0000000082400000|100%| O|  |TAMS 0x0000000082300000, 0x0000000082300000| Untracked 
|  12|0x0000000082400000, 0x0000000082500000, 0x0000000082500000|100%| O|  |TAMS 0x0000000082400000, 0x0000000082400000| Untracked 
|  13|0x0000000082500000, 0x0000000082600000, 0x0000000082600000|100%| O|  |TAMS 0x0000000082500000, 0x0000000082500000| Untracked 
|  14|0x0000000082600000, 0x0000000082700000, 0x0000000082700000|100%| O|  |TAMS 0x0000000082600000, 0x0000000082600000| Untracked 
|  15|0x0000000082700000, 0x0000000082800000, 0x0000000082800000|100%| O|  |TAMS 0x0000000082700000, 0x0000000082700000| Untracked 
|  16|0x0000000082800000, 0x0000000082900000, 0x0000000082900000|100%| O|  |TAMS 0x0000000082800000, 0x0000000082800000| Untracked 
|  17|0x0000000082900000, 0x0000000082a00000, 0x0000000082a00000|100%| O|  |TAMS 0x0000000082900000, 0x0000000082900000| Untracked 
|  18|0x0000000082a00000, 0x0000000082b00000, 0x0000000082b00000|100%| O|  |TAMS 0x0000000082a00000, 0x0000000082a00000| Untracked 
|  19|0x0000000082b00000, 0x0000000082c00000, 0x0000000082c00000|100%| O|  |TAMS 0x0000000082b00000, 0x0000000082b00000| Untracked 
|  20|0x0000000082c00000, 0x0000000082d00000, 0x0000000082d00000|100%| O|  |TAMS 0x0000000082c00000, 0x0000000082c00000| Untracked 
|  21|0x0000000082d00000, 0x0000000082e00000, 0x0000000082e00000|100%| O|  |TAMS 0x0000000082d00000, 0x0000000082d00000| Untracked 
|  22|0x0000000082e00000, 0x0000000082f00000, 0x0000000082f00000|100%| O|  |TAMS 0x0000000082e00000, 0x0000000082e00000| Untracked 
|  23|0x0000000082f00000, 0x0000000083000000, 0x0000000083000000|100%|HS|  |TAMS 0x0000000082f00000, 0x0000000082f00000| Complete 
|  24|0x0000000083000000, 0x0000000083100000, 0x0000000083100000|100%|HC|  |TAMS 0x0000000083000000, 0x0000000083000000| Complete 
|  25|0x0000000083100000, 0x0000000083200000, 0x0000000083200000|100%| O|  |TAMS 0x0000000083100000, 0x0000000083100000| Untracked 
|  26|0x0000000083200000, 0x0000000083300000, 0x0000000083300000|100%| O|  |TAMS 0x0000000083200000, 0x0000000083200000| Untracked 
|  27|0x0000000083300000, 0x0000000083400000, 0x0000000083400000|100%| O|  |TAMS 0x0000000083300000, 0x0000000083300000| Untracked 
|  28|0x0000000083400000, 0x0000000083500000, 0x0000000083500000|100%| O|  |TAMS 0x0000000083400000, 0x0000000083400000| Untracked 
|  29|0x0000000083500000, 0x0000000083600000, 0x0000000083600000|100%| O|  |TAMS 0x0000000083500000, 0x0000000083500000| Untracked 
|  30|0x0000000083600000, 0x0000000083700000, 0x0000000083700000|100%| O|  |TAMS 0x0000000083600000, 0x0000000083600000| Untracked 
|  31|0x0000000083700000, 0x00000000837d6a00, 0x0000000083800000| 83%| O|  |TAMS 0x0000000083700000, 0x0000000083700000| Untracked 
|  32|0x0000000083800000, 0x0000000083800000, 0x0000000083900000|  0%| F|  |TAMS 0x0000000083800000, 0x0000000083800000| Untracked 
|  33|0x0000000083900000, 0x0000000083900000, 0x0000000083a00000|  0%| F|  |TAMS 0x0000000083900000, 0x0000000083900000| Untracked 
|  34|0x0000000083a00000, 0x0000000083a00000, 0x0000000083b00000|  0%| F|  |TAMS 0x0000000083a00000, 0x0000000083a00000| Untracked 
|  35|0x0000000083b00000, 0x0000000083b00000, 0x0000000083c00000|  0%| F|  |TAMS 0x0000000083b00000, 0x0000000083b00000| Untracked 
|  36|0x0000000083c00000, 0x0000000083d00000, 0x0000000083d00000|100%| O|  |TAMS 0x0000000083d00000, 0x0000000083c00000| Untracked 
|  37|0x0000000083d00000, 0x0000000083e00000, 0x0000000083e00000|100%| O|  |TAMS 0x0000000083e00000, 0x0000000083d00000| Untracked 
|  38|0x0000000083e00000, 0x0000000083f00000, 0x0000000083f00000|100%| O|  |TAMS 0x0000000083f00000, 0x0000000083e00000| Untracked 
|  39|0x0000000083f00000, 0x0000000084000000, 0x0000000084000000|100%| O|  |TAMS 0x0000000084000000, 0x0000000083f00000| Untracked 
|  40|0x0000000084000000, 0x0000000084100000, 0x0000000084100000|100%| O|  |TAMS 0x0000000084100000, 0x0000000084000000| Untracked 
|  41|0x0000000084100000, 0x0000000084200000, 0x0000000084200000|100%| O|  |TAMS 0x0000000084200000, 0x0000000084100000| Untracked 
|  42|0x0000000084200000, 0x00000000842f9000, 0x0000000084300000| 97%| O|  |TAMS 0x00000000842f9000, 0x0000000084200000| Untracked 
|  43|0x0000000084300000, 0x0000000084300000, 0x0000000084400000|  0%| F|  |TAMS 0x0000000084300000, 0x0000000084300000| Untracked 
|  44|0x0000000084400000, 0x0000000084400000, 0x0000000084500000|  0%| F|  |TAMS 0x0000000084400000, 0x0000000084400000| Untracked 
|  45|0x0000000084500000, 0x0000000084500000, 0x0000000084600000|  0%| F|  |TAMS 0x0000000084500000, 0x0000000084500000| Untracked 
|  46|0x0000000084600000, 0x0000000084600000, 0x0000000084700000|  0%| F|  |TAMS 0x0000000084600000, 0x0000000084600000| Untracked 
|  47|0x0000000084700000, 0x0000000084700000, 0x0000000084800000|  0%| F|  |TAMS 0x0000000084700000, 0x0000000084700000| Untracked 
|  48|0x0000000084800000, 0x0000000084800000, 0x0000000084900000|  0%| F|  |TAMS 0x0000000084800000, 0x0000000084800000| Untracked 
|  49|0x0000000084900000, 0x0000000084900000, 0x0000000084a00000|  0%| F|  |TAMS 0x0000000084900000, 0x0000000084900000| Untracked 
|  50|0x0000000084a00000, 0x0000000084a00000, 0x0000000084b00000|  0%| F|  |TAMS 0x0000000084a00000, 0x0000000084a00000| Untracked 
|  51|0x0000000084b00000, 0x0000000084b00000, 0x0000000084c00000|  0%| F|  |TAMS 0x0000000084b00000, 0x0000000084b00000| Untracked 
|  52|0x0000000084c00000, 0x0000000084c00000, 0x0000000084d00000|  0%| F|  |TAMS 0x0000000084c00000, 0x0000000084c00000| Untracked 
|  53|0x0000000084d00000, 0x0000000084d00000, 0x0000000084e00000|  0%| F|  |TAMS 0x0000000084d00000, 0x0000000084d00000| Untracked 
|  54|0x0000000084e00000, 0x0000000084e00000, 0x0000000084f00000|  0%| F|  |TAMS 0x0000000084e00000, 0x0000000084e00000| Untracked 
|  55|0x0000000084f00000, 0x0000000085000000, 0x0000000085000000|100%| S|CS|TAMS 0x0000000084f00000, 0x0000000084f00000| Complete 
|  56|0x0000000085000000, 0x0000000085100000, 0x0000000085100000|100%| S|CS|TAMS 0x0000000085000000, 0x0000000085000000| Complete 
|  57|0x0000000085100000, 0x0000000085200000, 0x0000000085200000|100%| S|CS|TAMS 0x0000000085100000, 0x0000000085100000| Complete 
|  58|0x0000000085200000, 0x0000000085300000, 0x0000000085300000|100%| S|CS|TAMS 0x0000000085200000, 0x0000000085200000| Complete 
|  59|0x0000000085300000, 0x0000000085400000, 0x0000000085400000|100%| S|CS|TAMS 0x0000000085300000, 0x0000000085300000| Complete 
|  60|0x0000000085400000, 0x0000000085400000, 0x0000000085500000|  0%| F|  |TAMS 0x0000000085400000, 0x0000000085400000| Untracked 
|  61|0x0000000085500000, 0x0000000085500000, 0x0000000085600000|  0%| F|  |TAMS 0x0000000085500000, 0x0000000085500000| Untracked 
|  62|0x0000000085600000, 0x0000000085600000, 0x0000000085700000|  0%| F|  |TAMS 0x0000000085600000, 0x0000000085600000| Untracked 
|  63|0x0000000085700000, 0x0000000085700000, 0x0000000085800000|  0%| F|  |TAMS 0x0000000085700000, 0x0000000085700000| Untracked 
|  64|0x0000000085800000, 0x0000000085800000, 0x0000000085900000|  0%| F|  |TAMS 0x0000000085800000, 0x0000000085800000| Untracked 
|  65|0x0000000085900000, 0x0000000085900000, 0x0000000085a00000|  0%| F|  |TAMS 0x0000000085900000, 0x0000000085900000| Untracked 
|  66|0x0000000085a00000, 0x0000000085a00000, 0x0000000085b00000|  0%| F|  |TAMS 0x0000000085a00000, 0x0000000085a00000| Untracked 
|  67|0x0000000085b00000, 0x0000000085b00000, 0x0000000085c00000|  0%| F|  |TAMS 0x0000000085b00000, 0x0000000085b00000| Untracked 
|  68|0x0000000085c00000, 0x0000000085c00000, 0x0000000085d00000|  0%| F|  |TAMS 0x0000000085c00000, 0x0000000085c00000| Untracked 
|  69|0x0000000085d00000, 0x0000000085d00000, 0x0000000085e00000|  0%| F|  |TAMS 0x0000000085d00000, 0x0000000085d00000| Untracked 
|  70|0x0000000085e00000, 0x0000000085e00000, 0x0000000085f00000|  0%| F|  |TAMS 0x0000000085e00000, 0x0000000085e00000| Untracked 
|  71|0x0000000085f00000, 0x0000000085f00000, 0x0000000086000000|  0%| F|  |TAMS 0x0000000085f00000, 0x0000000085f00000| Untracked 
|  72|0x0000000086000000, 0x0000000086000000, 0x0000000086100000|  0%| F|  |TAMS 0x0000000086000000, 0x0000000086000000| Untracked 
|  73|0x0000000086100000, 0x0000000086100000, 0x0000000086200000|  0%| F|  |TAMS 0x0000000086100000, 0x0000000086100000| Untracked 
|  74|0x0000000086200000, 0x0000000086200000, 0x0000000086300000|  0%| F|  |TAMS 0x0000000086200000, 0x0000000086200000| Untracked 
|  75|0x0000000086300000, 0x0000000086300000, 0x0000000086400000|  0%| F|  |TAMS 0x0000000086300000, 0x0000000086300000| Untracked 
|  76|0x0000000086400000, 0x0000000086400000, 0x0000000086500000|  0%| F|  |TAMS 0x0000000086400000, 0x0000000086400000| Untracked 
|  77|0x0000000086500000, 0x0000000086500000, 0x0000000086600000|  0%| F|  |TAMS 0x0000000086500000, 0x0000000086500000| Untracked 
|  78|0x0000000086600000, 0x0000000086600000, 0x0000000086700000|  0%| F|  |TAMS 0x0000000086600000, 0x0000000086600000| Untracked 
|  79|0x0000000086700000, 0x0000000086700000, 0x0000000086800000|  0%| F|  |TAMS 0x0000000086700000, 0x0000000086700000| Untracked 
|  80|0x0000000086800000, 0x0000000086800000, 0x0000000086900000|  0%| F|  |TAMS 0x0000000086800000, 0x0000000086800000| Untracked 
|  81|0x0000000086900000, 0x0000000086900000, 0x0000000086a00000|  0%| F|  |TAMS 0x0000000086900000, 0x0000000086900000| Untracked 
|  82|0x0000000086a00000, 0x0000000086a00000, 0x0000000086b00000|  0%| F|  |TAMS 0x0000000086a00000, 0x0000000086a00000| Untracked 
| 117|0x0000000088d00000, 0x0000000088d00000, 0x0000000088e00000|  0%| F|  |TAMS 0x0000000088d00000, 0x0000000088d00000| Untracked 
| 118|0x0000000088e00000, 0x0000000088e00000, 0x0000000088f00000|  0%| F|  |TAMS 0x0000000088e00000, 0x0000000088e00000| Untracked 
| 119|0x0000000088f00000, 0x0000000088f00000, 0x0000000089000000|  0%| F|  |TAMS 0x0000000088f00000, 0x0000000088f00000| Untracked 
| 120|0x0000000089000000, 0x0000000089000000, 0x0000000089100000|  0%| F|  |TAMS 0x0000000089000000, 0x0000000089000000| Untracked 
| 121|0x0000000089100000, 0x0000000089100000, 0x0000000089200000|  0%| F|  |TAMS 0x0000000089100000, 0x0000000089100000| Untracked 
| 122|0x0000000089200000, 0x0000000089200000, 0x0000000089300000|  0%| F|  |TAMS 0x0000000089200000, 0x0000000089200000| Untracked 
| 123|0x0000000089300000, 0x0000000089300000, 0x0000000089400000|  0%| F|  |TAMS 0x0000000089300000, 0x0000000089300000| Untracked 
| 127|0x0000000089700000, 0x0000000089700000, 0x0000000089800000|  0%| F|  |TAMS 0x0000000089700000, 0x0000000089700000| Untracked 
|2014|0x00000000ff600000, 0x00000000ff700000, 0x00000000ff700000|100%| O|  |TAMS 0x00000000ff600000, 0x00000000ff600000| Untracked 
|2015|0x00000000ff700000, 0x00000000ff800000, 0x00000000ff800000|100%| O|  |TAMS 0x00000000ff700000, 0x00000000ff700000| Untracked 
|2016|0x00000000ff800000, 0x00000000ff900000, 0x00000000ff900000|100%| O|  |TAMS 0x00000000ff800000, 0x00000000ff800000| Untracked 
|2017|0x00000000ff900000, 0x00000000ffa00000, 0x00000000ffa00000|100%| O|  |TAMS 0x00000000ff900000, 0x00000000ff900000| Untracked 
|2018|0x00000000ffa00000, 0x00000000ffb00000, 0x00000000ffb00000|100%| O|  |TAMS 0x00000000ffa00000, 0x00000000ffa00000| Untracked 
|2019|0x00000000ffb00000, 0x00000000ffc00000, 0x00000000ffc00000|100%| O|  |TAMS 0x00000000ffb00000, 0x00000000ffb00000| Untracked 
|2020|0x00000000ffc00000, 0x00000000ffd00000, 0x00000000ffd00000|100%| O|  |TAMS 0x00000000ffc00000, 0x00000000ffc00000| Untracked 
|2021|0x00000000ffd00000, 0x00000000ffe00000, 0x00000000ffe00000|100%| O|  |TAMS 0x00000000ffd00000, 0x00000000ffd00000| Untracked 
|2022|0x00000000ffe00000, 0x00000000fff00000, 0x00000000fff00000|100%| O|  |TAMS 0x00000000ffe00000, 0x00000000ffe00000| Untracked 
|2023|0x00000000fff00000, 0x0000000100000000, 0x0000000100000000|100%| O|  |TAMS 0x00000000fff00000, 0x00000000fff00000| Untracked 

Card table byte_map: [0x000002b4bc280000,0x000002b4bc680000] _byte_map_base: 0x000002b4bbe74000

Marking Bits (Prev, Next): (CMBitMap*) 0x000002b4a55a0c10, (CMBitMap*) 0x000002b4a55a0bd0
 Prev Bits: [0x000002b4bea20000, 0x000002b4c09c0000)
 Next Bits: [0x000002b4bca80000, 0x000002b4bea20000)

Polling page: 0x000002b4a3490000

Metaspace:

Usage:
  Non-class:     26.41 MB used.
      Class:      3.15 MB used.
       Both:     29.56 MB used.

Virtual space:
  Non-class space:       64.00 MB reserved,      26.69 MB ( 42%) committed,  1 nodes.
      Class space:        1.00 GB reserved,       3.38 MB ( <1%) committed,  1 nodes.
             Both:        1.06 GB reserved,      30.06 MB (  3%) committed. 

Chunk freelists:
   Non-Class:  1.33 MB
       Class:  464.00 KB
        Both:  1.78 MB

MaxMetaspaceSize: unlimited
CompressedClassSpaceSize: 1.00 GB
Initial GC threshold: 21.00 MB
Current GC threshold: 35.25 MB
CDS: on
MetaspaceReclaimPolicy: balanced
 - commit_granule_bytes: 65536.
 - commit_granule_words: 8192.
 - virtual_space_node_default_size: 8388608.
 - enlarge_chunks_in_place: 1.
 - new_chunks_are_fully_committed: 0.
 - uncommit_free_chunks: 1.
 - use_allocation_guard: 0.


Internal statistics:

num_allocs_failed_limit: 3.
num_arena_births: 570.
num_arena_deaths: 0.
num_vsnodes_births: 2.
num_vsnodes_deaths: 0.
num_space_committed: 481.
num_space_uncommitted: 0.
num_chunks_returned_to_freelist: 3.
num_chunks_taken_from_freelist: 1688.
num_chunk_merges: 3.
num_chunk_splits: 1192.
num_chunks_enlarged: 872.
num_inconsistent_stats: 0.

CodeHeap 'non-profiled nmethods': size=120000Kb used=4000Kb max_used=4000Kb free=115999Kb
 bounds [0x000002b4b4950000, 0x000002b4b4d40000, 0x000002b4bbe80000]
CodeHeap 'profiled nmethods': size=120000Kb used=16766Kb max_used=16766Kb free=103233Kb
 bounds [0x000002b4ad420000, 0x000002b4ae480000, 0x000002b4b4950000]
CodeHeap 'non-nmethods': size=5760Kb used=1230Kb max_used=1320Kb free=4529Kb
 bounds [0x000002b4ace80000, 0x000002b4ad0f0000, 0x000002b4ad420000]
 total_blobs=7946 nmethods=7421 adapters=437
 compilation: enabled
              stopped_count=0, restarted_count=0
 full_count=0

Compilation events (20 events):
Event: 7.560 Thread 0x000002b4c2e88d10 nmethod 8321 0x000002b4ae479b90 code [0x000002b4ae479e80, 0x000002b4ae47b128]
Event: 7.560 Thread 0x000002b4c2e7ac70 nmethod 8322 0x000002b4b4d36410 code [0x000002b4b4d365a0, 0x000002b4b4d36bb8]
Event: 7.560 Thread 0x000002b4c2e7ac70 8323       4       java.lang.String::valueOf (15 bytes)
Event: 7.561 Thread 0x000002b4c2e7ac70 nmethod 8323 0x000002b4b4d36f10 code [0x000002b4b4d37080, 0x000002b4b4d37118]
Event: 7.563 Thread 0x000002b4c815c390 nmethod 8318 0x000002b4b4d37210 code [0x000002b4b4d373e0, 0x000002b4b4d37c98]
Event: 7.569 Thread 0x000002b4c2e88d10 8324       3       sun.reflect.generics.parser.SignatureParser::parseTypeArguments (109 bytes)
Event: 7.569 Thread 0x000002b4c815c390 8326       4       java.lang.StringLatin1::compareToCI (108 bytes)
Event: 7.569 Thread 0x000002b4c2e88d10 nmethod 8324 0x000002b4ae47b890 code [0x000002b4ae47bb40, 0x000002b4ae47cac8]
Event: 7.569 Thread 0x000002b4c2e88d10 8325       3       java.lang.Class::isEnum (27 bytes)
Event: 7.569 Thread 0x000002b4c2e88d10 nmethod 8325 0x000002b4ae47cf90 code [0x000002b4ae47d140, 0x000002b4ae47d348]
Event: 7.569 Thread 0x000002b4c2e88d10 8327       3       java.lang.Class::getTypeParameters (19 bytes)
Event: 7.570 Thread 0x000002b4c2e88d10 nmethod 8327 0x000002b4ae47d410 code [0x000002b4ae47d600, 0x000002b4ae47dbe8]
Event: 7.570 Thread 0x000002b4c2e88d10 8328       3       java.lang.Class::getMethod0 (31 bytes)
Event: 7.570 Thread 0x000002b4c2e88d10 nmethod 8328 0x000002b4ae47dd90 code [0x000002b4ae47df40, 0x000002b4ae47e178]
Event: 7.570 Thread 0x000002b4c2e88d10 8329       3       sun.reflect.generics.reflectiveObjects.ParameterizedTypeImpl::<init> (35 bytes)
Event: 7.570 Thread 0x000002b4c2e88d10 nmethod 8329 0x000002b4ae47e290 code [0x000002b4ae47e460, 0x000002b4ae47e798]
Event: 7.571 Thread 0x000002b4c2e88d10 8330       3       sun.reflect.generics.visitor.Reifier::reifyTypeArguments (38 bytes)
Event: 7.571 Thread 0x000002b4c2e88d10 nmethod 8330 0x000002b4ae47e910 code [0x000002b4ae47eae0, 0x000002b4ae47efe8]
Event: 7.571 Thread 0x000002b4c2e88d10 8331       3       sun.reflect.generics.reflectiveObjects.ParameterizedTypeImpl::make (11 bytes)
Event: 7.571 Thread 0x000002b4c2e88d10 nmethod 8331 0x000002b4ae47f190 code [0x000002b4ae47f360, 0x000002b4ae47f758]

GC Heap History (20 events):
Event: 0.767 GC heap after
{Heap after GC invocations=2 (full 0):
 garbage-first heap   total 131072K, used 4279K [0x0000000081800000, 0x0000000100000000)
  region size 1024K, 1 young (1024K), 1 survivors (1024K)
 Metaspace       used 5757K, committed 5888K, reserved 1114112K
  class space    used 656K, committed 704K, reserved 1048576K
}
Event: 2.236 GC heap before
{Heap before GC invocations=2 (full 0):
 garbage-first heap   total 131072K, used 80055K [0x0000000081800000, 0x0000000100000000)
  region size 1024K, 76 young (77824K), 1 survivors (1024K)
 Metaspace       used 13659K, committed 13952K, reserved 1114112K
  class space    used 1512K, committed 1664K, reserved 1048576K
}
Event: 2.247 GC heap after
{Heap after GC invocations=3 (full 0):
 garbage-first heap   total 131072K, used 11948K [0x0000000081800000, 0x0000000100000000)
  region size 1024K, 9 young (9216K), 9 survivors (9216K)
 Metaspace       used 13659K, committed 13952K, reserved 1114112K
  class space    used 1512K, committed 1664K, reserved 1048576K
}
Event: 3.221 GC heap before
{Heap before GC invocations=3 (full 0):
 garbage-first heap   total 131072K, used 112300K [0x0000000081800000, 0x0000000100000000)
  region size 1024K, 75 young (76800K), 9 survivors (9216K)
 Metaspace       used 17493K, committed 17792K, reserved 1114112K
  class space    used 1866K, committed 2048K, reserved 1048576K
}
Event: 3.233 GC heap after
{Heap after GC invocations=4 (full 0):
 garbage-first heap   total 131072K, used 16356K [0x0000000081800000, 0x0000000100000000)
  region size 1024K, 5 young (5120K), 5 survivors (5120K)
 Metaspace       used 17493K, committed 17792K, reserved 1114112K
  class space    used 1866K, committed 2048K, reserved 1048576K
}
Event: 3.397 GC heap before
{Heap before GC invocations=4 (full 0):
 garbage-first heap   total 131072K, used 19428K [0x0000000081800000, 0x0000000100000000)
  region size 1024K, 9 young (9216K), 5 survivors (5120K)
 Metaspace       used 21136K, committed 21504K, reserved 1114112K
  class space    used 2302K, committed 2496K, reserved 1048576K
}
Event: 3.402 GC heap after
{Heap after GC invocations=5 (full 0):
 garbage-first heap   total 131072K, used 17731K [0x0000000081800000, 0x0000000100000000)
  region size 1024K, 7 young (7168K), 7 survivors (7168K)
 Metaspace       used 21136K, committed 21504K, reserved 1114112K
  class space    used 2302K, committed 2496K, reserved 1048576K
}
Event: 4.719 GC heap before
{Heap before GC invocations=6 (full 0):
 garbage-first heap   total 65536K, used 63811K [0x0000000081800000, 0x0000000100000000)
  region size 1024K, 53 young (54272K), 7 survivors (7168K)
 Metaspace       used 24160K, committed 24576K, reserved 1114112K
  class space    used 2603K, committed 2816K, reserved 1048576K
}
Event: 4.738 GC heap after
{Heap after GC invocations=7 (full 0):
 garbage-first heap   total 86016K, used 31127K [0x0000000081800000, 0x0000000100000000)
  region size 1024K, 10 young (10240K), 10 survivors (10240K)
 Metaspace       used 24160K, committed 24576K, reserved 1114112K
  class space    used 2603K, committed 2816K, reserved 1048576K
}
Event: 5.176 GC heap before
{Heap before GC invocations=7 (full 0):
 garbage-first heap   total 86016K, used 61847K [0x0000000081800000, 0x0000000100000000)
  region size 1024K, 40 young (40960K), 10 survivors (10240K)
 Metaspace       used 25515K, committed 25920K, reserved 1114112K
  class space    used 2714K, committed 2944K, reserved 1048576K
}
Event: 5.188 GC heap after
{Heap after GC invocations=8 (full 0):
 garbage-first heap   total 86016K, used 36836K [0x0000000081800000, 0x0000000100000000)
  region size 1024K, 5 young (5120K), 5 survivors (5120K)
 Metaspace       used 25515K, committed 25920K, reserved 1114112K
  class space    used 2714K, committed 2944K, reserved 1048576K
}
Event: 5.427 GC heap before
{Heap before GC invocations=8 (full 0):
 garbage-first heap   total 86016K, used 62436K [0x0000000081800000, 0x0000000100000000)
  region size 1024K, 31 young (31744K), 5 survivors (5120K)
 Metaspace       used 26672K, committed 27136K, reserved 1114112K
  class space    used 2833K, committed 3072K, reserved 1048576K
}
Event: 5.433 GC heap after
{Heap after GC invocations=9 (full 0):
 garbage-first heap   total 103424K, used 37822K [0x0000000081800000, 0x0000000100000000)
  region size 1024K, 1 young (1024K), 1 survivors (1024K)
 Metaspace       used 26672K, committed 27136K, reserved 1114112K
  class space    used 2833K, committed 3072K, reserved 1048576K
}
Event: 5.811 GC heap before
{Heap before GC invocations=9 (full 0):
 garbage-first heap   total 103424K, used 77758K [0x0000000081800000, 0x0000000100000000)
  region size 1024K, 40 young (40960K), 1 survivors (1024K)
 Metaspace       used 27315K, committed 27840K, reserved 1114112K
  class space    used 2911K, committed 3136K, reserved 1048576K
}
Event: 5.816 GC heap after
{Heap after GC invocations=10 (full 0):
 garbage-first heap   total 103424K, used 39190K [0x0000000081800000, 0x0000000100000000)
  region size 1024K, 3 young (3072K), 3 survivors (3072K)
 Metaspace       used 27315K, committed 27840K, reserved 1114112K
  class space    used 2911K, committed 3136K, reserved 1048576K
}
Event: 6.217 GC heap before
{Heap before GC invocations=10 (full 0):
 garbage-first heap   total 103424K, used 79126K [0x0000000081800000, 0x0000000100000000)
  region size 1024K, 42 young (43008K), 3 survivors (3072K)
 Metaspace       used 27559K, committed 28096K, reserved 1114112K
  class space    used 2916K, committed 3200K, reserved 1048576K
}
Event: 6.222 GC heap after
{Heap after GC invocations=11 (full 0):
 garbage-first heap   total 103424K, used 39286K [0x0000000081800000, 0x0000000100000000)
  region size 1024K, 3 young (3072K), 3 survivors (3072K)
 Metaspace       used 27559K, committed 28096K, reserved 1114112K
  class space    used 2916K, committed 3200K, reserved 1048576K
}
Event: 7.312 GC heap before
{Heap before GC invocations=11 (full 0):
 garbage-first heap   total 103424K, used 80246K [0x0000000081800000, 0x0000000100000000)
  region size 1024K, 43 young (44032K), 3 survivors (3072K)
 Metaspace       used 29667K, committed 30208K, reserved 1114112K
  class space    used 3144K, committed 3392K, reserved 1048576K
}
Event: 7.325 GC heap after
{Heap after GC invocations=12 (full 0):
 garbage-first heap   total 103424K, used 46167K [0x0000000081800000, 0x0000000100000000)
  region size 1024K, 6 young (6144K), 6 survivors (6144K)
 Metaspace       used 29667K, committed 30208K, reserved 1114112K
  class space    used 3144K, committed 3392K, reserved 1048576K
}
Event: 7.572 GC heap before
{Heap before GC invocations=12 (full 0):
 garbage-first heap   total 103424K, used 78935K [0x0000000081800000, 0x0000000100000000)
  region size 1024K, 37 young (37888K), 6 survivors (6144K)
 Metaspace       used 30266K, committed 30784K, reserved 1114112K
  class space    used 3221K, committed 3456K, reserved 1048576K
}

Deoptimization events (20 events):
Event: 7.406 Thread 0x000002b4a553f8b0 DEOPT PACKING pc=0x000002b4b4d16c30 sp=0x000000e1126fcaf0
Event: 7.406 Thread 0x000002b4a553f8b0 DEOPT UNPACKING pc=0x000002b4aced23a3 sp=0x000000e1126fcaa0 mode 2
Event: 7.408 Thread 0x000002b4a553f8b0 Uncommon trap: trap_request=0xffffffd6 fr.pc=0x000002b4b4d24e50 relative=0x00000000000003b0
Event: 7.408 Thread 0x000002b4a553f8b0 Uncommon trap: reason=array_check action=maybe_recompile pc=0x000002b4b4d24e50 method=java.util.LinkedHashMap.valuesToArray([Ljava/lang/Object;)[Ljava/lang/Object; @ 25 c2
Event: 7.408 Thread 0x000002b4a553f8b0 DEOPT PACKING pc=0x000002b4b4d24e50 sp=0x000000e1126fcae0
Event: 7.408 Thread 0x000002b4a553f8b0 DEOPT UNPACKING pc=0x000002b4aced23a3 sp=0x000000e1126fca88 mode 2
Event: 7.410 Thread 0x000002b4a553f8b0 Uncommon trap: trap_request=0xffffffd6 fr.pc=0x000002b4b4d24e50 relative=0x00000000000003b0
Event: 7.410 Thread 0x000002b4a553f8b0 Uncommon trap: reason=array_check action=maybe_recompile pc=0x000002b4b4d24e50 method=java.util.LinkedHashMap.valuesToArray([Ljava/lang/Object;)[Ljava/lang/Object; @ 25 c2
Event: 7.410 Thread 0x000002b4a553f8b0 DEOPT PACKING pc=0x000002b4b4d24e50 sp=0x000000e1126fcae0
Event: 7.410 Thread 0x000002b4a553f8b0 DEOPT UNPACKING pc=0x000002b4aced23a3 sp=0x000000e1126fca88 mode 2
Event: 7.411 Thread 0x000002b4a553f8b0 Uncommon trap: trap_request=0xffffffd6 fr.pc=0x000002b4b4d24e50 relative=0x00000000000003b0
Event: 7.411 Thread 0x000002b4a553f8b0 Uncommon trap: reason=array_check action=maybe_recompile pc=0x000002b4b4d24e50 method=java.util.LinkedHashMap.valuesToArray([Ljava/lang/Object;)[Ljava/lang/Object; @ 25 c2
Event: 7.411 Thread 0x000002b4a553f8b0 DEOPT PACKING pc=0x000002b4b4d24e50 sp=0x000000e1126fcae0
Event: 7.411 Thread 0x000002b4a553f8b0 DEOPT UNPACKING pc=0x000002b4aced23a3 sp=0x000000e1126fca88 mode 2
Event: 7.453 Thread 0x000002b4a553f8b0 DEOPT PACKING pc=0x000002b4ae0de11c sp=0x000000e1126fcdc0
Event: 7.453 Thread 0x000002b4a553f8b0 DEOPT UNPACKING pc=0x000002b4aced2b43 sp=0x000000e1126fc288 mode 0
Event: 7.522 Thread 0x000002b4a553f8b0 Uncommon trap: trap_request=0xffffff45 fr.pc=0x000002b4b49e8a50 relative=0x00000000000003b0
Event: 7.522 Thread 0x000002b4a553f8b0 Uncommon trap: reason=unstable_if action=reinterpret pc=0x000002b4b49e8a50 method=java.lang.Class.searchMethods([Ljava/lang/reflect/Method;Ljava/lang/String;[Ljava/lang/Class;)Ljava/lang/reflect/Method; @ 59 c2
Event: 7.522 Thread 0x000002b4a553f8b0 DEOPT PACKING pc=0x000002b4b49e8a50 sp=0x000000e1126fc8c0
Event: 7.522 Thread 0x000002b4a553f8b0 DEOPT UNPACKING pc=0x000002b4aced23a3 sp=0x000000e1126fc848 mode 2

Classes loaded (20 events):
Event: 6.352 Loading class java/util/EnumMap$EntrySet
Event: 6.353 Loading class java/util/EnumMap$EntrySet done
Event: 6.353 Loading class java/util/EnumMap$EntryIterator
Event: 6.353 Loading class java/util/EnumMap$EnumMapIterator
Event: 6.353 Loading class java/util/EnumMap$EnumMapIterator done
Event: 6.353 Loading class java/util/EnumMap$EntryIterator done
Event: 6.353 Loading class java/util/EnumMap$EntryIterator$Entry
Event: 6.353 Loading class java/util/EnumMap$EntryIterator$Entry done
Event: 6.450 Loading class java/util/stream/ReduceOps$2
Event: 6.450 Loading class java/util/stream/ReduceOps$2 done
Event: 6.450 Loading class java/util/stream/ReduceOps$2ReducingSink
Event: 6.450 Loading class java/util/stream/ReduceOps$2ReducingSink done
Event: 7.002 Loading class java/util/EnumMap$Values
Event: 7.012 Loading class java/util/EnumMap$Values done
Event: 7.012 Loading class java/util/EnumMap$ValueIterator
Event: 7.012 Loading class java/util/EnumMap$ValueIterator done
Event: 7.013 Loading class java/util/WeakHashMap$KeyIterator
Event: 7.013 Loading class java/util/WeakHashMap$KeyIterator done
Event: 7.470 Loading class jdk/internal/module/IllegalAccessLogger
Event: 7.470 Loading class jdk/internal/module/IllegalAccessLogger done

Classes unloaded (0 events):
No events

Classes redefined (0 events):
No events

Internal exceptions (20 events):
Event: 7.454 Thread 0x000002b4a553f8b0 Exception <a 'sun/nio/fs/WindowsException'{0x000000008606fc50}> (0x000000008606fc50) 
thrown [s\open\src\hotspot\share\prims\jni.cpp, line 516]
Event: 7.454 Thread 0x000002b4a553f8b0 Exception <a 'sun/nio/fs/WindowsException'{0x000000008606feb0}> (0x000000008606feb0) 
thrown [s\open\src\hotspot\share\prims\jni.cpp, line 516]
Event: 7.454 Thread 0x000002b4a553f8b0 Exception <a 'sun/nio/fs/WindowsException'{0x0000000086070cd0}> (0x0000000086070cd0) 
thrown [s\open\src\hotspot\share\prims\jni.cpp, line 516]
Event: 7.454 Thread 0x000002b4a553f8b0 Exception <a 'sun/nio/fs/WindowsException'{0x0000000086070f10}> (0x0000000086070f10) 
thrown [s\open\src\hotspot\share\prims\jni.cpp, line 516]
Event: 7.454 Thread 0x000002b4a553f8b0 Exception <a 'sun/nio/fs/WindowsException'{0x0000000086071d08}> (0x0000000086071d08) 
thrown [s\open\src\hotspot\share\prims\jni.cpp, line 516]
Event: 7.454 Thread 0x000002b4a553f8b0 Exception <a 'sun/nio/fs/WindowsException'{0x0000000086071eb0}> (0x0000000086071eb0) 
thrown [s\open\src\hotspot\share\prims\jni.cpp, line 516]
Event: 7.454 Thread 0x000002b4a553f8b0 Exception <a 'sun/nio/fs/WindowsException'{0x0000000086072e78}> (0x0000000086072e78) 
thrown [s\open\src\hotspot\share\prims\jni.cpp, line 516]
Event: 7.454 Thread 0x000002b4a553f8b0 Exception <a 'sun/nio/fs/WindowsException'{0x00000000860730b8}> (0x00000000860730b8) 
thrown [s\open\src\hotspot\share\prims\jni.cpp, line 516]
Event: 7.454 Thread 0x000002b4a553f8b0 Exception <a 'sun/nio/fs/WindowsException'{0x0000000086073f98}> (0x0000000086073f98) 
thrown [s\open\src\hotspot\share\prims\jni.cpp, line 516]
Event: 7.454 Thread 0x000002b4a553f8b0 Exception <a 'sun/nio/fs/WindowsException'{0x0000000086074298}> (0x0000000086074298) 
thrown [s\open\src\hotspot\share\prims\jni.cpp, line 516]
Event: 7.462 Thread 0x000002b4a553f8b0 Exception <a 'sun/nio/fs/WindowsException'{0x00000000860b97e0}> (0x00000000860b97e0) 
thrown [s\open\src\hotspot\share\prims\jni.cpp, line 516]
Event: 7.462 Thread 0x000002b4a553f8b0 Exception <a 'sun/nio/fs/WindowsException'{0x00000000860b9a80}> (0x00000000860b9a80) 
thrown [s\open\src\hotspot\share\prims\jni.cpp, line 516]
Event: 7.462 Thread 0x000002b4a553f8b0 Exception <a 'sun/nio/fs/WindowsException'{0x00000000860ba8e8}> (0x00000000860ba8e8) 
thrown [s\open\src\hotspot\share\prims\jni.cpp, line 516]
Event: 7.462 Thread 0x000002b4a553f8b0 Exception <a 'sun/nio/fs/WindowsException'{0x00000000860bab78}> (0x00000000860bab78) 
thrown [s\open\src\hotspot\share\prims\jni.cpp, line 516]
Event: 7.462 Thread 0x000002b4a553f8b0 Exception <a 'sun/nio/fs/WindowsException'{0x00000000860bba08}> (0x00000000860bba08) 
thrown [s\open\src\hotspot\share\prims\jni.cpp, line 516]
Event: 7.462 Thread 0x000002b4a553f8b0 Exception <a 'sun/nio/fs/WindowsException'{0x00000000860bbc48}> (0x00000000860bbc48) 
thrown [s\open\src\hotspot\share\prims\jni.cpp, line 516]
Event: 7.462 Thread 0x000002b4a553f8b0 Exception <a 'sun/nio/fs/WindowsException'{0x00000000860bcca0}> (0x00000000860bcca0) 
thrown [s\open\src\hotspot\share\prims\jni.cpp, line 516]
Event: 7.462 Thread 0x000002b4a553f8b0 Exception <a 'sun/nio/fs/WindowsException'{0x00000000860bcf28}> (0x00000000860bcf28) 
thrown [s\open\src\hotspot\share\prims\jni.cpp, line 516]
Event: 7.462 Thread 0x000002b4a553f8b0 Exception <a 'sun/nio/fs/WindowsException'{0x00000000860bde50}> (0x00000000860bde50) 
thrown [s\open\src\hotspot\share\prims\jni.cpp, line 516]
Event: 7.462 Thread 0x000002b4a553f8b0 Exception <a 'sun/nio/fs/WindowsException'{0x00000000860be1a0}> (0x00000000860be1a0) 
thrown [s\open\src\hotspot\share\prims\jni.cpp, line 516]

VM Operations (20 events):
Event: 6.488 Executing VM operation: HandshakeAllThreads done
Event: 6.510 Executing VM operation: HandshakeAllThreads
Event: 6.510 Executing VM operation: HandshakeAllThreads done
Event: 6.589 Executing VM operation: ICBufferFull
Event: 6.589 Executing VM operation: ICBufferFull done
Event: 6.685 Executing VM operation: ICBufferFull
Event: 6.685 Executing VM operation: ICBufferFull done
Event: 6.760 Executing VM operation: ICBufferFull
Event: 6.760 Executing VM operation: ICBufferFull done
Event: 6.878 Executing VM operation: ICBufferFull
Event: 6.878 Executing VM operation: ICBufferFull done
Event: 6.886 Executing VM operation: HandshakeAllThreads
Event: 6.887 Executing VM operation: HandshakeAllThreads done
Event: 6.894 Executing VM operation: ICBufferFull
Event: 6.894 Executing VM operation: ICBufferFull done
Event: 6.959 Executing VM operation: ICBufferFull
Event: 6.959 Executing VM operation: ICBufferFull done
Event: 7.312 Executing VM operation: G1CollectForAllocation
Event: 7.325 Executing VM operation: G1CollectForAllocation done
Event: 7.572 Executing VM operation: G1CollectForAllocation

Events (20 events):
Event: 5.063 Thread 0x000002b4c2eee970 flushing nmethod 0x000002b4adf95910
Event: 5.063 Thread 0x000002b4c2eee970 flushing nmethod 0x000002b4adf96810
Event: 5.063 Thread 0x000002b4c2eee970 flushing nmethod 0x000002b4adf9ef10
Event: 5.063 Thread 0x000002b4c2eee970 flushing nmethod 0x000002b4adfa2890
Event: 5.063 Thread 0x000002b4c2eee970 flushing nmethod 0x000002b4adfa2c10
Event: 5.063 Thread 0x000002b4c2eee970 flushing nmethod 0x000002b4adfad510
Event: 5.063 Thread 0x000002b4c2eee970 flushing nmethod 0x000002b4adfaed90
Event: 5.063 Thread 0x000002b4c2eee970 flushing nmethod 0x000002b4adfafb10
Event: 5.063 Thread 0x000002b4c2eee970 flushing nmethod 0x000002b4adfb0a90
Event: 5.063 Thread 0x000002b4c2eee970 flushing nmethod 0x000002b4adfb3210
Event: 5.063 Thread 0x000002b4c2eee970 flushing nmethod 0x000002b4ae00cd90
Event: 5.063 Thread 0x000002b4c2eee970 flushing nmethod 0x000002b4ae037410
Event: 5.063 Thread 0x000002b4c2eee970 flushing nmethod 0x000002b4ae07a310
Event: 6.895 Thread 0x000002b4c2eee970 flushing nmethod 0x000002b4ade85890
Event: 6.895 Thread 0x000002b4c2eee970 flushing nmethod 0x000002b4adf03590
Event: 6.895 Thread 0x000002b4c2eee970 flushing nmethod 0x000002b4adfd3890
Event: 6.895 Thread 0x000002b4c2eee970 flushing nmethod 0x000002b4ae035110
Event: 6.895 Thread 0x000002b4c2eee970 flushing nmethod 0x000002b4ae038a90
Event: 6.895 Thread 0x000002b4c2eee970 flushing nmethod 0x000002b4ae042510
Event: 6.896 Thread 0x000002b4c2eee970 flushing nmethod 0x000002b4ae0c1610


Dynamic libraries:
0x00007ff7728b0000 - 0x00007ff7728c0000 	D:\jdk\bin\java.exe
0x00007ffe11ad0000 - 0x00007ffe11cc8000 	C:\WINDOWS\SYSTEM32\ntdll.dll
0x00007ffe11410000 - 0x00007ffe114cd000 	C:\WINDOWS\System32\KERNEL32.DLL
0x00007ffe0f490000 - 0x00007ffe0f762000 	C:\WINDOWS\System32\KERNELBASE.dll
0x00007ffe0f900000 - 0x00007ffe0fa00000 	C:\WINDOWS\System32\ucrtbase.dll
0x00007ffdcc310000 - 0x00007ffdcc32a000 	D:\jdk\bin\VCRUNTIME140.dll
0x00007ffdc76d0000 - 0x00007ffdc76e8000 	D:\jdk\bin\jli.dll
0x00007ffe114d0000 - 0x00007ffe1157e000 	C:\WINDOWS\System32\ADVAPI32.dll
0x00007ffe10bf0000 - 0x00007ffe10c8e000 	C:\WINDOWS\System32\msvcrt.dll
0x00007ffe119c0000 - 0x00007ffe11a5c000 	C:\WINDOWS\System32\sechost.dll
0x00007ffe10cf0000 - 0x00007ffe10e15000 	C:\WINDOWS\System32\RPCRT4.dll
0x00007ffe10a50000 - 0x00007ffe10bed000 	C:\WINDOWS\System32\USER32.dll
0x00007ffe0fa00000 - 0x00007ffe0fa22000 	C:\WINDOWS\System32\win32u.dll
0x00007ffe0ffd0000 - 0x00007ffe0fffb000 	C:\WINDOWS\System32\GDI32.dll
0x00007ffe0f2d0000 - 0x00007ffe0f3df000 	C:\WINDOWS\System32\gdi32full.dll
0x00007ffe00c50000 - 0x00007ffe00eea000 	C:\WINDOWS\WinSxS\amd64_microsoft.windows.common-controls_6595b64144ccf1df_6.0.19041.1110_none_60b5254171f9507e\COMCTL32.dll
0x00007ffe0f1e0000 - 0x00007ffe0f27d000 	C:\WINDOWS\System32\msvcp_win.dll
0x00007ffe0df70000 - 0x00007ffe0df7a000 	C:\WINDOWS\SYSTEM32\VERSION.dll
0x00007ffe11a60000 - 0x00007ffe11a90000 	C:\WINDOWS\System32\IMM32.DLL
0x00007ffdfeba0000 - 0x00007ffdfebac000 	D:\jdk\bin\vcruntime140_1.dll
0x00007ffd732a0000 - 0x00007ffd7332d000 	D:\jdk\bin\msvcp140.dll
0x00007ffd70a40000 - 0x00007ffd71651000 	D:\jdk\bin\server\jvm.dll
0x00007ffe0fb30000 - 0x00007ffe0fb38000 	C:\WINDOWS\System32\PSAPI.DLL
0x00007ffdfaec0000 - 0x00007ffdfaec9000 	C:\WINDOWS\SYSTEM32\WSOCK32.dll
0x00007ffe005b0000 - 0x00007ffe005d7000 	C:\WINDOWS\SYSTEM32\WINMM.dll
0x00007ffe109e0000 - 0x00007ffe10a4b000 	C:\WINDOWS\System32\WS2_32.dll
0x00007ffe0df30000 - 0x00007ffe0df42000 	C:\WINDOWS\SYSTEM32\kernel.appcore.dll
0x00007ffdf47f0000 - 0x00007ffdf47fa000 	D:\jdk\bin\jimage.dll
0x00007ffe09b60000 - 0x00007ffe09d44000 	C:\WINDOWS\SYSTEM32\DBGHELP.DLL
0x00007ffe09b00000 - 0x00007ffe09b2c000 	C:\WINDOWS\SYSTEM32\dbgcore.DLL
0x00007ffe0fa30000 - 0x00007ffe0fab2000 	C:\WINDOWS\System32\bcryptPrimitives.dll
0x00007ffe07870000 - 0x00007ffe0787e000 	D:\jdk\bin\instrument.dll
0x00007ffdc7670000 - 0x00007ffdc7695000 	D:\jdk\bin\java.dll
0x00007ffd731c0000 - 0x00007ffd73296000 	D:\jdk\bin\jsvml.dll
0x00007ffe10250000 - 0x00007ffe10993000 	C:\WINDOWS\System32\SHELL32.dll
0x00007ffe0d0f0000 - 0x00007ffe0d881000 	C:\WINDOWS\SYSTEM32\windows.storage.dll
0x00007ffe0fb40000 - 0x00007ffe0fe94000 	C:\WINDOWS\System32\combase.dll
0x00007ffe0eb60000 - 0x00007ffe0eb90000 	C:\WINDOWS\SYSTEM32\Wldp.dll
0x00007ffe11690000 - 0x00007ffe1173d000 	C:\WINDOWS\System32\SHCORE.dll
0x00007ffe113b0000 - 0x00007ffe11405000 	C:\WINDOWS\System32\shlwapi.dll
0x00007ffe0f120000 - 0x00007ffe0f13f000 	C:\WINDOWS\SYSTEM32\profapi.dll
0x00007ffdb0140000 - 0x00007ffdb0158000 	D:\jdk\bin\zip.dll
0x00007ffdc76b0000 - 0x00007ffdc76c3000 	D:\jdk\bin\net.dll
0x00007ffe08110000 - 0x00007ffe0821d000 	C:\WINDOWS\SYSTEM32\WINHTTP.dll
0x00007ffe0e8c0000 - 0x00007ffe0e92a000 	C:\WINDOWS\system32\mswsock.dll
0x00007ffdb0160000 - 0x00007ffdb0176000 	D:\jdk\bin\nio.dll
0x00007ffdfea50000 - 0x00007ffdfea6a000 	D:\IntelliJ IDEA 2022.2\bin\breakgen64.dll
0x0000000069ac0000 - 0x0000000069ae4000 	C:\Users\admin\AppData\Local\Temp\jansi-2.4.0-57b7f3c898659b3f-jansi.dll
0x00007ffde5370000 - 0x00007ffde5380000 	D:\jdk\bin\verify.dll

dbghelp: loaded successfully - version: 4.0.5 - missing functions: none
symbol engine: initialized successfully - sym options: 0x614 - pdb path: .;D:\jdk\bin;C:\WINDOWS\SYSTEM32;C:\WINDOWS\WinSxS\amd64_microsoft.windows.common-controls_6595b64144ccf1df_6.0.19041.1110_none_60b5254171f9507e;D:\jdk\bin\server;D:\IntelliJ IDEA 2022.2\bin;C:\Users\admin\AppData\Local\Temp

VM Arguments:
jvm_args: -Dmaven.multiModuleProjectDirectory=E:\sgwProject\jingsai -Dmaven.home=D:\maven\apache-maven-3.8.6 -Dclassworlds.conf=D:\maven\apache-maven-3.8.6\bin\m2.conf -Dmaven.ext.class.path=D:\IntelliJ IDEA 2022.2\plugins\maven\lib\maven-event-listener.jar -javaagent:D:\IntelliJ IDEA 2022.2\lib\idea_rt.jar=56019:D:\IntelliJ IDEA 2022.2\bin -Dfile.encoding=UTF-8 
java_command: org.codehaus.classworlds.Launcher -Didea.version=2022.2 install
java_class_path (initial): D:\maven\apache-maven-3.8.6\boot\plexus-classworlds-2.6.0.jar;D:\maven\apache-maven-3.8.6\boot\plexus-classworlds.license
Launcher Type: SUN_STANDARD

[Global flags]
     intx CICompilerCount                          = 3                                         {product} {ergonomic}
     uint ConcGCThreads                            = 1                                         {product} {ergonomic}
     uint G1ConcRefinementThreads                  = 4                                         {product} {ergonomic}
   size_t G1HeapRegionSize                         = 1048576                                   {product} {ergonomic}
    uintx GCDrainStackTargetSize                   = 64                                        {product} {ergonomic}
   size_t InitialHeapSize                          = 134217728                                 {product} {ergonomic}
   size_t MarkStackSize                            = 4194304                                   {product} {ergonomic}
   size_t MaxHeapSize                              = 2122317824                                {product} {ergonomic}
   size_t MaxNewSize                               = 1272971264                                {product} {ergonomic}
   size_t MinHeapDeltaBytes                        = 1048576                                   {product} {ergonomic}
   size_t MinHeapSize                              = 8388608                                   {product} {ergonomic}
    uintx NonNMethodCodeHeapSize                   = 5832780                                {pd product} {ergonomic}
    uintx NonProfiledCodeHeapSize                  = 122912730                              {pd product} {ergonomic}
    uintx ProfiledCodeHeapSize                     = 122912730                              {pd product} {ergonomic}
    uintx ReservedCodeCacheSize                    = 251658240                              {pd product} {ergonomic}
     bool SegmentedCodeCache                       = true                                      {product} {ergonomic}
   size_t SoftMaxHeapSize                          = 2122317824                             {manageable} {ergonomic}
     bool UseCompressedClassPointers               = true                           {product lp64_product} {ergonomic}
     bool UseCompressedOops                        = true                           {product lp64_product} {ergonomic}
     bool UseG1GC                                  = true                                      {product} {ergonomic}
     bool UseLargePagesIndividualAllocation        = false                                  {pd product} {ergonomic}

Logging:
Log output configuration:
 #0: stdout all=warning uptime,level,tags foldmultilines=false
 #1: stderr all=off uptime,level,tags foldmultilines=false

Environment Variables:
PATH=C:\GeneralData\GBase\Server\bin;D:\oracle\bin;D:\oracle\WINDOWS.X64_193000_db_home\bin;C:\Program Files\Common Files\Oracle\Java\javapath;C:\Program Files (x86)\Intel\iCLS Client\;C:\Program Files\Intel\iCLS Client\;C:\WINDOWS\system32;C:\WINDOWS;C:\WINDOWS\System32\Wbem;C:\WINDOWS\System32\WindowsPowerShell\v1.0\;C:\Program Files (x86)\Intel\Intel(R) Management Engine Components\DAL;C:\Program Files\Intel\Intel(R) Management Engine Components\DAL;C:\Program Files (x86)\Intel\Intel(R) Management Engine Components\IPT;C:\Program Files\Intel\Intel(R) Management Engine Components\IPT;C:\WINDOWS\System32\OpenSSH\;C:\Program Files\dotnet\;C:\Program Files (x86)\NetSarang\Xshell 7\;C:\Program Files\Git\cmd;C:\Users\admin\AppData\Local\Microsoft\WindowsApps;D:\maven\apache-maven-3.8.6\bin;
USERNAME=admin
OS=Windows_NT
PROCESSOR_IDENTIFIER=Intel64 Family 6 Model 158 Stepping 9, GenuineIntel



---------------  S Y S T E M  ---------------

OS:
 Windows 10 , 64 bit Build 19041 (10.0.19041.1889)
OS uptime: 0 days 12:26 hours

CPU: total 4 (initial active 4) (4 cores per cpu, 1 threads per core) family 6 model 158 stepping 9 microcode 0xb4, cx8, cmov, fxsr, mmx, 3dnowpref, sse, sse2, sse3, ssse3, sse4.1, sse4.2, popcnt, lzcnt, tsc, tscinvbit, avx, avx2, aes, erms, clmul, bmi1, bmi2, rtm, adx, fma, vzeroupper, clflush, clflushopt

Memory: 4k page, system-wide physical 8088M (813M free)
TotalPageFile size 12184M (AvailPageFile size 21M)
current process WorkingSet (physical memory assigned to process): 260M, peak: 262M
current process commit charge ("private bytes"): 285M, peak: 306M

vm_info: Java HotSpot(TM) 64-Bit Server VM (18.0.2+9-61) for windows-amd64 JRE (18.0.2+9-61), built on Jun  7 2022 13:09:01 by "mach5one" with MS VC++ 16.8 / 16.9 (VS2019)

END.
