#
# There is insufficient memory for the Java Runtime Environment to continue.
# Native memory allocation (malloc) failed to allocate 2845856 bytes for Chunk::new
# Possible reasons:
#   The system is out of physical RAM or swap space
#   The process is running with CompressedOops enabled, and the Java Heap may be blocking the growth of the native heap
# Possible solutions:
#   Reduce memory load on the system
#   Increase physical memory or swap space
#   Check if swap backing store is full
#   Decrease Java heap size (-Xmx/-Xms)
#   Decrease number of Java threads
#   Decrease Java thread stack sizes (-Xss)
#   Set larger code cache with -XX:ReservedCodeCacheSize=
#   JVM is running with Unscaled Compressed Oops mode in which the Java heap is
#     placed in the first 4GB address space. The Java Heap base address is the
#     maximum limit for the native heap growth. Please use -XX:HeapBaseMinAddress
#     to set the Java Heap base and to place the Java Heap above 4GB virtual address.
# This output file may be truncated or incomplete.
#
#  Out of Memory Error (arena.cpp:184), pid=15304, tid=9268
#
# JRE version: Java(TM) SE Runtime Environment (18.0.2+9) (build 18.0.2+9-61)
# Java VM: Java HotSpot(TM) 64-Bit Server VM (18.0.2+9-61, mixed mode, sharing, tiered, compressed oops, compressed class ptrs, g1 gc, windows-amd64)
# No core dump will be written. Minidumps are not enabled by default on client versions of Windows
#

---------------  S U M M A R Y ------------

Command Line: -Dmaven.multiModuleProjectDirectory=E:\sgwProject\jingsai -Dmaven.home=D:\maven\apache-maven-3.8.6 -Dclassworlds.conf=D:\maven\apache-maven-3.8.6\bin\m2.conf -Dmaven.ext.class.path=D:\IntelliJ IDEA 2022.2\plugins\maven\lib\maven-event-listener.jar -javaagent:D:\IntelliJ IDEA 2022.2\lib\idea_rt.jar=50848:D:\IntelliJ IDEA 2022.2\bin -Dfile.encoding=UTF-8 org.codehaus.classworlds.Launcher -Didea.version=2022.2 package

Host: Intel(R) Core(TM) i5-7500 CPU @ 3.40GHz, 4 cores, 7G,  Windows 10 , 64 bit Build 19041 (10.0.19041.1889)
Time: Wed Oct 19 20:04:27 2022  Windows 10 , 64 bit Build 19041 (10.0.19041.1889) elapsed time: 6.386909 seconds (0d 0h 0m 6s)

---------------  T H R E A D  ---------------

Current thread (0x00000212692eb1e0):  JavaThread "C2 CompilerThread1" daemon [_thread_in_native, id=9268, stack(0x00000063c8b00000,0x00000063c8c00000)]


Current CompileTask:
C2:   6386 8537   !   4       java.lang.ClassLoader::loadClass (121 bytes)

Stack: [0x00000063c8b00000,0x00000063c8c00000]
Native frames: (J=compiled Java code, j=interpreted, Vv=VM code, C=native code)
V  [jvm.dll+0x6993ca]
V  [jvm.dll+0x7f481d]
V  [jvm.dll+0x7f612e]
V  [jvm.dll+0x7f67e3]
V  [jvm.dll+0x25cdaf]
V  [jvm.dll+0xb8c2f]
V  [jvm.dll+0xb8fa5]
V  [jvm.dll+0x2c7cbf]
V  [jvm.dll+0x5a0d8e]
V  [jvm.dll+0x23876e]
V  [jvm.dll+0x231cf5]
V  [jvm.dll+0x22f21b]
V  [jvm.dll+0x1ba01c]
V  [jvm.dll+0x23ec9a]
V  [jvm.dll+0x23cf85]
V  [jvm.dll+0x7a6e21]
V  [jvm.dll+0x7a125a]
V  [jvm.dll+0x698275]
C  [ucrtbase.dll+0x21bb2]
C  [KERNEL32.DLL+0x17034]
C  [ntdll.dll+0x526a1]


---------------  P R O C E S S  ---------------

Threads class SMR info:
_java_thread_list=0x000002126bba15e0, length=14, elements={
0x0000021244d206a0, 0x0000021264579080, 0x000002126457dcf0, 0x000002126459a1f0,
0x000002126459bba0, 0x000002126459c540, 0x000002126459cee0, 0x000002126459dbb0,
0x00000212646092e0, 0x00000212646158e0, 0x0000021244de9ef0, 0x00000212688f9c70,
0x000002126894c3c0, 0x00000212692eb1e0
}

Java Threads: ( => current thread )
  0x0000021244d206a0 JavaThread "main" [_thread_blocked, id=3636, stack(0x00000063c7300000,0x00000063c7400000)]
  0x0000021264579080 JavaThread "Reference Handler" daemon [_thread_blocked, id=10308, stack(0x00000063c7a00000,0x00000063c7b00000)]
  0x000002126457dcf0 JavaThread "Finalizer" daemon [_thread_blocked, id=14060, stack(0x00000063c7b00000,0x00000063c7c00000)]
  0x000002126459a1f0 JavaThread "Signal Dispatcher" daemon [_thread_blocked, id=15068, stack(0x00000063c7c00000,0x00000063c7d00000)]
  0x000002126459bba0 JavaThread "Attach Listener" daemon [_thread_blocked, id=14576, stack(0x00000063c7d00000,0x00000063c7e00000)]
  0x000002126459c540 JavaThread "Service Thread" daemon [_thread_blocked, id=7448, stack(0x00000063c7e00000,0x00000063c7f00000)]
  0x000002126459cee0 JavaThread "Monitor Deflation Thread" daemon [_thread_blocked, id=12084, stack(0x00000063c7f00000,0x00000063c8000000)]
  0x000002126459dbb0 JavaThread "C2 CompilerThread0" daemon [_thread_blocked, id=11060, stack(0x00000063c8000000,0x00000063c8100000)]
  0x00000212646092e0 JavaThread "C1 CompilerThread0" daemon [_thread_blocked, id=13492, stack(0x00000063c8100000,0x00000063c8200000)]
  0x00000212646158e0 JavaThread "Sweeper thread" daemon [_thread_blocked, id=208, stack(0x00000063c8200000,0x00000063c8300000)]
  0x0000021244de9ef0 JavaThread "Common-Cleaner" daemon [_thread_blocked, id=4404, stack(0x00000063c8300000,0x00000063c8400000)]
  0x00000212688f9c70 JavaThread "Monitor Ctrl-Break" daemon [_thread_in_native, id=14596, stack(0x00000063c8400000,0x00000063c8500000)]
  0x000002126894c3c0 JavaThread "Notification Thread" daemon [_thread_blocked, id=14264, stack(0x00000063c8500000,0x00000063c8600000)]
=>0x00000212692eb1e0 JavaThread "C2 CompilerThread1" daemon [_thread_in_native, id=9268, stack(0x00000063c8b00000,0x00000063c8c00000)]

Other Threads:
  0x0000021264577090 VMThread "VM Thread" [stack: 0x00000063c7900000,0x00000063c7a00000] [id=9916]
  0x00000212688fa130 WatcherThread "VM Periodic Task Thread" [stack: 0x00000063c8600000,0x00000063c8700000] [id=13804]
  0x0000021244d7f2b0 WorkerThread "GC Thread#0" [stack: 0x00000063c7400000,0x00000063c7500000] [id=9288]
  0x0000021268a41d70 WorkerThread "GC Thread#1" [stack: 0x00000063c8700000,0x00000063c8800000] [id=14660]
  0x0000021268f6e7e0 WorkerThread "GC Thread#2" [stack: 0x00000063c8800000,0x00000063c8900000] [id=2652]
  0x0000021268dcbcb0 WorkerThread "GC Thread#3" [stack: 0x00000063c8900000,0x00000063c8a00000] [id=12372]
  0x0000021244d8fee0 ConcurrentGCThread "G1 Main Marker" [stack: 0x00000063c7500000,0x00000063c7600000] [id=6792]
  0x0000021244d908d0 WorkerThread "G1 Conc#0" [stack: 0x00000063c7600000,0x00000063c7700000] [id=10808]
  0x0000021244dd2e70 ConcurrentGCThread "G1 Refine#0" [stack: 0x00000063c7700000,0x00000063c7800000] [id=14380]
  0x0000021268f6ea80 ConcurrentGCThread "G1 Refine#1" [stack: 0x00000063c8a00000,0x00000063c8b00000] [id=8460]
  0x0000021244dd3780 ConcurrentGCThread "G1 Service" [stack: 0x00000063c7800000,0x00000063c7900000] [id=14448]

Threads with active compile tasks:
C2 CompilerThread1     6473 8537   !   4       java.lang.ClassLoader::loadClass (121 bytes)

VM state: not at safepoint (normal execution)

VM Mutex/Monitor currently owned by a thread: None

Heap address: 0x0000000081800000, size: 2024 MB, Compressed Oops mode: 32-bit

CDS archive(s) mapped at: [0x0000000800000000-0x0000000800ba0000-0x0000000800ba0000), size 12189696, SharedBaseAddress: 0x0000000800000000, ArchiveRelocationMode: 0.
Compressed class space mapped at: 0x0000000800c00000-0x0000000840c00000, reserved size: 1073741824
Narrow klass base: 0x0000000800000000, Narrow klass shift: 0, Narrow klass range: 0x100000000

GC Precious Log:
 CardTable entry size: 512
 Card Set container configuration: InlinePtr #cards 5 size 8 Array Of Cards #cards 12 size 40 Howl #buckets 4 coarsen threshold 1843 Howl Bitmap #cards 512 size 80 coarsen threshold 460 Card regions per heap region 1 cards per card region 2048
 CPUs: 4 total, 4 available
 Memory: 8088M
 Large Page Support: Disabled
 NUMA Support: Disabled
 Compressed Oops: Enabled (32-bit)
 Heap Region Size: 1M
 Heap Min Capacity: 8M
 Heap Initial Capacity: 128M
 Heap Max Capacity: 2024M
 Pre-touch: Disabled
 Parallel Workers: 4
 Concurrent Workers: 1
 Concurrent Refinement Workers: 4
 Periodic GC: Disabled

Heap:
 garbage-first heap   total 116736K, used 61317K [0x0000000081800000, 0x0000000100000000)
  region size 1024K, 11 young (11264K), 3 survivors (3072K)
 Metaspace       used 31516K, committed 32448K, reserved 1114112K
  class space    used 3320K, committed 3648K, reserved 1048576K

Heap Regions: E=young(eden), S=young(survivor), O=old, HS=humongous(starts), HC=humongous(continues), CS=collection set, F=free, OA=open archive, CA=closed archive, TAMS=top-at-mark-start (previous, next)
|   0|0x0000000081800000, 0x0000000081900000, 0x0000000081900000|100%| O|  |TAMS 0x0000000081900000, 0x0000000081800000| Untracked 
|   1|0x0000000081900000, 0x0000000081a00000, 0x0000000081a00000|100%| O|  |TAMS 0x0000000081a00000, 0x0000000081900000| Untracked 
|   2|0x0000000081a00000, 0x0000000081b00000, 0x0000000081b00000|100%| O|  |TAMS 0x0000000081b00000, 0x0000000081a00000| Untracked 
|   3|0x0000000081b00000, 0x0000000081c00000, 0x0000000081c00000|100%| O|  |TAMS 0x0000000081c00000, 0x0000000081b00000| Untracked 
|   4|0x0000000081c00000, 0x0000000081d00000, 0x0000000081d00000|100%| O|  |TAMS 0x0000000081d00000, 0x0000000081c00000| Untracked 
|   5|0x0000000081d00000, 0x0000000081e00000, 0x0000000081e00000|100%| O|  |TAMS 0x0000000081e00000, 0x0000000081d00000| Untracked 
|   6|0x0000000081e00000, 0x0000000081f00000, 0x0000000081f00000|100%| O|  |TAMS 0x0000000081f00000, 0x0000000081e00000| Untracked 
|   7|0x0000000081f00000, 0x0000000082000000, 0x0000000082000000|100%| O|  |TAMS 0x0000000082000000, 0x0000000081f00000| Untracked 
|   8|0x0000000082000000, 0x0000000082100000, 0x0000000082100000|100%| O|  |TAMS 0x0000000082100000, 0x0000000082000000| Untracked 
|   9|0x0000000082100000, 0x0000000082200000, 0x0000000082200000|100%| O|  |TAMS 0x0000000082200000, 0x0000000082100000| Untracked 
|  10|0x0000000082200000, 0x00000000822ece00, 0x0000000082300000| 92%| O|  |TAMS 0x00000000822ece00, 0x0000000082200000| Untracked 
|  11|0x0000000082300000, 0x0000000082300000, 0x0000000082400000|  0%| F|  |TAMS 0x0000000082300000, 0x0000000082300000| Untracked 
|  12|0x0000000082400000, 0x0000000082500000, 0x0000000082500000|100%| O|  |TAMS 0x0000000082500000, 0x0000000082400000| Complete 
|  13|0x0000000082500000, 0x0000000082500000, 0x0000000082600000|  0%| F|  |TAMS 0x0000000082500000, 0x0000000082500000| Untracked 
|  14|0x0000000082600000, 0x0000000082700000, 0x0000000082700000|100%| O|  |TAMS 0x0000000082700000, 0x0000000082600000| Complete 
|  15|0x0000000082700000, 0x0000000082800000, 0x0000000082800000|100%| O|  |TAMS 0x0000000082800000, 0x0000000082700000| Untracked 
|  16|0x0000000082800000, 0x0000000082900000, 0x0000000082900000|100%| O|  |TAMS 0x0000000082900000, 0x0000000082800000| Untracked 
|  17|0x0000000082900000, 0x0000000082a00000, 0x0000000082a00000|100%| O|  |TAMS 0x0000000082a00000, 0x0000000082900000| Complete 
|  18|0x0000000082a00000, 0x0000000082b00000, 0x0000000082b00000|100%| O|  |TAMS 0x0000000082b00000, 0x0000000082a00000| Complete 
|  19|0x0000000082b00000, 0x0000000082c00000, 0x0000000082c00000|100%| O|  |TAMS 0x0000000082c00000, 0x0000000082b00000| Complete 
|  20|0x0000000082c00000, 0x0000000082d00000, 0x0000000082d00000|100%| O|  |TAMS 0x0000000082d00000, 0x0000000082c00000| Untracked 
|  21|0x0000000082d00000, 0x0000000082e00000, 0x0000000082e00000|100%| O|  |TAMS 0x0000000082e00000, 0x0000000082d00000| Untracked 
|  22|0x0000000082e00000, 0x0000000082f00000, 0x0000000082f00000|100%| O|  |TAMS 0x0000000082f00000, 0x0000000082e00000| Untracked 
|  23|0x0000000082f00000, 0x0000000083000000, 0x0000000083000000|100%| O|  |TAMS 0x0000000083000000, 0x0000000082f00000| Untracked 
|  24|0x0000000083000000, 0x0000000083100000, 0x0000000083100000|100%| O|  |TAMS 0x0000000083100000, 0x0000000083000000| Complete 
|  25|0x0000000083100000, 0x0000000083200000, 0x0000000083200000|100%| O|  |TAMS 0x0000000083200000, 0x0000000083100000| Complete 
|  26|0x0000000083200000, 0x0000000083300000, 0x0000000083300000|100%| O|  |TAMS 0x0000000083300000, 0x0000000083200000| Untracked 
|  27|0x0000000083300000, 0x0000000083400000, 0x0000000083400000|100%| O|  |TAMS 0x0000000083400000, 0x0000000083300000| Complete 
|  28|0x0000000083400000, 0x0000000083500000, 0x0000000083500000|100%| O|  |TAMS 0x0000000083500000, 0x0000000083400000| Complete 
|  29|0x0000000083500000, 0x0000000083600000, 0x0000000083600000|100%| O|  |TAMS 0x0000000083600000, 0x0000000083500000| Complete 
|  30|0x0000000083600000, 0x0000000083700000, 0x0000000083700000|100%| O|  |TAMS 0x0000000083700000, 0x0000000083600000| Complete 
|  31|0x0000000083700000, 0x0000000083800000, 0x0000000083800000|100%| O|  |TAMS 0x0000000083800000, 0x0000000083700000| Complete 
|  32|0x0000000083800000, 0x0000000083900000, 0x0000000083900000|100%| O|  |TAMS 0x0000000083900000, 0x0000000083800000| Untracked 
|  33|0x0000000083900000, 0x0000000083a00000, 0x0000000083a00000|100%| O|  |TAMS 0x0000000083a00000, 0x0000000083900000| Complete 
|  34|0x0000000083a00000, 0x0000000083b00000, 0x0000000083b00000|100%| O|  |TAMS 0x0000000083b00000, 0x0000000083a00000| Untracked 
|  35|0x0000000083b00000, 0x0000000083c00000, 0x0000000083c00000|100%| O|  |TAMS 0x0000000083c00000, 0x0000000083b00000| Complete 
|  36|0x0000000083c00000, 0x0000000083d00000, 0x0000000083d00000|100%| O|  |TAMS 0x0000000083d00000, 0x0000000083c00000| Complete 
|  37|0x0000000083d00000, 0x0000000083e00000, 0x0000000083e00000|100%| O|  |TAMS 0x0000000083e00000, 0x0000000083d00000| Complete 
|  38|0x0000000083e00000, 0x0000000083f00000, 0x0000000083f00000|100%| O|  |TAMS 0x0000000083f00000, 0x0000000083e00000| Complete 
|  39|0x0000000083f00000, 0x0000000084000000, 0x0000000084000000|100%| O|  |TAMS 0x0000000084000000, 0x0000000083f00000| Untracked 
|  40|0x0000000084000000, 0x0000000084100000, 0x0000000084100000|100%| O|  |TAMS 0x0000000084100000, 0x0000000084000000| Complete 
|  41|0x0000000084100000, 0x0000000084200000, 0x0000000084200000|100%|HS|  |TAMS 0x0000000084200000, 0x0000000084100000| Complete 
|  42|0x0000000084200000, 0x0000000084300000, 0x0000000084300000|100%|HC|  |TAMS 0x0000000084300000, 0x0000000084200000| Complete 
|  43|0x0000000084300000, 0x0000000084300000, 0x0000000084400000|  0%| F|  |TAMS 0x0000000084300000, 0x0000000084300000| Untracked 
|  44|0x0000000084400000, 0x0000000084400000, 0x0000000084500000|  0%| F|  |TAMS 0x0000000084400000, 0x0000000084400000| Untracked 
|  45|0x0000000084500000, 0x0000000084500000, 0x0000000084600000|  0%| F|  |TAMS 0x0000000084500000, 0x0000000084500000| Untracked 
|  46|0x0000000084600000, 0x0000000084600000, 0x0000000084700000|  0%| F|  |TAMS 0x0000000084600000, 0x0000000084600000| Untracked 
|  47|0x0000000084700000, 0x0000000084700000, 0x0000000084800000|  0%| F|  |TAMS 0x0000000084700000, 0x0000000084700000| Untracked 
|  48|0x0000000084800000, 0x0000000084800000, 0x0000000084900000|  0%| F|  |TAMS 0x0000000084800000, 0x0000000084800000| Untracked 
|  49|0x0000000084900000, 0x0000000084900000, 0x0000000084a00000|  0%| F|  |TAMS 0x0000000084900000, 0x0000000084900000| Untracked 
|  50|0x0000000084a00000, 0x0000000084a00000, 0x0000000084b00000|  0%| F|  |TAMS 0x0000000084a00000, 0x0000000084a00000| Untracked 
|  51|0x0000000084b00000, 0x0000000084b00000, 0x0000000084c00000|  0%| F|  |TAMS 0x0000000084b00000, 0x0000000084b00000| Untracked 
|  52|0x0000000084c00000, 0x0000000084c00000, 0x0000000084d00000|  0%| F|  |TAMS 0x0000000084c00000, 0x0000000084c00000| Untracked 
|  53|0x0000000084d00000, 0x0000000084d00000, 0x0000000084e00000|  0%| F|  |TAMS 0x0000000084d00000, 0x0000000084d00000| Untracked 
|  54|0x0000000084e00000, 0x0000000084e00000, 0x0000000084f00000|  0%| F|  |TAMS 0x0000000084e00000, 0x0000000084e00000| Untracked 
|  55|0x0000000084f00000, 0x0000000084f00000, 0x0000000085000000|  0%| F|  |TAMS 0x0000000084f00000, 0x0000000084f00000| Untracked 
|  56|0x0000000085000000, 0x0000000085000000, 0x0000000085100000|  0%| F|  |TAMS 0x0000000085000000, 0x0000000085000000| Untracked 
|  57|0x0000000085100000, 0x0000000085100000, 0x0000000085200000|  0%| F|  |TAMS 0x0000000085100000, 0x0000000085100000| Untracked 
|  58|0x0000000085200000, 0x0000000085200000, 0x0000000085300000|  0%| F|  |TAMS 0x0000000085200000, 0x0000000085200000| Untracked 
|  59|0x0000000085300000, 0x0000000085300000, 0x0000000085400000|  0%| F|  |TAMS 0x0000000085300000, 0x0000000085300000| Untracked 
|  60|0x0000000085400000, 0x0000000085400000, 0x0000000085500000|  0%| F|  |TAMS 0x0000000085400000, 0x0000000085400000| Untracked 
|  61|0x0000000085500000, 0x0000000085500000, 0x0000000085600000|  0%| F|  |TAMS 0x0000000085500000, 0x0000000085500000| Untracked 
|  62|0x0000000085600000, 0x0000000085600000, 0x0000000085700000|  0%| F|  |TAMS 0x0000000085600000, 0x0000000085600000| Untracked 
|  63|0x0000000085700000, 0x0000000085700000, 0x0000000085800000|  0%| F|  |TAMS 0x0000000085700000, 0x0000000085700000| Untracked 
|  64|0x0000000085800000, 0x0000000085800000, 0x0000000085900000|  0%| F|  |TAMS 0x0000000085800000, 0x0000000085800000| Untracked 
|  65|0x0000000085900000, 0x0000000085900000, 0x0000000085a00000|  0%| F|  |TAMS 0x0000000085900000, 0x0000000085900000| Untracked 
|  66|0x0000000085a00000, 0x0000000085af4698, 0x0000000085b00000| 95%| S|CS|TAMS 0x0000000085a00000, 0x0000000085a00000| Complete 
|  67|0x0000000085b00000, 0x0000000085b00000, 0x0000000085c00000|  0%| F|  |TAMS 0x0000000085b00000, 0x0000000085b00000| Untracked 
|  68|0x0000000085c00000, 0x0000000085c00000, 0x0000000085d00000|  0%| F|  |TAMS 0x0000000085c00000, 0x0000000085c00000| Untracked 
|  69|0x0000000085d00000, 0x0000000085e00000, 0x0000000085e00000|100%| S|CS|TAMS 0x0000000085d00000, 0x0000000085d00000| Complete 
|  70|0x0000000085e00000, 0x0000000085f00000, 0x0000000085f00000|100%| S|CS|TAMS 0x0000000085e00000, 0x0000000085e00000| Complete 
|  71|0x0000000085f00000, 0x0000000085f00000, 0x0000000086000000|  0%| F|  |TAMS 0x0000000085f00000, 0x0000000085f00000| Untracked 
|  72|0x0000000086000000, 0x0000000086000000, 0x0000000086100000|  0%| F|  |TAMS 0x0000000086000000, 0x0000000086000000| Untracked 
|  73|0x0000000086100000, 0x0000000086100000, 0x0000000086200000|  0%| F|  |TAMS 0x0000000086100000, 0x0000000086100000| Untracked 
|  74|0x0000000086200000, 0x0000000086200000, 0x0000000086300000|  0%| F|  |TAMS 0x0000000086200000, 0x0000000086200000| Untracked 
|  75|0x0000000086300000, 0x0000000086300000, 0x0000000086400000|  0%| F|  |TAMS 0x0000000086300000, 0x0000000086300000| Untracked 
|  76|0x0000000086400000, 0x0000000086400000, 0x0000000086500000|  0%| F|  |TAMS 0x0000000086400000, 0x0000000086400000| Untracked 
|  77|0x0000000086500000, 0x0000000086500000, 0x0000000086600000|  0%| F|  |TAMS 0x0000000086500000, 0x0000000086500000| Untracked 
|  78|0x0000000086600000, 0x0000000086600000, 0x0000000086700000|  0%| F|  |TAMS 0x0000000086600000, 0x0000000086600000| Untracked 
|  79|0x0000000086700000, 0x0000000086700000, 0x0000000086800000|  0%| F|  |TAMS 0x0000000086700000, 0x0000000086700000| Untracked 
|  80|0x0000000086800000, 0x0000000086800000, 0x0000000086900000|  0%| F|  |TAMS 0x0000000086800000, 0x0000000086800000| Untracked 
|  81|0x0000000086900000, 0x0000000086900000, 0x0000000086a00000|  0%| F|  |TAMS 0x0000000086900000, 0x0000000086900000| Untracked 
|  82|0x0000000086a00000, 0x0000000086a00000, 0x0000000086b00000|  0%| F|  |TAMS 0x0000000086a00000, 0x0000000086a00000| Untracked 
|  83|0x0000000086b00000, 0x0000000086b00000, 0x0000000086c00000|  0%| F|  |TAMS 0x0000000086b00000, 0x0000000086b00000| Untracked 
|  84|0x0000000086c00000, 0x0000000086c00000, 0x0000000086d00000|  0%| F|  |TAMS 0x0000000086c00000, 0x0000000086c00000| Untracked 
|  85|0x0000000086d00000, 0x0000000086d00000, 0x0000000086e00000|  0%| F|  |TAMS 0x0000000086d00000, 0x0000000086d00000| Untracked 
|  86|0x0000000086e00000, 0x0000000086e00000, 0x0000000086f00000|  0%| F|  |TAMS 0x0000000086e00000, 0x0000000086e00000| Untracked 
|  87|0x0000000086f00000, 0x0000000086f00000, 0x0000000087000000|  0%| F|  |TAMS 0x0000000086f00000, 0x0000000086f00000| Untracked 
|  88|0x0000000087000000, 0x0000000087000000, 0x0000000087100000|  0%| F|  |TAMS 0x0000000087000000, 0x0000000087000000| Untracked 
|  89|0x0000000087100000, 0x0000000087100000, 0x0000000087200000|  0%| F|  |TAMS 0x0000000087100000, 0x0000000087100000| Untracked 
|  90|0x0000000087200000, 0x0000000087200000, 0x0000000087300000|  0%| F|  |TAMS 0x0000000087200000, 0x0000000087200000| Untracked 
|  91|0x0000000087300000, 0x0000000087300000, 0x0000000087400000|  0%| F|  |TAMS 0x0000000087300000, 0x0000000087300000| Untracked 
|  92|0x0000000087400000, 0x0000000087400000, 0x0000000087500000|  0%| F|  |TAMS 0x0000000087400000, 0x0000000087400000| Untracked 
|  93|0x0000000087500000, 0x0000000087500000, 0x0000000087600000|  0%| F|  |TAMS 0x0000000087500000, 0x0000000087500000| Untracked 
|  94|0x0000000087600000, 0x0000000087600000, 0x0000000087700000|  0%| F|  |TAMS 0x0000000087600000, 0x0000000087600000| Untracked 
|  95|0x0000000087700000, 0x0000000087700000, 0x0000000087800000|  0%| F|  |TAMS 0x0000000087700000, 0x0000000087700000| Untracked 
|  96|0x0000000087800000, 0x0000000087800000, 0x0000000087900000|  0%| F|  |TAMS 0x0000000087800000, 0x0000000087800000| Untracked 
|  97|0x0000000087900000, 0x00000000879667f8, 0x0000000087a00000| 40%| E|  |TAMS 0x0000000087900000, 0x0000000087900000| Complete 
| 119|0x0000000088f00000, 0x0000000089000000, 0x0000000089000000|100%| E|CS|TAMS 0x0000000088f00000, 0x0000000088f00000| Complete 
| 120|0x0000000089000000, 0x0000000089100000, 0x0000000089100000|100%| E|CS|TAMS 0x0000000089000000, 0x0000000089000000| Complete 
| 121|0x0000000089100000, 0x0000000089200000, 0x0000000089200000|100%| E|CS|TAMS 0x0000000089100000, 0x0000000089100000| Complete 
| 122|0x0000000089200000, 0x0000000089300000, 0x0000000089300000|100%| E|CS|TAMS 0x0000000089200000, 0x0000000089200000| Complete 
| 123|0x0000000089300000, 0x0000000089400000, 0x0000000089400000|100%| E|CS|TAMS 0x0000000089300000, 0x0000000089300000| Complete 
| 124|0x0000000089400000, 0x0000000089500000, 0x0000000089500000|100%| E|CS|TAMS 0x0000000089400000, 0x0000000089400000| Complete 
| 127|0x0000000089700000, 0x0000000089800000, 0x0000000089800000|100%| E|CS|TAMS 0x0000000089700000, 0x0000000089700000| Complete 
|2015|0x00000000ff700000, 0x00000000ff800000, 0x00000000ff800000|100%| O|  |TAMS 0x00000000ff800000, 0x00000000ff700000| Complete 
|2016|0x00000000ff800000, 0x00000000ff900000, 0x00000000ff900000|100%| O|  |TAMS 0x00000000ff900000, 0x00000000ff800000| Untracked 
|2017|0x00000000ff900000, 0x00000000ffa00000, 0x00000000ffa00000|100%| O|  |TAMS 0x00000000ffa00000, 0x00000000ff900000| Complete 
|2018|0x00000000ffa00000, 0x00000000ffb00000, 0x00000000ffb00000|100%| O|  |TAMS 0x00000000ffb00000, 0x00000000ffa00000| Complete 
|2019|0x00000000ffb00000, 0x00000000ffc00000, 0x00000000ffc00000|100%| O|  |TAMS 0x00000000ffc00000, 0x00000000ffb00000| Untracked 
|2020|0x00000000ffc00000, 0x00000000ffd00000, 0x00000000ffd00000|100%| O|  |TAMS 0x00000000ffd00000, 0x00000000ffc00000| Untracked 
|2021|0x00000000ffd00000, 0x00000000ffe00000, 0x00000000ffe00000|100%| O|  |TAMS 0x00000000ffe00000, 0x00000000ffd00000| Untracked 
|2022|0x00000000ffe00000, 0x00000000fff00000, 0x00000000fff00000|100%| O|  |TAMS 0x00000000fff00000, 0x00000000ffe00000| Untracked 
|2023|0x00000000fff00000, 0x0000000100000000, 0x0000000100000000|100%| O|  |TAMS 0x0000000100000000, 0x00000000fff00000| Untracked 

Card table byte_map: [0x000002125d880000,0x000002125dc80000] _byte_map_base: 0x000002125d474000

Marking Bits (Prev, Next): (CMBitMap*) 0x0000021244d7f8b0, (CMBitMap*) 0x0000021244d7f8f0
 Prev Bits: [0x000002125e080000, 0x0000021260020000)
 Next Bits: [0x0000021260020000, 0x0000021261fc0000)

Polling page: 0x0000021244df0000

Metaspace:

Usage:
  Non-class:     27.54 MB used.
      Class:      3.24 MB used.
       Both:     30.78 MB used.

Virtual space:
  Non-class space:       64.00 MB reserved,      28.12 MB ( 44%) committed,  1 nodes.
      Class space:        1.00 GB reserved,       3.56 MB ( <1%) committed,  1 nodes.
             Both:        1.06 GB reserved,      31.69 MB (  3%) committed. 

Chunk freelists:
   Non-Class:  3.72 MB
       Class:  423.00 KB
        Both:  4.13 MB

MaxMetaspaceSize: unlimited
CompressedClassSpaceSize: 1.00 GB
Initial GC threshold: 21.00 MB
Current GC threshold: 52.62 MB
CDS: on
MetaspaceReclaimPolicy: balanced
 - commit_granule_bytes: 65536.
 - commit_granule_words: 8192.
 - virtual_space_node_default_size: 8388608.
 - enlarge_chunks_in_place: 1.
 - new_chunks_are_fully_committed: 0.
 - uncommit_free_chunks: 1.
 - use_allocation_guard: 0.


Internal statistics:

num_allocs_failed_limit: 6.
num_arena_births: 646.
num_arena_deaths: 4.
num_vsnodes_births: 2.
num_vsnodes_deaths: 0.
num_space_committed: 522.
num_space_uncommitted: 8.
num_chunks_returned_to_freelist: 101.
num_chunks_taken_from_freelist: 1845.
num_chunk_merges: 27.
num_chunk_splits: 1304.
num_chunks_enlarged: 979.
num_inconsistent_stats: 0.

CodeHeap 'non-profiled nmethods': size=120000Kb used=3673Kb max_used=3673Kb free=116327Kb
 bounds [0x0000021255930000, 0x0000021255cd0000, 0x000002125ce60000]
CodeHeap 'profiled nmethods': size=120000Kb used=16308Kb max_used=16308Kb free=103691Kb
 bounds [0x000002124e400000, 0x000002124f3f0000, 0x0000021255930000]
CodeHeap 'non-nmethods': size=5760Kb used=1262Kb max_used=1348Kb free=4497Kb
 bounds [0x000002124de60000, 0x000002124e0d0000, 0x000002124e400000]
 total_blobs=8338 nmethods=7774 adapters=474
 compilation: enabled
              stopped_count=0, restarted_count=0
 full_count=0

Compilation events (20 events):
Event: 6.304 Thread 0x00000212646092e0 8694       3       java.util.Arrays::binarySearch0 (72 bytes)
Event: 6.304 Thread 0x00000212646092e0 nmethod 8694 0x000002124f3e3210 code [0x000002124f3e33c0, 0x000002124f3e3658]
Event: 6.307 Thread 0x00000212646092e0 8696       3       java.lang.ProcessEnvironment$CheckedEntrySet$1::next (20 bytes)
Event: 6.307 Thread 0x00000212646092e0 nmethod 8696 0x000002124f3e3790 code [0x000002124f3e3960, 0x000002124f3e3dc8]
Event: 6.307 Thread 0x00000212646092e0 8698       3       java.lang.ProcessEnvironment$CheckedEntry::getKey (13 bytes)
Event: 6.307 Thread 0x00000212646092e0 nmethod 8698 0x000002124f3e3f10 code [0x000002124f3e40c0, 0x000002124f3e4388]
Event: 6.307 Thread 0x00000212646092e0 8699       3       java.lang.ProcessEnvironment$CheckedEntry::getKey (5 bytes)
Event: 6.307 Thread 0x00000212646092e0 nmethod 8699 0x000002124f3e4490 code [0x000002124f3e4640, 0x000002124f3e4988]
Event: 6.307 Thread 0x00000212646092e0 8697       3       java.lang.ProcessEnvironment$CheckedEntry::<init> (10 bytes)
Event: 6.307 Thread 0x00000212646092e0 nmethod 8697 0x000002124f3e4a90 code [0x000002124f3e4c20, 0x000002124f3e4dd8]
Event: 6.309 Thread 0x000002126459dbb0 nmethod 8685 0x0000021255cbfc10 code [0x0000021255cbfe60, 0x0000021255cc14c0]
Event: 6.309 Thread 0x000002126459dbb0 8695       4       java.util.concurrent.ConcurrentHashMap$KeyIterator::next (34 bytes)
Event: 6.312 Thread 0x00000212646092e0 8702       3       jdk.internal.org.objectweb.asm.AnnotationWriter::computeAnnotationsSize (42 bytes)
Event: 6.312 Thread 0x00000212646092e0 nmethod 8702 0x000002124f3e4e90 code [0x000002124f3e5040, 0x000002124f3e5288]
Event: 6.314 Thread 0x000002126459dbb0 nmethod 8695 0x0000021255cc2490 code [0x0000021255cc2620, 0x0000021255cc2a78]
Event: 6.382 Thread 0x000002126459dbb0 8704 %     4       java.lang.StringCoding::implEncodeAsciiArray @ 3 (47 bytes)
Event: 6.383 Thread 0x00000212646092e0 8705  s    1       java.lang.StringBuffer::length (5 bytes)
Event: 6.384 Thread 0x00000212646092e0 nmethod 8705 0x0000021255cc3090 code [0x0000021255cc3220, 0x0000021255cc3398]
Event: 6.385 Thread 0x00000212646092e0 8706       3       java.util.Calendar::internalGet (7 bytes)
Event: 6.385 Thread 0x00000212646092e0 nmethod 8706 0x000002124f3e5410 code [0x000002124f3e55a0, 0x000002124f3e56d8]

GC Heap History (20 events):
Event: 3.304 GC heap before
{Heap before GC invocations=6 (full 0):
 garbage-first heap   total 61440K, used 60339K [0x0000000081800000, 0x0000000100000000)
  region size 1024K, 49 young (50176K), 6 survivors (6144K)
 Metaspace       used 23921K, committed 24384K, reserved 1114112K
  class space    used 2590K, committed 2816K, reserved 1048576K
}
Event: 3.323 GC heap after
{Heap after GC invocations=7 (full 0):
 garbage-first heap   total 80896K, used 30200K [0x0000000081800000, 0x0000000100000000)
  region size 1024K, 10 young (10240K), 10 survivors (10240K)
 Metaspace       used 23921K, committed 24384K, reserved 1114112K
  class space    used 2590K, committed 2816K, reserved 1048576K
}
Event: 3.625 GC heap before
{Heap before GC invocations=7 (full 0):
 garbage-first heap   total 80896K, used 58872K [0x0000000081800000, 0x0000000100000000)
  region size 1024K, 37 young (37888K), 10 survivors (10240K)
 Metaspace       used 25124K, committed 25472K, reserved 1114112K
  class space    used 2687K, committed 2880K, reserved 1048576K
}
Event: 3.638 GC heap after
{Heap after GC invocations=8 (full 0):
 garbage-first heap   total 80896K, used 35763K [0x0000000081800000, 0x0000000100000000)
  region size 1024K, 5 young (5120K), 5 survivors (5120K)
 Metaspace       used 25124K, committed 25472K, reserved 1114112K
  class space    used 2687K, committed 2880K, reserved 1048576K
}
Event: 3.881 GC heap before
{Heap before GC invocations=8 (full 0):
 garbage-first heap   total 80896K, used 58291K [0x0000000081800000, 0x0000000100000000)
  region size 1024K, 28 young (28672K), 5 survivors (5120K)
 Metaspace       used 26523K, committed 26944K, reserved 1114112K
  class space    used 2840K, committed 3072K, reserved 1048576K
}
Event: 3.887 GC heap after
{Heap after GC invocations=9 (full 0):
 garbage-first heap   total 97280K, used 36787K [0x0000000081800000, 0x0000000100000000)
  region size 1024K, 1 young (1024K), 1 survivors (1024K)
 Metaspace       used 26523K, committed 26944K, reserved 1114112K
  class space    used 2840K, committed 3072K, reserved 1048576K
}
Event: 4.115 GC heap before
{Heap before GC invocations=9 (full 0):
 garbage-first heap   total 97280K, used 72627K [0x0000000081800000, 0x0000000100000000)
  region size 1024K, 36 young (36864K), 1 survivors (1024K)
 Metaspace       used 27172K, committed 27712K, reserved 1114112K
  class space    used 2921K, committed 3200K, reserved 1048576K
}
Event: 4.116 GC heap after
{Heap after GC invocations=10 (full 0):
 garbage-first heap   total 97280K, used 36780K [0x0000000081800000, 0x0000000100000000)
  region size 1024K, 1 young (1024K), 1 survivors (1024K)
 Metaspace       used 27172K, committed 27712K, reserved 1114112K
  class space    used 2921K, committed 3200K, reserved 1048576K
}
Event: 4.339 GC heap before
{Heap before GC invocations=10 (full 0):
 garbage-first heap   total 97280K, used 74668K [0x0000000081800000, 0x0000000100000000)
  region size 1024K, 38 young (38912K), 1 survivors (1024K)
 Metaspace       used 27467K, committed 27968K, reserved 1114112K
  class space    used 2929K, committed 3200K, reserved 1048576K
}
Event: 4.342 GC heap after
{Heap after GC invocations=11 (full 0):
 garbage-first heap   total 97280K, used 37340K [0x0000000081800000, 0x0000000100000000)
  region size 1024K, 2 young (2048K), 2 survivors (2048K)
 Metaspace       used 27467K, committed 27968K, reserved 1114112K
  class space    used 2929K, committed 3200K, reserved 1048576K
}
Event: 4.977 GC heap before
{Heap before GC invocations=11 (full 0):
 garbage-first heap   total 97280K, used 76252K [0x0000000081800000, 0x0000000100000000)
  region size 1024K, 40 young (40960K), 2 survivors (2048K)
 Metaspace       used 29526K, committed 30016K, reserved 1114112K
  class space    used 3146K, committed 3392K, reserved 1048576K
}
Event: 4.985 GC heap after
{Heap after GC invocations=12 (full 0):
 garbage-first heap   total 97280K, used 40137K [0x0000000081800000, 0x0000000100000000)
  region size 1024K, 5 young (5120K), 5 survivors (5120K)
 Metaspace       used 29526K, committed 30016K, reserved 1114112K
  class space    used 3146K, committed 3392K, reserved 1048576K
}
Event: 5.469 GC heap before
{Heap before GC invocations=12 (full 0):
 garbage-first heap   total 97280K, used 75977K [0x0000000081800000, 0x0000000100000000)
  region size 1024K, 40 young (40960K), 5 survivors (5120K)
 Metaspace       used 29667K, committed 30208K, reserved 1114112K
  class space    used 3157K, committed 3392K, reserved 1048576K
}
Event: 5.483 GC heap after
{Heap after GC invocations=13 (full 0):
 garbage-first heap   total 97280K, used 50999K [0x0000000081800000, 0x0000000100000000)
  region size 1024K, 5 young (5120K), 5 survivors (5120K)
 Metaspace       used 29667K, committed 30208K, reserved 1114112K
  class space    used 3157K, committed 3392K, reserved 1048576K
}
Event: 5.487 GC heap before
{Heap before GC invocations=13 (full 0):
 garbage-first heap   total 97280K, used 50999K [0x0000000081800000, 0x0000000100000000)
  region size 1024K, 6 young (6144K), 5 survivors (5120K)
 Metaspace       used 29668K, committed 30208K, reserved 1114112K
  class space    used 3157K, committed 3392K, reserved 1048576K
}
Event: 5.491 GC heap after
{Heap after GC invocations=14 (full 0):
 garbage-first heap   total 116736K, used 51878K [0x0000000081800000, 0x0000000100000000)
  region size 1024K, 1 young (1024K), 1 survivors (1024K)
 Metaspace       used 29668K, committed 30208K, reserved 1114112K
  class space    used 3157K, committed 3392K, reserved 1048576K
}
Event: 5.847 GC heap before
{Heap before GC invocations=14 (full 0):
 garbage-first heap   total 116736K, used 88742K [0x0000000081800000, 0x0000000100000000)
  region size 1024K, 36 young (36864K), 1 survivors (1024K)
 Metaspace       used 31084K, committed 31680K, reserved 1114112K
  class space    used 3312K, committed 3584K, reserved 1048576K
}
Event: 5.850 GC heap after
{Heap after GC invocations=15 (full 0):
 garbage-first heap   total 116736K, used 54753K [0x0000000081800000, 0x0000000100000000)
  region size 1024K, 2 young (2048K), 2 survivors (2048K)
 Metaspace       used 31084K, committed 31680K, reserved 1114112K
  class space    used 3312K, committed 3584K, reserved 1048576K
}
Event: 6.198 GC heap before
{Heap before GC invocations=15 (full 0):
 garbage-first heap   total 116736K, used 89569K [0x0000000081800000, 0x0000000100000000)
  region size 1024K, 36 young (36864K), 2 survivors (2048K)
 Metaspace       used 32419K, committed 33024K, reserved 1114112K
  class space    used 3438K, committed 3712K, reserved 1048576K
}
Event: 6.203 GC heap after
{Heap after GC invocations=16 (full 0):
 garbage-first heap   total 116736K, used 56197K [0x0000000081800000, 0x0000000100000000)
  region size 1024K, 3 young (3072K), 3 survivors (3072K)
 Metaspace       used 32419K, committed 33024K, reserved 1114112K
  class space    used 3438K, committed 3712K, reserved 1048576K
}

Deoptimization events (20 events):
Event: 6.174 Thread 0x0000021244d206a0 DEOPT PACKING pc=0x000002124eea89fb sp=0x00000063c73fc9a0
Event: 6.174 Thread 0x0000021244d206a0 DEOPT UNPACKING pc=0x000002124deb2b43 sp=0x00000063c73fbe40 mode 0
Event: 6.220 Thread 0x000002126bb9fe40 DEOPT PACKING pc=0x000002124ee2fbd8 sp=0x00000063c8cff1d0
Event: 6.220 Thread 0x000002126bb9fe40 DEOPT UNPACKING pc=0x000002124deb2b43 sp=0x00000063c8cfe628 mode 3
Event: 6.382 Thread 0x000002126b757250 Uncommon trap: trap_request=0xffffffc6 fr.pc=0x0000021255a0cca8 relative=0x00000000000003e8
Event: 6.382 Thread 0x000002126b757250 Uncommon trap: reason=bimorphic_or_optimized_type_check action=maybe_recompile pc=0x0000021255a0cca8 method=java.util.stream.AbstractPipeline.wrapSink(Ljava/util/stream/Sink;)Ljava/util/stream/Sink; @ 23 c2
Event: 6.382 Thread 0x000002126b757250 DEOPT PACKING pc=0x0000021255a0cca8 sp=0x00000063c93feab0
Event: 6.382 Thread 0x000002126b757250 DEOPT UNPACKING pc=0x000002124deb23a3 sp=0x00000063c93fea68 mode 2
Event: 6.382 Thread 0x000002126b757250 Uncommon trap: trap_request=0xffffffc6 fr.pc=0x0000021255a0cca8 relative=0x00000000000003e8
Event: 6.382 Thread 0x000002126b757250 Uncommon trap: reason=bimorphic_or_optimized_type_check action=maybe_recompile pc=0x0000021255a0cca8 method=java.util.stream.AbstractPipeline.wrapSink(Ljava/util/stream/Sink;)Ljava/util/stream/Sink; @ 23 c2
Event: 6.382 Thread 0x000002126b757250 DEOPT PACKING pc=0x0000021255a0cca8 sp=0x00000063c93feab0
Event: 6.382 Thread 0x000002126b757250 DEOPT UNPACKING pc=0x000002124deb23a3 sp=0x00000063c93fea68 mode 2
Event: 6.382 Thread 0x000002126b757250 Uncommon trap: trap_request=0xffffffc6 fr.pc=0x0000021255a0cca8 relative=0x00000000000003e8
Event: 6.382 Thread 0x000002126b757250 Uncommon trap: reason=bimorphic_or_optimized_type_check action=maybe_recompile pc=0x0000021255a0cca8 method=java.util.stream.AbstractPipeline.wrapSink(Ljava/util/stream/Sink;)Ljava/util/stream/Sink; @ 23 c2
Event: 6.382 Thread 0x000002126b757250 DEOPT PACKING pc=0x0000021255a0cca8 sp=0x00000063c93feab0
Event: 6.382 Thread 0x000002126b757250 DEOPT UNPACKING pc=0x000002124deb23a3 sp=0x00000063c93fea68 mode 2
Event: 6.383 Thread 0x000002126b757250 Uncommon trap: trap_request=0xffffffc6 fr.pc=0x0000021255a0cca8 relative=0x00000000000003e8
Event: 6.383 Thread 0x000002126b757250 Uncommon trap: reason=bimorphic_or_optimized_type_check action=maybe_recompile pc=0x0000021255a0cca8 method=java.util.stream.AbstractPipeline.wrapSink(Ljava/util/stream/Sink;)Ljava/util/stream/Sink; @ 23 c2
Event: 6.383 Thread 0x000002126b757250 DEOPT PACKING pc=0x0000021255a0cca8 sp=0x00000063c93feab0
Event: 6.383 Thread 0x000002126b757250 DEOPT UNPACKING pc=0x000002124deb23a3 sp=0x00000063c93fea68 mode 2

Classes loaded (20 events):
Event: 6.305 Loading class java/lang/IllegalThreadStateException
Event: 6.305 Loading class java/lang/IllegalThreadStateException done
Event: 6.306 Loading class java/lang/ProcessBuilder
Event: 6.306 Loading class java/lang/ProcessBuilder done
Event: 6.306 Loading class java/lang/ProcessImpl
Event: 6.306 Loading class java/lang/Process
Event: 6.306 Loading class java/lang/Process done
Event: 6.306 Loading class java/lang/ProcessImpl done
Event: 6.313 Loading class java/lang/ProcessImpl$2
Event: 6.313 Loading class java/lang/ProcessImpl$2 done
Event: 6.313 Loading class java/lang/Process$PipeInputStream
Event: 6.313 Loading class java/lang/Process$PipeInputStream done
Event: 6.314 Loading class jdk/internal/event/ProcessStartEvent
Event: 6.314 Loading class jdk/internal/event/Event
Event: 6.314 Loading class jdk/internal/event/Event done
Event: 6.314 Loading class jdk/internal/event/ProcessStartEvent done
Event: 6.382 Loading class java/lang/Throwable$WrappedPrintWriter
Event: 6.382 Loading class java/lang/Throwable$PrintStreamOrWriter
Event: 6.382 Loading class java/lang/Throwable$PrintStreamOrWriter done
Event: 6.382 Loading class java/lang/Throwable$WrappedPrintWriter done

Classes unloaded (20 events):
Event: 6.241 Thread 0x0000021264577090 Unloading class 0x0000000800ebabd0 'lombok/javac/apt/LombokFileObject'
Event: 6.241 Thread 0x0000021264577090 Unloading class 0x0000000800eba9e0 'lombok/javac/apt/LombokFileObjects'
Event: 6.241 Thread 0x0000021264577090 Unloading class 0x0000000800eba7b8 'lombok/javac/apt/MessagerDiagnosticsReceiver'
Event: 6.241 Thread 0x0000021264577090 Unloading class 0x0000000800eba400 'lombok/javac/apt/InterceptingJavaFileManager'
Event: 6.241 Thread 0x0000021264577090 Unloading class 0x0000000800eba208 'lombok/permit/dummy/Parent'
Event: 6.241 Thread 0x0000021264577090 Unloading class 0x0000000800eba000 'lombok/core/CleanupRegistry'
Event: 6.241 Thread 0x0000021264577090 Unloading class 0x0000000800eb9cc8 'lombok/permit/Permit$Fake'
Event: 6.241 Thread 0x0000021264577090 Unloading class 0x0000000800eb9ad8 'lombok/permit/Permit'
Event: 6.241 Thread 0x0000021264577090 Unloading class 0x0000000800eb9800 'lombok/javac/apt/LombokProcessor$1'
Event: 6.241 Thread 0x0000021264577090 Unloading class 0x0000000800eb8d28 'lombok/core/DiagnosticsReceiver'
Event: 6.241 Thread 0x0000021264577090 Unloading class 0x0000000800eb8aa0 'lombok/javac/apt/LombokProcessor'
Event: 6.241 Thread 0x0000021264577090 Unloading class 0x0000000800eb8880 'lombok/core/AnnotationProcessor$EcjDescriptor'
Event: 6.241 Thread 0x0000021264577090 Unloading class 0x0000000800eb8658 'lombok/core/AnnotationProcessor$JavacDescriptor'
Event: 6.241 Thread 0x0000021264577090 Unloading class 0x0000000800eb8270 'lombok/core/AnnotationProcessor$ProcessorDescriptor'
Event: 6.241 Thread 0x0000021264577090 Unloading class 0x0000000800eb8000 'lombok/core/AnnotationProcessor'
Event: 6.241 Thread 0x0000021264577090 Unloading class 0x0000000800eb91f0 'lombok/launch/AnnotationProcessorHider$ClaimingProcessor'
Event: 6.241 Thread 0x0000021264577090 Unloading class 0x0000000800eb9000 'lombok/launch/AnnotationProcessorHider$AstModificationNotifierData'
Event: 6.241 Thread 0x0000021264577090 Unloading class 0x0000000800e90460 'lombok/launch/ShadowClassLoader'
Event: 6.241 Thread 0x0000021264577090 Unloading class 0x0000000800e90270 'lombok/launch/Main'
Event: 6.241 Thread 0x0000021264577090 Unloading class 0x0000000800e90000 'lombok/launch/AnnotationProcessorHider$AnnotationProcessor'

Classes redefined (0 events):
No events

Internal exceptions (20 events):
Event: 5.779 Thread 0x0000021244d206a0 Exception <a 'sun/nio/fs/WindowsException'{0x000000008659d160}> (0x000000008659d160) 
thrown [s\open\src\hotspot\share\prims\jni.cpp, line 516]
Event: 5.779 Thread 0x0000021244d206a0 Exception <a 'sun/nio/fs/WindowsException'{0x000000008659d450}> (0x000000008659d450) 
thrown [s\open\src\hotspot\share\prims\jni.cpp, line 516]
Event: 5.779 Thread 0x0000021244d206a0 Exception <a 'sun/nio/fs/WindowsException'{0x00000000865a7468}> (0x00000000865a7468) 
thrown [s\open\src\hotspot\share\prims\jni.cpp, line 516]
Event: 5.779 Thread 0x0000021244d206a0 Exception <a 'sun/nio/fs/WindowsException'{0x00000000865a7798}> (0x00000000865a7798) 
thrown [s\open\src\hotspot\share\prims\jni.cpp, line 516]
Event: 5.779 Thread 0x0000021244d206a0 Exception <a 'sun/nio/fs/WindowsException'{0x00000000865a9760}> (0x00000000865a9760) 
thrown [s\open\src\hotspot\share\prims\jni.cpp, line 516]
Event: 5.779 Thread 0x0000021244d206a0 Exception <a 'sun/nio/fs/WindowsException'{0x00000000865a9b50}> (0x00000000865a9b50) 
thrown [s\open\src\hotspot\share\prims\jni.cpp, line 516]
Event: 5.785 Thread 0x0000021244d206a0 Exception <a 'sun/nio/fs/WindowsException'{0x00000000864991d8}> (0x00000000864991d8) 
thrown [s\open\src\hotspot\share\prims\jni.cpp, line 516]
Event: 5.785 Thread 0x0000021244d206a0 Exception <a 'sun/nio/fs/WindowsException'{0x0000000086499870}> (0x0000000086499870) 
thrown [s\open\src\hotspot\share\prims\jni.cpp, line 516]
Event: 5.785 Thread 0x0000021244d206a0 Exception <a 'sun/nio/fs/WindowsException'{0x000000008649a050}> (0x000000008649a050) 
thrown [s\open\src\hotspot\share\prims\jni.cpp, line 516]
Event: 5.785 Thread 0x0000021244d206a0 Exception <a 'sun/nio/fs/WindowsException'{0x000000008649a758}> (0x000000008649a758) 
thrown [s\open\src\hotspot\share\prims\jni.cpp, line 516]
Event: 5.965 Thread 0x0000021268e3b970 Exception <a 'java/lang/NoSuchMethodError'{0x00000000871c3308}: 'java.lang.Object java.lang.invoke.DirectMethodHandle$Holder.invokeStatic(java.lang.Object, java.lang.Object, long, java.lang.Object)'> (0x00000000871c3308) 
thrown [s\open\src\hotspot\share\interpreter\linkResolver.cpp, line 759]
Event: 5.966 Thread 0x0000021268e3b970 Exception <a 'java/lang/NoSuchMethodError'{0x00000000871c6830}: 'java.lang.Object java.lang.invoke.DirectMethodHandle$Holder.invokeStaticInit(java.lang.Object, java.lang.Object, long, java.lang.Object)'> (0x00000000871c6830) 
thrown [s\open\src\hotspot\share\interpreter\linkResolver.cpp, line 759]
Event: 5.967 Thread 0x0000021268e3b970 Exception <a 'java/lang/NoSuchMethodError'{0x00000000871cccc8}: 'java.lang.Object java.lang.invoke.DirectMethodHandle$Holder.newInvokeSpecial(java.lang.Object, java.lang.Object, long)'> (0x00000000871cccc8) 
thrown [s\open\src\hotspot\share\interpreter\linkResolver.cpp, line 759]
Event: 5.967 Thread 0x0000021268e3b970 Exception <a 'java/lang/NoSuchMethodError'{0x00000000871d0710}: 'java.lang.Object java.lang.invoke.Invokers$Holder.linkToTargetMethod(java.lang.Object, long, java.lang.Object)'> (0x00000000871d0710) 
thrown [s\open\src\hotspot\share\interpreter\linkResolver.cpp, line 759]
Event: 5.968 Thread 0x0000021268e3b970 Exception <a 'java/lang/NoSuchMethodError'{0x00000000871d4290}: 'long java.lang.invoke.DirectMethodHandle$Holder.invokeInterface(java.lang.Object, java.lang.Object)'> (0x00000000871d4290) 
thrown [s\open\src\hotspot\share\interpreter\linkResolver.cpp, line 759]
Event: 5.969 Thread 0x0000021268e3b970 Exception <a 'java/lang/NoSuchMethodError'{0x0000000086f80d90}: 'long java.lang.invoke.DelegatingMethodHandle$Holder.reinvoke_L(java.lang.Object, java.lang.Object)'> (0x0000000086f80d90) 
thrown [s\open\src\hotspot\share\interpreter\linkResolver.cpp, line 759]
Event: 5.972 Thread 0x0000021244d206a0 Exception <a 'java/lang/NoSuchMethodError'{0x0000000086f791d8}: 'java.lang.String org.apache.maven.execution.MavenExecutionRequest.getFailureBehavior()'> (0x0000000086f791d8) 
thrown [s\open\src\hotspot\share\interpreter\linkResolver.cpp, line 855]
Event: 6.039 Thread 0x0000021244d206a0 Exception <a 'java/lang/NoSuchMethodError'{0x0000000086d4f308}: 'java.lang.Object java.lang.invoke.DirectMethodHandle$Holder.invokeStaticInit(java.lang.Object, java.lang.Object, int, int, int, int)'> (0x0000000086d4f308) 
thrown [s\open\src\hotspot\share\interpreter\linkResolver.cpp, line 759]
Event: 6.312 Thread 0x0000021244d206a0 Exception <a 'java/lang/NoSuchMethodError'{0x000000008902d458}: 'void java.lang.invoke.DirectMethodHandle$Holder.invokeStatic(java.lang.Object, long)'> (0x000000008902d458) 
thrown [s\open\src\hotspot\share\interpreter\linkResolver.cpp, line 759]
Event: 6.312 Thread 0x0000021244d206a0 Exception <a 'java/lang/NoSuchMethodError'{0x00000000890329b0}: 'java.lang.Object java.lang.invoke.DirectMethodHandle$Holder.newInvokeSpecial(java.lang.Object, long)'> (0x00000000890329b0) 
thrown [s\open\src\hotspot\share\interpreter\linkResolver.cpp, line 759]

VM Operations (20 events):
Event: 5.847 Executing VM operation: G1CollectForAllocation
Event: 5.850 Executing VM operation: G1CollectForAllocation done
Event: 5.956 Executing VM operation: HandshakeAllThreads
Event: 5.956 Executing VM operation: HandshakeAllThreads done
Event: 5.960 Executing VM operation: HandshakeAllThreads
Event: 5.960 Executing VM operation: HandshakeAllThreads done
Event: 5.967 Executing VM operation: ICBufferFull
Event: 5.967 Executing VM operation: ICBufferFull done
Event: 6.198 Executing VM operation: G1CollectForAllocation
Event: 6.203 Executing VM operation: G1CollectForAllocation done
Event: 6.238 Executing VM operation: HandshakeAllThreads
Event: 6.238 Executing VM operation: HandshakeAllThreads done
Event: 6.240 Executing VM operation: G1Concurrent
Event: 6.250 Executing VM operation: G1Concurrent done
Event: 6.266 Executing VM operation: G1Concurrent
Event: 6.266 Executing VM operation: G1Concurrent done
Event: 6.303 Executing VM operation: HandshakeAllThreads
Event: 6.303 Executing VM operation: HandshakeAllThreads done
Event: 6.314 Executing VM operation: HandshakeAllThreads
Event: 6.314 Executing VM operation: HandshakeAllThreads done

Events (20 events):
Event: 3.918 Thread 0x00000212646158e0 flushing nmethod 0x000002124f063910
Event: 3.918 Thread 0x00000212646158e0 flushing nmethod 0x000002124f08e590
Event: 3.918 Thread 0x00000212646158e0 flushing nmethod 0x000002124f08fb10
Event: 3.918 Thread 0x00000212646158e0 flushing nmethod 0x000002124f091f10
Event: 5.957 Thread 0x0000021268e3b970 Thread added: 0x0000021268e3b970
Event: 5.963 Thread 0x00000212646158e0 flushing nmethod 0x000002124e634e10
Event: 5.963 Thread 0x00000212646158e0 flushing nmethod 0x000002124e635390
Event: 5.968 Thread 0x00000212646158e0 flushing nmethod 0x000002124eed7390
Event: 5.971 Thread 0x0000021268e3b970 Thread exited: 0x0000021268e3b970
Event: 6.168 Thread 0x000002126bb9fe40 Thread added: 0x000002126bb9fe40
Event: 6.168 Thread 0x0000021268e3b970 Thread added: 0x0000021268e3b970
Event: 6.168 Thread 0x000002126b7550a0 Thread added: 0x000002126b7550a0
Event: 6.219 Thread 0x000002126b754700 Thread added: 0x000002126b754700
Event: 6.219 Thread 0x000002126b7563e0 Thread added: 0x000002126b7563e0
Event: 6.234 Thread 0x000002126b753d60 Thread added: 0x000002126b753d60
Event: 6.237 Thread 0x000002126b756d80 Thread added: 0x000002126b756d80
Event: 6.303 Thread 0x000002126b757250 Thread added: 0x000002126b757250
Event: 6.316 Thread 0x000002126c056e80 Thread added: 0x000002126c056e80
Event: 6.316 Thread 0x000002126c052650 Thread added: 0x000002126c052650
Event: 6.316 Thread 0x000002126c055b40 Thread added: 0x000002126c055b40


Dynamic libraries:
0x00007ff7728b0000 - 0x00007ff7728c0000 	D:\jdk\bin\java.exe
0x00007ffe11ad0000 - 0x00007ffe11cc8000 	C:\WINDOWS\SYSTEM32\ntdll.dll
0x00007ffe11410000 - 0x00007ffe114cd000 	C:\WINDOWS\System32\KERNEL32.DLL
0x00007ffe0f490000 - 0x00007ffe0f762000 	C:\WINDOWS\System32\KERNELBASE.dll
0x00007ffe0f900000 - 0x00007ffe0fa00000 	C:\WINDOWS\System32\ucrtbase.dll
0x00007ffde68a0000 - 0x00007ffde68ba000 	D:\jdk\bin\VCRUNTIME140.dll
0x00007ffde78f0000 - 0x00007ffde7908000 	D:\jdk\bin\jli.dll
0x00007ffe114d0000 - 0x00007ffe1157e000 	C:\WINDOWS\System32\ADVAPI32.dll
0x00007ffe10bf0000 - 0x00007ffe10c8e000 	C:\WINDOWS\System32\msvcrt.dll
0x00007ffe119c0000 - 0x00007ffe11a5c000 	C:\WINDOWS\System32\sechost.dll
0x00007ffe10cf0000 - 0x00007ffe10e15000 	C:\WINDOWS\System32\RPCRT4.dll
0x00007ffe10a50000 - 0x00007ffe10bed000 	C:\WINDOWS\System32\USER32.dll
0x00007ffe0fa00000 - 0x00007ffe0fa22000 	C:\WINDOWS\System32\win32u.dll
0x00007ffe0ffd0000 - 0x00007ffe0fffb000 	C:\WINDOWS\System32\GDI32.dll
0x00007ffe00c50000 - 0x00007ffe00eea000 	C:\WINDOWS\WinSxS\amd64_microsoft.windows.common-controls_6595b64144ccf1df_6.0.19041.1110_none_60b5254171f9507e\COMCTL32.dll
0x00007ffe0f2d0000 - 0x00007ffe0f3df000 	C:\WINDOWS\System32\gdi32full.dll
0x00007ffe0f1e0000 - 0x00007ffe0f27d000 	C:\WINDOWS\System32\msvcp_win.dll
0x00007ffe0df70000 - 0x00007ffe0df7a000 	C:\WINDOWS\SYSTEM32\VERSION.dll
0x00007ffe11a60000 - 0x00007ffe11a90000 	C:\WINDOWS\System32\IMM32.DLL
0x00007ffdff340000 - 0x00007ffdff34c000 	D:\jdk\bin\vcruntime140_1.dll
0x00007ffdc76b0000 - 0x00007ffdc773d000 	D:\jdk\bin\msvcp140.dll
0x00007ffd70550000 - 0x00007ffd71161000 	D:\jdk\bin\server\jvm.dll
0x00007ffe0fb30000 - 0x00007ffe0fb38000 	C:\WINDOWS\System32\PSAPI.DLL
0x00007ffdfaec0000 - 0x00007ffdfaec9000 	C:\WINDOWS\SYSTEM32\WSOCK32.dll
0x00007ffe109e0000 - 0x00007ffe10a4b000 	C:\WINDOWS\System32\WS2_32.dll
0x00007ffe005b0000 - 0x00007ffe005d7000 	C:\WINDOWS\SYSTEM32\WINMM.dll
0x00007ffe0df30000 - 0x00007ffe0df42000 	C:\WINDOWS\SYSTEM32\kernel.appcore.dll
0x00007ffdfeb70000 - 0x00007ffdfeb7a000 	D:\jdk\bin\jimage.dll
0x00007ffe09b60000 - 0x00007ffe09d44000 	C:\WINDOWS\SYSTEM32\DBGHELP.DLL
0x00007ffe09b00000 - 0x00007ffe09b2c000 	C:\WINDOWS\SYSTEM32\dbgcore.DLL
0x00007ffe0fa30000 - 0x00007ffe0fab2000 	C:\WINDOWS\System32\bcryptPrimitives.dll
0x00007ffe07860000 - 0x00007ffe0786e000 	D:\jdk\bin\instrument.dll
0x00007ffde6280000 - 0x00007ffde62a5000 	D:\jdk\bin\java.dll
0x00007ffdaf200000 - 0x00007ffdaf2d6000 	D:\jdk\bin\jsvml.dll
0x00007ffe10250000 - 0x00007ffe10993000 	C:\WINDOWS\System32\SHELL32.dll
0x00007ffe0d0f0000 - 0x00007ffe0d881000 	C:\WINDOWS\SYSTEM32\windows.storage.dll
0x00007ffe0fb40000 - 0x00007ffe0fe94000 	C:\WINDOWS\System32\combase.dll
0x00007ffe0eb60000 - 0x00007ffe0eb90000 	C:\WINDOWS\SYSTEM32\Wldp.dll
0x00007ffe11690000 - 0x00007ffe1173d000 	C:\WINDOWS\System32\SHCORE.dll
0x00007ffe113b0000 - 0x00007ffe11405000 	C:\WINDOWS\System32\shlwapi.dll
0x00007ffe0f120000 - 0x00007ffe0f13f000 	C:\WINDOWS\SYSTEM32\profapi.dll
0x00007ffde5890000 - 0x00007ffde58a8000 	D:\jdk\bin\zip.dll
0x00007ffde6880000 - 0x00007ffde6893000 	D:\jdk\bin\net.dll
0x00007ffe08110000 - 0x00007ffe0821d000 	C:\WINDOWS\SYSTEM32\WINHTTP.dll
0x00007ffe0e8c0000 - 0x00007ffe0e92a000 	C:\WINDOWS\system32\mswsock.dll
0x00007ffde5fb0000 - 0x00007ffde5fc6000 	D:\jdk\bin\nio.dll
0x00007ffdfebc0000 - 0x00007ffdfebda000 	D:\IntelliJ IDEA 2022.2\bin\breakgen64.dll
0x0000000069ac0000 - 0x0000000069ae4000 	C:\Users\admin\AppData\Local\Temp\jansi-2.4.0-3a560dd45c6a423-jansi.dll
0x00007ffdf46c0000 - 0x00007ffdf46d0000 	D:\jdk\bin\verify.dll
0x00007ffe0eab0000 - 0x00007ffe0eac8000 	C:\WINDOWS\SYSTEM32\CRYPTSP.dll
0x00007ffe0e1e0000 - 0x00007ffe0e214000 	C:\WINDOWS\system32\rsaenh.dll
0x00007ffe0f770000 - 0x00007ffe0f797000 	C:\WINDOWS\System32\bcrypt.dll
0x00007ffe0f0e0000 - 0x00007ffe0f10e000 	C:\WINDOWS\SYSTEM32\USERENV.dll
0x00007ffe0ead0000 - 0x00007ffe0eadc000 	C:\WINDOWS\SYSTEM32\CRYPTBASE.dll
0x00007ffe0e5b0000 - 0x00007ffe0e5eb000 	C:\WINDOWS\SYSTEM32\IPHLPAPI.DLL
0x00007ffe109c0000 - 0x00007ffe109c8000 	C:\WINDOWS\System32\NSI.dll
0x00007ffe09500000 - 0x00007ffe09517000 	C:\WINDOWS\SYSTEM32\dhcpcsvc6.DLL
0x00007ffe094e0000 - 0x00007ffe094fd000 	C:\WINDOWS\SYSTEM32\dhcpcsvc.DLL
0x00007ffe0e640000 - 0x00007ffe0e70a000 	C:\WINDOWS\SYSTEM32\DNSAPI.dll

dbghelp: loaded successfully - version: 4.0.5 - missing functions: none
symbol engine: initialized successfully - sym options: 0x614 - pdb path: .;D:\jdk\bin;C:\WINDOWS\SYSTEM32;C:\WINDOWS\WinSxS\amd64_microsoft.windows.common-controls_6595b64144ccf1df_6.0.19041.1110_none_60b5254171f9507e;D:\jdk\bin\server;D:\IntelliJ IDEA 2022.2\bin;C:\Users\admin\AppData\Local\Temp

VM Arguments:
jvm_args: -Dmaven.multiModuleProjectDirectory=E:\sgwProject\jingsai -Dmaven.home=D:\maven\apache-maven-3.8.6 -Dclassworlds.conf=D:\maven\apache-maven-3.8.6\bin\m2.conf -Dmaven.ext.class.path=D:\IntelliJ IDEA 2022.2\plugins\maven\lib\maven-event-listener.jar -javaagent:D:\IntelliJ IDEA 2022.2\lib\idea_rt.jar=50848:D:\IntelliJ IDEA 2022.2\bin -Dfile.encoding=UTF-8 
java_command: org.codehaus.classworlds.Launcher -Didea.version=2022.2 package
java_class_path (initial): D:\maven\apache-maven-3.8.6\boot\plexus-classworlds-2.6.0.jar;D:\maven\apache-maven-3.8.6\boot\plexus-classworlds.license
Launcher Type: SUN_STANDARD

[Global flags]
     intx CICompilerCount                          = 3                                         {product} {ergonomic}
     uint ConcGCThreads                            = 1                                         {product} {ergonomic}
     uint G1ConcRefinementThreads                  = 4                                         {product} {ergonomic}
   size_t G1HeapRegionSize                         = 1048576                                   {product} {ergonomic}
    uintx GCDrainStackTargetSize                   = 64                                        {product} {ergonomic}
   size_t InitialHeapSize                          = 134217728                                 {product} {ergonomic}
   size_t MarkStackSize                            = 4194304                                   {product} {ergonomic}
   size_t MaxHeapSize                              = 2122317824                                {product} {ergonomic}
   size_t MaxNewSize                               = 1272971264                                {product} {ergonomic}
   size_t MinHeapDeltaBytes                        = 1048576                                   {product} {ergonomic}
   size_t MinHeapSize                              = 8388608                                   {product} {ergonomic}
    uintx NonNMethodCodeHeapSize                   = 5832780                                {pd product} {ergonomic}
    uintx NonProfiledCodeHeapSize                  = 122912730                              {pd product} {ergonomic}
    uintx ProfiledCodeHeapSize                     = 122912730                              {pd product} {ergonomic}
    uintx ReservedCodeCacheSize                    = 251658240                              {pd product} {ergonomic}
     bool SegmentedCodeCache                       = true                                      {product} {ergonomic}
   size_t SoftMaxHeapSize                          = 2122317824                             {manageable} {ergonomic}
     bool UseCompressedClassPointers               = true                           {product lp64_product} {ergonomic}
     bool UseCompressedOops                        = true                           {product lp64_product} {ergonomic}
     bool UseG1GC                                  = true                                      {product} {ergonomic}
     bool UseLargePagesIndividualAllocation        = false                                  {pd product} {ergonomic}

Logging:
Log output configuration:
 #0: stdout all=warning uptime,level,tags foldmultilines=false
 #1: stderr all=off uptime,level,tags foldmultilines=false

Environment Variables:
PATH=C:\GeneralData\GBase\Server\bin;D:\oracle\bin;D:\oracle\WINDOWS.X64_193000_db_home\bin;C:\Program Files\Common Files\Oracle\Java\javapath;C:\Program Files (x86)\Intel\iCLS Client\;C:\Program Files\Intel\iCLS Client\;C:\WINDOWS\system32;C:\WINDOWS;C:\WINDOWS\System32\Wbem;C:\WINDOWS\System32\WindowsPowerShell\v1.0\;C:\Program Files (x86)\Intel\Intel(R) Management Engine Components\DAL;C:\Program Files\Intel\Intel(R) Management Engine Components\DAL;C:\Program Files (x86)\Intel\Intel(R) Management Engine Components\IPT;C:\Program Files\Intel\Intel(R) Management Engine Components\IPT;C:\WINDOWS\System32\OpenSSH\;C:\Program Files\dotnet\;C:\Program Files (x86)\NetSarang\Xshell 7\;C:\Program Files\Git\cmd;C:\Users\admin\AppData\Local\Microsoft\WindowsApps;D:\maven\apache-maven-3.8.6\bin;
USERNAME=admin
OS=Windows_NT
PROCESSOR_IDENTIFIER=Intel64 Family 6 Model 158 Stepping 9, GenuineIntel



---------------  S Y S T E M  ---------------

OS:
 Windows 10 , 64 bit Build 19041 (10.0.19041.1889)
OS uptime: 0 days 10:34 hours

CPU: total 4 (initial active 4) (4 cores per cpu, 1 threads per core) family 6 model 158 stepping 9 microcode 0xb4, cx8, cmov, fxsr, mmx, 3dnowpref, sse, sse2, sse3, ssse3, sse4.1, sse4.2, popcnt, lzcnt, tsc, tscinvbit, avx, avx2, aes, erms, clmul, bmi1, bmi2, rtm, adx, fma, vzeroupper, clflush, clflushopt

Memory: 4k page, system-wide physical 8088M (456M free)
TotalPageFile size 12184M (AvailPageFile size 72M)
current process WorkingSet (physical memory assigned to process): 267M, peak: 271M
current process commit charge ("private bytes"): 289M, peak: 296M

vm_info: Java HotSpot(TM) 64-Bit Server VM (18.0.2+9-61) for windows-amd64 JRE (18.0.2+9-61), built on Jun  7 2022 13:09:01 by "mach5one" with MS VC++ 16.8 / 16.9 (VS2019)

END.
