#
# There is insufficient memory for the Java Runtime Environment to continue.
# Native memory allocation (malloc) failed to allocate 478384 bytes for Chunk::new
# Possible reasons:
#   The system is out of physical RAM or swap space
#   The process is running with CompressedOops enabled, and the Java Heap may be blocking the growth of the native heap
# Possible solutions:
#   Reduce memory load on the system
#   Increase physical memory or swap space
#   Check if swap backing store is full
#   Decrease Java heap size (-Xmx/-Xms)
#   Decrease number of Java threads
#   Decrease Java thread stack sizes (-Xss)
#   Set larger code cache with -XX:ReservedCodeCacheSize=
#   JVM is running with Zero Based Compressed Oops mode in which the Java heap is
#     placed in the first 32GB address space. The Java Heap base address is the
#     maximum limit for the native heap growth. Please use -XX:HeapBaseMinAddress
#     to set the Java Heap base and to place the Java Heap above 32GB virtual address.
# This output file may be truncated or incomplete.
#
#  Out of Memory Error (arena.cpp:184), pid=20176, tid=16508
#
# JRE version: Java(TM) SE Runtime Environment (18.0.2+9) (build 18.0.2+9-61)
# Java VM: Java HotSpot(TM) 64-Bit Server VM (18.0.2+9-61, mixed mode, sharing, tiered, compressed oops, compressed class ptrs, g1 gc, windows-amd64)
# No core dump will be written. Minidumps are not enabled by default on client versions of Windows
#

---------------  S U M M A R Y ------------

Command Line: -Dmaven.multiModuleProjectDirectory=E:\sgwProject\jingsai -Dmaven.home=D:\IntelliJ IDEA 2022.2\plugins\maven\lib\maven3 -Dclassworlds.conf=D:\IntelliJ IDEA 2022.2\plugins\maven\lib\maven3\bin\m2.conf -Dmaven.ext.class.path=D:\IntelliJ IDEA 2022.2\plugins\maven\lib\maven-event-listener.jar -javaagent:D:\IntelliJ IDEA 2022.2\lib\idea_rt.jar=49209:D:\IntelliJ IDEA 2022.2\bin -Dfile.encoding=UTF-8 org.codehaus.classworlds.Launcher -Didea.version=2022.2 install

Host: Intel(R) Core(TM) i5-7500 CPU @ 3.40GHz, 4 cores, 15G,  Windows 10 , 64 bit Build 19041 (10.0.19041.1889)
Time: Tue Oct 18 13:05:20 2022  Windows 10 , 64 bit Build 19041 (10.0.19041.1889) elapsed time: 2.341931 seconds (0d 0h 0m 2s)

---------------  T H R E A D  ---------------

Current thread (0x0000020cc4ff6b10):  JavaThread "C2 CompilerThread1" daemon [_thread_in_native, id=16508, stack(0x0000005a8a800000,0x0000005a8a900000)]


Current CompileTask:
C2:   2341 3575       4       org.apache.maven.model.validation.DefaultModelValidator::validateEffectiveDependency (616 bytes)

Stack: [0x0000005a8a800000,0x0000005a8a900000]
Native frames: (J=compiled Java code, j=interpreted, Vv=VM code, C=native code)
V  [jvm.dll+0x6993ca]
V  [jvm.dll+0x7f481d]
V  [jvm.dll+0x7f612e]
V  [jvm.dll+0x7f67e3]
V  [jvm.dll+0x25cdaf]
V  [jvm.dll+0xb8c2f]
V  [jvm.dll+0xb8fa5]
V  [jvm.dll+0x3860cb]
V  [jvm.dll+0x1d29c2]
V  [jvm.dll+0x2300a9]
V  [jvm.dll+0x22f321]
V  [jvm.dll+0x1ba01c]
V  [jvm.dll+0x23ec9a]
V  [jvm.dll+0x23cf85]
V  [jvm.dll+0x7a6e21]
V  [jvm.dll+0x7a125a]
V  [jvm.dll+0x698275]
C  [ucrtbase.dll+0x21bb2]
C  [KERNEL32.DLL+0x17034]
C  [ntdll.dll+0x526a1]


---------------  P R O C E S S  ---------------

Threads class SMR info:
_java_thread_list=0x0000020cc4f1e6c0, length=14, elements={
0x0000020c9c611b70, 0x0000020cc0955f80, 0x0000020cc095ab00, 0x0000020cc0973d00,
0x0000020cc09755c0, 0x0000020cc0975e70, 0x0000020cc097a740, 0x0000020cc097e480,
0x0000020cc098a500, 0x0000020cc09a0630, 0x0000020cc0945910, 0x0000020cc4d2c1b0,
0x0000020cc4d2c670, 0x0000020cc4ff6b10
}

Java Threads: ( => current thread )
  0x0000020c9c611b70 JavaThread "main" [_thread_in_native, id=27652, stack(0x0000005a89400000,0x0000005a89500000)]
  0x0000020cc0955f80 JavaThread "Reference Handler" daemon [_thread_blocked, id=22424, stack(0x0000005a89b00000,0x0000005a89c00000)]
  0x0000020cc095ab00 JavaThread "Finalizer" daemon [_thread_blocked, id=10672, stack(0x0000005a89c00000,0x0000005a89d00000)]
  0x0000020cc0973d00 JavaThread "Signal Dispatcher" daemon [_thread_blocked, id=26308, stack(0x0000005a89d00000,0x0000005a89e00000)]
  0x0000020cc09755c0 JavaThread "Attach Listener" daemon [_thread_blocked, id=18000, stack(0x0000005a89e00000,0x0000005a89f00000)]
  0x0000020cc0975e70 JavaThread "Service Thread" daemon [_thread_blocked, id=17808, stack(0x0000005a89f00000,0x0000005a8a000000)]
  0x0000020cc097a740 JavaThread "Monitor Deflation Thread" daemon [_thread_blocked, id=26424, stack(0x0000005a8a000000,0x0000005a8a100000)]
  0x0000020cc097e480 JavaThread "C2 CompilerThread0" daemon [_thread_in_native, id=24292, stack(0x0000005a8a100000,0x0000005a8a200000)]
  0x0000020cc098a500 JavaThread "C1 CompilerThread0" daemon [_thread_blocked, id=11540, stack(0x0000005a8a200000,0x0000005a8a300000)]
  0x0000020cc09a0630 JavaThread "Sweeper thread" daemon [_thread_blocked, id=18924, stack(0x0000005a8a300000,0x0000005a8a400000)]
  0x0000020cc0945910 JavaThread "Common-Cleaner" daemon [_thread_blocked, id=14972, stack(0x0000005a8a400000,0x0000005a8a500000)]
  0x0000020cc4d2c1b0 JavaThread "Monitor Ctrl-Break" daemon [_thread_in_native, id=9708, stack(0x0000005a8a500000,0x0000005a8a600000)]
  0x0000020cc4d2c670 JavaThread "Notification Thread" daemon [_thread_blocked, id=488, stack(0x0000005a8a600000,0x0000005a8a700000)]
=>0x0000020cc4ff6b10 JavaThread "C2 CompilerThread1" daemon [_thread_in_native, id=16508, stack(0x0000005a8a800000,0x0000005a8a900000)]

Other Threads:
  0x0000020c9c69af00 VMThread "VM Thread" [stack: 0x0000005a89a00000,0x0000005a89b00000] [id=26840]
  0x0000020cc4d93640 WatcherThread "VM Periodic Task Thread" [stack: 0x0000005a8a700000,0x0000005a8a800000] [id=24048]
  0x0000020c9c6802d0 WorkerThread "GC Thread#0" [stack: 0x0000005a89500000,0x0000005a89600000] [id=17764]
  0x0000020cc52144f0 WorkerThread "GC Thread#1" [stack: 0x0000005a8a900000,0x0000005a8aa00000] [id=26172]
  0x0000020cc5214790 WorkerThread "GC Thread#2" [stack: 0x0000005a8aa00000,0x0000005a8ab00000] [id=25328]
  0x0000020cc5214a30 WorkerThread "GC Thread#3" [stack: 0x0000005a8ab00000,0x0000005a8ac00000] [id=26024]
  0x0000020c9c691fa0 ConcurrentGCThread "G1 Main Marker" [stack: 0x0000005a89600000,0x0000005a89700000] [id=25044]
  0x0000020c9c6928a0 WorkerThread "G1 Conc#0" [stack: 0x0000005a89700000,0x0000005a89800000] [id=25476]
  0x0000020c9c6c94e0 ConcurrentGCThread "G1 Refine#0" [stack: 0x0000005a89800000,0x0000005a89900000] [id=17568]
  0x0000020cc5373e60 ConcurrentGCThread "G1 Refine#1" [stack: 0x0000005a8ac00000,0x0000005a8ad00000] [id=22204]
  0x0000020c9c6c9d00 ConcurrentGCThread "G1 Service" [stack: 0x0000005a89900000,0x0000005a89a00000] [id=22836]

Threads with active compile tasks:
C2 CompilerThread0     2403 3416   !   4       org.codehaus.plexus.interpolation.StringSearchInterpolator::interpolate (650 bytes)
C2 CompilerThread1     2403 3575       4       org.apache.maven.model.validation.DefaultModelValidator::validateEffectiveDependency (616 bytes)

VM state: not at safepoint (normal execution)

VM Mutex/Monitor currently owned by a thread: None

Heap address: 0x0000000701800000, size: 4072 MB, Compressed Oops mode: Zero based, Oop shift amount: 3

CDS archive(s) mapped at: [0x0000000800000000-0x0000000800ba0000-0x0000000800ba0000), size 12189696, SharedBaseAddress: 0x0000000800000000, ArchiveRelocationMode: 0.
Compressed class space mapped at: 0x0000000800c00000-0x0000000840c00000, reserved size: 1073741824
Narrow klass base: 0x0000000800000000, Narrow klass shift: 0, Narrow klass range: 0x100000000

GC Precious Log:
 CardTable entry size: 512
 Card Set container configuration: InlinePtr #cards 4 size 8 Array Of Cards #cards 16 size 48 Howl #buckets 8 coarsen threshold 3686 Howl Bitmap #cards 512 size 80 coarsen threshold 460 Card regions per heap region 1 cards per card region 4096
 CPUs: 4 total, 4 available
 Memory: 16280M
 Large Page Support: Disabled
 NUMA Support: Disabled
 Compressed Oops: Enabled (Zero based)
 Heap Region Size: 2M
 Heap Min Capacity: 8M
 Heap Initial Capacity: 256M
 Heap Max Capacity: 4072M
 Pre-touch: Disabled
 Parallel Workers: 4
 Concurrent Workers: 1
 Concurrent Refinement Workers: 4
 Periodic GC: Disabled

Heap:
 garbage-first heap   total 262144K, used 84243K [0x0000000701800000, 0x0000000800000000)
  region size 2048K, 41 young (83968K), 2 survivors (4096K)
 Metaspace       used 14244K, committed 14528K, reserved 1114112K
  class space    used 1548K, committed 1664K, reserved 1048576K

Heap Regions: E=young(eden), S=young(survivor), O=old, HS=humongous(starts), HC=humongous(continues), CS=collection set, F=free, OA=open archive, CA=closed archive, TAMS=top-at-mark-start (previous, next)
|   0|0x0000000701800000, 0x0000000701a00000, 0x0000000701a00000|100%| O|  |TAMS 0x0000000701800000, 0x0000000701800000| Untracked 
|   1|0x0000000701a00000, 0x0000000701b8ba00, 0x0000000701c00000| 77%| O|  |TAMS 0x0000000701a00000, 0x0000000701a00000| Untracked 
|   2|0x0000000701c00000, 0x0000000701c00000, 0x0000000701e00000|  0%| F|  |TAMS 0x0000000701c00000, 0x0000000701c00000| Untracked 
|   3|0x0000000701e00000, 0x0000000701e00000, 0x0000000702000000|  0%| F|  |TAMS 0x0000000701e00000, 0x0000000701e00000| Untracked 
|   4|0x0000000702000000, 0x0000000702000000, 0x0000000702200000|  0%| F|  |TAMS 0x0000000702000000, 0x0000000702000000| Untracked 
|   5|0x0000000702200000, 0x0000000702200000, 0x0000000702400000|  0%| F|  |TAMS 0x0000000702200000, 0x0000000702200000| Untracked 
|   6|0x0000000702400000, 0x0000000702400000, 0x0000000702600000|  0%| F|  |TAMS 0x0000000702400000, 0x0000000702400000| Untracked 
|   7|0x0000000702600000, 0x0000000702600000, 0x0000000702800000|  0%| F|  |TAMS 0x0000000702600000, 0x0000000702600000| Untracked 
|   8|0x0000000702800000, 0x0000000702800000, 0x0000000702a00000|  0%| F|  |TAMS 0x0000000702800000, 0x0000000702800000| Untracked 
|   9|0x0000000702a00000, 0x0000000702a00000, 0x0000000702c00000|  0%| F|  |TAMS 0x0000000702a00000, 0x0000000702a00000| Untracked 
|  10|0x0000000702c00000, 0x0000000702c00000, 0x0000000702e00000|  0%| F|  |TAMS 0x0000000702c00000, 0x0000000702c00000| Untracked 
|  11|0x0000000702e00000, 0x0000000702e00000, 0x0000000703000000|  0%| F|  |TAMS 0x0000000702e00000, 0x0000000702e00000| Untracked 
|  12|0x0000000703000000, 0x0000000703000000, 0x0000000703200000|  0%| F|  |TAMS 0x0000000703000000, 0x0000000703000000| Untracked 
|  13|0x0000000703200000, 0x0000000703200000, 0x0000000703400000|  0%| F|  |TAMS 0x0000000703200000, 0x0000000703200000| Untracked 
|  14|0x0000000703400000, 0x0000000703400000, 0x0000000703600000|  0%| F|  |TAMS 0x0000000703400000, 0x0000000703400000| Untracked 
|  15|0x0000000703600000, 0x0000000703600000, 0x0000000703800000|  0%| F|  |TAMS 0x0000000703600000, 0x0000000703600000| Untracked 
|  16|0x0000000703800000, 0x0000000703800000, 0x0000000703a00000|  0%| F|  |TAMS 0x0000000703800000, 0x0000000703800000| Untracked 
|  17|0x0000000703a00000, 0x0000000703a00000, 0x0000000703c00000|  0%| F|  |TAMS 0x0000000703a00000, 0x0000000703a00000| Untracked 
|  18|0x0000000703c00000, 0x0000000703c00000, 0x0000000703e00000|  0%| F|  |TAMS 0x0000000703c00000, 0x0000000703c00000| Untracked 
|  19|0x0000000703e00000, 0x0000000703e00000, 0x0000000704000000|  0%| F|  |TAMS 0x0000000703e00000, 0x0000000703e00000| Untracked 
|  20|0x0000000704000000, 0x0000000704000000, 0x0000000704200000|  0%| F|  |TAMS 0x0000000704000000, 0x0000000704000000| Untracked 
|  21|0x0000000704200000, 0x0000000704200000, 0x0000000704400000|  0%| F|  |TAMS 0x0000000704200000, 0x0000000704200000| Untracked 
|  22|0x0000000704400000, 0x0000000704400000, 0x0000000704600000|  0%| F|  |TAMS 0x0000000704400000, 0x0000000704400000| Untracked 
|  23|0x0000000704600000, 0x0000000704600000, 0x0000000704800000|  0%| F|  |TAMS 0x0000000704600000, 0x0000000704600000| Untracked 
|  24|0x0000000704800000, 0x0000000704800000, 0x0000000704a00000|  0%| F|  |TAMS 0x0000000704800000, 0x0000000704800000| Untracked 
|  25|0x0000000704a00000, 0x0000000704a00000, 0x0000000704c00000|  0%| F|  |TAMS 0x0000000704a00000, 0x0000000704a00000| Untracked 
|  26|0x0000000704c00000, 0x0000000704c00000, 0x0000000704e00000|  0%| F|  |TAMS 0x0000000704c00000, 0x0000000704c00000| Untracked 
|  27|0x0000000704e00000, 0x0000000704e00000, 0x0000000705000000|  0%| F|  |TAMS 0x0000000704e00000, 0x0000000704e00000| Untracked 
|  28|0x0000000705000000, 0x0000000705000000, 0x0000000705200000|  0%| F|  |TAMS 0x0000000705000000, 0x0000000705000000| Untracked 
|  29|0x0000000705200000, 0x0000000705200000, 0x0000000705400000|  0%| F|  |TAMS 0x0000000705200000, 0x0000000705200000| Untracked 
|  30|0x0000000705400000, 0x0000000705400000, 0x0000000705600000|  0%| F|  |TAMS 0x0000000705400000, 0x0000000705400000| Untracked 
|  31|0x0000000705600000, 0x0000000705600000, 0x0000000705800000|  0%| F|  |TAMS 0x0000000705600000, 0x0000000705600000| Untracked 
|  32|0x0000000705800000, 0x0000000705800000, 0x0000000705a00000|  0%| F|  |TAMS 0x0000000705800000, 0x0000000705800000| Untracked 
|  33|0x0000000705a00000, 0x0000000705a00000, 0x0000000705c00000|  0%| F|  |TAMS 0x0000000705a00000, 0x0000000705a00000| Untracked 
|  34|0x0000000705c00000, 0x0000000705c00000, 0x0000000705e00000|  0%| F|  |TAMS 0x0000000705c00000, 0x0000000705c00000| Untracked 
|  35|0x0000000705e00000, 0x0000000705e00000, 0x0000000706000000|  0%| F|  |TAMS 0x0000000705e00000, 0x0000000705e00000| Untracked 
|  36|0x0000000706000000, 0x0000000706000000, 0x0000000706200000|  0%| F|  |TAMS 0x0000000706000000, 0x0000000706000000| Untracked 
|  37|0x0000000706200000, 0x0000000706200000, 0x0000000706400000|  0%| F|  |TAMS 0x0000000706200000, 0x0000000706200000| Untracked 
|  38|0x0000000706400000, 0x0000000706400000, 0x0000000706600000|  0%| F|  |TAMS 0x0000000706400000, 0x0000000706400000| Untracked 
|  39|0x0000000706600000, 0x0000000706600000, 0x0000000706800000|  0%| F|  |TAMS 0x0000000706600000, 0x0000000706600000| Untracked 
|  40|0x0000000706800000, 0x0000000706800000, 0x0000000706a00000|  0%| F|  |TAMS 0x0000000706800000, 0x0000000706800000| Untracked 
|  41|0x0000000706a00000, 0x0000000706a00000, 0x0000000706c00000|  0%| F|  |TAMS 0x0000000706a00000, 0x0000000706a00000| Untracked 
|  42|0x0000000706c00000, 0x0000000706c00000, 0x0000000706e00000|  0%| F|  |TAMS 0x0000000706c00000, 0x0000000706c00000| Untracked 
|  43|0x0000000706e00000, 0x0000000706e00000, 0x0000000707000000|  0%| F|  |TAMS 0x0000000706e00000, 0x0000000706e00000| Untracked 
|  44|0x0000000707000000, 0x0000000707000000, 0x0000000707200000|  0%| F|  |TAMS 0x0000000707000000, 0x0000000707000000| Untracked 
|  45|0x0000000707200000, 0x0000000707200000, 0x0000000707400000|  0%| F|  |TAMS 0x0000000707200000, 0x0000000707200000| Untracked 
|  46|0x0000000707400000, 0x0000000707400000, 0x0000000707600000|  0%| F|  |TAMS 0x0000000707400000, 0x0000000707400000| Untracked 
|  47|0x0000000707600000, 0x0000000707600000, 0x0000000707800000|  0%| F|  |TAMS 0x0000000707600000, 0x0000000707600000| Untracked 
|  48|0x0000000707800000, 0x0000000707800000, 0x0000000707a00000|  0%| F|  |TAMS 0x0000000707800000, 0x0000000707800000| Untracked 
|  49|0x0000000707a00000, 0x0000000707a00000, 0x0000000707c00000|  0%| F|  |TAMS 0x0000000707a00000, 0x0000000707a00000| Untracked 
|  50|0x0000000707c00000, 0x0000000707c00000, 0x0000000707e00000|  0%| F|  |TAMS 0x0000000707c00000, 0x0000000707c00000| Untracked 
|  51|0x0000000707e00000, 0x0000000707e00000, 0x0000000708000000|  0%| F|  |TAMS 0x0000000707e00000, 0x0000000707e00000| Untracked 
|  52|0x0000000708000000, 0x0000000708000000, 0x0000000708200000|  0%| F|  |TAMS 0x0000000708000000, 0x0000000708000000| Untracked 
|  53|0x0000000708200000, 0x0000000708200000, 0x0000000708400000|  0%| F|  |TAMS 0x0000000708200000, 0x0000000708200000| Untracked 
|  54|0x0000000708400000, 0x0000000708400000, 0x0000000708600000|  0%| F|  |TAMS 0x0000000708400000, 0x0000000708400000| Untracked 
|  55|0x0000000708600000, 0x0000000708600000, 0x0000000708800000|  0%| F|  |TAMS 0x0000000708600000, 0x0000000708600000| Untracked 
|  56|0x0000000708800000, 0x0000000708800000, 0x0000000708a00000|  0%| F|  |TAMS 0x0000000708800000, 0x0000000708800000| Untracked 
|  57|0x0000000708a00000, 0x0000000708a00000, 0x0000000708c00000|  0%| F|  |TAMS 0x0000000708a00000, 0x0000000708a00000| Untracked 
|  58|0x0000000708c00000, 0x0000000708c00000, 0x0000000708e00000|  0%| F|  |TAMS 0x0000000708c00000, 0x0000000708c00000| Untracked 
|  59|0x0000000708e00000, 0x0000000708e00000, 0x0000000709000000|  0%| F|  |TAMS 0x0000000708e00000, 0x0000000708e00000| Untracked 
|  60|0x0000000709000000, 0x0000000709000000, 0x0000000709200000|  0%| F|  |TAMS 0x0000000709000000, 0x0000000709000000| Untracked 
|  61|0x0000000709200000, 0x0000000709200000, 0x0000000709400000|  0%| F|  |TAMS 0x0000000709200000, 0x0000000709200000| Untracked 
|  62|0x0000000709400000, 0x0000000709400000, 0x0000000709600000|  0%| F|  |TAMS 0x0000000709400000, 0x0000000709400000| Untracked 
|  63|0x0000000709600000, 0x0000000709600000, 0x0000000709800000|  0%| F|  |TAMS 0x0000000709600000, 0x0000000709600000| Untracked 
|  64|0x0000000709800000, 0x0000000709800000, 0x0000000709a00000|  0%| F|  |TAMS 0x0000000709800000, 0x0000000709800000| Untracked 
|  65|0x0000000709a00000, 0x0000000709a00000, 0x0000000709c00000|  0%| F|  |TAMS 0x0000000709a00000, 0x0000000709a00000| Untracked 
|  66|0x0000000709c00000, 0x0000000709c00000, 0x0000000709e00000|  0%| F|  |TAMS 0x0000000709c00000, 0x0000000709c00000| Untracked 
|  67|0x0000000709e00000, 0x0000000709e00000, 0x000000070a000000|  0%| F|  |TAMS 0x0000000709e00000, 0x0000000709e00000| Untracked 
|  68|0x000000070a000000, 0x000000070a000000, 0x000000070a200000|  0%| F|  |TAMS 0x000000070a000000, 0x000000070a000000| Untracked 
|  69|0x000000070a200000, 0x000000070a200000, 0x000000070a400000|  0%| F|  |TAMS 0x000000070a200000, 0x000000070a200000| Untracked 
|  70|0x000000070a400000, 0x000000070a400000, 0x000000070a600000|  0%| F|  |TAMS 0x000000070a400000, 0x000000070a400000| Untracked 
|  71|0x000000070a600000, 0x000000070a600000, 0x000000070a800000|  0%| F|  |TAMS 0x000000070a600000, 0x000000070a600000| Untracked 
|  72|0x000000070a800000, 0x000000070a800000, 0x000000070aa00000|  0%| F|  |TAMS 0x000000070a800000, 0x000000070a800000| Untracked 
|  73|0x000000070aa00000, 0x000000070aa00000, 0x000000070ac00000|  0%| F|  |TAMS 0x000000070aa00000, 0x000000070aa00000| Untracked 
|  74|0x000000070ac00000, 0x000000070ac00000, 0x000000070ae00000|  0%| F|  |TAMS 0x000000070ac00000, 0x000000070ac00000| Untracked 
|  75|0x000000070ae00000, 0x000000070ae00000, 0x000000070b000000|  0%| F|  |TAMS 0x000000070ae00000, 0x000000070ae00000| Untracked 
|  76|0x000000070b000000, 0x000000070b000000, 0x000000070b200000|  0%| F|  |TAMS 0x000000070b000000, 0x000000070b000000| Untracked 
|  77|0x000000070b200000, 0x000000070b200000, 0x000000070b400000|  0%| F|  |TAMS 0x000000070b200000, 0x000000070b200000| Untracked 
|  78|0x000000070b400000, 0x000000070b400000, 0x000000070b600000|  0%| F|  |TAMS 0x000000070b400000, 0x000000070b400000| Untracked 
|  79|0x000000070b600000, 0x000000070b600000, 0x000000070b800000|  0%| F|  |TAMS 0x000000070b600000, 0x000000070b600000| Untracked 
|  80|0x000000070b800000, 0x000000070b800000, 0x000000070ba00000|  0%| F|  |TAMS 0x000000070b800000, 0x000000070b800000| Untracked 
|  81|0x000000070ba00000, 0x000000070ba00000, 0x000000070bc00000|  0%| F|  |TAMS 0x000000070ba00000, 0x000000070ba00000| Untracked 
|  82|0x000000070bc00000, 0x000000070bc00000, 0x000000070be00000|  0%| F|  |TAMS 0x000000070bc00000, 0x000000070bc00000| Untracked 
|  83|0x000000070be00000, 0x000000070be00000, 0x000000070c000000|  0%| F|  |TAMS 0x000000070be00000, 0x000000070be00000| Untracked 
|  84|0x000000070c000000, 0x000000070c000000, 0x000000070c200000|  0%| F|  |TAMS 0x000000070c000000, 0x000000070c000000| Untracked 
|  85|0x000000070c200000, 0x000000070c200000, 0x000000070c400000|  0%| F|  |TAMS 0x000000070c200000, 0x000000070c200000| Untracked 
|  86|0x000000070c400000, 0x000000070c400000, 0x000000070c600000|  0%| F|  |TAMS 0x000000070c400000, 0x000000070c400000| Untracked 
|  87|0x000000070c600000, 0x000000070c800000, 0x000000070c800000|100%| E|  |TAMS 0x000000070c600000, 0x000000070c600000| Complete 
|  88|0x000000070c800000, 0x000000070ca00000, 0x000000070ca00000|100%| E|CS|TAMS 0x000000070c800000, 0x000000070c800000| Complete 
|  89|0x000000070ca00000, 0x000000070cc00000, 0x000000070cc00000|100%| E|CS|TAMS 0x000000070ca00000, 0x000000070ca00000| Complete 
|  90|0x000000070cc00000, 0x000000070ce00000, 0x000000070ce00000|100%| E|CS|TAMS 0x000000070cc00000, 0x000000070cc00000| Complete 
|  91|0x000000070ce00000, 0x000000070d000000, 0x000000070d000000|100%| E|CS|TAMS 0x000000070ce00000, 0x000000070ce00000| Complete 
|  92|0x000000070d000000, 0x000000070d200000, 0x000000070d200000|100%| E|CS|TAMS 0x000000070d000000, 0x000000070d000000| Complete 
|  93|0x000000070d200000, 0x000000070d400000, 0x000000070d400000|100%| E|CS|TAMS 0x000000070d200000, 0x000000070d200000| Complete 
|  94|0x000000070d400000, 0x000000070d600000, 0x000000070d600000|100%| E|CS|TAMS 0x000000070d400000, 0x000000070d400000| Complete 
|  95|0x000000070d600000, 0x000000070d800000, 0x000000070d800000|100%| E|CS|TAMS 0x000000070d600000, 0x000000070d600000| Complete 
|  96|0x000000070d800000, 0x000000070da00000, 0x000000070da00000|100%| E|CS|TAMS 0x000000070d800000, 0x000000070d800000| Complete 
|  97|0x000000070da00000, 0x000000070dc00000, 0x000000070dc00000|100%| E|CS|TAMS 0x000000070da00000, 0x000000070da00000| Complete 
|  98|0x000000070dc00000, 0x000000070de00000, 0x000000070de00000|100%| E|CS|TAMS 0x000000070dc00000, 0x000000070dc00000| Complete 
|  99|0x000000070de00000, 0x000000070e000000, 0x000000070e000000|100%| E|CS|TAMS 0x000000070de00000, 0x000000070de00000| Complete 
| 100|0x000000070e000000, 0x000000070e200000, 0x000000070e200000|100%| E|CS|TAMS 0x000000070e000000, 0x000000070e000000| Complete 
| 101|0x000000070e200000, 0x000000070e400000, 0x000000070e400000|100%| E|CS|TAMS 0x000000070e200000, 0x000000070e200000| Complete 
| 102|0x000000070e400000, 0x000000070e600000, 0x000000070e600000|100%| E|CS|TAMS 0x000000070e400000, 0x000000070e400000| Complete 
| 103|0x000000070e600000, 0x000000070e800000, 0x000000070e800000|100%| E|CS|TAMS 0x000000070e600000, 0x000000070e600000| Complete 
| 104|0x000000070e800000, 0x000000070ea00000, 0x000000070ea00000|100%| E|CS|TAMS 0x000000070e800000, 0x000000070e800000| Complete 
| 105|0x000000070ea00000, 0x000000070ec00000, 0x000000070ec00000|100%| E|CS|TAMS 0x000000070ea00000, 0x000000070ea00000| Complete 
| 106|0x000000070ec00000, 0x000000070ee00000, 0x000000070ee00000|100%| E|CS|TAMS 0x000000070ec00000, 0x000000070ec00000| Complete 
| 107|0x000000070ee00000, 0x000000070f000000, 0x000000070f000000|100%| E|CS|TAMS 0x000000070ee00000, 0x000000070ee00000| Complete 
| 108|0x000000070f000000, 0x000000070f200000, 0x000000070f200000|100%| E|CS|TAMS 0x000000070f000000, 0x000000070f000000| Complete 
| 109|0x000000070f200000, 0x000000070f400000, 0x000000070f400000|100%| E|CS|TAMS 0x000000070f200000, 0x000000070f200000| Complete 
| 110|0x000000070f400000, 0x000000070f600000, 0x000000070f600000|100%| E|CS|TAMS 0x000000070f400000, 0x000000070f400000| Complete 
| 111|0x000000070f600000, 0x000000070f6b9410, 0x000000070f800000| 36%| S|CS|TAMS 0x000000070f600000, 0x000000070f600000| Complete 
| 112|0x000000070f800000, 0x000000070fa00000, 0x000000070fa00000|100%| S|CS|TAMS 0x000000070f800000, 0x000000070f800000| Complete 
| 113|0x000000070fa00000, 0x000000070fc00000, 0x000000070fc00000|100%| E|CS|TAMS 0x000000070fa00000, 0x000000070fa00000| Complete 
| 114|0x000000070fc00000, 0x000000070fe00000, 0x000000070fe00000|100%| E|CS|TAMS 0x000000070fc00000, 0x000000070fc00000| Complete 
| 115|0x000000070fe00000, 0x0000000710000000, 0x0000000710000000|100%| E|CS|TAMS 0x000000070fe00000, 0x000000070fe00000| Complete 
| 116|0x0000000710000000, 0x0000000710200000, 0x0000000710200000|100%| E|CS|TAMS 0x0000000710000000, 0x0000000710000000| Complete 
| 117|0x0000000710200000, 0x0000000710400000, 0x0000000710400000|100%| E|CS|TAMS 0x0000000710200000, 0x0000000710200000| Complete 
| 118|0x0000000710400000, 0x0000000710600000, 0x0000000710600000|100%| E|CS|TAMS 0x0000000710400000, 0x0000000710400000| Complete 
| 119|0x0000000710600000, 0x0000000710800000, 0x0000000710800000|100%| E|CS|TAMS 0x0000000710600000, 0x0000000710600000| Complete 
| 120|0x0000000710800000, 0x0000000710a00000, 0x0000000710a00000|100%| E|CS|TAMS 0x0000000710800000, 0x0000000710800000| Complete 
| 121|0x0000000710a00000, 0x0000000710c00000, 0x0000000710c00000|100%| E|CS|TAMS 0x0000000710a00000, 0x0000000710a00000| Complete 
| 122|0x0000000710c00000, 0x0000000710e00000, 0x0000000710e00000|100%| E|CS|TAMS 0x0000000710c00000, 0x0000000710c00000| Complete 
| 123|0x0000000710e00000, 0x0000000711000000, 0x0000000711000000|100%| E|CS|TAMS 0x0000000710e00000, 0x0000000710e00000| Complete 
| 124|0x0000000711000000, 0x0000000711200000, 0x0000000711200000|100%| E|CS|TAMS 0x0000000711000000, 0x0000000711000000| Complete 
| 125|0x0000000711200000, 0x0000000711400000, 0x0000000711400000|100%| E|CS|TAMS 0x0000000711200000, 0x0000000711200000| Complete 
| 126|0x0000000711400000, 0x0000000711600000, 0x0000000711600000|100%| E|CS|TAMS 0x0000000711400000, 0x0000000711400000| Complete 
| 127|0x0000000711600000, 0x0000000711800000, 0x0000000711800000|100%| E|CS|TAMS 0x0000000711600000, 0x0000000711600000| Complete 

Card table byte_map: [0x0000020cb5520000,0x0000020cb5d20000] _byte_map_base: 0x0000020cb1d14000

Marking Bits (Prev, Next): (CMBitMap*) 0x0000020c9c6817f0, (CMBitMap*) 0x0000020c9c681830
 Prev Bits: [0x0000020cb6520000, 0x0000020cba4c0000)
 Next Bits: [0x0000020cba4c0000, 0x0000020cbe460000)

Polling page: 0x0000020c9c490000

Metaspace:

Usage:
  Non-class:     12.40 MB used.
      Class:      1.51 MB used.
       Both:     13.91 MB used.

Virtual space:
  Non-class space:       64.00 MB reserved,      12.56 MB ( 20%) committed,  1 nodes.
      Class space:        1.00 GB reserved,       1.62 MB ( <1%) committed,  1 nodes.
             Both:        1.06 GB reserved,      14.19 MB (  1%) committed. 

Chunk freelists:
   Non-Class:  3.22 MB
       Class:  2.33 MB
        Both:  5.54 MB

MaxMetaspaceSize: unlimited
CompressedClassSpaceSize: 1.00 GB
Initial GC threshold: 21.00 MB
Current GC threshold: 21.00 MB
CDS: on
MetaspaceReclaimPolicy: balanced
 - commit_granule_bytes: 65536.
 - commit_granule_words: 8192.
 - virtual_space_node_default_size: 8388608.
 - enlarge_chunks_in_place: 1.
 - new_chunks_are_fully_committed: 0.
 - uncommit_free_chunks: 1.
 - use_allocation_guard: 0.


Internal statistics:

num_allocs_failed_limit: 0.
num_arena_births: 258.
num_arena_deaths: 0.
num_vsnodes_births: 2.
num_vsnodes_deaths: 0.
num_space_committed: 227.
num_space_uncommitted: 0.
num_chunks_returned_to_freelist: 0.
num_chunks_taken_from_freelist: 716.
num_chunk_merges: 0.
num_chunk_splits: 510.
num_chunks_enlarged: 379.
num_inconsistent_stats: 0.

CodeHeap 'non-profiled nmethods': size=120000Kb used=1713Kb max_used=1713Kb free=118286Kb
 bounds [0x0000020cad1d0000, 0x0000020cad440000, 0x0000020cb4700000]
CodeHeap 'profiled nmethods': size=120000Kb used=7592Kb max_used=7592Kb free=112407Kb
 bounds [0x0000020ca5ca0000, 0x0000020ca6410000, 0x0000020cad1d0000]
CodeHeap 'non-nmethods': size=5760Kb used=1200Kb max_used=1242Kb free=4559Kb
 bounds [0x0000020ca5700000, 0x0000020ca5970000, 0x0000020ca5ca0000]
 total_blobs=4149 nmethods=3664 adapters=397
 compilation: enabled
              stopped_count=0, restarted_count=0
 full_count=0

Compilation events (20 events):
Event: 2.324 Thread 0x0000020cc098a500 nmethod 3605 0x0000020ca63d3410 code [0x0000020ca63d35e0, 0x0000020ca63d39f8]
Event: 2.324 Thread 0x0000020cc098a500 3606       3       org.apache.maven.model.ReportPlugin::<init> (16 bytes)
Event: 2.324 Thread 0x0000020cc098a500 nmethod 3606 0x0000020ca63d3b90 code [0x0000020ca63d3d40, 0x0000020ca63d3fb8]
Event: 2.326 Thread 0x0000020cc098a500 3607       1       org.apache.maven.model.building.DefaultModelBuildingRequest::getRawModel (5 bytes)
Event: 2.326 Thread 0x0000020cc098a500 nmethod 3607 0x0000020cad37a590 code [0x0000020cad37a720, 0x0000020cad37a7f8]
Event: 2.330 Thread 0x0000020cc098a500 3608  s    3       org.apache.maven.model.building.DefaultModelBuildingRequest::getModelSource (34 bytes)
Event: 2.330 Thread 0x0000020cc098a500 nmethod 3608 0x0000020ca63d4090 code [0x0000020ca63d4280, 0x0000020ca63d48f8]
Event: 2.330 Thread 0x0000020cc098a500 3609       3       org.apache.maven.model.building.ModelData::<init> (15 bytes)
Event: 2.330 Thread 0x0000020cc098a500 nmethod 3609 0x0000020ca63d4b10 code [0x0000020ca63d4cc0, 0x0000020ca63d4ef8]
Event: 2.331 Thread 0x0000020cc098a500 3610       3       org.codehaus.plexus.interpolation.ObjectBasedValueSource::<init> (11 bytes)
Event: 2.331 Thread 0x0000020cc098a500 nmethod 3610 0x0000020ca63d4f90 code [0x0000020ca63d5160, 0x0000020ca63d5678]
Event: 2.331 Thread 0x0000020cc098a500 3611       1       org.codehaus.plexus.interpolation.StringSearchInterpolator::setCacheAnswers (6 bytes)
Event: 2.331 Thread 0x0000020cc098a500 nmethod 3611 0x0000020cad37a890 code [0x0000020cad37aa20, 0x0000020cad37aaf8]
Event: 2.331 Thread 0x0000020cc098a500 3612       1       org.apache.maven.model.building.DefaultModelBuildingRequest::isTwoPhaseBuilding (5 bytes)
Event: 2.332 Thread 0x0000020cc098a500 nmethod 3612 0x0000020cad37ab90 code [0x0000020cad37ad20, 0x0000020cad37adf8]
Event: 2.332 Thread 0x0000020cc098a500 3613       3       org.apache.maven.model.building.DefaultModelProblemCollector::<init> (77 bytes)
Event: 2.332 Thread 0x0000020cc098a500 nmethod 3613 0x0000020ca63d5810 code [0x0000020ca63d5a40, 0x0000020ca63d62e8]
Event: 2.332 Thread 0x0000020cc098a500 3614       1       org.apache.maven.model.building.DefaultModelBuildingRequest::getModelBuildingListener (5 bytes)
Event: 2.332 Thread 0x0000020cc098a500 nmethod 3614 0x0000020cad37ae90 code [0x0000020cad37b020, 0x0000020cad37b0f8]
Event: 2.332 Thread 0x0000020cc098a500 3615   !   3       org.apache.maven.model.building.DefaultModelBuilder::importDependencyManagement (1092 bytes)

GC Heap History (6 events):
Event: 0.526 GC heap before
{Heap before GC invocations=0 (full 0):
 garbage-first heap   total 262144K, used 10240K [0x0000000701800000, 0x0000000800000000)
  region size 2048K, 6 young (12288K), 0 survivors (0K)
 Metaspace       used 3852K, committed 3968K, reserved 1114112K
  class space    used 373K, committed 448K, reserved 1048576K
}
Event: 0.531 GC heap after
{Heap after GC invocations=1 (full 0):
 garbage-first heap   total 262144K, used 3507K [0x0000000701800000, 0x0000000800000000)
  region size 2048K, 1 young (2048K), 1 survivors (2048K)
 Metaspace       used 3852K, committed 3968K, reserved 1114112K
  class space    used 373K, committed 448K, reserved 1048576K
}
Event: 0.823 GC heap before
{Heap before GC invocations=1 (full 0):
 garbage-first heap   total 262144K, used 11699K [0x0000000701800000, 0x0000000800000000)
  region size 2048K, 6 young (12288K), 1 survivors (2048K)
 Metaspace       used 5775K, committed 5888K, reserved 1114112K
  class space    used 648K, committed 704K, reserved 1048576K
}
Event: 0.826 GC heap after
{Heap after GC invocations=2 (full 0):
 garbage-first heap   total 262144K, used 4312K [0x0000000701800000, 0x0000000800000000)
  region size 2048K, 1 young (2048K), 1 survivors (2048K)
 Metaspace       used 5775K, committed 5888K, reserved 1114112K
  class space    used 648K, committed 704K, reserved 1048576K
}
Event: 1.279 GC heap before
{Heap before GC invocations=2 (full 0):
 garbage-first heap   total 262144K, used 30936K [0x0000000701800000, 0x0000000800000000)
  region size 2048K, 15 young (30720K), 1 survivors (2048K)
 Metaspace       used 10419K, committed 10624K, reserved 1114112K
  class space    used 1222K, committed 1344K, reserved 1048576K
}
Event: 1.282 GC heap after
{Heap after GC invocations=3 (full 0):
 garbage-first heap   total 262144K, used 6419K [0x0000000701800000, 0x0000000800000000)
  region size 2048K, 2 young (4096K), 2 survivors (4096K)
 Metaspace       used 10419K, committed 10624K, reserved 1114112K
  class space    used 1222K, committed 1344K, reserved 1048576K
}

Deoptimization events (20 events):
Event: 2.067 Thread 0x0000020c9c611b70 DEOPT PACKING pc=0x0000020cad347e60 sp=0x0000005a894fcb70
Event: 2.067 Thread 0x0000020c9c611b70 DEOPT UNPACKING pc=0x0000020ca57523a3 sp=0x0000005a894fcb10 mode 2
Event: 2.067 Thread 0x0000020c9c611b70 Uncommon trap: trap_request=0xffffffbe fr.pc=0x0000020cad347e60 relative=0x0000000000000c00
Event: 2.067 Thread 0x0000020c9c611b70 Uncommon trap: reason=profile_predicate action=maybe_recompile pc=0x0000020cad347e60 method=java.util.regex.Pattern$CharPropertyGreedy.match(Ljava/util/regex/Matcher;ILjava/lang/CharSequence;)Z @ 103 c2
Event: 2.067 Thread 0x0000020c9c611b70 DEOPT PACKING pc=0x0000020cad347e60 sp=0x0000005a894fc9a0
Event: 2.067 Thread 0x0000020c9c611b70 DEOPT UNPACKING pc=0x0000020ca57523a3 sp=0x0000005a894fc940 mode 2
Event: 2.091 Thread 0x0000020c9c611b70 Uncommon trap: trap_request=0xffffff45 fr.pc=0x0000020cad32ca30 relative=0x00000000000023f0
Event: 2.091 Thread 0x0000020c9c611b70 Uncommon trap: reason=unstable_if action=reinterpret pc=0x0000020cad32ca30 method=org.codehaus.plexus.util.xml.pull.MXParser.parseAttribute()C @ 995 c2
Event: 2.091 Thread 0x0000020c9c611b70 DEOPT PACKING pc=0x0000020cad32ca30 sp=0x0000005a894fd110
Event: 2.091 Thread 0x0000020c9c611b70 DEOPT UNPACKING pc=0x0000020ca57523a3 sp=0x0000005a894fd098 mode 2
Event: 2.143 Thread 0x0000020c9c611b70 Uncommon trap: trap_request=0xffffff45 fr.pc=0x0000020cad2bf598 relative=0x0000000000002a38
Event: 2.143 Thread 0x0000020c9c611b70 Uncommon trap: reason=unstable_if action=reinterpret pc=0x0000020cad2bf598 method=org.codehaus.plexus.util.xml.pull.MXParser.isS(C)Z @ 21 c2
Event: 2.143 Thread 0x0000020c9c611b70 DEOPT PACKING pc=0x0000020cad2bf598 sp=0x0000005a894fd730
Event: 2.143 Thread 0x0000020c9c611b70 DEOPT UNPACKING pc=0x0000020ca57523a3 sp=0x0000005a894fd668 mode 2
Event: 2.205 Thread 0x0000020c9c611b70 DEOPT PACKING pc=0x0000020ca61a670c sp=0x0000005a894fcd20
Event: 2.205 Thread 0x0000020c9c611b70 DEOPT UNPACKING pc=0x0000020ca5752b43 sp=0x0000005a894fc278 mode 0
Event: 2.270 Thread 0x0000020c9c611b70 DEOPT PACKING pc=0x0000020ca61a670c sp=0x0000005a894fceb0
Event: 2.270 Thread 0x0000020c9c611b70 DEOPT UNPACKING pc=0x0000020ca5752b43 sp=0x0000005a894fc408 mode 0
Event: 2.290 Thread 0x0000020c9c611b70 DEOPT PACKING pc=0x0000020ca620247c sp=0x0000005a894fcb60
Event: 2.290 Thread 0x0000020c9c611b70 DEOPT UNPACKING pc=0x0000020ca5752b43 sp=0x0000005a894fbff8 mode 0

Classes loaded (20 events):
Event: 1.555 Loading class sun/util/resources/LocaleData$CommonResourceBundleProvider
Event: 1.555 Loading class sun/util/resources/LocaleData$LocaleDataResourceBundleProvider
Event: 1.555 Loading class java/util/spi/ResourceBundleProvider
Event: 1.555 Loading class java/util/spi/ResourceBundleProvider done
Event: 1.555 Loading class sun/util/resources/LocaleData$LocaleDataResourceBundleProvider done
Event: 1.555 Loading class sun/util/resources/LocaleData$CommonResourceBundleProvider done
Event: 1.555 Loading class sun/util/resources/Bundles$2
Event: 1.555 Loading class sun/util/resources/Bundles$2 done
Event: 1.580 Loading class java/math/BigDecimal
Event: 1.580 Loading class java/math/BigDecimal done
Event: 1.581 Loading class java/lang/Short$ShortCache
Event: 1.581 Loading class java/lang/Short$ShortCache done
Event: 1.581 Loading class java/lang/Byte$ByteCache
Event: 1.581 Loading class java/lang/Byte$ByteCache done
Event: 1.586 Loading class sun/invoke/util/ValueConversions$1
Event: 1.586 Loading class sun/invoke/util/ValueConversions$1 done
Event: 1.587 Loading class java/lang/invoke/BoundMethodHandle$Species_LI
Event: 1.587 Loading class java/lang/invoke/BoundMethodHandle$Species_LI done
Event: 1.817 Loading class java/util/LinkedList$ListItr
Event: 1.817 Loading class java/util/LinkedList$ListItr done

Classes unloaded (0 events):
No events

Classes redefined (0 events):
No events

Internal exceptions (20 events):
Event: 1.061 Thread 0x0000020cc09755c0 Exception <a 'java/lang/NoSuchMethodError'{0x00000007107851a0}: 'java.lang.Object java.lang.invoke.Invokers$Holder.invokeExact_MT(java.lang.Object, java.lang.Object, java.lang.Object, java.lang.Object, java.lang.Object, java.lang.Object)'> (0x00000007107851a0) 
thrown [s\open\src\hotspot\share\interpreter\linkResolver.cpp, line 759]
Event: 1.310 Thread 0x0000020c9c611b70 Exception <a 'java/lang/NoSuchMethodError'{0x00000007117e6430}: 'void java.lang.invoke.DirectMethodHandle$Holder.invokeSpecial(java.lang.Object, java.lang.Object, java.lang.Object)'> (0x00000007117e6430) 
thrown [s\open\src\hotspot\share\interpreter\linkResolver.cpp, line 759]
Event: 1.313 Thread 0x0000020c9c611b70 Exception <a 'java/lang/NoSuchMethodError'{0x000000071140da98}: 'void java.lang.invoke.Invokers$Holder.invokeExact_MT(java.lang.Object, java.lang.Object, java.lang.Object, java.lang.Object)'> (0x000000071140da98) 
thrown [s\open\src\hotspot\share\interpreter\linkResolver.cpp, line 759]
Event: 1.328 Thread 0x0000020c9c611b70 Exception <a 'java/lang/NoClassDefFoundError'{0x0000000711499698}: com/google/inject/servlet/ServletModuleTargetVisitor> (0x0000000711499698) 
thrown [s\open\src\hotspot\share\classfile\systemDictionary.cpp, line 244]
Event: 1.328 Thread 0x0000020c9c611b70 Exception <a 'java/lang/NoClassDefFoundError'{0x000000071149ad60}: javax/annotation/Priority> (0x000000071149ad60) 
thrown [s\open\src\hotspot\share\classfile\systemDictionary.cpp, line 244]
Event: 1.350 Thread 0x0000020c9c611b70 Exception <a 'java/lang/NoSuchMethodError'{0x0000000711578058}: 'java.lang.Object java.lang.invoke.DirectMethodHandle$Holder.invokeStatic(java.lang.Object, java.lang.Object, int)'> (0x0000000711578058) 
thrown [s\open\src\hotspot\share\interpreter\linkResolver.cpp, line 759]
Event: 1.350 Thread 0x0000020c9c611b70 Exception <a 'java/lang/NoSuchMethodError'{0x000000071157d2e0}: 'void java.lang.invoke.DirectMethodHandle$Holder.invokeStatic(java.lang.Object, java.lang.Object, int, java.lang.Object)'> (0x000000071157d2e0) 
thrown [s\open\src\hotspot\share\interpreter\linkResolver.cpp, line 759]
Event: 1.351 Thread 0x0000020c9c611b70 Exception <a 'java/lang/NoSuchMethodError'{0x00000007115854c0}: 'void java.lang.invoke.DelegatingMethodHandle$Holder.delegate(java.lang.Object, java.lang.Object, int, java.lang.Object)'> (0x00000007115854c0) 
thrown [s\open\src\hotspot\share\interpreter\linkResolver.cpp, line 759]
Event: 1.351 Thread 0x0000020c9c611b70 Exception <a 'java/lang/NoSuchMethodError'{0x0000000711589d78}: 'int java.lang.invoke.DirectMethodHandle$Holder.invokeSpecial(java.lang.Object, java.lang.Object, java.lang.Object)'> (0x0000000711589d78) 
thrown [s\open\src\hotspot\share\interpreter\linkResolver.cpp, line 759]
Event: 1.371 Thread 0x0000020c9c611b70 Exception <a 'java/lang/NoSuchMethodError'{0x00000007112d2c80}: 'java.lang.Object java.lang.invoke.DirectMethodHandle$Holder.newInvokeSpecial(java.lang.Object, java.lang.Object, java.lang.Object, java.lang.Object, java.lang.Object, java.lang.Object, java.lang.Object)'> (0x00000007112d2c80) 
thrown [s\open\src\hotspot\share\interpreter\linkResolver.cpp, line 759]
Event: 1.376 Thread 0x0000020c9c611b70 Exception <a 'java/lang/NoSuchMethodError'{0x00000007113115b8}: 'java.lang.Object java.lang.invoke.DirectMethodHandle$Holder.newInvokeSpecial(java.lang.Object, java.lang.Object, java.lang.Object, java.lang.Object, java.lang.Object, java.lang.Object, java.lang.Object, java.lang.Object, java.lang.Object)'> (0x00000007113115b8) 
thrown [s\open\src\hotspot\share\interpreter\linkResolver.cpp, line 759]
Event: 1.377 Thread 0x0000020c9c611b70 Exception <a 'java/lang/NoSuchMethodError'{0x00000007113178c8}: 'java.lang.Object java.lang.invoke.DirectMethodHandle$Holder.invokeSpecial(java.lang.Object, java.lang.Object, java.lang.Object, java.lang.Object, java.lang.Object, java.lang.Object, java.lang.Object, java.lang.Object, java.lang.Object, java.lang.Object)'> (0x00000007113178c8) 
thrown [s\open\src\hotspot\share\interpreter\linkResolver.cpp, line 759]
Event: 1.391 Thread 0x0000020c9c611b70 Exception <a 'java/lang/NoSuchMethodError'{0x00000007113c90e0}: 'java.lang.Object java.lang.invoke.DirectMethodHandle$Holder.newInvokeSpecial(java.lang.Object, java.lang.Object, java.lang.Object, java.lang.Object, java.lang.Object, java.lang.Object, java.lang.Object, java.lang.Object, java.lang.Object, java.lang.Object, java.lang.Object, java.lang.Object)'> (0x00000007113c90e0) 
thrown [s\open\src\hotspot\share\interpreter\linkResolver.cpp, line 759]
Event: 1.391 Thread 0x0000020c9c611b70 Exception <a 'java/lang/NoSuchMethodError'{0x00000007113cf210}: 'java.lang.Object java.lang.invoke.DirectMethodHandle$Holder.invokeSpecial(java.lang.Object, java.lang.Object, java.lang.Object, java.lang.Object, java.lang.Object, java.lang.Object, java.lang.Object, java.lang.Object, java.lang.Object, java.lang.Object, java.lang.Object, java.lang.Object, java.lang.Object)'> (0x00000007113cf210) 
thrown [s\open\src\hotspot\share\interpreter\linkResolver.cpp, line 759]
Event: 1.509 Thread 0x0000020c9c611b70 Implicit null exception at 0x0000020cad2a2874 to 0x0000020cad2a2b80
Event: 1.509 Thread 0x0000020c9c611b70 Implicit null exception at 0x0000020cad21e472 to 0x0000020cad21e9b0
Event: 1.586 Thread 0x0000020c9c611b70 Exception <a 'java/lang/NoSuchMethodError'{0x00000007108298b8}: 'void java.lang.invoke.DirectMethodHandle$Holder.invokeVirtual(java.lang.Object, java.lang.Object, int)'> (0x00000007108298b8) 
thrown [s\open\src\hotspot\share\interpreter\linkResolver.cpp, line 759]
Event: 1.587 Thread 0x0000020c9c611b70 Exception <a 'java/lang/NoSuchMethodError'{0x000000071082dd58}: 'int java.lang.invoke.DirectMethodHandle$Holder.invokeSpecial(java.lang.Object, java.lang.Object, java.lang.Object, int)'> (0x000000071082dd58) 
thrown [s\open\src\hotspot\share\interpreter\linkResolver.cpp, line 759]
Event: 1.588 Thread 0x0000020c9c611b70 Exception <a 'java/lang/NoSuchMethodError'{0x00000007108406f8}: 'java.lang.Object java.lang.invoke.DirectMethodHandle$Holder.invokeStatic(java.lang.Object, java.lang.Object, java.lang.Object, java.lang.Object, int)'> (0x00000007108406f8) 
thrown [s\open\src\hotspot\share\interpreter\linkResolver.cpp, line 759]
Event: 1.589 Thread 0x0000020c9c611b70 Exception <a 'java/lang/NoSuchMethodError'{0x000000071084bfd0}: 'void java.lang.invoke.DelegatingMethodHandle$Holder.reinvoke_L(java.lang.Object, java.lang.Object, int)'> (0x000000071084bfd0) 
thrown [s\open\src\hotspot\share\interpreter\linkResolver.cpp, line 759]

VM Operations (20 events):
Event: 1.309 Executing VM operation: HandshakeAllThreads
Event: 1.309 Executing VM operation: HandshakeAllThreads done
Event: 1.349 Executing VM operation: HandshakeAllThreads
Event: 1.350 Executing VM operation: HandshakeAllThreads done
Event: 1.412 Executing VM operation: HandshakeAllThreads
Event: 1.412 Executing VM operation: HandshakeAllThreads done
Event: 1.461 Executing VM operation: HandshakeAllThreads
Event: 1.461 Executing VM operation: HandshakeAllThreads done
Event: 1.472 Executing VM operation: ICBufferFull
Event: 1.472 Executing VM operation: ICBufferFull done
Event: 1.492 Executing VM operation: HandshakeAllThreads
Event: 1.492 Executing VM operation: HandshakeAllThreads done
Event: 1.493 Executing VM operation: HandshakeAllThreads
Event: 1.493 Executing VM operation: HandshakeAllThreads done
Event: 1.810 Executing VM operation: ICBufferFull
Event: 1.810 Executing VM operation: ICBufferFull done
Event: 1.967 Executing VM operation: HandshakeAllThreads
Event: 1.967 Executing VM operation: HandshakeAllThreads done
Event: 2.160 Executing VM operation: ICBufferFull
Event: 2.160 Executing VM operation: ICBufferFull done

Events (20 events):
Event: 0.045 Thread 0x0000020cc09755c0 Thread added: 0x0000020cc09755c0
Event: 0.046 Thread 0x0000020cc0975e70 Thread added: 0x0000020cc0975e70
Event: 0.046 Thread 0x0000020cc097a740 Thread added: 0x0000020cc097a740
Event: 0.046 Thread 0x0000020cc097e480 Thread added: 0x0000020cc097e480
Event: 0.046 Thread 0x0000020cc098a500 Thread added: 0x0000020cc098a500
Event: 0.046 Thread 0x0000020cc09a0630 Thread added: 0x0000020cc09a0630
Event: 0.063 Thread 0x0000020cc0945910 Thread added: 0x0000020cc0945910
Event: 0.079 Loaded shared library D:\jdk\bin\zip.dll
Event: 0.082 Loaded shared library D:\jdk\bin\instrument.dll
Event: 0.089 Loaded shared library D:\jdk\bin\net.dll
Event: 0.090 Loaded shared library D:\jdk\bin\nio.dll
Event: 0.092 Loaded shared library D:\jdk\bin\zip.dll
Event: 0.105 Loaded shared library D:\IntelliJ IDEA 2022.2\bin\breakgen64.dll
Event: 0.105 Thread 0x0000020cc4d2c1b0 Thread added: 0x0000020cc4d2c1b0
Event: 0.105 Thread 0x0000020cc4d2c670 Thread added: 0x0000020cc4d2c670
Event: 0.160 Loaded shared library D:\jdk\bin\verify.dll
Event: 0.166 Loaded shared library D:\jdk\bin\jimage.dll
Event: 0.176 Thread 0x0000020cc4ff6b10 Thread added: 0x0000020cc4ff6b10
Event: 0.246 Loaded shared library C:\Users\admin\AppData\Local\Temp\jansi-1.17.1-6411419301298252014.dll
Event: 0.275 Loaded shared library C:\Users\admin\AppData\Local\Temp\jansi-1.17.1-12501340815701315992.dll


Dynamic libraries:
0x00007ff7b7f80000 - 0x00007ff7b7f90000 	D:\jdk\bin\java.exe
0x00007ffa61490000 - 0x00007ffa61688000 	C:\WINDOWS\SYSTEM32\ntdll.dll
0x00007ffa606e0000 - 0x00007ffa6079d000 	C:\WINDOWS\System32\KERNEL32.DLL
0x00007ffa5ebb0000 - 0x00007ffa5ee7e000 	C:\WINDOWS\System32\KERNELBASE.dll
0x00007ffa5f230000 - 0x00007ffa5f330000 	C:\WINDOWS\System32\ucrtbase.dll
0x00007ffa4a2a0000 - 0x00007ffa4a2ba000 	D:\jdk\bin\VCRUNTIME140.dll
0x00007ffa46e90000 - 0x00007ffa46ea8000 	D:\jdk\bin\jli.dll
0x00007ffa5f910000 - 0x00007ffa5f9be000 	C:\WINDOWS\System32\ADVAPI32.dll
0x00007ffa612f0000 - 0x00007ffa6138e000 	C:\WINDOWS\System32\msvcrt.dll
0x00007ffa61390000 - 0x00007ffa6142c000 	C:\WINDOWS\System32\sechost.dll
0x00007ffa605b0000 - 0x00007ffa606d5000 	C:\WINDOWS\System32\RPCRT4.dll
0x00007ffa5f770000 - 0x00007ffa5f910000 	C:\WINDOWS\System32\USER32.dll
0x00007ffa5f4c0000 - 0x00007ffa5f4e2000 	C:\WINDOWS\System32\win32u.dll
0x00007ffa612c0000 - 0x00007ffa612ea000 	C:\WINDOWS\System32\GDI32.dll
0x00007ffa4a3d0000 - 0x00007ffa4a66a000 	C:\WINDOWS\WinSxS\amd64_microsoft.windows.common-controls_6595b64144ccf1df_6.0.19041.1110_none_60b5254171f9507e\COMCTL32.dll
0x00007ffa5f010000 - 0x00007ffa5f11b000 	C:\WINDOWS\System32\gdi32full.dll
0x00007ffa5f190000 - 0x00007ffa5f22d000 	C:\WINDOWS\System32\msvcp_win.dll
0x00007ffa5d9c0000 - 0x00007ffa5d9ca000 	C:\WINDOWS\SYSTEM32\VERSION.dll
0x00007ffa60bf0000 - 0x00007ffa60c20000 	C:\WINDOWS\System32\IMM32.DLL
0x00007ffa58b00000 - 0x00007ffa58b0c000 	D:\jdk\bin\vcruntime140_1.dll
0x00007ffa2de10000 - 0x00007ffa2de9d000 	D:\jdk\bin\msvcp140.dll
0x00007ffa01400000 - 0x00007ffa02011000 	D:\jdk\bin\server\jvm.dll
0x00007ffa60e40000 - 0x00007ffa60e48000 	C:\WINDOWS\System32\PSAPI.DLL
0x00007ffa42c70000 - 0x00007ffa42c79000 	C:\WINDOWS\SYSTEM32\WSOCK32.dll
0x00007ffa48890000 - 0x00007ffa488b7000 	C:\WINDOWS\SYSTEM32\WINMM.dll
0x00007ffa60490000 - 0x00007ffa604fb000 	C:\WINDOWS\System32\WS2_32.dll
0x00007ffa5d970000 - 0x00007ffa5d982000 	C:\WINDOWS\SYSTEM32\kernel.appcore.dll
0x00007ffa58670000 - 0x00007ffa5867a000 	D:\jdk\bin\jimage.dll
0x00007ffa4dd90000 - 0x00007ffa4df74000 	C:\WINDOWS\SYSTEM32\DBGHELP.DLL
0x00007ffa4dd60000 - 0x00007ffa4dd8c000 	C:\WINDOWS\SYSTEM32\dbgcore.DLL
0x00007ffa5f3e0000 - 0x00007ffa5f462000 	C:\WINDOWS\System32\bcryptPrimitives.dll
0x00007ffa58680000 - 0x00007ffa5868e000 	D:\jdk\bin\instrument.dll
0x00007ffa3bd80000 - 0x00007ffa3bda5000 	D:\jdk\bin\java.dll
0x00007ffa20c80000 - 0x00007ffa20d56000 	D:\jdk\bin\jsvml.dll
0x00007ffa5f9c0000 - 0x00007ffa60103000 	C:\WINDOWS\System32\SHELL32.dll
0x00007ffa5caf0000 - 0x00007ffa5d285000 	C:\WINDOWS\SYSTEM32\windows.storage.dll
0x00007ffa607a0000 - 0x00007ffa60af4000 	C:\WINDOWS\System32\combase.dll
0x00007ffa5e540000 - 0x00007ffa5e570000 	C:\WINDOWS\SYSTEM32\Wldp.dll
0x00007ffa601d0000 - 0x00007ffa6027d000 	C:\WINDOWS\System32\SHCORE.dll
0x00007ffa60170000 - 0x00007ffa601c5000 	C:\WINDOWS\System32\shlwapi.dll
0x00007ffa5eaf0000 - 0x00007ffa5eb0f000 	C:\WINDOWS\SYSTEM32\profapi.dll
0x00007ffa3ca50000 - 0x00007ffa3ca68000 	D:\jdk\bin\zip.dll
0x00007ffa45d90000 - 0x00007ffa45da3000 	D:\jdk\bin\net.dll
0x00007ffa58d70000 - 0x00007ffa58e7a000 	C:\WINDOWS\SYSTEM32\WINHTTP.dll
0x00007ffa5e2a0000 - 0x00007ffa5e30a000 	C:\WINDOWS\system32\mswsock.dll
0x00007ffa3cc20000 - 0x00007ffa3cc36000 	D:\jdk\bin\nio.dll
0x00007ffa567d0000 - 0x00007ffa567ea000 	D:\IntelliJ IDEA 2022.2\bin\breakgen64.dll
0x00007ffa503d0000 - 0x00007ffa503e0000 	D:\jdk\bin\verify.dll
0x00007ffa5e490000 - 0x00007ffa5e4a8000 	C:\WINDOWS\SYSTEM32\CRYPTSP.dll
0x00007ffa5dc20000 - 0x00007ffa5dc54000 	C:\WINDOWS\system32\rsaenh.dll
0x00007ffa5efe0000 - 0x00007ffa5f007000 	C:\WINDOWS\System32\bcrypt.dll
0x00007ffa5ea70000 - 0x00007ffa5ea9e000 	C:\WINDOWS\SYSTEM32\USERENV.dll
0x00007ffa5e4b0000 - 0x00007ffa5e4bc000 	C:\WINDOWS\SYSTEM32\CRYPTBASE.dll
0x00007ffa5df90000 - 0x00007ffa5dfcb000 	C:\WINDOWS\SYSTEM32\IPHLPAPI.DLL
0x00007ffa60b00000 - 0x00007ffa60b08000 	C:\WINDOWS\System32\NSI.dll
0x00007ffa57670000 - 0x00007ffa57687000 	C:\WINDOWS\SYSTEM32\dhcpcsvc6.DLL
0x00007ffa56f50000 - 0x00007ffa56f6d000 	C:\WINDOWS\SYSTEM32\dhcpcsvc.DLL
0x00007ffa5dfd0000 - 0x00007ffa5e09a000 	C:\WINDOWS\SYSTEM32\DNSAPI.dll
0x00007ffa524a0000 - 0x00007ffa524aa000 	C:\Users\admin\AppData\Local\Temp\jansi-1.17.1-6411419301298252014.dll
0x00007ffa52490000 - 0x00007ffa5249a000 	C:\Users\admin\AppData\Local\Temp\jansi-1.17.1-12501340815701315992.dll

dbghelp: loaded successfully - version: 4.0.5 - missing functions: none
symbol engine: initialized successfully - sym options: 0x614 - pdb path: .;D:\jdk\bin;C:\WINDOWS\SYSTEM32;C:\WINDOWS\WinSxS\amd64_microsoft.windows.common-controls_6595b64144ccf1df_6.0.19041.1110_none_60b5254171f9507e;D:\jdk\bin\server;D:\IntelliJ IDEA 2022.2\bin;C:\Users\admin\AppData\Local\Temp

VM Arguments:
jvm_args: -Dmaven.multiModuleProjectDirectory=E:\sgwProject\jingsai -Dmaven.home=D:\IntelliJ IDEA 2022.2\plugins\maven\lib\maven3 -Dclassworlds.conf=D:\IntelliJ IDEA 2022.2\plugins\maven\lib\maven3\bin\m2.conf -Dmaven.ext.class.path=D:\IntelliJ IDEA 2022.2\plugins\maven\lib\maven-event-listener.jar -javaagent:D:\IntelliJ IDEA 2022.2\lib\idea_rt.jar=49209:D:\IntelliJ IDEA 2022.2\bin -Dfile.encoding=UTF-8 
java_command: org.codehaus.classworlds.Launcher -Didea.version=2022.2 install
java_class_path (initial): D:\IntelliJ IDEA 2022.2\plugins\maven\lib\maven3\boot\plexus-classworlds-2.6.0.jar;D:\IntelliJ IDEA 2022.2\plugins\maven\lib\maven3\boot\plexus-classworlds.license
Launcher Type: SUN_STANDARD

[Global flags]
     intx CICompilerCount                          = 3                                         {product} {ergonomic}
     uint ConcGCThreads                            = 1                                         {product} {ergonomic}
     uint G1ConcRefinementThreads                  = 4                                         {product} {ergonomic}
   size_t G1HeapRegionSize                         = 2097152                                   {product} {ergonomic}
    uintx GCDrainStackTargetSize                   = 64                                        {product} {ergonomic}
   size_t InitialHeapSize                          = 268435456                                 {product} {ergonomic}
   size_t MarkStackSize                            = 4194304                                   {product} {ergonomic}
   size_t MaxHeapSize                              = 4269801472                                {product} {ergonomic}
   size_t MaxNewSize                               = 2560622592                                {product} {ergonomic}
   size_t MinHeapDeltaBytes                        = 2097152                                   {product} {ergonomic}
   size_t MinHeapSize                              = 8388608                                   {product} {ergonomic}
    uintx NonNMethodCodeHeapSize                   = 5832780                                {pd product} {ergonomic}
    uintx NonProfiledCodeHeapSize                  = 122912730                              {pd product} {ergonomic}
    uintx ProfiledCodeHeapSize                     = 122912730                              {pd product} {ergonomic}
    uintx ReservedCodeCacheSize                    = 251658240                              {pd product} {ergonomic}
     bool SegmentedCodeCache                       = true                                      {product} {ergonomic}
   size_t SoftMaxHeapSize                          = 4269801472                             {manageable} {ergonomic}
     bool UseCompressedClassPointers               = true                           {product lp64_product} {ergonomic}
     bool UseCompressedOops                        = true                           {product lp64_product} {ergonomic}
     bool UseG1GC                                  = true                                      {product} {ergonomic}
     bool UseLargePagesIndividualAllocation        = false                                  {pd product} {ergonomic}

Logging:
Log output configuration:
 #0: stdout all=warning uptime,level,tags foldmultilines=false
 #1: stderr all=off uptime,level,tags foldmultilines=false

Environment Variables:
PATH=C:\GeneralData\GBase\Server\bin;D:\oracle\bin;D:\oracle\WINDOWS.X64_193000_db_home\bin;C:\Program Files\Common Files\Oracle\Java\javapath;C:\Program Files (x86)\Intel\iCLS Client\;C:\Program Files\Intel\iCLS Client\;C:\WINDOWS\system32;C:\WINDOWS;C:\WINDOWS\System32\Wbem;C:\WINDOWS\System32\WindowsPowerShell\v1.0\;C:\Program Files (x86)\Intel\Intel(R) Management Engine Components\DAL;C:\Program Files\Intel\Intel(R) Management Engine Components\DAL;C:\Program Files (x86)\Intel\Intel(R) Management Engine Components\IPT;C:\Program Files\Intel\Intel(R) Management Engine Components\IPT;C:\WINDOWS\System32\OpenSSH\;C:\Program Files\dotnet\;C:\Program Files (x86)\NetSarang\Xshell 7\;C:\Program Files\Git\cmd;C:\Users\admin\AppData\Local\Microsoft\WindowsApps;D:\maven\apache-maven-3.8.6\bin;
USERNAME=admin
OS=Windows_NT
PROCESSOR_IDENTIFIER=Intel64 Family 6 Model 158 Stepping 9, GenuineIntel



---------------  S Y S T E M  ---------------

OS:
 Windows 10 , 64 bit Build 19041 (10.0.19041.1889)
OS uptime: 10 days 4:07 hours

CPU: total 4 (initial active 4) (4 cores per cpu, 1 threads per core) family 6 model 158 stepping 9 microcode 0xb4, cx8, cmov, fxsr, mmx, 3dnowpref, sse, sse2, sse3, ssse3, sse4.1, sse4.2, popcnt, lzcnt, tsc, tscinvbit, avx, avx2, aes, erms, clmul, bmi1, bmi2, rtm, adx, fma, vzeroupper, clflush, clflushopt

Memory: 4k page, system-wide physical 16280M (4523M free)
TotalPageFile size 20376M (AvailPageFile size 5M)
current process WorkingSet (physical memory assigned to process): 174M, peak: 174M
current process commit charge ("private bytes"): 387M, peak: 389M

vm_info: Java HotSpot(TM) 64-Bit Server VM (18.0.2+9-61) for windows-amd64 JRE (18.0.2+9-61), built on Jun  7 2022 13:09:01 by "mach5one" with MS VC++ 16.8 / 16.9 (VS2019)

END.
