#
# There is insufficient memory for the Java Runtime Environment to continue.
# Native memory allocation (malloc) failed to allocate 666736 bytes for Chunk::new
# Possible reasons:
#   The system is out of physical RAM or swap space
#   The process is running with CompressedOops enabled, and the Java Heap may be blocking the growth of the native heap
# Possible solutions:
#   Reduce memory load on the system
#   Increase physical memory or swap space
#   Check if swap backing store is full
#   Decrease Java heap size (-Xmx/-Xms)
#   Decrease number of Java threads
#   Decrease Java thread stack sizes (-Xss)
#   Set larger code cache with -XX:ReservedCodeCacheSize=
#   JVM is running with Unscaled Compressed Oops mode in which the Java heap is
#     placed in the first 4GB address space. The Java Heap base address is the
#     maximum limit for the native heap growth. Please use -XX:HeapBaseMinAddress
#     to set the Java Heap base and to place the Java Heap above 4GB virtual address.
# This output file may be truncated or incomplete.
#
#  Out of Memory Error (arena.cpp:184), pid=13796, tid=760
#
# JRE version: Java(TM) SE Runtime Environment (18.0.2+9) (build 18.0.2+9-61)
# Java VM: Java HotSpot(TM) 64-Bit Server VM (18.0.2+9-61, mixed mode, sharing, tiered, compressed oops, compressed class ptrs, g1 gc, windows-amd64)
# No core dump will be written. Minidumps are not enabled by default on client versions of Windows
#

---------------  S U M M A R Y ------------

Command Line: -Dmaven.multiModuleProjectDirectory=E:\sgwProject\jingsai -Dmaven.home=D:\maven\apache-maven-3.8.6 -Dclassworlds.conf=D:\maven\apache-maven-3.8.6\bin\m2.conf -Dmaven.ext.class.path=D:\IntelliJ IDEA 2022.2\plugins\maven\lib\maven-event-listener.jar -javaagent:D:\IntelliJ IDEA 2022.2\lib\idea_rt.jar=53296:D:\IntelliJ IDEA 2022.2\bin -Dfile.encoding=UTF-8 org.codehaus.classworlds.Launcher -Didea.version=2022.2 install

Host: Intel(R) Core(TM) i5-7500 CPU @ 3.40GHz, 4 cores, 7G,  Windows 10 , 64 bit Build 19041 (10.0.19041.1889)
Time: Wed Oct 19 20:55:35 2022  Windows 10 , 64 bit Build 19041 (10.0.19041.1889) elapsed time: 7.324901 seconds (0d 0h 0m 7s)

---------------  T H R E A D  ---------------

Current thread (0x0000026cff2bfbe0):  JavaThread "C2 CompilerThread0" daemon [_thread_in_native, id=760, stack(0x000000b87cf00000,0x000000b87d000000)]


Current CompileTask:
C2:   7324 8450   !   4       java.lang.ClassLoader::loadClass (121 bytes)

Stack: [0x000000b87cf00000,0x000000b87d000000]
Native frames: (J=compiled Java code, j=interpreted, Vv=VM code, C=native code)
V  [jvm.dll+0x6993ca]
V  [jvm.dll+0x7f481d]
V  [jvm.dll+0x7f612e]
V  [jvm.dll+0x7f67e3]
V  [jvm.dll+0x25cdaf]
V  [jvm.dll+0xb8c2f]
V  [jvm.dll+0xb8fa5]
V  [jvm.dll+0x581fc0]
V  [jvm.dll+0x1d2bbd]
V  [jvm.dll+0x2300a9]
V  [jvm.dll+0x22f321]
V  [jvm.dll+0x1ba01c]
V  [jvm.dll+0x23ec9a]
V  [jvm.dll+0x23cf85]
V  [jvm.dll+0x7a6e21]
V  [jvm.dll+0x7a125a]
V  [jvm.dll+0x698275]
C  [ucrtbase.dll+0x21bb2]
C  [KERNEL32.DLL+0x17034]
C  [ntdll.dll+0x526a1]


---------------  P R O C E S S  ---------------

Threads class SMR info:
_java_thread_list=0x0000026c8d06b6c0, length=25, elements={
0x0000026ce7900db0, 0x0000026cff2a18d0, 0x0000026cff2a2440, 0x0000026cff2ba5d0,
0x0000026cff2bbe90, 0x0000026cff2be750, 0x0000026cff2bf000, 0x0000026cff2bfbe0,
0x0000026cff2c0610, 0x0000026cff2c7f40, 0x0000026cff28ca10, 0x0000026c8a10dab0,
0x0000026c8a0dee10, 0x0000026c8be83480, 0x0000026c8cd08a00, 0x0000026c8a135d20,
0x0000026c8d29c9b0, 0x0000026c8c5e0ae0, 0x0000026c8b476260, 0x0000026c8b479750,
0x0000026c8b478db0, 0x0000026c8b479280, 0x0000026c8b476730, 0x0000026c8b477f40,
0x0000026c8b476c00
}

Java Threads: ( => current thread )
  0x0000026ce7900db0 JavaThread "main" [_thread_in_native, id=14208, stack(0x000000b87c200000,0x000000b87c300000)]
  0x0000026cff2a18d0 JavaThread "Reference Handler" daemon [_thread_blocked, id=13284, stack(0x000000b87c900000,0x000000b87ca00000)]
  0x0000026cff2a2440 JavaThread "Finalizer" daemon [_thread_blocked, id=9184, stack(0x000000b87ca00000,0x000000b87cb00000)]
  0x0000026cff2ba5d0 JavaThread "Signal Dispatcher" daemon [_thread_blocked, id=10268, stack(0x000000b87cb00000,0x000000b87cc00000)]
  0x0000026cff2bbe90 JavaThread "Attach Listener" daemon [_thread_blocked, id=1308, stack(0x000000b87cc00000,0x000000b87cd00000)]
  0x0000026cff2be750 JavaThread "Service Thread" daemon [_thread_blocked, id=13072, stack(0x000000b87cd00000,0x000000b87ce00000)]
  0x0000026cff2bf000 JavaThread "Monitor Deflation Thread" daemon [_thread_blocked, id=2244, stack(0x000000b87ce00000,0x000000b87cf00000)]
=>0x0000026cff2bfbe0 JavaThread "C2 CompilerThread0" daemon [_thread_in_native, id=760, stack(0x000000b87cf00000,0x000000b87d000000)]
  0x0000026cff2c0610 JavaThread "C1 CompilerThread0" daemon [_thread_blocked, id=6228, stack(0x000000b87d000000,0x000000b87d100000)]
  0x0000026cff2c7f40 JavaThread "Sweeper thread" daemon [_thread_blocked, id=9696, stack(0x000000b87d100000,0x000000b87d200000)]
  0x0000026cff28ca10 JavaThread "Common-Cleaner" daemon [_thread_blocked, id=2492, stack(0x000000b87d200000,0x000000b87d300000)]
  0x0000026c8a10dab0 JavaThread "Monitor Ctrl-Break" daemon [_thread_in_native, id=3036, stack(0x000000b87d300000,0x000000b87d400000)]
  0x0000026c8a0dee10 JavaThread "Notification Thread" daemon [_thread_blocked, id=14048, stack(0x000000b87d400000,0x000000b87d500000)]
  0x0000026c8be83480 JavaThread "C2 CompilerThread1" daemon [_thread_blocked, id=13728, stack(0x000000b87da00000,0x000000b87db00000)]
  0x0000026c8cd08a00 JavaThread "resolver-1" daemon [_thread_blocked, id=6560, stack(0x000000b87dd00000,0x000000b87de00000)]
  0x0000026c8a135d20 JavaThread "resolver-2" daemon [_thread_blocked, id=13068, stack(0x000000b87de00000,0x000000b87df00000)]
  0x0000026c8d29c9b0 JavaThread "resolver-3" daemon [_thread_blocked, id=14736, stack(0x000000b87df00000,0x000000b87e000000)]
  0x0000026c8c5e0ae0 JavaThread "resolver-4" daemon [_thread_blocked, id=10376, stack(0x000000b87e000000,0x000000b87e100000)]
  0x0000026c8b476260 JavaThread "resolver-5" daemon [_thread_blocked, id=11452, stack(0x000000b87e100000,0x000000b87e200000)]
  0x0000026c8b479750 JavaThread "timeout-check-timer" daemon [_thread_blocked, id=1968, stack(0x000000b87e200000,0x000000b87e300000)]
  0x0000026c8b478db0 JavaThread "ping-timer-10s" daemon [_thread_blocked, id=14608, stack(0x000000b87e300000,0x000000b87e400000)]
  0x0000026c8b479280 JavaThread "ThreadedStreamConsumer" daemon [_thread_in_vm, id=14000, stack(0x000000b87e400000,0x000000b87e500000)]
  0x0000026c8b476730 JavaThread "Thread-2" [_thread_blocked, id=7676, stack(0x000000b87e500000,0x000000b87e600000)]
  0x0000026c8b477f40 JavaThread "Thread-3" [_thread_in_native, id=2972, stack(0x000000b87e600000,0x000000b87e700000)]
  0x0000026c8b476c00 JavaThread "Thread-4" [_thread_in_native, id=13544, stack(0x000000b87e700000,0x000000b87e800000)]

Other Threads:
  0x0000026ce7979d10 VMThread "VM Thread" [stack: 0x000000b87c800000,0x000000b87c900000] [id=5428]
  0x0000026c8a0df750 WatcherThread "VM Periodic Task Thread" [stack: 0x000000b87d500000,0x000000b87d600000] [id=8456]
  0x0000026ce7960970 WorkerThread "GC Thread#0" [stack: 0x000000b87c300000,0x000000b87c400000] [id=1236]
  0x0000026c8a5409b0 WorkerThread "GC Thread#1" [stack: 0x000000b87d600000,0x000000b87d700000] [id=9668]
  0x0000026c8a54d430 WorkerThread "GC Thread#2" [stack: 0x000000b87d700000,0x000000b87d800000] [id=3352]
  0x0000026c8a247930 WorkerThread "GC Thread#3" [stack: 0x000000b87d800000,0x000000b87d900000] [id=13224]
  0x0000026ce79724c0 ConcurrentGCThread "G1 Main Marker" [stack: 0x000000b87c400000,0x000000b87c500000] [id=14976]
  0x0000026ce7973dd0 WorkerThread "G1 Conc#0" [stack: 0x000000b87c500000,0x000000b87c600000] [id=10984]
  0x0000026ce79b4190 ConcurrentGCThread "G1 Refine#0" [stack: 0x000000b87c600000,0x000000b87c700000] [id=9828]
  0x0000026c8a5b1f20 ConcurrentGCThread "G1 Refine#1" [stack: 0x000000b87d900000,0x000000b87da00000] [id=9476]
  0x0000026c8c6ead00 ConcurrentGCThread "G1 Refine#2" [stack: 0x000000b87db00000,0x000000b87dc00000] [id=13340]
  0x0000026c8a8f45f0 ConcurrentGCThread "G1 Refine#3" [stack: 0x000000b87dc00000,0x000000b87dd00000] [id=1416]
  0x0000026ce79b49b0 ConcurrentGCThread "G1 Service" [stack: 0x000000b87c700000,0x000000b87c800000] [id=1188]

Threads with active compile tasks:
C2 CompilerThread0     7529 8450   !   4       java.lang.ClassLoader::loadClass (121 bytes)

VM state: not at safepoint (normal execution)

VM Mutex/Monitor currently owned by a thread: None

Heap address: 0x0000000081800000, size: 2024 MB, Compressed Oops mode: 32-bit

CDS archive(s) mapped at: [0x0000000800000000-0x0000000800ba0000-0x0000000800ba0000), size 12189696, SharedBaseAddress: 0x0000000800000000, ArchiveRelocationMode: 0.
Compressed class space mapped at: 0x0000000800c00000-0x0000000840c00000, reserved size: 1073741824
Narrow klass base: 0x0000000800000000, Narrow klass shift: 0, Narrow klass range: 0x100000000

GC Precious Log:
 CardTable entry size: 512
 Card Set container configuration: InlinePtr #cards 5 size 8 Array Of Cards #cards 12 size 40 Howl #buckets 4 coarsen threshold 1843 Howl Bitmap #cards 512 size 80 coarsen threshold 460 Card regions per heap region 1 cards per card region 2048
 CPUs: 4 total, 4 available
 Memory: 8088M
 Large Page Support: Disabled
 NUMA Support: Disabled
 Compressed Oops: Enabled (32-bit)
 Heap Region Size: 1M
 Heap Min Capacity: 8M
 Heap Initial Capacity: 128M
 Heap Max Capacity: 2024M
 Pre-touch: Disabled
 Parallel Workers: 4
 Concurrent Workers: 1
 Concurrent Refinement Workers: 4
 Periodic GC: Disabled

Heap:
 garbage-first heap   total 124928K, used 75070K [0x0000000081800000, 0x0000000100000000)
  region size 1024K, 26 young (26624K), 1 survivors (1024K)
 Metaspace       used 33073K, committed 33600K, reserved 1114112K
  class space    used 3498K, committed 3776K, reserved 1048576K

Heap Regions: E=young(eden), S=young(survivor), O=old, HS=humongous(starts), HC=humongous(continues), CS=collection set, F=free, OA=open archive, CA=closed archive, TAMS=top-at-mark-start (previous, next)
|   0|0x0000000081800000, 0x0000000081900000, 0x0000000081900000|100%| O|  |TAMS 0x0000000081900000, 0x0000000081800000| Untracked 
|   1|0x0000000081900000, 0x0000000081a00000, 0x0000000081a00000|100%| O|  |TAMS 0x0000000081a00000, 0x0000000081900000| Untracked 
|   2|0x0000000081a00000, 0x0000000081b00000, 0x0000000081b00000|100%| O|  |TAMS 0x0000000081b00000, 0x0000000081a00000| Untracked 
|   3|0x0000000081b00000, 0x0000000081c00000, 0x0000000081c00000|100%| O|  |TAMS 0x0000000081c00000, 0x0000000081b00000| Untracked 
|   4|0x0000000081c00000, 0x0000000081d00000, 0x0000000081d00000|100%|HS|  |TAMS 0x0000000081d00000, 0x0000000081c00000| Complete 
|   5|0x0000000081d00000, 0x0000000081d00000, 0x0000000081e00000|  0%| F|  |TAMS 0x0000000081d00000, 0x0000000081d00000| Untracked 
|   6|0x0000000081e00000, 0x0000000081e00000, 0x0000000081f00000|  0%| F|  |TAMS 0x0000000081e00000, 0x0000000081e00000| Untracked 
|   7|0x0000000081f00000, 0x0000000081f00000, 0x0000000082000000|  0%| F|  |TAMS 0x0000000081f00000, 0x0000000081f00000| Untracked 
|   8|0x0000000082000000, 0x0000000082100000, 0x0000000082100000|100%| O|  |TAMS 0x0000000082100000, 0x0000000082000000| Untracked 
|   9|0x0000000082100000, 0x0000000082200000, 0x0000000082200000|100%| O|  |TAMS 0x0000000082200000, 0x0000000082100000| Untracked 
|  10|0x0000000082200000, 0x0000000082200000, 0x0000000082300000|  0%| F|  |TAMS 0x0000000082200000, 0x0000000082200000| Untracked 
|  11|0x0000000082300000, 0x0000000082400000, 0x0000000082400000|100%| O|  |TAMS 0x0000000082400000, 0x0000000082300000| Untracked 
|  12|0x0000000082400000, 0x0000000082400000, 0x0000000082500000|  0%| F|  |TAMS 0x0000000082400000, 0x0000000082400000| Untracked 
|  13|0x0000000082500000, 0x0000000082600000, 0x0000000082600000|100%| O|  |TAMS 0x0000000082600000, 0x0000000082500000| Untracked 
|  14|0x0000000082600000, 0x0000000082700000, 0x0000000082700000|100%| O|  |TAMS 0x0000000082700000, 0x0000000082600000| Untracked 
|  15|0x0000000082700000, 0x0000000082800000, 0x0000000082800000|100%| O|  |TAMS 0x0000000082800000, 0x0000000082700000| Untracked 
|  16|0x0000000082800000, 0x0000000082900000, 0x0000000082900000|100%| O|  |TAMS 0x0000000082900000, 0x0000000082800000| Untracked 
|  17|0x0000000082900000, 0x0000000082a00000, 0x0000000082a00000|100%| O|  |TAMS 0x0000000082a00000, 0x0000000082900000| Untracked 
|  18|0x0000000082a00000, 0x0000000082b00000, 0x0000000082b00000|100%| O|  |TAMS 0x0000000082b00000, 0x0000000082a00000| Untracked 
|  19|0x0000000082b00000, 0x0000000082c00000, 0x0000000082c00000|100%| O|  |TAMS 0x0000000082c00000, 0x0000000082b00000| Untracked 
|  20|0x0000000082c00000, 0x0000000082c00000, 0x0000000082d00000|  0%| F|  |TAMS 0x0000000082c00000, 0x0000000082c00000| Untracked 
|  21|0x0000000082d00000, 0x0000000082e00000, 0x0000000082e00000|100%|HS|  |TAMS 0x0000000082e00000, 0x0000000082d00000| Complete 
|  22|0x0000000082e00000, 0x0000000082f00000, 0x0000000082f00000|100%|HC|  |TAMS 0x0000000082f00000, 0x0000000082e00000| Complete 
|  23|0x0000000082f00000, 0x0000000083000000, 0x0000000083000000|100%| O|  |TAMS 0x0000000083000000, 0x0000000082f00000| Untracked 
|  24|0x0000000083000000, 0x0000000083100000, 0x0000000083100000|100%| O|  |TAMS 0x0000000083100000, 0x0000000083000000| Untracked 
|  25|0x0000000083100000, 0x0000000083200000, 0x0000000083200000|100%| O|  |TAMS 0x0000000083200000, 0x0000000083100000| Untracked 
|  26|0x0000000083200000, 0x0000000083300000, 0x0000000083300000|100%| O|  |TAMS 0x0000000083300000, 0x0000000083200000| Untracked 
|  27|0x0000000083300000, 0x0000000083400000, 0x0000000083400000|100%| O|  |TAMS 0x0000000083400000, 0x0000000083300000| Untracked 
|  28|0x0000000083400000, 0x0000000083500000, 0x0000000083500000|100%| O|  |TAMS 0x0000000083500000, 0x0000000083400000| Untracked 
|  29|0x0000000083500000, 0x0000000083600000, 0x0000000083600000|100%| O|  |TAMS 0x0000000083600000, 0x0000000083500000| Untracked 
|  30|0x0000000083600000, 0x0000000083700000, 0x0000000083700000|100%| O|  |TAMS 0x0000000083700000, 0x0000000083600000| Untracked 
|  31|0x0000000083700000, 0x0000000083800000, 0x0000000083800000|100%| O|  |TAMS 0x0000000083800000, 0x0000000083700000| Untracked 
|  32|0x0000000083800000, 0x0000000083900000, 0x0000000083900000|100%| O|  |TAMS 0x0000000083823600, 0x0000000083800000| Untracked 
|  33|0x0000000083900000, 0x0000000083a00000, 0x0000000083a00000|100%| O|  |TAMS 0x0000000083900000, 0x0000000083900000| Untracked 
|  34|0x0000000083a00000, 0x0000000083b00000, 0x0000000083b00000|100%| O|  |TAMS 0x0000000083a00000, 0x0000000083a00000| Untracked 
|  35|0x0000000083b00000, 0x0000000083c00000, 0x0000000083c00000|100%| O|  |TAMS 0x0000000083b00000, 0x0000000083b00000| Untracked 
|  36|0x0000000083c00000, 0x0000000083d00000, 0x0000000083d00000|100%| O|  |TAMS 0x0000000083d00000, 0x0000000083c00000| Untracked 
|  37|0x0000000083d00000, 0x0000000083e00000, 0x0000000083e00000|100%| O|  |TAMS 0x0000000083e00000, 0x0000000083d00000| Untracked 
|  38|0x0000000083e00000, 0x0000000083f00000, 0x0000000083f00000|100%| O|  |TAMS 0x0000000083f00000, 0x0000000083e00000| Untracked 
|  39|0x0000000083f00000, 0x0000000084000000, 0x0000000084000000|100%| O|  |TAMS 0x0000000084000000, 0x0000000083f00000| Untracked 
|  40|0x0000000084000000, 0x0000000084100000, 0x0000000084100000|100%| O|  |TAMS 0x0000000084100000, 0x0000000084000000| Untracked 
|  41|0x0000000084100000, 0x0000000084200000, 0x0000000084200000|100%| O|  |TAMS 0x0000000084200000, 0x0000000084100000| Untracked 
|  42|0x0000000084200000, 0x00000000842faa00, 0x0000000084300000| 97%| O|  |TAMS 0x00000000842faa00, 0x0000000084200000| Untracked 
|  43|0x0000000084300000, 0x0000000084400000, 0x0000000084400000|100%| O|  |TAMS 0x0000000084300000, 0x0000000084300000| Untracked 
|  44|0x0000000084400000, 0x0000000084500000, 0x0000000084500000|100%| O|  |TAMS 0x0000000084400000, 0x0000000084400000| Untracked 
|  45|0x0000000084500000, 0x0000000084600000, 0x0000000084600000|100%| O|  |TAMS 0x0000000084500000, 0x0000000084500000| Untracked 
|  46|0x0000000084600000, 0x0000000084600000, 0x0000000084700000|  0%| F|  |TAMS 0x0000000084600000, 0x0000000084600000| Untracked 
|  47|0x0000000084700000, 0x0000000084700000, 0x0000000084800000|  0%| F|  |TAMS 0x0000000084700000, 0x0000000084700000| Untracked 
|  48|0x0000000084800000, 0x0000000084900000, 0x0000000084900000|100%| O|  |TAMS 0x0000000084800000, 0x0000000084800000| Untracked 
|  49|0x0000000084900000, 0x0000000084a00000, 0x0000000084a00000|100%| O|  |TAMS 0x0000000084900000, 0x0000000084900000| Untracked 
|  50|0x0000000084a00000, 0x0000000084b00000, 0x0000000084b00000|100%| O|  |TAMS 0x0000000084a00000, 0x0000000084a00000| Untracked 
|  51|0x0000000084b00000, 0x0000000084b00000, 0x0000000084c00000|  0%| F|  |TAMS 0x0000000084b00000, 0x0000000084b00000| Untracked 
|  52|0x0000000084c00000, 0x0000000084c00000, 0x0000000084d00000|  0%| F|  |TAMS 0x0000000084c00000, 0x0000000084c00000| Untracked 
|  53|0x0000000084d00000, 0x0000000084d00000, 0x0000000084e00000|  0%| F|  |TAMS 0x0000000084d00000, 0x0000000084d00000| Untracked 
|  54|0x0000000084e00000, 0x0000000084e00000, 0x0000000084f00000|  0%| F|  |TAMS 0x0000000084e00000, 0x0000000084e00000| Untracked 
|  55|0x0000000084f00000, 0x0000000084f00000, 0x0000000085000000|  0%| F|  |TAMS 0x0000000084f00000, 0x0000000084f00000| Untracked 
|  56|0x0000000085000000, 0x0000000085000000, 0x0000000085100000|  0%| F|  |TAMS 0x0000000085000000, 0x0000000085000000| Untracked 
|  57|0x0000000085100000, 0x0000000085100000, 0x0000000085200000|  0%| F|  |TAMS 0x0000000085100000, 0x0000000085100000| Untracked 
|  58|0x0000000085200000, 0x0000000085200000, 0x0000000085300000|  0%| F|  |TAMS 0x0000000085200000, 0x0000000085200000| Untracked 
|  59|0x0000000085300000, 0x0000000085300000, 0x0000000085400000|  0%| F|  |TAMS 0x0000000085300000, 0x0000000085300000| Untracked 
|  60|0x0000000085400000, 0x0000000085400000, 0x0000000085500000|  0%| F|  |TAMS 0x0000000085400000, 0x0000000085400000| Untracked 
|  61|0x0000000085500000, 0x0000000085500000, 0x0000000085600000|  0%| F|  |TAMS 0x0000000085500000, 0x0000000085500000| Untracked 
|  62|0x0000000085600000, 0x0000000085600000, 0x0000000085700000|  0%| F|  |TAMS 0x0000000085600000, 0x0000000085600000| Untracked 
|  63|0x0000000085700000, 0x0000000085700000, 0x0000000085800000|  0%| F|  |TAMS 0x0000000085700000, 0x0000000085700000| Untracked 
|  64|0x0000000085800000, 0x0000000085800000, 0x0000000085900000|  0%| F|  |TAMS 0x0000000085800000, 0x0000000085800000| Untracked 
|  65|0x0000000085900000, 0x0000000085900000, 0x0000000085a00000|  0%| F|  |TAMS 0x0000000085900000, 0x0000000085900000| Untracked 
|  66|0x0000000085a00000, 0x0000000085a00000, 0x0000000085b00000|  0%| F|  |TAMS 0x0000000085a00000, 0x0000000085a00000| Untracked 
|  67|0x0000000085b00000, 0x0000000085b00000, 0x0000000085c00000|  0%| F|  |TAMS 0x0000000085b00000, 0x0000000085b00000| Untracked 
|  68|0x0000000085c00000, 0x0000000085c00000, 0x0000000085d00000|  0%| F|  |TAMS 0x0000000085c00000, 0x0000000085c00000| Untracked 
|  69|0x0000000085d00000, 0x0000000085d00000, 0x0000000085e00000|  0%| F|  |TAMS 0x0000000085d00000, 0x0000000085d00000| Untracked 
|  70|0x0000000085e00000, 0x0000000085e00000, 0x0000000085f00000|  0%| F|  |TAMS 0x0000000085e00000, 0x0000000085e00000| Untracked 
|  71|0x0000000085f00000, 0x0000000085f00000, 0x0000000086000000|  0%| F|  |TAMS 0x0000000085f00000, 0x0000000085f00000| Untracked 
|  72|0x0000000086000000, 0x0000000086000000, 0x0000000086100000|  0%| F|  |TAMS 0x0000000086000000, 0x0000000086000000| Untracked 
|  73|0x0000000086100000, 0x0000000086100000, 0x0000000086200000|  0%| F|  |TAMS 0x0000000086100000, 0x0000000086100000| Untracked 
|  74|0x0000000086200000, 0x0000000086200000, 0x0000000086300000|  0%| F|  |TAMS 0x0000000086200000, 0x0000000086200000| Untracked 
|  75|0x0000000086300000, 0x0000000086300000, 0x0000000086400000|  0%| F|  |TAMS 0x0000000086300000, 0x0000000086300000| Untracked 
|  76|0x0000000086400000, 0x0000000086400000, 0x0000000086500000|  0%| F|  |TAMS 0x0000000086400000, 0x0000000086400000| Untracked 
|  77|0x0000000086500000, 0x0000000086500000, 0x0000000086600000|  0%| F|  |TAMS 0x0000000086500000, 0x0000000086500000| Untracked 
|  78|0x0000000086600000, 0x0000000086600000, 0x0000000086700000|  0%| F|  |TAMS 0x0000000086600000, 0x0000000086600000| Untracked 
|  79|0x0000000086700000, 0x0000000086700000, 0x0000000086800000|  0%| F|  |TAMS 0x0000000086700000, 0x0000000086700000| Untracked 
|  80|0x0000000086800000, 0x0000000086800000, 0x0000000086900000|  0%| F|  |TAMS 0x0000000086800000, 0x0000000086800000| Untracked 
|  81|0x0000000086900000, 0x0000000086900000, 0x0000000086a00000|  0%| F|  |TAMS 0x0000000086900000, 0x0000000086900000| Untracked 
|  82|0x0000000086a00000, 0x0000000086a00000, 0x0000000086b00000|  0%| F|  |TAMS 0x0000000086a00000, 0x0000000086a00000| Untracked 
|  83|0x0000000086b00000, 0x0000000086b00000, 0x0000000086c00000|  0%| F|  |TAMS 0x0000000086b00000, 0x0000000086b00000| Untracked 
|  84|0x0000000086c00000, 0x0000000086c00000, 0x0000000086d00000|  0%| F|  |TAMS 0x0000000086c00000, 0x0000000086c00000| Untracked 
|  85|0x0000000086d00000, 0x0000000086d00000, 0x0000000086e00000|  0%| F|  |TAMS 0x0000000086d00000, 0x0000000086d00000| Untracked 
|  86|0x0000000086e00000, 0x0000000086e00000, 0x0000000086f00000|  0%| F|  |TAMS 0x0000000086e00000, 0x0000000086e00000| Untracked 
|  87|0x0000000086f00000, 0x0000000086f00000, 0x0000000087000000|  0%| F|  |TAMS 0x0000000086f00000, 0x0000000086f00000| Untracked 
|  88|0x0000000087000000, 0x0000000087000000, 0x0000000087100000|  0%| F|  |TAMS 0x0000000087000000, 0x0000000087000000| Untracked 
|  89|0x0000000087100000, 0x0000000087100800, 0x0000000087200000|  0%| E|  |TAMS 0x0000000087100000, 0x0000000087100000| Complete 
|  90|0x0000000087200000, 0x0000000087300000, 0x0000000087300000|100%| E|CS|TAMS 0x0000000087200000, 0x0000000087200000| Complete 
|  91|0x0000000087300000, 0x0000000087400000, 0x0000000087400000|100%| E|CS|TAMS 0x0000000087300000, 0x0000000087300000| Complete 
|  92|0x0000000087400000, 0x0000000087500000, 0x0000000087500000|100%| E|CS|TAMS 0x0000000087400000, 0x0000000087400000| Complete 
|  93|0x0000000087500000, 0x0000000087600000, 0x0000000087600000|100%| E|CS|TAMS 0x0000000087500000, 0x0000000087500000| Complete 
|  94|0x0000000087600000, 0x0000000087700000, 0x0000000087700000|100%| E|CS|TAMS 0x0000000087600000, 0x0000000087600000| Complete 
|  95|0x0000000087700000, 0x0000000087800000, 0x0000000087800000|100%| E|CS|TAMS 0x0000000087700000, 0x0000000087700000| Complete 
|  96|0x0000000087800000, 0x0000000087900000, 0x0000000087900000|100%| E|CS|TAMS 0x0000000087800000, 0x0000000087800000| Complete 
|  97|0x0000000087900000, 0x0000000087a00000, 0x0000000087a00000|100%| E|CS|TAMS 0x0000000087900000, 0x0000000087900000| Complete 
|  98|0x0000000087a00000, 0x0000000087b00000, 0x0000000087b00000|100%| E|CS|TAMS 0x0000000087a00000, 0x0000000087a00000| Complete 
|  99|0x0000000087b00000, 0x0000000087c00000, 0x0000000087c00000|100%| E|CS|TAMS 0x0000000087b00000, 0x0000000087b00000| Complete 
| 100|0x0000000087c00000, 0x0000000087d00000, 0x0000000087d00000|100%| E|CS|TAMS 0x0000000087c00000, 0x0000000087c00000| Complete 
| 101|0x0000000087d00000, 0x0000000087e00000, 0x0000000087e00000|100%| E|CS|TAMS 0x0000000087d00000, 0x0000000087d00000| Complete 
| 102|0x0000000087e00000, 0x0000000087f00000, 0x0000000087f00000|100%| E|CS|TAMS 0x0000000087e00000, 0x0000000087e00000| Complete 
| 103|0x0000000087f00000, 0x0000000088000000, 0x0000000088000000|100%| E|CS|TAMS 0x0000000087f00000, 0x0000000087f00000| Complete 
| 104|0x0000000088000000, 0x0000000088100000, 0x0000000088100000|100%| E|CS|TAMS 0x0000000088000000, 0x0000000088000000| Complete 
| 105|0x0000000088100000, 0x0000000088200000, 0x0000000088200000|100%| E|CS|TAMS 0x0000000088100000, 0x0000000088100000| Complete 
| 116|0x0000000088c00000, 0x0000000088d00000, 0x0000000088d00000|100%| E|CS|TAMS 0x0000000088c00000, 0x0000000088c00000| Complete 
| 117|0x0000000088d00000, 0x0000000088e00000, 0x0000000088e00000|100%| E|  |TAMS 0x0000000088d00000, 0x0000000088d00000| Complete 
| 118|0x0000000088e00000, 0x0000000088f00000, 0x0000000088f00000|100%| E|CS|TAMS 0x0000000088e00000, 0x0000000088e00000| Complete 
| 119|0x0000000088f00000, 0x0000000089000000, 0x0000000089000000|100%| E|CS|TAMS 0x0000000088f00000, 0x0000000088f00000| Complete 
| 120|0x0000000089000000, 0x0000000089055150, 0x0000000089100000| 33%| S|CS|TAMS 0x0000000089000000, 0x0000000089000000| Complete 
| 121|0x0000000089100000, 0x0000000089200000, 0x0000000089200000|100%| E|CS|TAMS 0x0000000089100000, 0x0000000089100000| Complete 
| 122|0x0000000089200000, 0x0000000089300000, 0x0000000089300000|100%| E|CS|TAMS 0x0000000089200000, 0x0000000089200000| Complete 
| 153|0x000000008b100000, 0x000000008b200000, 0x000000008b200000|100%| E|CS|TAMS 0x000000008b100000, 0x000000008b100000| Complete 
|2016|0x00000000ff800000, 0x00000000ff900000, 0x00000000ff900000|100%| O|  |TAMS 0x00000000ff900000, 0x00000000ff800000| Untracked 
|2017|0x00000000ff900000, 0x00000000ffa00000, 0x00000000ffa00000|100%| O|  |TAMS 0x00000000ffa00000, 0x00000000ff900000| Untracked 
|2018|0x00000000ffa00000, 0x00000000ffb00000, 0x00000000ffb00000|100%| O|  |TAMS 0x00000000ffb00000, 0x00000000ffa00000| Untracked 
|2019|0x00000000ffb00000, 0x00000000ffc00000, 0x00000000ffc00000|100%| O|  |TAMS 0x00000000ffc00000, 0x00000000ffb00000| Untracked 
|2020|0x00000000ffc00000, 0x00000000ffd00000, 0x00000000ffd00000|100%| O|  |TAMS 0x00000000ffd00000, 0x00000000ffc00000| Untracked 
|2021|0x00000000ffd00000, 0x00000000ffe00000, 0x00000000ffe00000|100%| O|  |TAMS 0x00000000ffe00000, 0x00000000ffd00000| Untracked 
|2022|0x00000000ffe00000, 0x00000000fff00000, 0x00000000fff00000|100%| O|  |TAMS 0x00000000fff00000, 0x00000000ffe00000| Untracked 
|2023|0x00000000fff00000, 0x0000000100000000, 0x0000000100000000|100%| E|CS|TAMS 0x00000000fff00000, 0x00000000fff00000| Complete 

Card table byte_map: [0x0000026cfe640000,0x0000026cfea40000] _byte_map_base: 0x0000026cfe234000

Marking Bits (Prev, Next): (CMBitMap*) 0x0000026ce7961e90, (CMBitMap*) 0x0000026ce7961ed0
 Prev Bits: [0x0000026c80000000, 0x0000026c81fa0000)
 Next Bits: [0x0000026c81fa0000, 0x0000026c83f40000)

Polling page: 0x0000026ce5760000

Metaspace:

Usage:
  Non-class:     28.88 MB used.
      Class:      3.42 MB used.
       Both:     32.30 MB used.

Virtual space:
  Non-class space:       64.00 MB reserved,      29.12 MB ( 46%) committed,  1 nodes.
      Class space:        1.00 GB reserved,       3.69 MB ( <1%) committed,  1 nodes.
             Both:        1.06 GB reserved,      32.81 MB (  3%) committed. 

Chunk freelists:
   Non-Class:  2.25 MB
       Class:  238.00 KB
        Both:  2.49 MB

MaxMetaspaceSize: unlimited
CompressedClassSpaceSize: 1.00 GB
Initial GC threshold: 21.00 MB
Current GC threshold: 51.38 MB
CDS: on
MetaspaceReclaimPolicy: balanced
 - commit_granule_bytes: 65536.
 - commit_granule_words: 8192.
 - virtual_space_node_default_size: 8388608.
 - enlarge_chunks_in_place: 1.
 - new_chunks_are_fully_committed: 0.
 - uncommit_free_chunks: 1.
 - use_allocation_guard: 0.


Internal statistics:

num_allocs_failed_limit: 6.
num_arena_births: 630.
num_arena_deaths: 0.
num_vsnodes_births: 2.
num_vsnodes_deaths: 0.
num_space_committed: 525.
num_space_uncommitted: 0.
num_chunks_returned_to_freelist: 6.
num_chunks_taken_from_freelist: 1850.
num_chunk_merges: 6.
num_chunk_splits: 1298.
num_chunks_enlarged: 937.
num_inconsistent_stats: 0.

CodeHeap 'non-profiled nmethods': size=120000Kb used=3878Kb max_used=3878Kb free=116121Kb
 bounds [0x0000026cf6d10000, 0x0000026cf70e0000, 0x0000026cfe240000]
CodeHeap 'profiled nmethods': size=120000Kb used=16321Kb max_used=16321Kb free=103678Kb
 bounds [0x0000026cef7e0000, 0x0000026cf07e0000, 0x0000026cf6d10000]
CodeHeap 'non-nmethods': size=5760Kb used=1258Kb max_used=1317Kb free=4501Kb
 bounds [0x0000026cef240000, 0x0000026cef4b0000, 0x0000026cef7e0000]
 total_blobs=8241 nmethods=7678 adapters=475
 compilation: enabled
              stopped_count=0, restarted_count=0
 full_count=0

Compilation events (20 events):
Event: 6.525 Thread 0x0000026cff2c0610 nmethod 8636 0x0000026cf07ce290 code [0x0000026cf07ce440, 0x0000026cf07ce6d8]
Event: 6.527 Thread 0x0000026cff2c0610 8637       3       java.lang.ProcessEnvironment$CheckedEntrySet$1::next (20 bytes)
Event: 6.528 Thread 0x0000026cff2c0610 nmethod 8637 0x0000026cf07ce810 code [0x0000026cf07ce9e0, 0x0000026cf07cee48]
Event: 6.528 Thread 0x0000026cff2c0610 8639       3       java.lang.ProcessEnvironment$CheckedEntry::getKey (13 bytes)
Event: 6.528 Thread 0x0000026cff2c0610 nmethod 8639 0x0000026cf07cef90 code [0x0000026cf07cf140, 0x0000026cf07cf408]
Event: 6.528 Thread 0x0000026cff2c0610 8638       3       java.lang.ProcessEnvironment$CheckedEntry::<init> (10 bytes)
Event: 6.528 Thread 0x0000026cff2c0610 nmethod 8638 0x0000026cf07cf510 code [0x0000026cf07cf6a0, 0x0000026cf07cf858]
Event: 6.528 Thread 0x0000026cff2c0610 8640       3       java.lang.ProcessEnvironment$CheckedEntry::getKey (5 bytes)
Event: 6.528 Thread 0x0000026cff2c0610 nmethod 8640 0x0000026cf07cf910 code [0x0000026cf07cfac0, 0x0000026cf07cfe08]
Event: 6.531 Thread 0x0000026c8be83480 nmethod 8572 0x0000026cf70d3310 code [0x0000026cf70d36a0, 0x0000026cf70d54b0]
Event: 6.531 Thread 0x0000026c8be83480 8618  s!   4       jdk.internal.loader.URLClassPath::getLoader (194 bytes)
Event: 6.532 Thread 0x0000026cff2c0610 8643       3       java.lang.invoke.InvokerBytecodeGenerator::emitReturnInsn (122 bytes)
Event: 6.534 Thread 0x0000026cff2c0610 nmethod 8643 0x0000026cf07cff10 code [0x0000026cf07d0180, 0x0000026cf07d0be8]
Event: 6.542 Thread 0x0000026c8be83480 nmethod 8618 0x0000026cf70d6c90 code [0x0000026cf70d6ee0, 0x0000026cf70d7cf0]
Event: 6.542 Thread 0x0000026c8be83480 8627       4       jdk.internal.util.Preconditions::checkFromIndexSize (25 bytes)
Event: 6.543 Thread 0x0000026c8be83480 nmethod 8627 0x0000026cf70d8410 code [0x0000026cf70d8580, 0x0000026cf70d8638]
Event: 6.543 Thread 0x0000026c8be83480 8615       4       java.lang.Class::getPackageName (81 bytes)
Event: 6.551 Thread 0x0000026c8be83480 nmethod 8615 0x0000026cf70d8710 code [0x0000026cf70d88c0, 0x0000026cf70d90f8]
Event: 6.551 Thread 0x0000026c8be83480 8625       4       java.lang.String::compareTo (9 bytes)
Event: 6.552 Thread 0x0000026c8be83480 nmethod 8625 0x0000026cf70d9510 code [0x0000026cf70d96a0, 0x0000026cf70d98d8]

GC Heap History (20 events):
Event: 3.444 GC heap before
{Heap before GC invocations=6 (full 0):
 garbage-first heap   total 65536K, used 63818K [0x0000000081800000, 0x0000000100000000)
  region size 1024K, 53 young (54272K), 7 survivors (7168K)
 Metaspace       used 24078K, committed 24448K, reserved 1114112K
  class space    used 2610K, committed 2816K, reserved 1048576K
}
Event: 3.465 GC heap after
{Heap after GC invocations=7 (full 0):
 garbage-first heap   total 86016K, used 30844K [0x0000000081800000, 0x0000000100000000)
  region size 1024K, 12 young (12288K), 12 survivors (12288K)
 Metaspace       used 24078K, committed 24448K, reserved 1114112K
  class space    used 2610K, committed 2816K, reserved 1048576K
}
Event: 3.939 GC heap before
{Heap before GC invocations=7 (full 0):
 garbage-first heap   total 86016K, used 61564K [0x0000000081800000, 0x0000000100000000)
  region size 1024K, 42 young (43008K), 12 survivors (12288K)
 Metaspace       used 25472K, committed 25920K, reserved 1114112K
  class space    used 2721K, committed 2944K, reserved 1048576K
}
Event: 3.953 GC heap after
{Heap after GC invocations=8 (full 0):
 garbage-first heap   total 86016K, used 37354K [0x0000000081800000, 0x0000000100000000)
  region size 1024K, 5 young (5120K), 5 survivors (5120K)
 Metaspace       used 25472K, committed 25920K, reserved 1114112K
  class space    used 2721K, committed 2944K, reserved 1048576K
}
Event: 4.244 GC heap before
{Heap before GC invocations=8 (full 0):
 garbage-first heap   total 86016K, used 62954K [0x0000000081800000, 0x0000000100000000)
  region size 1024K, 31 young (31744K), 5 survivors (5120K)
 Metaspace       used 26647K, committed 27072K, reserved 1114112K
  class space    used 2847K, committed 3072K, reserved 1048576K
}
Event: 4.250 GC heap after
{Heap after GC invocations=9 (full 0):
 garbage-first heap   total 86016K, used 37866K [0x0000000081800000, 0x0000000100000000)
  region size 1024K, 1 young (1024K), 1 survivors (1024K)
 Metaspace       used 26647K, committed 27072K, reserved 1114112K
  class space    used 2847K, committed 3072K, reserved 1048576K
}
Event: 4.415 GC heap before
{Heap before GC invocations=9 (full 0):
 garbage-first heap   total 86016K, used 66538K [0x0000000081800000, 0x0000000100000000)
  region size 1024K, 29 young (29696K), 1 survivors (1024K)
 Metaspace       used 27164K, committed 27648K, reserved 1114112K
  class space    used 2919K, committed 3136K, reserved 1048576K
}
Event: 4.417 GC heap after
{Heap after GC invocations=10 (full 0):
 garbage-first heap   total 86016K, used 37862K [0x0000000081800000, 0x0000000100000000)
  region size 1024K, 1 young (1024K), 1 survivors (1024K)
 Metaspace       used 27164K, committed 27648K, reserved 1114112K
  class space    used 2919K, committed 3136K, reserved 1048576K
}
Event: 4.625 GC heap before
{Heap before GC invocations=10 (full 0):
 garbage-first heap   total 86016K, used 67558K [0x0000000081800000, 0x0000000100000000)
  region size 1024K, 30 young (30720K), 1 survivors (1024K)
 Metaspace       used 27414K, committed 27968K, reserved 1114112K
  class space    used 2925K, committed 3200K, reserved 1048576K
}
Event: 4.629 GC heap after
{Heap after GC invocations=11 (full 0):
 garbage-first heap   total 103424K, used 39091K [0x0000000081800000, 0x0000000100000000)
  region size 1024K, 3 young (3072K), 3 survivors (3072K)
 Metaspace       used 27414K, committed 27968K, reserved 1114112K
  class space    used 2925K, committed 3200K, reserved 1048576K
}
Event: 5.239 GC heap before
{Heap before GC invocations=11 (full 0):
 garbage-first heap   total 103424K, used 81075K [0x0000000081800000, 0x0000000100000000)
  region size 1024K, 44 young (45056K), 3 survivors (3072K)
 Metaspace       used 29441K, committed 30016K, reserved 1114112K
  class space    used 3140K, committed 3392K, reserved 1048576K
}
Event: 5.246 GC heap after
{Heap after GC invocations=12 (full 0):
 garbage-first heap   total 103424K, used 40863K [0x0000000081800000, 0x0000000100000000)
  region size 1024K, 4 young (4096K), 4 survivors (4096K)
 Metaspace       used 29441K, committed 30016K, reserved 1114112K
  class space    used 3140K, committed 3392K, reserved 1048576K
}
Event: 5.749 GC heap before
{Heap before GC invocations=12 (full 0):
 garbage-first heap   total 103424K, used 83871K [0x0000000081800000, 0x0000000100000000)
  region size 1024K, 44 young (45056K), 4 survivors (4096K)
 Metaspace       used 29694K, committed 30208K, reserved 1114112K
  class space    used 3158K, committed 3392K, reserved 1048576K
}
Event: 5.762 GC heap after
{Heap after GC invocations=13 (full 0):
 garbage-first heap   total 103424K, used 54392K [0x0000000081800000, 0x0000000100000000)
  region size 1024K, 6 young (6144K), 6 survivors (6144K)
 Metaspace       used 29694K, committed 30208K, reserved 1114112K
  class space    used 3158K, committed 3392K, reserved 1048576K
}
Event: 6.029 GC heap before
{Heap before GC invocations=13 (full 0):
 garbage-first heap   total 103424K, used 77944K [0x0000000081800000, 0x0000000100000000)
  region size 1024K, 30 young (30720K), 6 survivors (6144K)
 Metaspace       used 30951K, committed 31488K, reserved 1114112K
  class space    used 3305K, committed 3584K, reserved 1048576K
}
Event: 6.035 GC heap after
{Heap after GC invocations=14 (full 0):
 garbage-first heap   total 103424K, used 56201K [0x0000000081800000, 0x0000000100000000)
  region size 1024K, 1 young (1024K), 1 survivors (1024K)
 Metaspace       used 30951K, committed 31488K, reserved 1114112K
  class space    used 3305K, committed 3584K, reserved 1048576K
}
Event: 6.276 GC heap before
{Heap before GC invocations=15 (full 0):
 garbage-first heap   total 103424K, used 80777K [0x0000000081800000, 0x0000000100000000)
  region size 1024K, 25 young (25600K), 1 survivors (1024K)
 Metaspace       used 31472K, committed 32000K, reserved 1114112K
  class space    used 3344K, committed 3584K, reserved 1048576K
}
Event: 6.279 GC heap after
{Heap after GC invocations=16 (full 0):
 garbage-first heap   total 103424K, used 57291K [0x0000000081800000, 0x0000000100000000)
  region size 1024K, 2 young (2048K), 2 survivors (2048K)
 Metaspace       used 31472K, committed 32000K, reserved 1114112K
  class space    used 3344K, committed 3584K, reserved 1048576K
}
Event: 6.298 GC heap before
{Heap before GC invocations=16 (full 0):
 garbage-first heap   total 103424K, used 60363K [0x0000000081800000, 0x0000000100000000)
  region size 1024K, 5 young (5120K), 2 survivors (2048K)
 Metaspace       used 31770K, committed 32320K, reserved 1114112K
  class space    used 3366K, committed 3648K, reserved 1048576K
}
Event: 6.303 GC heap after
{Heap after GC invocations=17 (full 0):
 garbage-first heap   total 124928K, used 51518K [0x0000000081800000, 0x0000000100000000)
  region size 1024K, 1 young (1024K), 1 survivors (1024K)
 Metaspace       used 31770K, committed 32320K, reserved 1114112K
  class space    used 3366K, committed 3648K, reserved 1048576K
}

Deoptimization events (20 events):
Event: 6.429 Thread 0x0000026c8d29c9b0 DEOPT PACKING pc=0x0000026cf6f2b7b4 sp=0x000000b87dfff360
Event: 6.429 Thread 0x0000026c8d29c9b0 DEOPT UNPACKING pc=0x0000026cef2923a3 sp=0x000000b87dfff2f8 mode 2
Event: 6.433 Thread 0x0000026ce7900db0 Uncommon trap: trap_request=0xffffffbe fr.pc=0x0000026cf70cb3bc relative=0x000000000000051c
Event: 6.433 Thread 0x0000026ce7900db0 Uncommon trap: reason=profile_predicate action=maybe_recompile pc=0x0000026cf70cb3bc method=java.util.regex.Pattern$Slice.match(Ljava/util/regex/Matcher;ILjava/lang/CharSequence;)Z @ 18 c2
Event: 6.433 Thread 0x0000026ce7900db0 DEOPT PACKING pc=0x0000026cf70cb3bc sp=0x000000b87c2fd0a0
Event: 6.433 Thread 0x0000026ce7900db0 DEOPT UNPACKING pc=0x0000026cef2923a3 sp=0x000000b87c2fd030 mode 2
Event: 6.433 Thread 0x0000026ce7900db0 Uncommon trap: trap_request=0xffffffbe fr.pc=0x0000026cf70cb3bc relative=0x000000000000051c
Event: 6.433 Thread 0x0000026ce7900db0 Uncommon trap: reason=profile_predicate action=maybe_recompile pc=0x0000026cf70cb3bc method=java.util.regex.Pattern$Slice.match(Ljava/util/regex/Matcher;ILjava/lang/CharSequence;)Z @ 18 c2
Event: 6.433 Thread 0x0000026ce7900db0 DEOPT PACKING pc=0x0000026cf70cb3bc sp=0x000000b87c2fd0a0
Event: 6.433 Thread 0x0000026ce7900db0 DEOPT UNPACKING pc=0x0000026cef2923a3 sp=0x000000b87c2fd030 mode 2
Event: 6.433 Thread 0x0000026ce7900db0 Uncommon trap: trap_request=0xffffffbe fr.pc=0x0000026cf70cb3bc relative=0x000000000000051c
Event: 6.433 Thread 0x0000026ce7900db0 Uncommon trap: reason=profile_predicate action=maybe_recompile pc=0x0000026cf70cb3bc method=java.util.regex.Pattern$Slice.match(Ljava/util/regex/Matcher;ILjava/lang/CharSequence;)Z @ 18 c2
Event: 6.433 Thread 0x0000026ce7900db0 DEOPT PACKING pc=0x0000026cf70cb3bc sp=0x000000b87c2fd0a0
Event: 6.433 Thread 0x0000026ce7900db0 DEOPT UNPACKING pc=0x0000026cef2923a3 sp=0x000000b87c2fd030 mode 2
Event: 6.433 Thread 0x0000026ce7900db0 Uncommon trap: trap_request=0xffffffbe fr.pc=0x0000026cf70cb3bc relative=0x000000000000051c
Event: 6.433 Thread 0x0000026ce7900db0 Uncommon trap: reason=profile_predicate action=maybe_recompile pc=0x0000026cf70cb3bc method=java.util.regex.Pattern$Slice.match(Ljava/util/regex/Matcher;ILjava/lang/CharSequence;)Z @ 18 c2
Event: 6.433 Thread 0x0000026ce7900db0 DEOPT PACKING pc=0x0000026cf70cb3bc sp=0x000000b87c2fd0a0
Event: 6.433 Thread 0x0000026ce7900db0 DEOPT UNPACKING pc=0x0000026cef2923a3 sp=0x000000b87c2fd030 mode 2
Event: 6.477 Thread 0x0000026c8cd08a00 DEOPT PACKING pc=0x0000026cf0219a58 sp=0x000000b87ddfee80
Event: 6.477 Thread 0x0000026c8cd08a00 DEOPT UNPACKING pc=0x0000026cef292b43 sp=0x000000b87ddfe2d8 mode 3

Classes loaded (20 events):
Event: 6.521 Loading class java/util/concurrent/ArrayBlockingQueue
Event: 6.521 Loading class java/util/concurrent/ArrayBlockingQueue done
Event: 6.524 Loading class java/util/DualPivotQuicksort
Event: 6.525 Loading class java/util/DualPivotQuicksort done
Event: 6.526 Loading class java/lang/IllegalThreadStateException
Event: 6.526 Loading class java/lang/IllegalThreadStateException done
Event: 6.527 Loading class java/lang/ProcessBuilder
Event: 6.527 Loading class java/lang/ProcessBuilder done
Event: 6.527 Loading class java/lang/ProcessImpl
Event: 6.527 Loading class java/lang/Process
Event: 6.527 Loading class java/lang/Process done
Event: 6.527 Loading class java/lang/ProcessImpl done
Event: 6.534 Loading class java/lang/ProcessImpl$2
Event: 6.534 Loading class java/lang/ProcessImpl$2 done
Event: 6.534 Loading class java/lang/Process$PipeInputStream
Event: 6.534 Loading class java/lang/Process$PipeInputStream done
Event: 6.535 Loading class jdk/internal/event/ProcessStartEvent
Event: 6.535 Loading class jdk/internal/event/Event
Event: 6.535 Loading class jdk/internal/event/Event done
Event: 6.535 Loading class jdk/internal/event/ProcessStartEvent done

Classes unloaded (0 events):
No events

Classes redefined (0 events):
No events

Internal exceptions (20 events):
Event: 6.057 Thread 0x0000026ce7900db0 Exception <a 'sun/nio/fs/WindowsException'{0x00000000892bea60}> (0x00000000892bea60) 
thrown [s\open\src\hotspot\share\prims\jni.cpp, line 516]
Event: 6.057 Thread 0x0000026ce7900db0 Exception <a 'sun/nio/fs/WindowsException'{0x00000000892bed50}> (0x00000000892bed50) 
thrown [s\open\src\hotspot\share\prims\jni.cpp, line 516]
Event: 6.058 Thread 0x0000026ce7900db0 Exception <a 'sun/nio/fs/WindowsException'{0x00000000892c8d68}> (0x00000000892c8d68) 
thrown [s\open\src\hotspot\share\prims\jni.cpp, line 516]
Event: 6.058 Thread 0x0000026ce7900db0 Exception <a 'sun/nio/fs/WindowsException'{0x00000000892c9098}> (0x00000000892c9098) 
thrown [s\open\src\hotspot\share\prims\jni.cpp, line 516]
Event: 6.058 Thread 0x0000026ce7900db0 Exception <a 'sun/nio/fs/WindowsException'{0x00000000892cb060}> (0x00000000892cb060) 
thrown [s\open\src\hotspot\share\prims\jni.cpp, line 516]
Event: 6.058 Thread 0x0000026ce7900db0 Exception <a 'sun/nio/fs/WindowsException'{0x00000000892cb450}> (0x00000000892cb450) 
thrown [s\open\src\hotspot\share\prims\jni.cpp, line 516]
Event: 6.072 Thread 0x0000026ce7900db0 Exception <a 'sun/nio/fs/WindowsException'{0x00000000891b7c00}> (0x00000000891b7c00) 
thrown [s\open\src\hotspot\share\prims\jni.cpp, line 516]
Event: 6.072 Thread 0x0000026ce7900db0 Exception <a 'sun/nio/fs/WindowsException'{0x00000000891b8298}> (0x00000000891b8298) 
thrown [s\open\src\hotspot\share\prims\jni.cpp, line 516]
Event: 6.072 Thread 0x0000026ce7900db0 Exception <a 'sun/nio/fs/WindowsException'{0x00000000891b8a78}> (0x00000000891b8a78) 
thrown [s\open\src\hotspot\share\prims\jni.cpp, line 516]
Event: 6.292 Thread 0x0000026ce7900db0 Implicit null exception at 0x0000026cf70808e0 to 0x0000026cf7080b00
Event: 6.298 Thread 0x0000026c8ca96020 Exception <a 'java/lang/NoSuchMethodError'{0x00000000891877b8}: 'java.lang.Object java.lang.invoke.DirectMethodHandle$Holder.invokeStatic(java.lang.Object, java.lang.Object, long, java.lang.Object)'> (0x00000000891877b8) 
thrown [s\open\src\hotspot\share\interpreter\linkResolver.cpp, line 759]
Event: 6.303 Thread 0x0000026c8ca96020 Exception <a 'java/lang/NoSuchMethodError'{0x00000000fff00420}: 'java.lang.Object java.lang.invoke.DirectMethodHandle$Holder.invokeStaticInit(java.lang.Object, java.lang.Object, long, java.lang.Object)'> (0x00000000fff00420) 
thrown [s\open\src\hotspot\share\interpreter\linkResolver.cpp, line 759]
Event: 6.304 Thread 0x0000026c8ca96020 Exception <a 'java/lang/NoSuchMethodError'{0x00000000fff3ef48}: 'java.lang.Object java.lang.invoke.DirectMethodHandle$Holder.newInvokeSpecial(java.lang.Object, java.lang.Object, long)'> (0x00000000fff3ef48) 
thrown [s\open\src\hotspot\share\interpreter\linkResolver.cpp, line 759]
Event: 6.304 Thread 0x0000026c8ca96020 Exception <a 'java/lang/NoSuchMethodError'{0x00000000fff42990}: 'java.lang.Object java.lang.invoke.Invokers$Holder.linkToTargetMethod(java.lang.Object, long, java.lang.Object)'> (0x00000000fff42990) 
thrown [s\open\src\hotspot\share\interpreter\linkResolver.cpp, line 759]
Event: 6.305 Thread 0x0000026c8ca96020 Exception <a 'java/lang/NoSuchMethodError'{0x00000000fff59218}: 'long java.lang.invoke.DirectMethodHandle$Holder.invokeInterface(java.lang.Object, java.lang.Object)'> (0x00000000fff59218) 
thrown [s\open\src\hotspot\share\interpreter\linkResolver.cpp, line 759]
Event: 6.306 Thread 0x0000026c8ca96020 Exception <a 'java/lang/NoSuchMethodError'{0x00000000fff5cb78}: 'long java.lang.invoke.DelegatingMethodHandle$Holder.reinvoke_L(java.lang.Object, java.lang.Object)'> (0x00000000fff5cb78) 
thrown [s\open\src\hotspot\share\interpreter\linkResolver.cpp, line 759]
Event: 6.307 Thread 0x0000026ce7900db0 Exception <a 'java/lang/NoSuchMethodError'{0x00000000fff9c758}: 'java.lang.String org.apache.maven.execution.MavenExecutionRequest.getFailureBehavior()'> (0x00000000fff9c758) 
thrown [s\open\src\hotspot\share\interpreter\linkResolver.cpp, line 855]
Event: 6.369 Thread 0x0000026ce7900db0 Exception <a 'java/lang/NoSuchMethodError'{0x0000000089226a00}: 'java.lang.Object java.lang.invoke.DirectMethodHandle$Holder.invokeStaticInit(java.lang.Object, java.lang.Object, int, int, int, int)'> (0x0000000089226a00) 
thrown [s\open\src\hotspot\share\interpreter\linkResolver.cpp, line 759]
Event: 6.532 Thread 0x0000026ce7900db0 Exception <a 'java/lang/NoSuchMethodError'{0x000000008739a670}: 'void java.lang.invoke.DirectMethodHandle$Holder.invokeStatic(java.lang.Object, long)'> (0x000000008739a670) 
thrown [s\open\src\hotspot\share\interpreter\linkResolver.cpp, line 759]
Event: 6.532 Thread 0x0000026ce7900db0 Exception <a 'java/lang/NoSuchMethodError'{0x0000000087204170}: 'java.lang.Object java.lang.invoke.DirectMethodHandle$Holder.newInvokeSpecial(java.lang.Object, long)'> (0x0000000087204170) 
thrown [s\open\src\hotspot\share\interpreter\linkResolver.cpp, line 759]

VM Operations (20 events):
Event: 5.749 Executing VM operation: G1CollectForAllocation
Event: 5.762 Executing VM operation: G1CollectForAllocation done
Event: 6.029 Executing VM operation: G1CollectForAllocation
Event: 6.035 Executing VM operation: G1CollectForAllocation done
Event: 6.088 Executing VM operation: G1Concurrent
Event: 6.093 Executing VM operation: G1Concurrent done
Event: 6.126 Executing VM operation: G1Concurrent
Event: 6.127 Executing VM operation: G1Concurrent done
Event: 6.276 Executing VM operation: G1CollectForAllocation
Event: 6.279 Executing VM operation: G1CollectForAllocation done
Event: 6.288 Executing VM operation: HandshakeAllThreads
Event: 6.288 Executing VM operation: HandshakeAllThreads done
Event: 6.298 Executing VM operation: G1CollectForAllocation
Event: 6.303 Executing VM operation: G1CollectForAllocation done
Event: 6.500 Executing VM operation: HandshakeAllThreads
Event: 6.500 Executing VM operation: HandshakeAllThreads done
Event: 6.523 Executing VM operation: HandshakeAllThreads
Event: 6.523 Executing VM operation: HandshakeAllThreads done
Event: 6.535 Executing VM operation: HandshakeAllThreads
Event: 6.535 Executing VM operation: HandshakeAllThreads done

Events (20 events):
Event: 4.303 Thread 0x0000026cff2c7f40 flushing nmethod 0x0000026cf050e390
Event: 4.303 Thread 0x0000026cff2c7f40 flushing nmethod 0x0000026cf050ed10
Event: 4.303 Thread 0x0000026cff2c7f40 flushing nmethod 0x0000026cf0510110
Event: 4.303 Thread 0x0000026cff2c7f40 flushing nmethod 0x0000026cf0510d10
Event: 4.303 Thread 0x0000026cff2c7f40 flushing nmethod 0x0000026cf0515990
Event: 4.303 Thread 0x0000026cff2c7f40 flushing nmethod 0x0000026cf0516590
Event: 4.303 Thread 0x0000026cff2c7f40 flushing nmethod 0x0000026cf0517d10
Event: 6.290 Thread 0x0000026c8ca96020 Thread added: 0x0000026c8ca96020
Event: 6.306 Thread 0x0000026c8ca96020 Thread exited: 0x0000026c8ca96020
Event: 6.427 Thread 0x0000026c8cd08a00 Thread added: 0x0000026c8cd08a00
Event: 6.427 Thread 0x0000026c8a135d20 Thread added: 0x0000026c8a135d20
Event: 6.427 Thread 0x0000026c8d29c9b0 Thread added: 0x0000026c8d29c9b0
Event: 6.476 Thread 0x0000026c8c5e0ae0 Thread added: 0x0000026c8c5e0ae0
Event: 6.477 Thread 0x0000026c8b476260 Thread added: 0x0000026c8b476260
Event: 6.494 Thread 0x0000026c8b479750 Thread added: 0x0000026c8b479750
Event: 6.498 Thread 0x0000026c8b478db0 Thread added: 0x0000026c8b478db0
Event: 6.524 Thread 0x0000026c8b479280 Thread added: 0x0000026c8b479280
Event: 6.537 Thread 0x0000026c8b476730 Thread added: 0x0000026c8b476730
Event: 6.537 Thread 0x0000026c8b477f40 Thread added: 0x0000026c8b477f40
Event: 6.537 Thread 0x0000026c8b476c00 Thread added: 0x0000026c8b476c00


Dynamic libraries:
0x00007ff7728b0000 - 0x00007ff7728c0000 	D:\jdk\bin\java.exe
0x00007ffe11ad0000 - 0x00007ffe11cc8000 	C:\WINDOWS\SYSTEM32\ntdll.dll
0x00007ffe11410000 - 0x00007ffe114cd000 	C:\WINDOWS\System32\KERNEL32.DLL
0x00007ffe0f490000 - 0x00007ffe0f762000 	C:\WINDOWS\System32\KERNELBASE.dll
0x00007ffe0f900000 - 0x00007ffe0fa00000 	C:\WINDOWS\System32\ucrtbase.dll
0x00007ffdc76d0000 - 0x00007ffdc76e8000 	D:\jdk\bin\jli.dll
0x00007ffdcc310000 - 0x00007ffdcc32a000 	D:\jdk\bin\VCRUNTIME140.dll
0x00007ffe114d0000 - 0x00007ffe1157e000 	C:\WINDOWS\System32\ADVAPI32.dll
0x00007ffe10bf0000 - 0x00007ffe10c8e000 	C:\WINDOWS\System32\msvcrt.dll
0x00007ffe119c0000 - 0x00007ffe11a5c000 	C:\WINDOWS\System32\sechost.dll
0x00007ffe10cf0000 - 0x00007ffe10e15000 	C:\WINDOWS\System32\RPCRT4.dll
0x00007ffe10a50000 - 0x00007ffe10bed000 	C:\WINDOWS\System32\USER32.dll
0x00007ffe0fa00000 - 0x00007ffe0fa22000 	C:\WINDOWS\System32\win32u.dll
0x00007ffe00c50000 - 0x00007ffe00eea000 	C:\WINDOWS\WinSxS\amd64_microsoft.windows.common-controls_6595b64144ccf1df_6.0.19041.1110_none_60b5254171f9507e\COMCTL32.dll
0x00007ffe0ffd0000 - 0x00007ffe0fffb000 	C:\WINDOWS\System32\GDI32.dll
0x00007ffe0f2d0000 - 0x00007ffe0f3df000 	C:\WINDOWS\System32\gdi32full.dll
0x00007ffe0f1e0000 - 0x00007ffe0f27d000 	C:\WINDOWS\System32\msvcp_win.dll
0x00007ffe0df70000 - 0x00007ffe0df7a000 	C:\WINDOWS\SYSTEM32\VERSION.dll
0x00007ffe11a60000 - 0x00007ffe11a90000 	C:\WINDOWS\System32\IMM32.DLL
0x00007ffdfeba0000 - 0x00007ffdfebac000 	D:\jdk\bin\vcruntime140_1.dll
0x00007ffd732a0000 - 0x00007ffd7332d000 	D:\jdk\bin\msvcp140.dll
0x00007ffd70a40000 - 0x00007ffd71651000 	D:\jdk\bin\server\jvm.dll
0x00007ffe0fb30000 - 0x00007ffe0fb38000 	C:\WINDOWS\System32\PSAPI.DLL
0x00007ffe005b0000 - 0x00007ffe005d7000 	C:\WINDOWS\SYSTEM32\WINMM.dll
0x00007ffdfaec0000 - 0x00007ffdfaec9000 	C:\WINDOWS\SYSTEM32\WSOCK32.dll
0x00007ffe109e0000 - 0x00007ffe10a4b000 	C:\WINDOWS\System32\WS2_32.dll
0x00007ffe0df30000 - 0x00007ffe0df42000 	C:\WINDOWS\SYSTEM32\kernel.appcore.dll
0x00007ffdf47f0000 - 0x00007ffdf47fa000 	D:\jdk\bin\jimage.dll
0x00007ffe09b60000 - 0x00007ffe09d44000 	C:\WINDOWS\SYSTEM32\DBGHELP.DLL
0x00007ffe09b00000 - 0x00007ffe09b2c000 	C:\WINDOWS\SYSTEM32\dbgcore.DLL
0x00007ffe0fa30000 - 0x00007ffe0fab2000 	C:\WINDOWS\System32\bcryptPrimitives.dll
0x00007ffe0b370000 - 0x00007ffe0b37e000 	D:\jdk\bin\instrument.dll
0x00007ffdc7670000 - 0x00007ffdc7695000 	D:\jdk\bin\java.dll
0x00007ffd731c0000 - 0x00007ffd73296000 	D:\jdk\bin\jsvml.dll
0x00007ffe10250000 - 0x00007ffe10993000 	C:\WINDOWS\System32\SHELL32.dll
0x00007ffe0d0f0000 - 0x00007ffe0d881000 	C:\WINDOWS\SYSTEM32\windows.storage.dll
0x00007ffe0fb40000 - 0x00007ffe0fe94000 	C:\WINDOWS\System32\combase.dll
0x00007ffe0eb60000 - 0x00007ffe0eb90000 	C:\WINDOWS\SYSTEM32\Wldp.dll
0x00007ffe11690000 - 0x00007ffe1173d000 	C:\WINDOWS\System32\SHCORE.dll
0x00007ffe113b0000 - 0x00007ffe11405000 	C:\WINDOWS\System32\shlwapi.dll
0x00007ffe0f120000 - 0x00007ffe0f13f000 	C:\WINDOWS\SYSTEM32\profapi.dll
0x00007ffdb0140000 - 0x00007ffdb0158000 	D:\jdk\bin\zip.dll
0x00007ffdc76b0000 - 0x00007ffdc76c3000 	D:\jdk\bin\net.dll
0x00007ffe08110000 - 0x00007ffe0821d000 	C:\WINDOWS\SYSTEM32\WINHTTP.dll
0x00007ffe0e8c0000 - 0x00007ffe0e92a000 	C:\WINDOWS\system32\mswsock.dll
0x00007ffdb0160000 - 0x00007ffdb0176000 	D:\jdk\bin\nio.dll
0x00007ffe0b350000 - 0x00007ffe0b36a000 	D:\IntelliJ IDEA 2022.2\bin\breakgen64.dll
0x0000000069ac0000 - 0x0000000069ae4000 	C:\Users\admin\AppData\Local\Temp\jansi-2.4.0-b42233dd10066044-jansi.dll
0x00007ffde5370000 - 0x00007ffde5380000 	D:\jdk\bin\verify.dll
0x00007ffe0eab0000 - 0x00007ffe0eac8000 	C:\WINDOWS\SYSTEM32\CRYPTSP.dll
0x00007ffe0e1e0000 - 0x00007ffe0e214000 	C:\WINDOWS\system32\rsaenh.dll
0x00007ffe0f770000 - 0x00007ffe0f797000 	C:\WINDOWS\System32\bcrypt.dll
0x00007ffe0f0e0000 - 0x00007ffe0f10e000 	C:\WINDOWS\SYSTEM32\USERENV.dll
0x00007ffe0ead0000 - 0x00007ffe0eadc000 	C:\WINDOWS\SYSTEM32\CRYPTBASE.dll
0x00007ffe0e5b0000 - 0x00007ffe0e5eb000 	C:\WINDOWS\SYSTEM32\IPHLPAPI.DLL
0x00007ffe109c0000 - 0x00007ffe109c8000 	C:\WINDOWS\System32\NSI.dll
0x00007ffe09500000 - 0x00007ffe09517000 	C:\WINDOWS\SYSTEM32\dhcpcsvc6.DLL
0x00007ffe094e0000 - 0x00007ffe094fd000 	C:\WINDOWS\SYSTEM32\dhcpcsvc.DLL
0x00007ffe0e640000 - 0x00007ffe0e70a000 	C:\WINDOWS\SYSTEM32\DNSAPI.dll

dbghelp: loaded successfully - version: 4.0.5 - missing functions: none
symbol engine: initialized successfully - sym options: 0x614 - pdb path: .;D:\jdk\bin;C:\WINDOWS\SYSTEM32;C:\WINDOWS\WinSxS\amd64_microsoft.windows.common-controls_6595b64144ccf1df_6.0.19041.1110_none_60b5254171f9507e;D:\jdk\bin\server;D:\IntelliJ IDEA 2022.2\bin;C:\Users\admin\AppData\Local\Temp

VM Arguments:
jvm_args: -Dmaven.multiModuleProjectDirectory=E:\sgwProject\jingsai -Dmaven.home=D:\maven\apache-maven-3.8.6 -Dclassworlds.conf=D:\maven\apache-maven-3.8.6\bin\m2.conf -Dmaven.ext.class.path=D:\IntelliJ IDEA 2022.2\plugins\maven\lib\maven-event-listener.jar -javaagent:D:\IntelliJ IDEA 2022.2\lib\idea_rt.jar=53296:D:\IntelliJ IDEA 2022.2\bin -Dfile.encoding=UTF-8 
java_command: org.codehaus.classworlds.Launcher -Didea.version=2022.2 install
java_class_path (initial): D:\maven\apache-maven-3.8.6\boot\plexus-classworlds-2.6.0.jar;D:\maven\apache-maven-3.8.6\boot\plexus-classworlds.license
Launcher Type: SUN_STANDARD

[Global flags]
     intx CICompilerCount                          = 3                                         {product} {ergonomic}
     uint ConcGCThreads                            = 1                                         {product} {ergonomic}
     uint G1ConcRefinementThreads                  = 4                                         {product} {ergonomic}
   size_t G1HeapRegionSize                         = 1048576                                   {product} {ergonomic}
    uintx GCDrainStackTargetSize                   = 64                                        {product} {ergonomic}
   size_t InitialHeapSize                          = 134217728                                 {product} {ergonomic}
   size_t MarkStackSize                            = 4194304                                   {product} {ergonomic}
   size_t MaxHeapSize                              = 2122317824                                {product} {ergonomic}
   size_t MaxNewSize                               = 1272971264                                {product} {ergonomic}
   size_t MinHeapDeltaBytes                        = 1048576                                   {product} {ergonomic}
   size_t MinHeapSize                              = 8388608                                   {product} {ergonomic}
    uintx NonNMethodCodeHeapSize                   = 5832780                                {pd product} {ergonomic}
    uintx NonProfiledCodeHeapSize                  = 122912730                              {pd product} {ergonomic}
    uintx ProfiledCodeHeapSize                     = 122912730                              {pd product} {ergonomic}
    uintx ReservedCodeCacheSize                    = 251658240                              {pd product} {ergonomic}
     bool SegmentedCodeCache                       = true                                      {product} {ergonomic}
   size_t SoftMaxHeapSize                          = 2122317824                             {manageable} {ergonomic}
     bool UseCompressedClassPointers               = true                           {product lp64_product} {ergonomic}
     bool UseCompressedOops                        = true                           {product lp64_product} {ergonomic}
     bool UseG1GC                                  = true                                      {product} {ergonomic}
     bool UseLargePagesIndividualAllocation        = false                                  {pd product} {ergonomic}

Logging:
Log output configuration:
 #0: stdout all=warning uptime,level,tags foldmultilines=false
 #1: stderr all=off uptime,level,tags foldmultilines=false

Environment Variables:
PATH=C:\GeneralData\GBase\Server\bin;D:\oracle\bin;D:\oracle\WINDOWS.X64_193000_db_home\bin;C:\Program Files\Common Files\Oracle\Java\javapath;C:\Program Files (x86)\Intel\iCLS Client\;C:\Program Files\Intel\iCLS Client\;C:\WINDOWS\system32;C:\WINDOWS;C:\WINDOWS\System32\Wbem;C:\WINDOWS\System32\WindowsPowerShell\v1.0\;C:\Program Files (x86)\Intel\Intel(R) Management Engine Components\DAL;C:\Program Files\Intel\Intel(R) Management Engine Components\DAL;C:\Program Files (x86)\Intel\Intel(R) Management Engine Components\IPT;C:\Program Files\Intel\Intel(R) Management Engine Components\IPT;C:\WINDOWS\System32\OpenSSH\;C:\Program Files\dotnet\;C:\Program Files (x86)\NetSarang\Xshell 7\;C:\Program Files\Git\cmd;C:\Users\admin\AppData\Local\Microsoft\WindowsApps;D:\maven\apache-maven-3.8.6\bin;
USERNAME=admin
OS=Windows_NT
PROCESSOR_IDENTIFIER=Intel64 Family 6 Model 158 Stepping 9, GenuineIntel



---------------  S Y S T E M  ---------------

OS:
 Windows 10 , 64 bit Build 19041 (10.0.19041.1889)
OS uptime: 0 days 11:25 hours

CPU: total 4 (initial active 4) (4 cores per cpu, 1 threads per core) family 6 model 158 stepping 9 microcode 0xb4, cx8, cmov, fxsr, mmx, 3dnowpref, sse, sse2, sse3, ssse3, sse4.1, sse4.2, popcnt, lzcnt, tsc, tscinvbit, avx, avx2, aes, erms, clmul, bmi1, bmi2, rtm, adx, fma, vzeroupper, clflush, clflushopt

Memory: 4k page, system-wide physical 8088M (392M free)
TotalPageFile size 12184M (AvailPageFile size 2M)
current process WorkingSet (physical memory assigned to process): 321M, peak: 321M
current process commit charge ("private bytes"): 353M, peak: 354M

vm_info: Java HotSpot(TM) 64-Bit Server VM (18.0.2+9-61) for windows-amd64 JRE (18.0.2+9-61), built on Jun  7 2022 13:09:01 by "mach5one" with MS VC++ 16.8 / 16.9 (VS2019)

END.
