#
# There is insufficient memory for the Java Runtime Environment to continue.
# Native memory allocation (mmap) failed to map 41943040 bytes for G1 virtual space
# Possible reasons:
#   The system is out of physical RAM or swap space
#   The process is running with CompressedOops enabled, and the Java Heap may be blocking the growth of the native heap
# Possible solutions:
#   Reduce memory load on the system
#   Increase physical memory or swap space
#   Check if swap backing store is full
#   Decrease Java heap size (-Xmx/-Xms)
#   Decrease number of Java threads
#   Decrease Java thread stack sizes (-Xss)
#   Set larger code cache with -XX:ReservedCodeCacheSize=
#   JVM is running with Unscaled Compressed Oops mode in which the Java heap is
#     placed in the first 4GB address space. The Java Heap base address is the
#     maximum limit for the native heap growth. Please use -XX:HeapBaseMinAddress
#     to set the Java Heap base and to place the Java Heap above 4GB virtual address.
# This output file may be truncated or incomplete.
#
#  Out of Memory Error (os_windows.cpp:3530), pid=11592, tid=12876
#
# JRE version: Java(TM) SE Runtime Environment (18.0.2+9) (build 18.0.2+9-61)
# Java VM: Java HotSpot(TM) 64-Bit Server VM (18.0.2+9-61, mixed mode, sharing, tiered, compressed oops, compressed class ptrs, g1 gc, windows-amd64)
# No core dump will be written. Minidumps are not enabled by default on client versions of Windows
#

---------------  S U M M A R Y ------------

Command Line: -Dclassworlds.conf=D:\maven\apache-maven-3.8.6\bin\m2.conf -Dmaven.home=D:\maven\apache-maven-3.8.6 -Dlibrary.jansi.path=D:\maven\apache-maven-3.8.6\lib\jansi-native -Dmaven.multiModuleProjectDirectory=E:\sgwProject\jingsai org.codehaus.plexus.classworlds.launcher.Launcher install

Host: Intel(R) Core(TM) i5-7500 CPU @ 3.40GHz, 4 cores, 7G,  Windows 10 , 64 bit Build 19041 (10.0.19041.1889)
Time: Wed Oct 19 23:39:53 2022  Windows 10 , 64 bit Build 19041 (10.0.19041.1889) elapsed time: 3.974187 seconds (0d 0h 0m 3s)

---------------  T H R E A D  ---------------

Current thread (0x000001cf20029480):  VMThread "VM Thread" [stack: 0x0000007ae4500000,0x0000007ae4600000] [id=12876]

Stack: [0x0000007ae4500000,0x0000007ae4600000]
Native frames: (J=compiled Java code, j=interpreted, Vv=VM code, C=native code)
V  [jvm.dll+0x6993ca]
V  [jvm.dll+0x7f481d]
V  [jvm.dll+0x7f612e]
V  [jvm.dll+0x7f67e3]
V  [jvm.dll+0x25cdaf]
V  [jvm.dll+0x696319]
V  [jvm.dll+0x68ae4a]
V  [jvm.dll+0x3223eb]
V  [jvm.dll+0x329dc6]
V  [jvm.dll+0x37eade]
V  [jvm.dll+0x37ed0f]
V  [jvm.dll+0x2fa16a]
V  [jvm.dll+0x2fa217]
V  [jvm.dll+0x33e752]
V  [jvm.dll+0x33ccf4]
V  [jvm.dll+0x2f9940]
V  [jvm.dll+0x33c2cb]
V  [jvm.dll+0x7fb5cb]
V  [jvm.dll+0x7fc364]
V  [jvm.dll+0x7fc89c]
V  [jvm.dll+0x7fccf4]
V  [jvm.dll+0x7fcdb7]
V  [jvm.dll+0x7a125a]
V  [jvm.dll+0x698275]
C  [ucrtbase.dll+0x21bb2]
C  [KERNEL32.DLL+0x17034]
C  [ntdll.dll+0x526a1]

VM_Operation (0x0000007ae3ffc410): G1CollectForAllocation, mode: safepoint, requested by thread 0x000001cf1ffb29c0


---------------  P R O C E S S  ---------------

Threads class SMR info:
_java_thread_list=0x000001cf44690a30, length=13, elements={
0x000001cf1ffb29c0, 0x000001cf3f7eff20, 0x000001cf3f7f1aa0, 0x000001cf3f80add0,
0x000001cf3f80c690, 0x000001cf3f80cf40, 0x000001cf3f80e800, 0x000001cf3f80f520,
0x000001cf3f80ff50, 0x000001cf3f81d830, 0x000001cf43cad850, 0x000001cf43cb27b0,
0x000001cf44690ac0
}

Java Threads: ( => current thread )
  0x000001cf1ffb29c0 JavaThread "main" [_thread_blocked, id=14628, stack(0x0000007ae3f00000,0x0000007ae4000000)]
  0x000001cf3f7eff20 JavaThread "Reference Handler" daemon [_thread_blocked, id=12792, stack(0x0000007ae4600000,0x0000007ae4700000)]
  0x000001cf3f7f1aa0 JavaThread "Finalizer" daemon [_thread_blocked, id=3800, stack(0x0000007ae4700000,0x0000007ae4800000)]
  0x000001cf3f80add0 JavaThread "Signal Dispatcher" daemon [_thread_blocked, id=13744, stack(0x0000007ae4800000,0x0000007ae4900000)]
  0x000001cf3f80c690 JavaThread "Attach Listener" daemon [_thread_blocked, id=14432, stack(0x0000007ae4900000,0x0000007ae4a00000)]
  0x000001cf3f80cf40 JavaThread "Service Thread" daemon [_thread_blocked, id=13064, stack(0x0000007ae4a00000,0x0000007ae4b00000)]
  0x000001cf3f80e800 JavaThread "Monitor Deflation Thread" daemon [_thread_blocked, id=5276, stack(0x0000007ae4b00000,0x0000007ae4c00000)]
  0x000001cf3f80f520 JavaThread "C2 CompilerThread0" daemon [_thread_blocked, id=12128, stack(0x0000007ae4c00000,0x0000007ae4d00000)]
  0x000001cf3f80ff50 JavaThread "C1 CompilerThread0" daemon [_thread_blocked, id=1596, stack(0x0000007ae4d00000,0x0000007ae4e00000)]
  0x000001cf3f81d830 JavaThread "Sweeper thread" daemon [_thread_blocked, id=9824, stack(0x0000007ae4e00000,0x0000007ae4f00000)]
  0x000001cf43cad850 JavaThread "Notification Thread" daemon [_thread_blocked, id=12996, stack(0x0000007ae4f00000,0x0000007ae5000000)]
  0x000001cf43cb27b0 JavaThread "Common-Cleaner" daemon [_thread_blocked, id=3936, stack(0x0000007ae5100000,0x0000007ae5200000)]
  0x000001cf44690ac0 JavaThread "C2 CompilerThread1" daemon [_thread_blocked, id=7372, stack(0x0000007ae5500000,0x0000007ae5600000)]

Other Threads:
=>0x000001cf20029480 VMThread "VM Thread" [stack: 0x0000007ae4500000,0x0000007ae4600000] [id=12876]
  0x000001cf43cb2540 WatcherThread "VM Periodic Task Thread" [stack: 0x0000007ae5000000,0x0000007ae5100000] [id=14004]
  0x000001cf2000ff00 WorkerThread "GC Thread#0" [stack: 0x0000007ae4000000,0x0000007ae4100000] [id=1264]
  0x000001cf43cc1db0 WorkerThread "GC Thread#1" [stack: 0x0000007ae5200000,0x0000007ae5300000] [id=13068]
  0x000001cf440b3910 WorkerThread "GC Thread#2" [stack: 0x0000007ae5300000,0x0000007ae5400000] [id=6816]
  0x000001cf444b00f0 WorkerThread "GC Thread#3" [stack: 0x0000007ae5400000,0x0000007ae5500000] [id=6492]
  0x000001cf20020a40 ConcurrentGCThread "G1 Main Marker" [stack: 0x0000007ae4100000,0x0000007ae4200000] [id=12144]
  0x000001cf20021340 WorkerThread "G1 Conc#0" [stack: 0x0000007ae4200000,0x0000007ae4300000] [id=7096]
  0x000001cf20061860 ConcurrentGCThread "G1 Refine#0" [stack: 0x0000007ae4300000,0x0000007ae4400000] [id=3300]
  0x000001cf4611de70 ConcurrentGCThread "G1 Refine#1" [stack: 0x0000007ae5600000,0x0000007ae5700000] [id=9408]
  0x000001cf20062080 ConcurrentGCThread "G1 Service" [stack: 0x0000007ae4400000,0x0000007ae4500000] [id=14860]

Threads with active compile tasks:
C2 CompilerThread0     3994 6681       4       com.sun.tools.javac.jvm.PoolReader::resolve (344 bytes)
C2 CompilerThread1     3994 6094       4       lombok.core.AST::buildWithField (21 bytes)

VM state: at safepoint (normal execution)

VM Mutex/Monitor currently owned by a thread:  ([mutex/lock_event])
[0x000001cf1ffae1d0] Threads_lock - owner thread: 0x000001cf20029480
[0x000001cf1ffaf730] Heap_lock - owner thread: 0x000001cf1ffb29c0

Heap address: 0x0000000081800000, size: 2024 MB, Compressed Oops mode: 32-bit

CDS archive(s) mapped at: [0x0000000800000000-0x0000000800ba0000-0x0000000800ba0000), size 12189696, SharedBaseAddress: 0x0000000800000000, ArchiveRelocationMode: 0.
Compressed class space mapped at: 0x0000000800c00000-0x0000000840c00000, reserved size: 1073741824
Narrow klass base: 0x0000000800000000, Narrow klass shift: 0, Narrow klass range: 0x100000000

GC Precious Log:
 CardTable entry size: 512
 Card Set container configuration: InlinePtr #cards 5 size 8 Array Of Cards #cards 12 size 40 Howl #buckets 4 coarsen threshold 1843 Howl Bitmap #cards 512 size 80 coarsen threshold 460 Card regions per heap region 1 cards per card region 2048
 CPUs: 4 total, 4 available
 Memory: 8088M
 Large Page Support: Disabled
 NUMA Support: Disabled
 Compressed Oops: Enabled (32-bit)
 Heap Region Size: 1M
 Heap Min Capacity: 8M
 Heap Initial Capacity: 128M
 Heap Max Capacity: 2024M
 Pre-touch: Disabled
 Parallel Workers: 4
 Concurrent Workers: 1
 Concurrent Refinement Workers: 4
 Periodic GC: Disabled

Heap:
 garbage-first heap   total 97280K, used 38491K [0x0000000081800000, 0x0000000100000000)
  region size 1024K, 2 young (2048K), 2 survivors (2048K)
 Metaspace       used 26851K, committed 27328K, reserved 1114112K
  class space    used 2880K, committed 3072K, reserved 1048576K

Heap Regions: E=young(eden), S=young(survivor), O=old, HS=humongous(starts), HC=humongous(continues), CS=collection set, F=free, OA=open archive, CA=closed archive, TAMS=top-at-mark-start (previous, next)
|   0|0x0000000081800000, 0x0000000081900000, 0x0000000081900000|100%| O|  |TAMS 0x0000000081900000, 0x0000000081800000| Untracked 
|   1|0x0000000081900000, 0x0000000081a00000, 0x0000000081a00000|100%| O|  |TAMS 0x0000000081a00000, 0x0000000081900000| Untracked 
|   2|0x0000000081a00000, 0x0000000081b00000, 0x0000000081b00000|100%| O|  |TAMS 0x0000000081b00000, 0x0000000081a00000| Untracked 
|   3|0x0000000081b00000, 0x0000000081c00000, 0x0000000081c00000|100%| O|  |TAMS 0x0000000081c00000, 0x0000000081b00000| Untracked 
|   4|0x0000000081c00000, 0x0000000081d00000, 0x0000000081d00000|100%| O|  |TAMS 0x0000000081d00000, 0x0000000081c00000| Untracked 
|   5|0x0000000081d00000, 0x0000000081e00000, 0x0000000081e00000|100%| O|  |TAMS 0x0000000081e00000, 0x0000000081d00000| Untracked 
|   6|0x0000000081e00000, 0x0000000081f00000, 0x0000000081f00000|100%| O|  |TAMS 0x0000000081f00000, 0x0000000081e00000| Untracked 
|   7|0x0000000081f00000, 0x0000000082000000, 0x0000000082000000|100%| O|  |TAMS 0x0000000082000000, 0x0000000081f00000| Untracked 
|   8|0x0000000082000000, 0x0000000082100000, 0x0000000082100000|100%| O|  |TAMS 0x0000000082100000, 0x0000000082000000| Untracked 
|   9|0x0000000082100000, 0x0000000082200000, 0x0000000082200000|100%| O|  |TAMS 0x0000000082200000, 0x0000000082100000| Untracked 
|  10|0x0000000082200000, 0x0000000082300000, 0x0000000082300000|100%| O|  |TAMS 0x000000008226d200, 0x0000000082200000| Untracked 
|  11|0x0000000082300000, 0x0000000082400000, 0x0000000082400000|100%| O|  |TAMS 0x0000000082300000, 0x0000000082300000| Untracked 
|  12|0x0000000082400000, 0x0000000082500000, 0x0000000082500000|100%| O|  |TAMS 0x0000000082400000, 0x0000000082400000| Untracked 
|  13|0x0000000082500000, 0x0000000082600000, 0x0000000082600000|100%| O|  |TAMS 0x0000000082500000, 0x0000000082500000| Untracked 
|  14|0x0000000082600000, 0x0000000082700000, 0x0000000082700000|100%| O|  |TAMS 0x0000000082600000, 0x0000000082600000| Untracked 
|  15|0x0000000082700000, 0x0000000082800000, 0x0000000082800000|100%| O|  |TAMS 0x0000000082700000, 0x0000000082700000| Untracked 
|  16|0x0000000082800000, 0x0000000082900000, 0x0000000082900000|100%|HS|  |TAMS 0x0000000082800000, 0x0000000082800000| Complete 
|  17|0x0000000082900000, 0x0000000082a00000, 0x0000000082a00000|100%| O|  |TAMS 0x0000000082900000, 0x0000000082900000| Untracked 
|  18|0x0000000082a00000, 0x0000000082b00000, 0x0000000082b00000|100%| O|  |TAMS 0x0000000082a00000, 0x0000000082a00000| Untracked 
|  19|0x0000000082b00000, 0x0000000082c00000, 0x0000000082c00000|100%| O|  |TAMS 0x0000000082b00000, 0x0000000082b00000| Untracked 
|  20|0x0000000082c00000, 0x0000000082d00000, 0x0000000082d00000|100%| O|  |TAMS 0x0000000082c00000, 0x0000000082c00000| Untracked 
|  21|0x0000000082d00000, 0x0000000082e00000, 0x0000000082e00000|100%| O|  |TAMS 0x0000000082d00000, 0x0000000082d00000| Untracked 
|  22|0x0000000082e00000, 0x0000000082f00000, 0x0000000082f00000|100%| O|  |TAMS 0x0000000082e00000, 0x0000000082e00000| Untracked 
|  23|0x0000000082f00000, 0x0000000083000000, 0x0000000083000000|100%| O|  |TAMS 0x0000000082f00000, 0x0000000082f00000| Untracked 
|  24|0x0000000083000000, 0x0000000083100000, 0x0000000083100000|100%| O|  |TAMS 0x0000000083000000, 0x0000000083000000| Untracked 
|  25|0x0000000083100000, 0x0000000083200000, 0x0000000083200000|100%| O|  |TAMS 0x0000000083100000, 0x0000000083100000| Untracked 
|  26|0x0000000083200000, 0x0000000083300000, 0x0000000083300000|100%| O|  |TAMS 0x0000000083200000, 0x0000000083200000| Untracked 
|  27|0x0000000083300000, 0x0000000083400000, 0x0000000083400000|100%| O|  |TAMS 0x0000000083300000, 0x0000000083300000| Untracked 
|  28|0x0000000083400000, 0x0000000083500000, 0x0000000083500000|100%| O|  |TAMS 0x0000000083400000, 0x0000000083400000| Untracked 
|  29|0x0000000083500000, 0x0000000083539e00, 0x0000000083600000| 22%| O|  |TAMS 0x0000000083500000, 0x0000000083500000| Untracked 
|  30|0x0000000083600000, 0x0000000083600000, 0x0000000083700000|  0%| F|  |TAMS 0x0000000083600000, 0x0000000083600000| Untracked 
|  31|0x0000000083700000, 0x0000000083700000, 0x0000000083800000|  0%| F|  |TAMS 0x0000000083700000, 0x0000000083700000| Untracked 
|  32|0x0000000083800000, 0x0000000083800000, 0x0000000083900000|  0%| F|  |TAMS 0x0000000083800000, 0x0000000083800000| Untracked 
|  33|0x0000000083900000, 0x0000000083900000, 0x0000000083a00000|  0%| F|  |TAMS 0x0000000083900000, 0x0000000083900000| Untracked 
|  34|0x0000000083a00000, 0x0000000083a00000, 0x0000000083b00000|  0%| F|  |TAMS 0x0000000083a00000, 0x0000000083a00000| Untracked 
|  35|0x0000000083b00000, 0x0000000083b00000, 0x0000000083c00000|  0%| F|  |TAMS 0x0000000083b00000, 0x0000000083b00000| Untracked 
|  36|0x0000000083c00000, 0x0000000083c00000, 0x0000000083d00000|  0%| F|  |TAMS 0x0000000083c00000, 0x0000000083c00000| Untracked 
|  37|0x0000000083d00000, 0x0000000083d00000, 0x0000000083e00000|  0%| F|  |TAMS 0x0000000083d00000, 0x0000000083d00000| Untracked 
|  38|0x0000000083e00000, 0x0000000083e00000, 0x0000000083f00000|  0%| F|  |TAMS 0x0000000083e00000, 0x0000000083e00000| Untracked 
|  39|0x0000000083f00000, 0x0000000083f00000, 0x0000000084000000|  0%| F|  |TAMS 0x0000000083f00000, 0x0000000083f00000| Untracked 
|  40|0x0000000084000000, 0x0000000084000000, 0x0000000084100000|  0%| F|  |TAMS 0x0000000084000000, 0x0000000084000000| Untracked 
|  41|0x0000000084100000, 0x0000000084100000, 0x0000000084200000|  0%| F|  |TAMS 0x0000000084100000, 0x0000000084100000| Untracked 
|  42|0x0000000084200000, 0x0000000084200000, 0x0000000084300000|  0%| F|  |TAMS 0x0000000084200000, 0x0000000084200000| Untracked 
|  43|0x0000000084300000, 0x0000000084300000, 0x0000000084400000|  0%| F|  |TAMS 0x0000000084300000, 0x0000000084300000| Untracked 
|  44|0x0000000084400000, 0x0000000084400000, 0x0000000084500000|  0%| F|  |TAMS 0x0000000084400000, 0x0000000084400000| Untracked 
|  45|0x0000000084500000, 0x0000000084500000, 0x0000000084600000|  0%| F|  |TAMS 0x0000000084500000, 0x0000000084500000| Untracked 
|  46|0x0000000084600000, 0x0000000084600000, 0x0000000084700000|  0%| F|  |TAMS 0x0000000084600000, 0x0000000084600000| Untracked 
|  47|0x0000000084700000, 0x0000000084700000, 0x0000000084800000|  0%| F|  |TAMS 0x0000000084700000, 0x0000000084700000| Untracked 
|  48|0x0000000084800000, 0x0000000084800000, 0x0000000084900000|  0%| F|  |TAMS 0x0000000084800000, 0x0000000084800000| Untracked 
|  49|0x0000000084900000, 0x0000000084900000, 0x0000000084a00000|  0%| F|  |TAMS 0x0000000084900000, 0x0000000084900000| Untracked 
|  50|0x0000000084a00000, 0x0000000084a00000, 0x0000000084b00000|  0%| F|  |TAMS 0x0000000084a00000, 0x0000000084a00000| Untracked 
|  51|0x0000000084b00000, 0x0000000084b5cef0, 0x0000000084c00000| 36%| S|CS|TAMS 0x0000000084b00000, 0x0000000084b00000| Complete 
|  52|0x0000000084c00000, 0x0000000084c00000, 0x0000000084d00000|  0%| F|  |TAMS 0x0000000084c00000, 0x0000000084c00000| Untracked 
|  53|0x0000000084d00000, 0x0000000084d00000, 0x0000000084e00000|  0%| F|  |TAMS 0x0000000084d00000, 0x0000000084d00000| Untracked 
|  54|0x0000000084e00000, 0x0000000084e00000, 0x0000000084f00000|  0%| F|  |TAMS 0x0000000084e00000, 0x0000000084e00000| Untracked 
|  55|0x0000000084f00000, 0x0000000085000000, 0x0000000085000000|100%| S|CS|TAMS 0x0000000084f00000, 0x0000000084f00000| Complete 
|  56|0x0000000085000000, 0x0000000085000000, 0x0000000085100000|  0%| F|  |TAMS 0x0000000085000000, 0x0000000085000000| Untracked 
|  57|0x0000000085100000, 0x0000000085100000, 0x0000000085200000|  0%| F|  |TAMS 0x0000000085100000, 0x0000000085100000| Untracked 
|  58|0x0000000085200000, 0x0000000085200000, 0x0000000085300000|  0%| F|  |TAMS 0x0000000085200000, 0x0000000085200000| Untracked 
|  59|0x0000000085300000, 0x0000000085300000, 0x0000000085400000|  0%| F|  |TAMS 0x0000000085300000, 0x0000000085300000| Untracked 
|  60|0x0000000085400000, 0x0000000085400000, 0x0000000085500000|  0%| F|  |TAMS 0x0000000085400000, 0x0000000085400000| Untracked 
|  61|0x0000000085500000, 0x0000000085500000, 0x0000000085600000|  0%| F|  |TAMS 0x0000000085500000, 0x0000000085500000| Untracked 
|  62|0x0000000085600000, 0x0000000085600000, 0x0000000085700000|  0%| F|  |TAMS 0x0000000085600000, 0x0000000085600000| Untracked 
|  63|0x0000000085700000, 0x0000000085700000, 0x0000000085800000|  0%| F|  |TAMS 0x0000000085700000, 0x0000000085700000| Untracked 
|  64|0x0000000085800000, 0x0000000085800000, 0x0000000085900000|  0%| F|  |TAMS 0x0000000085800000, 0x0000000085800000| Untracked 
|  65|0x0000000085900000, 0x0000000085900000, 0x0000000085a00000|  0%| F|  |TAMS 0x0000000085900000, 0x0000000085900000| Untracked 
|  66|0x0000000085a00000, 0x0000000085a00000, 0x0000000085b00000|  0%| F|  |TAMS 0x0000000085a00000, 0x0000000085a00000| Untracked 
|  67|0x0000000085b00000, 0x0000000085b00000, 0x0000000085c00000|  0%| F|  |TAMS 0x0000000085b00000, 0x0000000085b00000| Untracked 
|  68|0x0000000085c00000, 0x0000000085c00000, 0x0000000085d00000|  0%| F|  |TAMS 0x0000000085c00000, 0x0000000085c00000| Untracked 
|  69|0x0000000085d00000, 0x0000000085d00000, 0x0000000085e00000|  0%| F|  |TAMS 0x0000000085d00000, 0x0000000085d00000| Untracked 
|  70|0x0000000085e00000, 0x0000000085e00000, 0x0000000085f00000|  0%| F|  |TAMS 0x0000000085e00000, 0x0000000085e00000| Untracked 
|  71|0x0000000085f00000, 0x0000000085f00000, 0x0000000086000000|  0%| F|  |TAMS 0x0000000085f00000, 0x0000000085f00000| Untracked 
|  72|0x0000000086000000, 0x0000000086000000, 0x0000000086100000|  0%| F|  |TAMS 0x0000000086000000, 0x0000000086000000| Untracked 
|  73|0x0000000086100000, 0x0000000086100000, 0x0000000086200000|  0%| F|  |TAMS 0x0000000086100000, 0x0000000086100000| Untracked 
|  74|0x0000000086200000, 0x0000000086200000, 0x0000000086300000|  0%| F|  |TAMS 0x0000000086200000, 0x0000000086200000| Untracked 
|  75|0x0000000086300000, 0x0000000086300000, 0x0000000086400000|  0%| F|  |TAMS 0x0000000086300000, 0x0000000086300000| Untracked 
|  76|0x0000000086400000, 0x0000000086400000, 0x0000000086500000|  0%| F|  |TAMS 0x0000000086400000, 0x0000000086400000| Untracked 
|  77|0x0000000086500000, 0x0000000086500000, 0x0000000086600000|  0%| F|  |TAMS 0x0000000086500000, 0x0000000086500000| Untracked 
|  78|0x0000000086600000, 0x0000000086600000, 0x0000000086700000|  0%| F|  |TAMS 0x0000000086600000, 0x0000000086600000| Untracked 
|  79|0x0000000086700000, 0x0000000086700000, 0x0000000086800000|  0%| F|  |TAMS 0x0000000086700000, 0x0000000086700000| Untracked 
|  80|0x0000000086800000, 0x0000000086800000, 0x0000000086900000|  0%| F|  |TAMS 0x0000000086800000, 0x0000000086800000| Untracked 
|  81|0x0000000086900000, 0x0000000086900000, 0x0000000086a00000|  0%| F|  |TAMS 0x0000000086900000, 0x0000000086900000| Untracked 
|  82|0x0000000086a00000, 0x0000000086a00000, 0x0000000086b00000|  0%| F|  |TAMS 0x0000000086a00000, 0x0000000086a00000| Untracked 
|  83|0x0000000086b00000, 0x0000000086b00000, 0x0000000086c00000|  0%| F|  |TAMS 0x0000000086b00000, 0x0000000086b00000| Untracked 
|  84|0x0000000086c00000, 0x0000000086c00000, 0x0000000086d00000|  0%| F|  |TAMS 0x0000000086c00000, 0x0000000086c00000| Untracked 
|  85|0x0000000086d00000, 0x0000000086d00000, 0x0000000086e00000|  0%| F|  |TAMS 0x0000000086d00000, 0x0000000086d00000| Untracked 
| 126|0x0000000089600000, 0x0000000089600000, 0x0000000089700000|  0%| F|  |TAMS 0x0000000089600000, 0x0000000089600000| Untracked 
| 127|0x0000000089700000, 0x0000000089700000, 0x0000000089800000|  0%| F|  |TAMS 0x0000000089700000, 0x0000000089700000| Untracked 
|2017|0x00000000ff900000, 0x00000000ffa00000, 0x00000000ffa00000|100%| O|  |TAMS 0x00000000ff900000, 0x00000000ff900000| Untracked 
|2018|0x00000000ffa00000, 0x00000000ffb00000, 0x00000000ffb00000|100%| O|  |TAMS 0x00000000ffa00000, 0x00000000ffa00000| Untracked 
|2019|0x00000000ffb00000, 0x00000000ffc00000, 0x00000000ffc00000|100%| O|  |TAMS 0x00000000ffb00000, 0x00000000ffb00000| Untracked 
|2020|0x00000000ffc00000, 0x00000000ffd00000, 0x00000000ffd00000|100%| O|  |TAMS 0x00000000ffc00000, 0x00000000ffc00000| Untracked 
|2021|0x00000000ffd00000, 0x00000000ffe00000, 0x00000000ffe00000|100%| O|  |TAMS 0x00000000ffd00000, 0x00000000ffd00000| Untracked 
|2022|0x00000000ffe00000, 0x00000000fff00000, 0x00000000fff00000|100%| O|  |TAMS 0x00000000ffe00000, 0x00000000ffe00000| Untracked 
|2023|0x00000000fff00000, 0x0000000100000000, 0x0000000100000000|100%| O|  |TAMS 0x00000000fff00000, 0x00000000fff00000| Untracked 

Card table byte_map: [0x000001cf38b30000,0x000001cf38f30000] _byte_map_base: 0x000001cf38724000

Marking Bits (Prev, Next): (CMBitMap*) 0x000001cf20010450, (CMBitMap*) 0x000001cf20010410
 Prev Bits: [0x000001cf3b2d0000, 0x000001cf3d270000)
 Next Bits: [0x000001cf39330000, 0x000001cf3b2d0000)

Polling page: 0x000001cf1fd80000

Metaspace:

Usage:
  Non-class:     23.41 MB used.
      Class:      2.81 MB used.
       Both:     26.22 MB used.

Virtual space:
  Non-class space:       64.00 MB reserved,      23.69 MB ( 37%) committed,  1 nodes.
      Class space:        1.00 GB reserved,       3.00 MB ( <1%) committed,  1 nodes.
             Both:        1.06 GB reserved,      26.69 MB (  2%) committed. 

Chunk freelists:
   Non-Class:  3.92 MB
       Class:  899.00 KB
        Both:  4.80 MB

MaxMetaspaceSize: unlimited
CompressedClassSpaceSize: 1.00 GB
Initial GC threshold: 21.00 MB
Current GC threshold: 35.62 MB
CDS: on
MetaspaceReclaimPolicy: balanced
 - commit_granule_bytes: 65536.
 - commit_granule_words: 8192.
 - virtual_space_node_default_size: 8388608.
 - enlarge_chunks_in_place: 1.
 - new_chunks_are_fully_committed: 0.
 - uncommit_free_chunks: 1.
 - use_allocation_guard: 0.


Internal statistics:

num_allocs_failed_limit: 6.
num_arena_births: 544.
num_arena_deaths: 0.
num_vsnodes_births: 2.
num_vsnodes_deaths: 0.
num_space_committed: 427.
num_space_uncommitted: 0.
num_chunks_returned_to_freelist: 6.
num_chunks_taken_from_freelist: 1525.
num_chunk_merges: 6.
num_chunk_splits: 1093.
num_chunks_enlarged: 796.
num_inconsistent_stats: 0.

CodeHeap 'non-profiled nmethods': size=120000Kb used=2536Kb max_used=2907Kb free=117463Kb
 bounds [0x000001cf30be0000, 0x000001cf30ed0000, 0x000001cf38110000]
CodeHeap 'profiled nmethods': size=120000Kb used=12012Kb max_used=14445Kb free=107987Kb
 bounds [0x000001cf296b0000, 0x000001cf2a4d0000, 0x000001cf30be0000]
CodeHeap 'non-nmethods': size=5760Kb used=1230Kb max_used=1345Kb free=4529Kb
 bounds [0x000001cf29110000, 0x000001cf29380000, 0x000001cf296b0000]
 total_blobs=6283 nmethods=5756 adapters=439
 compilation: enabled
              stopped_count=0, restarted_count=0
 full_count=0

Compilation events (20 events):
Event: 3.961 Thread 0x000001cf3f80ff50 6722       2       jdk.nio.zipfs.ZipFileSystem$EntryInputStream::<init> (88 bytes)
Event: 3.961 Thread 0x000001cf3f80ff50 nmethod 6722 0x000001cf2991ef90 code [0x000001cf2991f160, 0x000001cf2991f498]
Event: 3.961 Thread 0x000001cf3f80ff50 6723   !   2       jdk.nio.zipfs.ZipFileSystem::getInflater (55 bytes)
Event: 3.962 Thread 0x000001cf3f80ff50 nmethod 6723 0x000001cf29759410 code [0x000001cf297595e0, 0x000001cf29759968]
Event: 3.962 Thread 0x000001cf3f80ff50 6724       2       jdk.nio.zipfs.ZipFileSystem$2::<init> (25 bytes)
Event: 3.962 Thread 0x000001cf3f80ff50 nmethod 6724 0x000001cf298edc10 code [0x000001cf298edda0, 0x000001cf298edf28]
Event: 3.962 Thread 0x000001cf3f80ff50 6725       2       jdk.nio.zipfs.ZipFileSystem$EntryInputStream::read (127 bytes)
Event: 3.962 Thread 0x000001cf3f80ff50 nmethod 6725 0x000001cf29894990 code [0x000001cf29894ba0, 0x000001cf29894fc8]
Event: 3.962 Thread 0x000001cf3f80ff50 6726       2       jdk.nio.zipfs.ZipFileSystem$EntryInputStream::initDataPos (94 bytes)
Event: 3.962 Thread 0x000001cf3f80ff50 nmethod 6726 0x000001cf29c94690 code [0x000001cf29c94860, 0x000001cf29c94c08]
Event: 3.962 Thread 0x000001cf3f80ff50 6727       2       jdk.nio.zipfs.ZipFileSystem$2::close (45 bytes)
Event: 3.963 Thread 0x000001cf3f80ff50 nmethod 6727 0x000001cf2996a890 code [0x000001cf2996aa40, 0x000001cf2996ac08]
Event: 3.963 Thread 0x000001cf3f80ff50 6728       2       jdk.nio.zipfs.ZipFileSystem::getInputStream (186 bytes)
Event: 3.963 Thread 0x000001cf3f80ff50 nmethod 6728 0x000001cf2975f010 code [0x000001cf2975f280, 0x000001cf2975fbb8]
Event: 3.963 Thread 0x000001cf3f80ff50 6730       2       com.sun.tools.javac.comp.Attr::visitTypeApply (436 bytes)
Event: 3.965 Thread 0x000001cf3f80ff50 nmethod 6730 0x000001cf2989d010 code [0x000001cf2989d400, 0x000001cf2989e5c8]
Event: 3.965 Thread 0x000001cf3f80ff50 6729   !   2       com.sun.tools.javac.comp.Check::checkNonCyclicInternal (304 bytes)
Event: 3.966 Thread 0x000001cf3f80ff50 nmethod 6729 0x000001cf296b0010 code [0x000001cf296b0240, 0x000001cf296b0898]
Event: 3.966 Thread 0x000001cf3f80ff50 6732       2       com.sun.tools.javac.code.Types::createErrorType (16 bytes)
Event: 3.966 Thread 0x000001cf3f80ff50 nmethod 6732 0x000001cf2999c210 code [0x000001cf2999c3c0, 0x000001cf2999c568]

GC Heap History (20 events):
Event: 0.310 GC heap after
{Heap after GC invocations=1 (full 0):
 garbage-first heap   total 131072K, used 3573K [0x0000000081800000, 0x0000000100000000)
  region size 1024K, 2 young (2048K), 2 survivors (2048K)
 Metaspace       used 3708K, committed 3840K, reserved 1114112K
  class space    used 400K, committed 448K, reserved 1048576K
}
Event: 0.511 GC heap before
{Heap before GC invocations=1 (full 0):
 garbage-first heap   total 131072K, used 17909K [0x0000000081800000, 0x0000000100000000)
  region size 1024K, 16 young (16384K), 2 survivors (2048K)
 Metaspace       used 5493K, committed 5632K, reserved 1114112K
  class space    used 640K, committed 704K, reserved 1048576K
}
Event: 0.514 GC heap after
{Heap after GC invocations=2 (full 0):
 garbage-first heap   total 131072K, used 4165K [0x0000000081800000, 0x0000000100000000)
  region size 1024K, 1 young (1024K), 1 survivors (1024K)
 Metaspace       used 5493K, committed 5632K, reserved 1114112K
  class space    used 640K, committed 704K, reserved 1048576K
}
Event: 1.574 GC heap before
{Heap before GC invocations=2 (full 0):
 garbage-first heap   total 131072K, used 75845K [0x0000000081800000, 0x0000000100000000)
  region size 1024K, 71 young (72704K), 1 survivors (1024K)
 Metaspace       used 12894K, committed 13184K, reserved 1114112K
  class space    used 1451K, committed 1600K, reserved 1048576K
}
Event: 1.583 GC heap after
{Heap after GC invocations=3 (full 0):
 garbage-first heap   total 131072K, used 11420K [0x0000000081800000, 0x0000000100000000)
  region size 1024K, 8 young (8192K), 8 survivors (8192K)
 Metaspace       used 12894K, committed 13184K, reserved 1114112K
  class space    used 1451K, committed 1600K, reserved 1048576K
}
Event: 2.374 GC heap before
{Heap before GC invocations=3 (full 0):
 garbage-first heap   total 131072K, used 81052K [0x0000000081800000, 0x0000000100000000)
  region size 1024K, 76 young (77824K), 8 survivors (8192K)
 Metaspace       used 20166K, committed 20544K, reserved 1114112K
  class space    used 2242K, committed 2432K, reserved 1048576K
}
Event: 2.386 GC heap after
{Heap after GC invocations=4 (full 0):
 garbage-first heap   total 131072K, used 16820K [0x0000000081800000, 0x0000000100000000)
  region size 1024K, 6 young (6144K), 6 survivors (6144K)
 Metaspace       used 20166K, committed 20544K, reserved 1114112K
  class space    used 2242K, committed 2432K, reserved 1048576K
}
Event: 2.417 GC heap before
{Heap before GC invocations=4 (full 0):
 garbage-first heap   total 131072K, used 16820K [0x0000000081800000, 0x0000000100000000)
  region size 1024K, 7 young (7168K), 6 survivors (6144K)
 Metaspace       used 21115K, committed 21504K, reserved 1114112K
  class space    used 2361K, committed 2560K, reserved 1048576K
}
Event: 2.422 GC heap after
{Heap after GC invocations=5 (full 0):
 garbage-first heap   total 131072K, used 17765K [0x0000000081800000, 0x0000000100000000)
  region size 1024K, 1 young (1024K), 1 survivors (1024K)
 Metaspace       used 21115K, committed 21504K, reserved 1114112K
  class space    used 2361K, committed 2560K, reserved 1048576K
}
Event: 2.960 GC heap before
{Heap before GC invocations=6 (full 0):
 garbage-first heap   total 65536K, used 64869K [0x0000000081800000, 0x0000000100000000)
  region size 1024K, 47 young (48128K), 1 survivors (1024K)
 Metaspace       used 23502K, committed 23872K, reserved 1114112K
  class space    used 2571K, committed 2752K, reserved 1048576K
}
Event: 2.973 GC heap after
{Heap after GC invocations=7 (full 0):
 garbage-first heap   total 80896K, used 31589K [0x0000000081800000, 0x0000000100000000)
  region size 1024K, 8 young (8192K), 8 survivors (8192K)
 Metaspace       used 23502K, committed 23872K, reserved 1114112K
  class space    used 2571K, committed 2752K, reserved 1048576K
}
Event: 2.984 GC heap before
{Heap before GC invocations=7 (full 0):
 garbage-first heap   total 80896K, used 32613K [0x0000000081800000, 0x0000000100000000)
  region size 1024K, 9 young (9216K), 8 survivors (8192K)
 Metaspace       used 23539K, committed 23936K, reserved 1114112K
  class space    used 2572K, committed 2752K, reserved 1048576K
}
Event: 2.990 GC heap after
{Heap after GC invocations=8 (full 0):
 garbage-first heap   total 97280K, used 32768K [0x0000000081800000, 0x0000000100000000)
  region size 1024K, 1 young (1024K), 1 survivors (1024K)
 Metaspace       used 23539K, committed 23936K, reserved 1114112K
  class space    used 2572K, committed 2752K, reserved 1048576K
}
Event: 3.310 GC heap before
{Heap before GC invocations=8 (full 0):
 garbage-first heap   total 97280K, used 65536K [0x0000000081800000, 0x0000000100000000)
  region size 1024K, 33 young (33792K), 1 survivors (1024K)
 Metaspace       used 24946K, committed 25344K, reserved 1114112K
  class space    used 2703K, committed 2880K, reserved 1048576K
}
Event: 3.316 GC heap after
{Heap after GC invocations=9 (full 0):
 garbage-first heap   total 97280K, used 37003K [0x0000000081800000, 0x0000000100000000)
  region size 1024K, 5 young (5120K), 5 survivors (5120K)
 Metaspace       used 24946K, committed 25344K, reserved 1114112K
  class space    used 2703K, committed 2880K, reserved 1048576K
}
Event: 3.568 GC heap before
{Heap before GC invocations=9 (full 0):
 garbage-first heap   total 97280K, used 66699K [0x0000000081800000, 0x0000000100000000)
  region size 1024K, 35 young (35840K), 5 survivors (5120K)
 Metaspace       used 26124K, committed 26496K, reserved 1114112K
  class space    used 2812K, committed 3008K, reserved 1048576K
}
Event: 3.573 GC heap after
{Heap after GC invocations=10 (full 0):
 garbage-first heap   total 97280K, used 37764K [0x0000000081800000, 0x0000000100000000)
  region size 1024K, 1 young (1024K), 1 survivors (1024K)
 Metaspace       used 26124K, committed 26496K, reserved 1114112K
  class space    used 2812K, committed 3008K, reserved 1048576K
}
Event: 3.777 GC heap before
{Heap before GC invocations=10 (full 0):
 garbage-first heap   total 97280K, used 70532K [0x0000000081800000, 0x0000000100000000)
  region size 1024K, 33 young (33792K), 1 survivors (1024K)
 Metaspace       used 26651K, committed 27136K, reserved 1114112K
  class space    used 2875K, committed 3072K, reserved 1048576K
}
Event: 3.782 GC heap after
{Heap after GC invocations=11 (full 0):
 garbage-first heap   total 97280K, used 39367K [0x0000000081800000, 0x0000000100000000)
  region size 1024K, 3 young (3072K), 3 survivors (3072K)
 Metaspace       used 26651K, committed 27136K, reserved 1114112K
  class space    used 2875K, committed 3072K, reserved 1048576K
}
Event: 3.969 GC heap before
{Heap before GC invocations=11 (full 0):
 garbage-first heap   total 97280K, used 72135K [0x0000000081800000, 0x0000000100000000)
  region size 1024K, 35 young (35840K), 3 survivors (3072K)
 Metaspace       used 26851K, committed 27328K, reserved 1114112K
  class space    used 2880K, committed 3072K, reserved 1048576K
}

Deoptimization events (20 events):
Event: 3.850 Thread 0x000001cf1ffb29c0 Uncommon trap: trap_request=0xffffffc6 fr.pc=0x000001cf30e9c63c relative=0x00000000000000dc
Event: 3.850 Thread 0x000001cf1ffb29c0 Uncommon trap: reason=bimorphic_or_optimized_type_check action=maybe_recompile pc=0x000001cf30e9c63c method=lombok.javac.JavacNode.traverse(Llombok/javac/JavacASTVisitor;)V @ 193 c2
Event: 3.850 Thread 0x000001cf1ffb29c0 DEOPT PACKING pc=0x000001cf30e9c63c sp=0x0000007ae3ffd610
Event: 3.850 Thread 0x000001cf1ffb29c0 DEOPT UNPACKING pc=0x000001cf291623a3 sp=0x0000007ae3ffd598 mode 2
Event: 3.850 Thread 0x000001cf1ffb29c0 Uncommon trap: trap_request=0xffffffc6 fr.pc=0x000001cf30e9c6fc relative=0x000000000000019c
Event: 3.850 Thread 0x000001cf1ffb29c0 Uncommon trap: reason=bimorphic_or_optimized_type_check action=maybe_recompile pc=0x000001cf30e9c6fc method=lombok.javac.JavacNode.traverse(Llombok/javac/JavacASTVisitor;)V @ 73 c2
Event: 3.850 Thread 0x000001cf1ffb29c0 DEOPT PACKING pc=0x000001cf30e9c6fc sp=0x0000007ae3ffd7d0
Event: 3.850 Thread 0x000001cf1ffb29c0 DEOPT UNPACKING pc=0x000001cf291623a3 sp=0x0000007ae3ffd758 mode 2
Event: 3.858 Thread 0x000001cf1ffb29c0 DEOPT PACKING pc=0x000001cf2a32b056 sp=0x0000007ae3ffd290
Event: 3.858 Thread 0x000001cf1ffb29c0 DEOPT UNPACKING pc=0x000001cf29162b43 sp=0x0000007ae3ffc778 mode 0
Event: 3.874 Thread 0x000001cf1ffb29c0 DEOPT PACKING pc=0x000001cf2a32b056 sp=0x0000007ae3ffd290
Event: 3.874 Thread 0x000001cf1ffb29c0 DEOPT UNPACKING pc=0x000001cf29162b43 sp=0x0000007ae3ffc778 mode 0
Event: 3.886 Thread 0x000001cf1ffb29c0 Uncommon trap: trap_request=0xffffff45 fr.pc=0x000001cf30cc2c34 relative=0x0000000000001954
Event: 3.886 Thread 0x000001cf1ffb29c0 Uncommon trap: reason=unstable_if action=reinterpret pc=0x000001cf30cc2c34 method=java.util.HashMap.hash(Ljava/lang/Object;)I @ 1 c2
Event: 3.886 Thread 0x000001cf1ffb29c0 DEOPT PACKING pc=0x000001cf30cc2c34 sp=0x0000007ae3ffd960
Event: 3.886 Thread 0x000001cf1ffb29c0 DEOPT UNPACKING pc=0x000001cf291623a3 sp=0x0000007ae3ffd880 mode 2
Event: 3.886 Thread 0x000001cf1ffb29c0 Uncommon trap: trap_request=0xffffff45 fr.pc=0x000001cf30cae648 relative=0x00000000000007e8
Event: 3.886 Thread 0x000001cf1ffb29c0 Uncommon trap: reason=unstable_if action=reinterpret pc=0x000001cf30cae648 method=java.util.HashMap.hash(Ljava/lang/Object;)I @ 1 c2
Event: 3.886 Thread 0x000001cf1ffb29c0 DEOPT PACKING pc=0x000001cf30cae648 sp=0x0000007ae3ffd900
Event: 3.886 Thread 0x000001cf1ffb29c0 DEOPT UNPACKING pc=0x000001cf291623a3 sp=0x0000007ae3ffd880 mode 2

Classes loaded (20 events):
Event: 3.320 Loading class java/util/Vector$1
Event: 3.320 Loading class java/util/Vector$1 done
Event: 3.323 Loading class java/io/PushbackInputStream
Event: 3.323 Loading class java/io/PushbackInputStream done
Event: 3.429 Loading class java/util/Collections$UnmodifiableSortedSet
Event: 3.429 Loading class java/util/Collections$UnmodifiableSortedSet done
Event: 3.434 Loading class java/util/IdentityHashMap$EntrySet
Event: 3.434 Loading class java/util/IdentityHashMap$EntrySet done
Event: 3.434 Loading class java/util/IdentityHashMap$EntryIterator
Event: 3.434 Loading class java/util/IdentityHashMap$EntryIterator done
Event: 3.434 Loading class java/util/IdentityHashMap$EntryIterator$Entry
Event: 3.434 Loading class java/util/IdentityHashMap$EntryIterator$Entry done
Event: 3.563 Loading class java/util/regex/Pattern$SliceI
Event: 3.563 Loading class java/util/regex/Pattern$SliceI done
Event: 3.586 Loading class java/util/regex/Pattern$Loop
Event: 3.586 Loading class java/util/regex/Pattern$Loop done
Event: 3.586 Loading class java/util/regex/Pattern$Prolog
Event: 3.586 Loading class java/util/regex/Pattern$Prolog done
Event: 3.594 Loading class java/util/regex/Pattern$LazyLoop
Event: 3.594 Loading class java/util/regex/Pattern$LazyLoop done

Classes unloaded (0 events):
No events

Classes redefined (0 events):
No events

Internal exceptions (20 events):
Event: 3.152 Thread 0x000001cf1ffb29c0 Exception <a 'sun/nio/fs/WindowsException'{0x0000000085cb7e58}> (0x0000000085cb7e58) 
thrown [s\open\src\hotspot\share\prims\jni.cpp, line 516]
Event: 3.152 Thread 0x000001cf1ffb29c0 Exception <a 'sun/nio/fs/WindowsException'{0x0000000085cb8d58}> (0x0000000085cb8d58) 
thrown [s\open\src\hotspot\share\prims\jni.cpp, line 516]
Event: 3.152 Thread 0x000001cf1ffb29c0 Exception <a 'sun/nio/fs/WindowsException'{0x0000000085cb9080}> (0x0000000085cb9080) 
thrown [s\open\src\hotspot\share\prims\jni.cpp, line 516]
Event: 3.195 Thread 0x000001cf1ffb29c0 Implicit null exception at 0x000001cf30ced3af to 0x000001cf30ced7c0
Event: 3.203 Thread 0x000001cf1ffb29c0 Implicit null exception at 0x000001cf30ccfc6f to 0x000001cf30ccfe7c
Event: 3.583 Thread 0x000001cf1ffb29c0 Exception <a 'java/lang/NoSuchMethodError'{0x00000000897e0848}: 'void java.lang.invoke.DirectMethodHandle$Holder.invokeInterface(java.lang.Object, java.lang.Object, java.lang.Object, int)'> (0x00000000897e0848) 
thrown [s\open\src\hotspot\share\interpreter\linkResolver.cpp, line 759]
Event: 3.583 Thread 0x000001cf1ffb29c0 Exception <a 'java/lang/NoSuchMethodError'{0x00000000897e8080}: 'void java.lang.invoke.DelegatingMethodHandle$Holder.reinvoke_L(java.lang.Object, java.lang.Object, java.lang.Object, int)'> (0x00000000897e8080) 
thrown [s\open\src\hotspot\share\interpreter\linkResolver.cpp, line 759]
Event: 3.585 Thread 0x000001cf1ffb29c0 Exception <a 'java/lang/NoSuchMethodError'{0x00000000896180f8}: 'java.lang.Object java.lang.invoke.DirectMethodHandle$Holder.invokeVirtual(java.lang.Object, java.lang.Object, java.lang.Object, java.lang.Object)'> (0x00000000896180f8) 
thrown [s\open\src\hotspot\share\interpreter\linkResolver.cpp, line 759]
Event: 3.585 Thread 0x000001cf1ffb29c0 Exception <a 'java/lang/NoSuchMethodError'{0x00000000896261a8}: 'java.lang.Object java.lang.invoke.DirectMethodHandle$Holder.invokeSpecial(java.lang.Object, java.lang.Object, java.lang.Object, long, java.lang.Object)'> (0x00000000896261a8) 
thrown [s\open\src\hotspot\share\interpreter\linkResolver.cpp, line 759]
Event: 3.586 Thread 0x000001cf1ffb29c0 Exception <a 'java/lang/NoSuchMethodError'{0x000000008962a0e0}: 'java.lang.Object java.lang.invoke.DelegatingMethodHandle$Holder.reinvoke_L(java.lang.Object, java.lang.Object, long, java.lang.Object)'> (0x000000008962a0e0) 
thrown [s\open\src\hotspot\share\interpreter\linkResolver.cpp, line 759]
Event: 3.587 Thread 0x000001cf1ffb29c0 Exception <a 'java/lang/NoSuchMethodError'{0x0000000089642f20}: 'java.lang.Object java.lang.invoke.DirectMethodHandle$Holder.invokeVirtual(java.lang.Object, java.lang.Object, java.lang.Object, java.lang.Object, java.lang.Object, java.lang.Object, java.lang.Object, java.lang.Object, java.lang.Object, java.lang.Object)'> (0x0000000089642f20) 
thrown [s\open\src\hotspot\share\interpreter\linkResolver.cpp, line 759]
Event: 3.588 Thread 0x000001cf1ffb29c0 Exception <a 'java/lang/NoSuchMethodError'{0x0000000089647968}: 'java.lang.Object java.lang.invoke.DirectMethodHandle$Holder.invokeSpecial(java.lang.Object, java.lang.Object, java.lang.Object, java.lang.Object, java.lang.Object, java.lang.Object, java.lang.Object, java.lang.Object, java.lang.Object, java.lang.Object, java.lang.Object)'> (0x0000000089647968) 
thrown [s\open\src\hotspot\share\interpreter\linkResolver.cpp, line 759]
Event: 3.599 Thread 0x000001cf1ffb29c0 Exception <a 'java/lang/NoSuchMethodError'{0x0000000086d703a0}: 'void java.lang.invoke.DirectMethodHandle$Holder.invokeVirtual(java.lang.Object, java.lang.Object)'> (0x0000000086d703a0) 
thrown [s\open\src\hotspot\share\interpreter\linkResolver.cpp, line 759]
Event: 3.600 Thread 0x000001cf1ffb29c0 Exception <a 'java/lang/NoSuchMethodError'{0x0000000086d7ad50}: 'void java.lang.invoke.DirectMethodHandle$Holder.invokeVirtual(java.lang.Object, java.lang.Object, java.lang.Object, java.lang.Object)'> (0x0000000086d7ad50) 
thrown [s\open\src\hotspot\share\interpreter\linkResolver.cpp, line 759]
Event: 3.613 Thread 0x000001cf1ffb29c0 Exception <a 'java/lang/NoSuchMethodError'{0x0000000086b21c98}: 'java.lang.Object java.lang.invoke.DirectMethodHandle$Holder.invokeVirtual(java.lang.Object, java.lang.Object, java.lang.Object, java.lang.Object, java.lang.Object, java.lang.Object)'> (0x0000000086b21c98) 
thrown [s\open\src\hotspot\share\interpreter\linkResolver.cpp, line 759]
Event: 3.628 Thread 0x000001cf1ffb29c0 Exception <a 'java/lang/NoSuchMethodError'{0x0000000086980118}: 'java.lang.Object java.lang.invoke.DirectMethodHandle$Holder.invokeVirtual(java.lang.Object, java.lang.Object, java.lang.Object, java.lang.Object, java.lang.Object)'> (0x0000000086980118) 
thrown [s\open\src\hotspot\share\interpreter\linkResolver.cpp, line 759]
Event: 3.629 Thread 0x000001cf1ffb29c0 Exception <a 'java/lang/NoSuchMethodError'{0x0000000086990060}: 'java.lang.Object java.lang.invoke.Invokers$Holder.invokeExact_MT(java.lang.Object, java.lang.Object, java.lang.Object, java.lang.Object, java.lang.Object, java.lang.Object)'> (0x0000000086990060) 
thrown [s\open\src\hotspot\share\interpreter\linkResolver.cpp, line 759]
Event: 3.631 Thread 0x000001cf1ffb29c0 Exception <a 'java/lang/NoSuchMethodError'{0x00000000869beff8}: 'java.lang.Object java.lang.invoke.DirectMethodHandle$Holder.invokeVirtual(java.lang.Object, java.lang.Object, long)'> (0x00000000869beff8) 
thrown [s\open\src\hotspot\share\interpreter\linkResolver.cpp, line 759]
Event: 3.886 Thread 0x000001cf1ffb29c0 Implicit null exception at 0x000001cf30cc1340 to 0x000001cf30cc2c20
Event: 3.886 Thread 0x000001cf1ffb29c0 Implicit null exception at 0x000001cf30cadea0 to 0x000001cf30cae632

VM Operations (20 events):
Event: 3.078 Executing VM operation: ICBufferFull done
Event: 3.146 Executing VM operation: ICBufferFull
Event: 3.146 Executing VM operation: ICBufferFull done
Event: 3.310 Executing VM operation: G1CollectForAllocation
Event: 3.317 Executing VM operation: G1CollectForAllocation done
Event: 3.567 Executing VM operation: G1CollectForAllocation
Event: 3.573 Executing VM operation: G1CollectForAllocation done
Event: 3.757 Executing VM operation: ICBufferFull
Event: 3.757 Executing VM operation: ICBufferFull done
Event: 3.777 Executing VM operation: G1CollectForAllocation
Event: 3.782 Executing VM operation: G1CollectForAllocation done
Event: 3.886 Executing VM operation: HandshakeAllThreads
Event: 3.886 Executing VM operation: HandshakeAllThreads done
Event: 3.894 Executing VM operation: ICBufferFull
Event: 3.894 Executing VM operation: ICBufferFull done
Event: 3.911 Executing VM operation: HandshakeAllThreads
Event: 3.911 Executing VM operation: HandshakeAllThreads done
Event: 3.924 Executing VM operation: HandshakeAllThreads
Event: 3.924 Executing VM operation: HandshakeAllThreads done
Event: 3.969 Executing VM operation: G1CollectForAllocation

Events (20 events):
Event: 3.930 Thread 0x000001cf3f81d830 flushing nmethod 0x000001cf2a261310
Event: 3.930 Thread 0x000001cf3f81d830 flushing nmethod 0x000001cf2a265d90
Event: 3.930 Thread 0x000001cf3f81d830 flushing nmethod 0x000001cf2a2a7390
Event: 3.930 Thread 0x000001cf3f81d830 flushing nmethod 0x000001cf2a2fb610
Event: 3.930 Thread 0x000001cf3f81d830 flushing nmethod 0x000001cf2a2fba10
Event: 3.930 Thread 0x000001cf3f81d830 flushing nmethod 0x000001cf2a2fd490
Event: 3.930 Thread 0x000001cf3f81d830 flushing nmethod 0x000001cf2a2ffc10
Event: 3.930 Thread 0x000001cf3f81d830 flushing nmethod 0x000001cf2a32a010
Event: 3.930 Thread 0x000001cf3f81d830 flushing nmethod 0x000001cf2a332310
Event: 3.930 Thread 0x000001cf3f81d830 flushing nmethod 0x000001cf2a332c90
Event: 3.930 Thread 0x000001cf3f81d830 flushing nmethod 0x000001cf2a334d10
Event: 3.930 Thread 0x000001cf3f81d830 flushing nmethod 0x000001cf2a335290
Event: 3.930 Thread 0x000001cf3f81d830 flushing nmethod 0x000001cf2a336090
Event: 3.930 Thread 0x000001cf3f81d830 flushing nmethod 0x000001cf2a338390
Event: 3.930 Thread 0x000001cf3f81d830 flushing nmethod 0x000001cf2a338f90
Event: 3.930 Thread 0x000001cf3f81d830 flushing nmethod 0x000001cf2a33a290
Event: 3.930 Thread 0x000001cf3f81d830 flushing nmethod 0x000001cf2a344b90
Event: 3.930 Thread 0x000001cf3f81d830 flushing nmethod 0x000001cf2a347e90
Event: 3.930 Thread 0x000001cf3f81d830 flushing nmethod 0x000001cf2a353b10
Event: 3.931 Thread 0x000001cf3f81d830 flushing nmethod 0x000001cf2a47b190


Dynamic libraries:
0x00007ff7728b0000 - 0x00007ff7728c0000 	D:\jdk\bin\java.exe
0x00007ffe11ad0000 - 0x00007ffe11cc8000 	C:\WINDOWS\SYSTEM32\ntdll.dll
0x00007ffe11410000 - 0x00007ffe114cd000 	C:\WINDOWS\System32\KERNEL32.DLL
0x00007ffe0f490000 - 0x00007ffe0f762000 	C:\WINDOWS\System32\KERNELBASE.dll
0x00007ffe0f900000 - 0x00007ffe0fa00000 	C:\WINDOWS\System32\ucrtbase.dll
0x00007ffde5890000 - 0x00007ffde58aa000 	D:\jdk\bin\VCRUNTIME140.dll
0x00007ffdcc310000 - 0x00007ffdcc328000 	D:\jdk\bin\jli.dll
0x00007ffe114d0000 - 0x00007ffe1157e000 	C:\WINDOWS\System32\ADVAPI32.dll
0x00007ffe10bf0000 - 0x00007ffe10c8e000 	C:\WINDOWS\System32\msvcrt.dll
0x00007ffe119c0000 - 0x00007ffe11a5c000 	C:\WINDOWS\System32\sechost.dll
0x00007ffe10cf0000 - 0x00007ffe10e15000 	C:\WINDOWS\System32\RPCRT4.dll
0x00007ffe10a50000 - 0x00007ffe10bed000 	C:\WINDOWS\System32\USER32.dll
0x00007ffe0fa00000 - 0x00007ffe0fa22000 	C:\WINDOWS\System32\win32u.dll
0x00007ffe00c50000 - 0x00007ffe00eea000 	C:\WINDOWS\WinSxS\amd64_microsoft.windows.common-controls_6595b64144ccf1df_6.0.19041.1110_none_60b5254171f9507e\COMCTL32.dll
0x00007ffe0ffd0000 - 0x00007ffe0fffb000 	C:\WINDOWS\System32\GDI32.dll
0x00007ffe0f2d0000 - 0x00007ffe0f3df000 	C:\WINDOWS\System32\gdi32full.dll
0x00007ffe0f1e0000 - 0x00007ffe0f27d000 	C:\WINDOWS\System32\msvcp_win.dll
0x00007ffe0df70000 - 0x00007ffe0df7a000 	C:\WINDOWS\SYSTEM32\VERSION.dll
0x00007ffe11a60000 - 0x00007ffe11a90000 	C:\WINDOWS\System32\IMM32.DLL
0x00007ffe076d0000 - 0x00007ffe076dc000 	D:\jdk\bin\vcruntime140_1.dll
0x00007ffd731a0000 - 0x00007ffd7322d000 	D:\jdk\bin\msvcp140.dll
0x00007ffd70780000 - 0x00007ffd71391000 	D:\jdk\bin\server\jvm.dll
0x00007ffe0fb30000 - 0x00007ffe0fb38000 	C:\WINDOWS\System32\PSAPI.DLL
0x00007ffdfaec0000 - 0x00007ffdfaec9000 	C:\WINDOWS\SYSTEM32\WSOCK32.dll
0x00007ffe005b0000 - 0x00007ffe005d7000 	C:\WINDOWS\SYSTEM32\WINMM.dll
0x00007ffe109e0000 - 0x00007ffe10a4b000 	C:\WINDOWS\System32\WS2_32.dll
0x00007ffe0df30000 - 0x00007ffe0df42000 	C:\WINDOWS\SYSTEM32\kernel.appcore.dll
0x00007ffdff340000 - 0x00007ffdff34a000 	D:\jdk\bin\jimage.dll
0x00007ffe09b60000 - 0x00007ffe09d44000 	C:\WINDOWS\SYSTEM32\DBGHELP.DLL
0x00007ffe09b00000 - 0x00007ffe09b2c000 	C:\WINDOWS\SYSTEM32\dbgcore.DLL
0x00007ffe0fa30000 - 0x00007ffe0fab2000 	C:\WINDOWS\System32\bcryptPrimitives.dll
0x00007ffdc7670000 - 0x00007ffdc7695000 	D:\jdk\bin\java.dll
0x00007ffd706a0000 - 0x00007ffd70776000 	D:\jdk\bin\jsvml.dll
0x00007ffe10250000 - 0x00007ffe10993000 	C:\WINDOWS\System32\SHELL32.dll
0x00007ffe0d0f0000 - 0x00007ffe0d881000 	C:\WINDOWS\SYSTEM32\windows.storage.dll
0x00007ffe0fb40000 - 0x00007ffe0fe94000 	C:\WINDOWS\System32\combase.dll
0x00007ffe0eb60000 - 0x00007ffe0eb90000 	C:\WINDOWS\SYSTEM32\Wldp.dll
0x00007ffe11690000 - 0x00007ffe1173d000 	C:\WINDOWS\System32\SHCORE.dll
0x00007ffe113b0000 - 0x00007ffe11405000 	C:\WINDOWS\System32\shlwapi.dll
0x00007ffe0f120000 - 0x00007ffe0f13f000 	C:\WINDOWS\SYSTEM32\profapi.dll
0x00007ffdaf210000 - 0x00007ffdaf223000 	D:\jdk\bin\net.dll
0x00007ffe08110000 - 0x00007ffe0821d000 	C:\WINDOWS\SYSTEM32\WINHTTP.dll
0x00007ffe0e8c0000 - 0x00007ffe0e92a000 	C:\WINDOWS\system32\mswsock.dll
0x00007ffdac870000 - 0x00007ffdac886000 	D:\jdk\bin\nio.dll
0x00007ffdac690000 - 0x00007ffdac6a8000 	D:\jdk\bin\zip.dll
0x0000000069ac0000 - 0x0000000069ae4000 	D:\maven\apache-maven-3.8.6\lib\jansi-native\Windows\x86_64\jansi.dll
0x00007ffdf47f0000 - 0x00007ffdf4800000 	D:\jdk\bin\verify.dll

dbghelp: loaded successfully - version: 4.0.5 - missing functions: none
symbol engine: initialized successfully - sym options: 0x614 - pdb path: .;D:\jdk\bin;C:\WINDOWS\SYSTEM32;C:\WINDOWS\WinSxS\amd64_microsoft.windows.common-controls_6595b64144ccf1df_6.0.19041.1110_none_60b5254171f9507e;D:\jdk\bin\server;D:\maven\apache-maven-3.8.6\lib\jansi-native\Windows\x86_64

VM Arguments:
jvm_args: -Dclassworlds.conf=D:\maven\apache-maven-3.8.6\bin\m2.conf -Dmaven.home=D:\maven\apache-maven-3.8.6 -Dlibrary.jansi.path=D:\maven\apache-maven-3.8.6\lib\jansi-native -Dmaven.multiModuleProjectDirectory=E:\sgwProject\jingsai 
java_command: org.codehaus.plexus.classworlds.launcher.Launcher install
java_class_path (initial): D:\maven\apache-maven-3.8.6\boot\plexus-classworlds-2.6.0.jar
Launcher Type: SUN_STANDARD

[Global flags]
     intx CICompilerCount                          = 3                                         {product} {ergonomic}
     uint ConcGCThreads                            = 1                                         {product} {ergonomic}
     uint G1ConcRefinementThreads                  = 4                                         {product} {ergonomic}
   size_t G1HeapRegionSize                         = 1048576                                   {product} {ergonomic}
    uintx GCDrainStackTargetSize                   = 64                                        {product} {ergonomic}
   size_t InitialHeapSize                          = 134217728                                 {product} {ergonomic}
   size_t MarkStackSize                            = 4194304                                   {product} {ergonomic}
   size_t MaxHeapSize                              = 2122317824                                {product} {ergonomic}
   size_t MaxNewSize                               = 1272971264                                {product} {ergonomic}
   size_t MinHeapDeltaBytes                        = 1048576                                   {product} {ergonomic}
   size_t MinHeapSize                              = 8388608                                   {product} {ergonomic}
    uintx NonNMethodCodeHeapSize                   = 5832780                                {pd product} {ergonomic}
    uintx NonProfiledCodeHeapSize                  = 122912730                              {pd product} {ergonomic}
    uintx ProfiledCodeHeapSize                     = 122912730                              {pd product} {ergonomic}
    uintx ReservedCodeCacheSize                    = 251658240                              {pd product} {ergonomic}
     bool SegmentedCodeCache                       = true                                      {product} {ergonomic}
   size_t SoftMaxHeapSize                          = 2122317824                             {manageable} {ergonomic}
     bool UseCompressedClassPointers               = true                           {product lp64_product} {ergonomic}
     bool UseCompressedOops                        = true                           {product lp64_product} {ergonomic}
     bool UseG1GC                                  = true                                      {product} {ergonomic}
     bool UseLargePagesIndividualAllocation        = false                                  {pd product} {ergonomic}

Logging:
Log output configuration:
 #0: stdout all=warning uptime,level,tags foldmultilines=false
 #1: stderr all=off uptime,level,tags foldmultilines=false

Environment Variables:
PATH=C:\GeneralData\GBase\Server\bin;D:\oracle\bin;D:\oracle\WINDOWS.X64_193000_db_home\bin;C:\Program Files\Common Files\Oracle\Java\javapath;C:\Program Files (x86)\Intel\iCLS Client\;C:\Program Files\Intel\iCLS Client\;C:\WINDOWS\system32;C:\WINDOWS;C:\WINDOWS\System32\Wbem;C:\WINDOWS\System32\WindowsPowerShell\v1.0\;C:\Program Files (x86)\Intel\Intel(R) Management Engine Components\DAL;C:\Program Files\Intel\Intel(R) Management Engine Components\DAL;C:\Program Files (x86)\Intel\Intel(R) Management Engine Components\IPT;C:\Program Files\Intel\Intel(R) Management Engine Components\IPT;C:\WINDOWS\System32\OpenSSH\;C:\Program Files\dotnet\;C:\Program Files (x86)\NetSarang\Xshell 7\;C:\Program Files\Git\cmd;C:\Users\admin\AppData\Local\Microsoft\WindowsApps;D:\maven\apache-maven-3.8.6\bin;
USERNAME=admin
OS=Windows_NT
PROCESSOR_IDENTIFIER=Intel64 Family 6 Model 158 Stepping 9, GenuineIntel



---------------  S Y S T E M  ---------------

OS:
 Windows 10 , 64 bit Build 19041 (10.0.19041.1889)
OS uptime: 0 days 14:10 hours

CPU: total 4 (initial active 4) (4 cores per cpu, 1 threads per core) family 6 model 158 stepping 9 microcode 0xb4, cx8, cmov, fxsr, mmx, 3dnowpref, sse, sse2, sse3, ssse3, sse4.1, sse4.2, popcnt, lzcnt, tsc, tscinvbit, avx, avx2, aes, erms, clmul, bmi1, bmi2, rtm, adx, fma, vzeroupper, clflush, clflushopt

Memory: 4k page, system-wide physical 8088M (515M free)
TotalPageFile size 12184M (AvailPageFile size 30M)
current process WorkingSet (physical memory assigned to process): 242M, peak: 252M
current process commit charge ("private bytes"): 270M, peak: 310M

vm_info: Java HotSpot(TM) 64-Bit Server VM (18.0.2+9-61) for windows-amd64 JRE (18.0.2+9-61), built on Jun  7 2022 13:09:01 by "mach5one" with MS VC++ 16.8 / 16.9 (VS2019)

END.
