#
# There is insufficient memory for the Java Runtime Environment to continue.
# Native memory allocation (mmap) failed to map 36700160 bytes for G1 virtual space
# Possible reasons:
#   The system is out of physical RAM or swap space
#   The process is running with CompressedOops enabled, and the Java Heap may be blocking the growth of the native heap
# Possible solutions:
#   Reduce memory load on the system
#   Increase physical memory or swap space
#   Check if swap backing store is full
#   Decrease Java heap size (-Xmx/-Xms)
#   Decrease number of Java threads
#   Decrease Java thread stack sizes (-Xss)
#   Set larger code cache with -XX:ReservedCodeCacheSize=
#   JVM is running with Unscaled Compressed Oops mode in which the Java heap is
#     placed in the first 4GB address space. The Java Heap base address is the
#     maximum limit for the native heap growth. Please use -XX:HeapBaseMinAddress
#     to set the Java Heap base and to place the Java Heap above 4GB virtual address.
# This output file may be truncated or incomplete.
#
#  Out of Memory Error (os_windows.cpp:3530), pid=7272, tid=636
#
# JRE version: Java(TM) SE Runtime Environment (18.0.2+9) (build 18.0.2+9-61)
# Java VM: Java HotSpot(TM) 64-Bit Server VM (18.0.2+9-61, mixed mode, sharing, tiered, compressed oops, compressed class ptrs, g1 gc, windows-amd64)
# No core dump will be written. Minidumps are not enabled by default on client versions of Windows
#

---------------  S U M M A R Y ------------

Command Line: -Dmaven.multiModuleProjectDirectory=E:\sgwProject\jingsai -Dmaven.home=D:\maven\apache-maven-3.8.6 -Dclassworlds.conf=D:\maven\apache-maven-3.8.6\bin\m2.conf -Dmaven.ext.class.path=D:\IntelliJ IDEA 2022.2\plugins\maven\lib\maven-event-listener.jar -javaagent:D:\IntelliJ IDEA 2022.2\lib\idea_rt.jar=55990:D:\IntelliJ IDEA 2022.2\bin -Dfile.encoding=UTF-8 org.codehaus.classworlds.Launcher -Didea.version=2022.2 install

Host: Intel(R) Core(TM) i5-7500 CPU @ 3.40GHz, 4 cores, 7G,  Windows 10 , 64 bit Build 19041 (10.0.19041.1889)
Time: Wed Oct 19 21:55:31 2022  Windows 10 , 64 bit Build 19041 (10.0.19041.1889) elapsed time: 4.393989 seconds (0d 0h 0m 4s)

---------------  T H R E A D  ---------------

Current thread (0x00000193ade9d7d0):  VMThread "VM Thread" [stack: 0x000000928c400000,0x000000928c500000] [id=636]

Stack: [0x000000928c400000,0x000000928c500000]
Native frames: (J=compiled Java code, j=interpreted, Vv=VM code, C=native code)
V  [jvm.dll+0x6993ca]
V  [jvm.dll+0x7f481d]
V  [jvm.dll+0x7f612e]
V  [jvm.dll+0x7f67e3]
V  [jvm.dll+0x25cdaf]
V  [jvm.dll+0x696319]
V  [jvm.dll+0x68ae4a]
V  [jvm.dll+0x3223eb]
V  [jvm.dll+0x329dc6]
V  [jvm.dll+0x37eade]
V  [jvm.dll+0x37ed0f]
V  [jvm.dll+0x2fa16a]
V  [jvm.dll+0x2fa217]
V  [jvm.dll+0x33e752]
V  [jvm.dll+0x33ccf4]
V  [jvm.dll+0x2f9940]
V  [jvm.dll+0x33c2cb]
V  [jvm.dll+0x7fb5cb]
V  [jvm.dll+0x7fc364]
V  [jvm.dll+0x7fc89c]
V  [jvm.dll+0x7fccf4]
V  [jvm.dll+0x7fcdb7]
V  [jvm.dll+0x7a125a]
V  [jvm.dll+0x698275]
C  [ucrtbase.dll+0x21bb2]
C  [KERNEL32.DLL+0x17034]
C  [ntdll.dll+0x526a1]

VM_Operation (0x000000928befc170): G1CollectForAllocation, mode: safepoint, requested by thread 0x00000193905c9a20


---------------  P R O C E S S  ---------------

Threads class SMR info:
_java_thread_list=0x00000193b30435c0, length=14, elements={
0x00000193905c9a20, 0x00000193ade9f6d0, 0x00000193adea0240, 0x00000193adebe4c0,
0x00000193adebfd80, 0x00000193adec2640, 0x00000193adec3700, 0x00000193adec4a30,
0x00000193adec5320, 0x00000193aded25a0, 0x00000193b2069760, 0x00000193b210c670,
0x00000193b214efb0, 0x00000193b3e17610
}

Java Threads: ( => current thread )
  0x00000193905c9a20 JavaThread "main" [_thread_blocked, id=5656, stack(0x000000928be00000,0x000000928bf00000)]
  0x00000193ade9f6d0 JavaThread "Reference Handler" daemon [_thread_blocked, id=2888, stack(0x000000928c500000,0x000000928c600000)]
  0x00000193adea0240 JavaThread "Finalizer" daemon [_thread_blocked, id=14512, stack(0x000000928c600000,0x000000928c700000)]
  0x00000193adebe4c0 JavaThread "Signal Dispatcher" daemon [_thread_blocked, id=13192, stack(0x000000928c700000,0x000000928c800000)]
  0x00000193adebfd80 JavaThread "Attach Listener" daemon [_thread_blocked, id=13172, stack(0x000000928c800000,0x000000928c900000)]
  0x00000193adec2640 JavaThread "Service Thread" daemon [_thread_blocked, id=8692, stack(0x000000928c900000,0x000000928ca00000)]
  0x00000193adec3700 JavaThread "Monitor Deflation Thread" daemon [_thread_blocked, id=11396, stack(0x000000928ca00000,0x000000928cb00000)]
  0x00000193adec4a30 JavaThread "C2 CompilerThread0" daemon [_thread_blocked, id=1968, stack(0x000000928cb00000,0x000000928cc00000)]
  0x00000193adec5320 JavaThread "C1 CompilerThread0" daemon [_thread_blocked, id=13596, stack(0x000000928cc00000,0x000000928cd00000)]
  0x00000193aded25a0 JavaThread "Sweeper thread" daemon [_thread_blocked, id=1284, stack(0x000000928cd00000,0x000000928ce00000)]
  0x00000193b2069760 JavaThread "Common-Cleaner" daemon [_thread_blocked, id=15084, stack(0x000000928ce00000,0x000000928cf00000)]
  0x00000193b210c670 JavaThread "Monitor Ctrl-Break" daemon [_thread_in_native, id=11936, stack(0x000000928cf00000,0x000000928d000000)]
  0x00000193b214efb0 JavaThread "Notification Thread" daemon [_thread_blocked, id=15172, stack(0x000000928d000000,0x000000928d100000)]
  0x00000193b3e17610 JavaThread "C2 CompilerThread1" daemon [_thread_blocked, id=11164, stack(0x000000928d200000,0x000000928d300000)]

Other Threads:
=>0x00000193ade9d7d0 VMThread "VM Thread" [stack: 0x000000928c400000,0x000000928c500000] [id=636]
  0x00000193b21535d0 WatcherThread "VM Periodic Task Thread" [stack: 0x000000928d100000,0x000000928d200000] [id=15052]
  0x0000019390627a80 WorkerThread "GC Thread#0" [stack: 0x000000928bf00000,0x000000928c000000] [id=13540]
  0x00000193b2279930 WorkerThread "GC Thread#1" [stack: 0x000000928d300000,0x000000928d400000] [id=524]
  0x00000193b28d21c0 WorkerThread "GC Thread#2" [stack: 0x000000928d400000,0x000000928d500000] [id=2972]
  0x00000193b2bdfc20 WorkerThread "GC Thread#3" [stack: 0x000000928d500000,0x000000928d600000] [id=10856]
  0x0000019390637cb0 ConcurrentGCThread "G1 Main Marker" [stack: 0x000000928c000000,0x000000928c100000] [id=12780]
  0x000001938e5ebf10 WorkerThread "G1 Conc#0" [stack: 0x000000928c100000,0x000000928c200000] [id=132]
  0x00000193906790a0 ConcurrentGCThread "G1 Refine#0" [stack: 0x000000928c200000,0x000000928c300000] [id=14660]
  0x00000193b23f5300 ConcurrentGCThread "G1 Refine#1" [stack: 0x000000928d600000,0x000000928d700000] [id=12044]
  0x00000193906798c0 ConcurrentGCThread "G1 Service" [stack: 0x000000928c300000,0x000000928c400000] [id=5716]

Threads with active compile tasks:
C2 CompilerThread0     4441 6915       4       com.sun.tools.javac.code.Symbol$ClassSymbol::<init> (75 bytes)
C1 CompilerThread0     4441 6932   !   3       com.sun.tools.javac.code.ClassFinder::fillIn (322 bytes)

VM state: at safepoint (normal execution)

VM Mutex/Monitor currently owned by a thread:  ([mutex/lock_event])
[0x00000193905c3160] Threads_lock - owner thread: 0x00000193ade9d7d0
[0x00000193905c3550] Heap_lock - owner thread: 0x00000193905c9a20

Heap address: 0x0000000081800000, size: 2024 MB, Compressed Oops mode: 32-bit

CDS archive(s) mapped at: [0x0000000800000000-0x0000000800ba0000-0x0000000800ba0000), size 12189696, SharedBaseAddress: 0x0000000800000000, ArchiveRelocationMode: 0.
Compressed class space mapped at: 0x0000000800c00000-0x0000000840c00000, reserved size: 1073741824
Narrow klass base: 0x0000000800000000, Narrow klass shift: 0, Narrow klass range: 0x100000000

GC Precious Log:
 CardTable entry size: 512
 Card Set container configuration: InlinePtr #cards 5 size 8 Array Of Cards #cards 12 size 40 Howl #buckets 4 coarsen threshold 1843 Howl Bitmap #cards 512 size 80 coarsen threshold 460 Card regions per heap region 1 cards per card region 2048
 CPUs: 4 total, 4 available
 Memory: 8088M
 Large Page Support: Disabled
 NUMA Support: Disabled
 Compressed Oops: Enabled (32-bit)
 Heap Region Size: 1M
 Heap Min Capacity: 8M
 Heap Initial Capacity: 128M
 Heap Max Capacity: 2024M
 Pre-touch: Disabled
 Parallel Workers: 4
 Concurrent Workers: 1
 Concurrent Refinement Workers: 4
 Periodic GC: Disabled

Heap:
 garbage-first heap   total 82944K, used 40130K [0x0000000081800000, 0x0000000100000000)
  region size 1024K, 2 young (2048K), 2 survivors (2048K)
 Metaspace       used 27433K, committed 27968K, reserved 1114112K
  class space    used 2917K, committed 3200K, reserved 1048576K

Heap Regions: E=young(eden), S=young(survivor), O=old, HS=humongous(starts), HC=humongous(continues), CS=collection set, F=free, OA=open archive, CA=closed archive, TAMS=top-at-mark-start (previous, next)
|   0|0x0000000081800000, 0x0000000081900000, 0x0000000081900000|100%| O|  |TAMS 0x0000000081900000, 0x0000000081900000| Untracked 
|   1|0x0000000081900000, 0x0000000081a00000, 0x0000000081a00000|100%| O|  |TAMS 0x0000000081a00000, 0x0000000081a00000| Untracked 
|   2|0x0000000081a00000, 0x0000000081b00000, 0x0000000081b00000|100%| O|  |TAMS 0x0000000081b00000, 0x0000000081b00000| Untracked 
|   3|0x0000000081b00000, 0x0000000081c00000, 0x0000000081c00000|100%| O|  |TAMS 0x0000000081c00000, 0x0000000081c00000| Untracked 
|   4|0x0000000081c00000, 0x0000000081d00000, 0x0000000081d00000|100%| O|  |TAMS 0x0000000081d00000, 0x0000000081d00000| Untracked 
|   5|0x0000000081d00000, 0x0000000081e00000, 0x0000000081e00000|100%| O|  |TAMS 0x0000000081e00000, 0x0000000081e00000| Untracked 
|   6|0x0000000081e00000, 0x0000000081f00000, 0x0000000081f00000|100%| O|  |TAMS 0x0000000081f00000, 0x0000000081f00000| Untracked 
|   7|0x0000000081f00000, 0x0000000082000000, 0x0000000082000000|100%| O|  |TAMS 0x0000000082000000, 0x0000000082000000| Untracked 
|   8|0x0000000082000000, 0x0000000082100000, 0x0000000082100000|100%| O|  |TAMS 0x0000000082100000, 0x0000000082100000| Untracked 
|   9|0x0000000082100000, 0x0000000082200000, 0x0000000082200000|100%| O|  |TAMS 0x0000000082200000, 0x0000000082200000| Untracked 
|  10|0x0000000082200000, 0x0000000082300000, 0x0000000082300000|100%| O|  |TAMS 0x0000000082300000, 0x0000000082300000| Untracked 
|  11|0x0000000082300000, 0x0000000082400000, 0x0000000082400000|100%| O|  |TAMS 0x0000000082400000, 0x0000000082400000| Untracked 
|  12|0x0000000082400000, 0x0000000082500000, 0x0000000082500000|100%| O|  |TAMS 0x0000000082500000, 0x0000000082500000| Untracked 
|  13|0x0000000082500000, 0x0000000082600000, 0x0000000082600000|100%| O|  |TAMS 0x0000000082600000, 0x0000000082600000| Untracked 
|  14|0x0000000082600000, 0x0000000082700000, 0x0000000082700000|100%| O|  |TAMS 0x0000000082700000, 0x0000000082700000| Untracked 
|  15|0x0000000082700000, 0x0000000082800000, 0x0000000082800000|100%| O|  |TAMS 0x0000000082800000, 0x0000000082800000| Untracked 
|  16|0x0000000082800000, 0x0000000082900000, 0x0000000082900000|100%| O|  |TAMS 0x0000000082900000, 0x0000000082900000| Untracked 
|  17|0x0000000082900000, 0x0000000082a00000, 0x0000000082a00000|100%|HS|  |TAMS 0x0000000082a00000, 0x0000000082a00000| Complete 
|  18|0x0000000082a00000, 0x0000000082b00000, 0x0000000082b00000|100%| O|  |TAMS 0x0000000082b00000, 0x0000000082b00000| Untracked 
|  19|0x0000000082b00000, 0x0000000082c00000, 0x0000000082c00000|100%| O|  |TAMS 0x0000000082c00000, 0x0000000082c00000| Untracked 
|  20|0x0000000082c00000, 0x0000000082d00000, 0x0000000082d00000|100%| O|  |TAMS 0x0000000082d00000, 0x0000000082d00000| Untracked 
|  21|0x0000000082d00000, 0x0000000082e00000, 0x0000000082e00000|100%| O|  |TAMS 0x0000000082e00000, 0x0000000082e00000| Untracked 
|  22|0x0000000082e00000, 0x0000000082f00000, 0x0000000082f00000|100%| O|  |TAMS 0x0000000082f00000, 0x0000000082f00000| Untracked 
|  23|0x0000000082f00000, 0x0000000083000000, 0x0000000083000000|100%| O|  |TAMS 0x0000000083000000, 0x0000000083000000| Untracked 
|  24|0x0000000083000000, 0x0000000083100000, 0x0000000083100000|100%| O|  |TAMS 0x0000000083100000, 0x0000000083100000| Untracked 
|  25|0x0000000083100000, 0x0000000083200000, 0x0000000083200000|100%| O|  |TAMS 0x000000008319f800, 0x0000000083200000| Untracked 
|  26|0x0000000083200000, 0x0000000083300000, 0x0000000083300000|100%| O|  |TAMS 0x0000000083200000, 0x00000000832d9e00| Untracked 
|  27|0x0000000083300000, 0x0000000083318a00, 0x0000000083400000|  9%| O|  |TAMS 0x0000000083300000, 0x0000000083300000| Untracked 
|  28|0x0000000083400000, 0x0000000083400000, 0x0000000083500000|  0%| F|  |TAMS 0x0000000083400000, 0x0000000083400000| Untracked 
|  29|0x0000000083500000, 0x0000000083500000, 0x0000000083600000|  0%| F|  |TAMS 0x0000000083500000, 0x0000000083500000| Untracked 
|  30|0x0000000083600000, 0x0000000083600000, 0x0000000083700000|  0%| F|  |TAMS 0x0000000083600000, 0x0000000083600000| Untracked 
|  31|0x0000000083700000, 0x0000000083700000, 0x0000000083800000|  0%| F|  |TAMS 0x0000000083700000, 0x0000000083700000| Untracked 
|  32|0x0000000083800000, 0x0000000083800000, 0x0000000083900000|  0%| F|  |TAMS 0x0000000083800000, 0x0000000083800000| Untracked 
|  33|0x0000000083900000, 0x0000000083900000, 0x0000000083a00000|  0%| F|  |TAMS 0x0000000083900000, 0x0000000083900000| Untracked 
|  34|0x0000000083a00000, 0x0000000083a00000, 0x0000000083b00000|  0%| F|  |TAMS 0x0000000083a00000, 0x0000000083a00000| Untracked 
|  35|0x0000000083b00000, 0x0000000083b00000, 0x0000000083c00000|  0%| F|  |TAMS 0x0000000083b00000, 0x0000000083b00000| Untracked 
|  36|0x0000000083c00000, 0x0000000083d00000, 0x0000000083d00000|100%| O|  |TAMS 0x0000000083d00000, 0x0000000083d00000| Untracked 
|  37|0x0000000083d00000, 0x0000000083e00000, 0x0000000083e00000|100%| O|  |TAMS 0x0000000083e00000, 0x0000000083e00000| Untracked 
|  38|0x0000000083e00000, 0x0000000083f00000, 0x0000000083f00000|100%| O|  |TAMS 0x0000000083f00000, 0x0000000083f00000| Untracked 
|  39|0x0000000083f00000, 0x0000000084000000, 0x0000000084000000|100%| O|  |TAMS 0x0000000084000000, 0x0000000084000000| Untracked 
|  40|0x0000000084000000, 0x0000000084100000, 0x0000000084100000|100%| O|  |TAMS 0x0000000084100000, 0x0000000084100000| Untracked 
|  41|0x0000000084100000, 0x0000000084200000, 0x0000000084200000|100%| O|  |TAMS 0x0000000084200000, 0x0000000084200000| Untracked 
|  42|0x0000000084200000, 0x0000000084300000, 0x0000000084300000|100%| O|  |TAMS 0x0000000084300000, 0x0000000084300000| Untracked 
|  43|0x0000000084300000, 0x0000000084300000, 0x0000000084400000|  0%| F|  |TAMS 0x0000000084300000, 0x0000000084300000| Untracked 
|  44|0x0000000084400000, 0x0000000084400000, 0x0000000084500000|  0%| F|  |TAMS 0x0000000084400000, 0x0000000084400000| Untracked 
|  45|0x0000000084500000, 0x0000000084500000, 0x0000000084600000|  0%| F|  |TAMS 0x0000000084500000, 0x0000000084500000| Untracked 
|  46|0x0000000084600000, 0x0000000084600000, 0x0000000084700000|  0%| F|  |TAMS 0x0000000084600000, 0x0000000084600000| Untracked 
|  47|0x0000000084700000, 0x0000000084700000, 0x0000000084800000|  0%| F|  |TAMS 0x0000000084700000, 0x0000000084700000| Untracked 
|  48|0x0000000084800000, 0x0000000084800000, 0x0000000084900000|  0%| F|  |TAMS 0x0000000084800000, 0x0000000084800000| Untracked 
|  49|0x0000000084900000, 0x0000000084a00000, 0x0000000084a00000|100%| S|CS|TAMS 0x0000000084900000, 0x0000000084900000| Complete 
|  50|0x0000000084a00000, 0x0000000084b00000, 0x0000000084b00000|100%| S|CS|TAMS 0x0000000084a00000, 0x0000000084a00000| Complete 
|  51|0x0000000084b00000, 0x0000000084b00000, 0x0000000084c00000|  0%| F|  |TAMS 0x0000000084b00000, 0x0000000084b00000| Untracked 
|  52|0x0000000084c00000, 0x0000000084c18000, 0x0000000084d00000|  9%| O|  |TAMS 0x0000000084c18000, 0x0000000084c18000| Untracked 
|  53|0x0000000084d00000, 0x0000000084d00000, 0x0000000084e00000|  0%| F|  |TAMS 0x0000000084d00000, 0x0000000084d00000| Untracked 
|  54|0x0000000084e00000, 0x0000000084e00000, 0x0000000084f00000|  0%| F|  |TAMS 0x0000000084e00000, 0x0000000084e00000| Untracked 
|  55|0x0000000084f00000, 0x0000000084f00000, 0x0000000085000000|  0%| F|  |TAMS 0x0000000084f00000, 0x0000000084f00000| Untracked 
|  56|0x0000000085000000, 0x0000000085000000, 0x0000000085100000|  0%| F|  |TAMS 0x0000000085000000, 0x0000000085000000| Untracked 
|  57|0x0000000085100000, 0x0000000085100000, 0x0000000085200000|  0%| F|  |TAMS 0x0000000085100000, 0x0000000085100000| Untracked 
|  58|0x0000000085200000, 0x0000000085200000, 0x0000000085300000|  0%| F|  |TAMS 0x0000000085200000, 0x0000000085200000| Untracked 
|  59|0x0000000085300000, 0x0000000085300000, 0x0000000085400000|  0%| F|  |TAMS 0x0000000085300000, 0x0000000085300000| Untracked 
|  60|0x0000000085400000, 0x0000000085400000, 0x0000000085500000|  0%| F|  |TAMS 0x0000000085400000, 0x0000000085400000| Untracked 
|  61|0x0000000085500000, 0x0000000085500000, 0x0000000085600000|  0%| F|  |TAMS 0x0000000085500000, 0x0000000085500000| Untracked 
|  62|0x0000000085600000, 0x0000000085600000, 0x0000000085700000|  0%| F|  |TAMS 0x0000000085600000, 0x0000000085600000| Untracked 
|  63|0x0000000085700000, 0x0000000085700000, 0x0000000085800000|  0%| F|  |TAMS 0x0000000085700000, 0x0000000085700000| Untracked 
|  64|0x0000000085800000, 0x0000000085800000, 0x0000000085900000|  0%| F|  |TAMS 0x0000000085800000, 0x0000000085800000| Untracked 
|  65|0x0000000085900000, 0x0000000085900000, 0x0000000085a00000|  0%| F|  |TAMS 0x0000000085900000, 0x0000000085900000| Untracked 
|  66|0x0000000085a00000, 0x0000000085a00000, 0x0000000085b00000|  0%| F|  |TAMS 0x0000000085a00000, 0x0000000085a00000| Untracked 
|  67|0x0000000085b00000, 0x0000000085b00000, 0x0000000085c00000|  0%| F|  |TAMS 0x0000000085b00000, 0x0000000085b00000| Untracked 
|  68|0x0000000085c00000, 0x0000000085c00000, 0x0000000085d00000|  0%| F|  |TAMS 0x0000000085c00000, 0x0000000085c00000| Untracked 
|  69|0x0000000085d00000, 0x0000000085d00000, 0x0000000085e00000|  0%| F|  |TAMS 0x0000000085d00000, 0x0000000085d00000| Untracked 
|  70|0x0000000085e00000, 0x0000000085e00000, 0x0000000085f00000|  0%| F|  |TAMS 0x0000000085e00000, 0x0000000085e00000| Untracked 
| 118|0x0000000088e00000, 0x0000000088e00000, 0x0000000088f00000|  0%| F|  |TAMS 0x0000000088e00000, 0x0000000088e00000| Untracked 
| 119|0x0000000088f00000, 0x0000000088f00000, 0x0000000089000000|  0%| F|  |TAMS 0x0000000088f00000, 0x0000000088f00000| Untracked 
| 120|0x0000000089000000, 0x0000000089000000, 0x0000000089100000|  0%| F|  |TAMS 0x0000000089000000, 0x0000000089000000| Untracked 
| 121|0x0000000089100000, 0x0000000089100000, 0x0000000089200000|  0%| F|  |TAMS 0x0000000089100000, 0x0000000089100000| Untracked 
| 122|0x0000000089200000, 0x0000000089200000, 0x0000000089300000|  0%| F|  |TAMS 0x0000000089200000, 0x0000000089200000| Untracked 
| 123|0x0000000089300000, 0x0000000089300000, 0x0000000089400000|  0%| F|  |TAMS 0x0000000089300000, 0x0000000089300000| Untracked 
| 127|0x0000000089700000, 0x0000000089700000, 0x0000000089800000|  0%| F|  |TAMS 0x0000000089700000, 0x0000000089700000| Untracked 
|2021|0x00000000ffd00000, 0x00000000ffe00000, 0x00000000ffe00000|100%| O|  |TAMS 0x00000000ffe00000, 0x00000000ffe00000| Untracked 
|2022|0x00000000ffe00000, 0x00000000fff00000, 0x00000000fff00000|100%| O|  |TAMS 0x00000000fff00000, 0x00000000fff00000| Untracked 
|2023|0x00000000fff00000, 0x0000000100000000, 0x0000000100000000|100%| O|  |TAMS 0x0000000100000000, 0x0000000100000000| Untracked 

Card table byte_map: [0x00000193a7300000,0x00000193a7700000] _byte_map_base: 0x00000193a6ef4000

Marking Bits (Prev, Next): (CMBitMap*) 0x000001938e5eafc0, (CMBitMap*) 0x000001938e5eb000
 Prev Bits: [0x00000193a7b00000, 0x00000193a9aa0000)
 Next Bits: [0x00000193a9aa0000, 0x00000193aba40000)

Polling page: 0x000001938e460000

Metaspace:

Usage:
  Non-class:     23.94 MB used.
      Class:      2.85 MB used.
       Both:     26.79 MB used.

Virtual space:
  Non-class space:       64.00 MB reserved,      24.19 MB ( 38%) committed,  1 nodes.
      Class space:        1.00 GB reserved,       3.12 MB ( <1%) committed,  1 nodes.
             Both:        1.06 GB reserved,      27.31 MB (  3%) committed. 

Chunk freelists:
   Non-Class:  3.41 MB
       Class:  762.00 KB
        Both:  4.15 MB

MaxMetaspaceSize: unlimited
CompressedClassSpaceSize: 1.00 GB
Initial GC threshold: 21.00 MB
Current GC threshold: 45.00 MB
CDS: on
MetaspaceReclaimPolicy: balanced
 - commit_granule_bytes: 65536.
 - commit_granule_words: 8192.
 - virtual_space_node_default_size: 8388608.
 - enlarge_chunks_in_place: 1.
 - new_chunks_are_fully_committed: 0.
 - uncommit_free_chunks: 1.
 - use_allocation_guard: 0.


Internal statistics:

num_allocs_failed_limit: 6.
num_arena_births: 532.
num_arena_deaths: 0.
num_vsnodes_births: 2.
num_vsnodes_deaths: 0.
num_space_committed: 437.
num_space_uncommitted: 0.
num_chunks_returned_to_freelist: 6.
num_chunks_taken_from_freelist: 1558.
num_chunk_merges: 6.
num_chunk_splits: 1077.
num_chunks_enlarged: 759.
num_inconsistent_stats: 0.

CodeHeap 'non-profiled nmethods': size=120000Kb used=2775Kb max_used=2929Kb free=117224Kb
 bounds [0x000001939f9d0000, 0x000001939fcd0000, 0x00000193a6f00000]
CodeHeap 'profiled nmethods': size=120000Kb used=11952Kb max_used=14131Kb free=108047Kb
 bounds [0x00000193984a0000, 0x0000019399270000, 0x000001939f9d0000]
CodeHeap 'non-nmethods': size=5760Kb used=1227Kb max_used=1309Kb free=4532Kb
 bounds [0x0000019397f00000, 0x0000019398170000, 0x00000193984a0000]
 total_blobs=6488 nmethods=5967 adapters=433
 compilation: enabled
              stopped_count=0, restarted_count=0
 full_count=0

Compilation events (20 events):
Event: 4.369 Thread 0x00000193b3e17610 nmethod 6920 0x000001939fa9b410 code [0x000001939fa9b580, 0x000001939fa9b618]
Event: 4.369 Thread 0x00000193b3e17610 6797       4       java.util.stream.Sink::end (1 bytes)
Event: 4.370 Thread 0x00000193b3e17610 nmethod 6797 0x000001939fa9b110 code [0x000001939fa9b280, 0x000001939fa9b2f8]
Event: 4.370 Thread 0x00000193b3e17610 6719       4       sun.nio.ch.IOUtil::read (14 bytes)
Event: 4.370 Thread 0x00000193adec5320 6926       3       com.sun.tools.javac.jvm.ClassReader::parameter (218 bytes)
Event: 4.370 Thread 0x00000193b3e17610 nmethod 6719 0x000001939f9f3b90 code [0x000001939f9f3d20, 0x000001939f9f3da8]
Event: 4.370 Thread 0x00000193b3e17610 6768       4       sun.nio.ch.FileDispatcherImpl::pread (10 bytes)
Event: 4.370 Thread 0x00000193b3e17610 nmethod 6768 0x000001939f9f3890 code [0x000001939f9f3a20, 0x000001939f9f3ac8]
Event: 4.371 Thread 0x00000193b3e17610 6927       4       com.sun.tools.javac.code.Scope$ScopeImpl$1::update (72 bytes)
Event: 4.371 Thread 0x00000193adec5320 nmethod 6926 0x0000019398b8de90 code [0x0000019398b8e240, 0x0000019398b8fc18]
Event: 4.372 Thread 0x00000193adec5320 6928       3       com.sun.tools.javac.code.Type::containsAny (39 bytes)
Event: 4.372 Thread 0x00000193adec5320 nmethod 6928 0x0000019398856510 code [0x0000019398856720, 0x0000019398857008]
Event: 4.373 Thread 0x00000193b3e17610 nmethod 6927 0x000001939f9f3390 code [0x000001939f9f3520, 0x000001939f9f3738]
Event: 4.373 Thread 0x00000193adec5320 6929       3       com.sun.tools.javac.util.Convert::enclosingCandidates (33 bytes)
Event: 4.373 Thread 0x00000193adec5320 nmethod 6929 0x00000193986b4690 code [0x00000193986b4880, 0x00000193986b4f58]
Event: 4.374 Thread 0x00000193adec5320 6930       3       com.sun.tools.javac.code.ClassFinder::completeEnclosing (104 bytes)
Event: 4.374 Thread 0x00000193adec5320 nmethod 6930 0x000001939854dc10 code [0x000001939854dec0, 0x000001939854ede8]
Event: 4.374 Thread 0x00000193adec5320 6931       3       com.sun.tools.javac.util.Convert::shortName (45 bytes)
Event: 4.375 Thread 0x00000193adec5320 nmethod 6931 0x0000019398e7d010 code [0x0000019398e7d220, 0x0000019398e7dad8]
Event: 4.375 Thread 0x00000193adec5320 6932   !   3       com.sun.tools.javac.code.ClassFinder::fillIn (322 bytes)

GC Heap History (20 events):
Event: 1.748 GC heap after
{Heap after GC invocations=3 (full 0):
 garbage-first heap   total 131072K, used 12151K [0x0000000081800000, 0x0000000100000000)
  region size 1024K, 9 young (9216K), 9 survivors (9216K)
 Metaspace       used 13649K, committed 13952K, reserved 1114112K
  class space    used 1513K, committed 1664K, reserved 1048576K
}
Event: 2.514 GC heap before
{Heap before GC invocations=3 (full 0):
 garbage-first heap   total 131072K, used 113527K [0x0000000081800000, 0x0000000100000000)
  region size 1024K, 76 young (77824K), 9 survivors (9216K)
 Metaspace       used 17436K, committed 17792K, reserved 1114112K
  class space    used 1868K, committed 2048K, reserved 1048576K
}
Event: 2.525 GC heap after
{Heap after GC invocations=4 (full 0):
 garbage-first heap   total 131072K, used 16923K [0x0000000081800000, 0x0000000100000000)
  region size 1024K, 6 young (6144K), 6 survivors (6144K)
 Metaspace       used 17436K, committed 17792K, reserved 1114112K
  class space    used 1868K, committed 2048K, reserved 1048576K
}
Event: 2.647 GC heap before
{Heap before GC invocations=4 (full 0):
 garbage-first heap   total 131072K, used 19995K [0x0000000081800000, 0x0000000100000000)
  region size 1024K, 10 young (10240K), 6 survivors (6144K)
 Metaspace       used 21181K, committed 21504K, reserved 1114112K
  class space    used 2325K, committed 2496K, reserved 1048576K
}
Event: 2.651 GC heap after
{Heap after GC invocations=5 (full 0):
 garbage-first heap   total 131072K, used 17504K [0x0000000081800000, 0x0000000100000000)
  region size 1024K, 6 young (6144K), 6 survivors (6144K)
 Metaspace       used 21181K, committed 21504K, reserved 1114112K
  class space    used 2325K, committed 2496K, reserved 1048576K
}
Event: 3.045 GC heap before
{Heap before GC invocations=6 (full 0):
 garbage-first heap   total 65536K, used 50272K [0x0000000081800000, 0x0000000100000000)
  region size 1024K, 38 young (38912K), 6 survivors (6144K)
 Metaspace       used 23482K, committed 23808K, reserved 1114112K
  class space    used 2538K, committed 2688K, reserved 1048576K
}
Event: 3.057 GC heap after
{Heap after GC invocations=7 (full 0):
 garbage-first heap   total 68608K, used 28768K [0x0000000081800000, 0x0000000100000000)
  region size 1024K, 5 young (5120K), 5 survivors (5120K)
 Metaspace       used 23482K, committed 23808K, reserved 1114112K
  class space    used 2538K, committed 2688K, reserved 1048576K
}
Event: 3.287 GC heap before
{Heap before GC invocations=7 (full 0):
 garbage-first heap   total 68608K, used 49248K [0x0000000081800000, 0x0000000100000000)
  region size 1024K, 25 young (25600K), 5 survivors (5120K)
 Metaspace       used 24271K, committed 24704K, reserved 1114112K
  class space    used 2611K, committed 2816K, reserved 1048576K
}
Event: 3.295 GC heap after
{Heap after GC invocations=8 (full 0):
 garbage-first heap   total 68608K, used 33376K [0x0000000081800000, 0x0000000100000000)
  region size 1024K, 4 young (4096K), 4 survivors (4096K)
 Metaspace       used 24271K, committed 24704K, reserved 1114112K
  class space    used 2611K, committed 2816K, reserved 1048576K
}
Event: 3.351 GC heap before
{Heap before GC invocations=8 (full 0):
 garbage-first heap   total 68608K, used 41568K [0x0000000081800000, 0x0000000100000000)
  region size 1024K, 13 young (13312K), 4 survivors (4096K)
 Metaspace       used 24390K, committed 24768K, reserved 1114112K
  class space    used 2611K, committed 2816K, reserved 1048576K
}
Event: 3.357 GC heap after
{Heap after GC invocations=9 (full 0):
 garbage-first heap   total 82944K, used 35691K [0x0000000081800000, 0x0000000100000000)
  region size 1024K, 2 young (2048K), 2 survivors (2048K)
 Metaspace       used 24390K, committed 24768K, reserved 1114112K
  class space    used 2611K, committed 2816K, reserved 1048576K
}
Event: 3.676 GC heap before
{Heap before GC invocations=9 (full 0):
 garbage-first heap   total 82944K, used 60267K [0x0000000081800000, 0x0000000100000000)
  region size 1024K, 26 young (26624K), 2 survivors (2048K)
 Metaspace       used 25889K, committed 26304K, reserved 1114112K
  class space    used 2767K, committed 2944K, reserved 1048576K
}
Event: 3.681 GC heap after
{Heap after GC invocations=10 (full 0):
 garbage-first heap   total 82944K, used 38351K [0x0000000081800000, 0x0000000100000000)
  region size 1024K, 4 young (4096K), 4 survivors (4096K)
 Metaspace       used 25889K, committed 26304K, reserved 1114112K
  class space    used 2767K, committed 2944K, reserved 1048576K
}
Event: 3.894 GC heap before
{Heap before GC invocations=10 (full 0):
 garbage-first heap   total 82944K, used 61903K [0x0000000081800000, 0x0000000100000000)
  region size 1024K, 27 young (27648K), 4 survivors (4096K)
 Metaspace       used 26609K, committed 27072K, reserved 1114112K
  class space    used 2835K, committed 3072K, reserved 1048576K
}
Event: 3.899 GC heap after
{Heap after GC invocations=11 (full 0):
 garbage-first heap   total 82944K, used 38622K [0x0000000081800000, 0x0000000100000000)
  region size 1024K, 2 young (2048K), 2 survivors (2048K)
 Metaspace       used 26609K, committed 27072K, reserved 1114112K
  class space    used 2835K, committed 3072K, reserved 1048576K
}
Event: 4.034 GC heap before
{Heap before GC invocations=11 (full 0):
 garbage-first heap   total 82944K, used 62174K [0x0000000081800000, 0x0000000100000000)
  region size 1024K, 26 young (26624K), 2 survivors (2048K)
 Metaspace       used 27112K, committed 27584K, reserved 1114112K
  class space    used 2912K, committed 3136K, reserved 1048576K
}
Event: 4.038 GC heap after
{Heap after GC invocations=12 (full 0):
 garbage-first heap   total 82944K, used 39054K [0x0000000081800000, 0x0000000100000000)
  region size 1024K, 3 young (3072K), 3 survivors (3072K)
 Metaspace       used 27112K, committed 27584K, reserved 1114112K
  class space    used 2912K, committed 3136K, reserved 1048576K
}
Event: 4.249 GC heap before
{Heap before GC invocations=13 (full 0):
 garbage-first heap   total 82944K, used 63630K [0x0000000081800000, 0x0000000100000000)
  region size 1024K, 27 young (27648K), 3 survivors (3072K)
 Metaspace       used 27335K, committed 27776K, reserved 1114112K
  class space    used 2914K, committed 3136K, reserved 1048576K
}
Event: 4.255 GC heap after
{Heap after GC invocations=14 (full 0):
 garbage-first heap   total 82944K, used 40105K [0x0000000081800000, 0x0000000100000000)
  region size 1024K, 3 young (3072K), 3 survivors (3072K)
 Metaspace       used 27335K, committed 27776K, reserved 1114112K
  class space    used 2914K, committed 3136K, reserved 1048576K
}
Event: 4.375 GC heap before
{Heap before GC invocations=14 (full 0):
 garbage-first heap   total 82944K, used 63657K [0x0000000081800000, 0x0000000100000000)
  region size 1024K, 27 young (27648K), 3 survivors (3072K)
 Metaspace       used 27433K, committed 27968K, reserved 1114112K
  class space    used 2917K, committed 3200K, reserved 1048576K
}

Deoptimization events (20 events):
Event: 4.269 Thread 0x00000193905c9a20 DEOPT PACKING pc=0x00000193991176d6 sp=0x000000928befce50
Event: 4.269 Thread 0x00000193905c9a20 DEOPT UNPACKING pc=0x0000019397f52b43 sp=0x000000928befc338 mode 0
Event: 4.270 Thread 0x00000193905c9a20 DEOPT PACKING pc=0x0000019399153c55 sp=0x000000928befc630
Event: 4.270 Thread 0x00000193905c9a20 DEOPT UNPACKING pc=0x0000019397f52b43 sp=0x000000928befbae8 mode 0
Event: 4.272 Thread 0x00000193905c9a20 DEOPT PACKING pc=0x0000019399153c55 sp=0x000000928befce40
Event: 4.272 Thread 0x00000193905c9a20 DEOPT UNPACKING pc=0x0000019397f52b43 sp=0x000000928befc2f8 mode 0
Event: 4.274 Thread 0x00000193905c9a20 DEOPT PACKING pc=0x0000019399153c55 sp=0x000000928befce40
Event: 4.274 Thread 0x00000193905c9a20 DEOPT UNPACKING pc=0x0000019397f52b43 sp=0x000000928befc2f8 mode 0
Event: 4.277 Thread 0x00000193905c9a20 Uncommon trap: trap_request=0xffffff45 fr.pc=0x000001939fb0411c relative=0x000000000000143c
Event: 4.277 Thread 0x00000193905c9a20 Uncommon trap: reason=unstable_if action=reinterpret pc=0x000001939fb0411c method=java.util.HashMap.hash(Ljava/lang/Object;)I @ 1 c2
Event: 4.277 Thread 0x00000193905c9a20 DEOPT PACKING pc=0x000001939fb0411c sp=0x000000928befd530
Event: 4.277 Thread 0x00000193905c9a20 DEOPT UNPACKING pc=0x0000019397f523a3 sp=0x000000928befd440 mode 2
Event: 4.277 Thread 0x00000193905c9a20 Uncommon trap: trap_request=0xffffff45 fr.pc=0x000001939fad4f28 relative=0x00000000000007c8
Event: 4.277 Thread 0x00000193905c9a20 Uncommon trap: reason=unstable_if action=reinterpret pc=0x000001939fad4f28 method=java.util.HashMap.hash(Ljava/lang/Object;)I @ 1 c2
Event: 4.277 Thread 0x00000193905c9a20 DEOPT PACKING pc=0x000001939fad4f28 sp=0x000000928befd4c0
Event: 4.277 Thread 0x00000193905c9a20 DEOPT UNPACKING pc=0x0000019397f523a3 sp=0x000000928befd440 mode 2
Event: 4.335 Thread 0x00000193905c9a20 Uncommon trap: trap_request=0xffffff45 fr.pc=0x000001939fa50878 relative=0x0000000000000798
Event: 4.335 Thread 0x00000193905c9a20 Uncommon trap: reason=unstable_if action=reinterpret pc=0x000001939fa50878 method=com.sun.tools.javac.code.Scope$ScopeImpl.getIndex(Lcom/sun/tools/javac/util/Name;)I @ 65 c2
Event: 4.335 Thread 0x00000193905c9a20 DEOPT PACKING pc=0x000001939fa50878 sp=0x000000928befb940
Event: 4.335 Thread 0x00000193905c9a20 DEOPT UNPACKING pc=0x0000019397f523a3 sp=0x000000928befb868 mode 2

Classes loaded (20 events):
Event: 3.591 Loading class java/util/Vector$1
Event: 3.591 Loading class java/util/Vector$1 done
Event: 3.594 Loading class java/io/PushbackInputStream
Event: 3.594 Loading class java/io/PushbackInputStream done
Event: 3.707 Loading class java/util/Collections$UnmodifiableSortedSet
Event: 3.707 Loading class java/util/Collections$UnmodifiableSortedSet done
Event: 3.713 Loading class java/util/IdentityHashMap$EntrySet
Event: 3.713 Loading class java/util/IdentityHashMap$EntrySet done
Event: 3.713 Loading class java/util/IdentityHashMap$EntryIterator
Event: 3.713 Loading class java/util/IdentityHashMap$EntryIterator done
Event: 3.713 Loading class java/util/IdentityHashMap$EntryIterator$Entry
Event: 3.713 Loading class java/util/IdentityHashMap$EntryIterator$Entry done
Event: 3.911 Loading class java/util/regex/Pattern$SliceI
Event: 3.912 Loading class java/util/regex/Pattern$SliceI done
Event: 3.931 Loading class java/util/regex/Pattern$Loop
Event: 3.931 Loading class java/util/regex/Pattern$Loop done
Event: 3.931 Loading class java/util/regex/Pattern$Prolog
Event: 3.931 Loading class java/util/regex/Pattern$Prolog done
Event: 3.940 Loading class java/util/regex/Pattern$LazyLoop
Event: 3.940 Loading class java/util/regex/Pattern$LazyLoop done

Classes unloaded (0 events):
No events

Classes redefined (0 events):
No events

Internal exceptions (20 events):
Event: 3.429 Thread 0x00000193905c9a20 Exception <a 'sun/nio/fs/WindowsException'{0x0000000088e21128}> (0x0000000088e21128) 
thrown [s\open\src\hotspot\share\prims\jni.cpp, line 516]
Event: 3.429 Thread 0x00000193905c9a20 Exception <a 'sun/nio/fs/WindowsException'{0x0000000088e22028}> (0x0000000088e22028) 
thrown [s\open\src\hotspot\share\prims\jni.cpp, line 516]
Event: 3.429 Thread 0x00000193905c9a20 Exception <a 'sun/nio/fs/WindowsException'{0x0000000088e22350}> (0x0000000088e22350) 
thrown [s\open\src\hotspot\share\prims\jni.cpp, line 516]
Event: 3.480 Thread 0x00000193905c9a20 Implicit null exception at 0x000001939fade26f to 0x000001939fade778
Event: 3.488 Thread 0x00000193905c9a20 Implicit null exception at 0x000001939fadcd8f to 0x000001939fadd004
Event: 3.926 Thread 0x00000193905c9a20 Exception <a 'java/lang/NoSuchMethodError'{0x0000000089157800}: 'void java.lang.invoke.DirectMethodHandle$Holder.invokeInterface(java.lang.Object, java.lang.Object, java.lang.Object, int)'> (0x0000000089157800) 
thrown [s\open\src\hotspot\share\interpreter\linkResolver.cpp, line 759]
Event: 3.926 Thread 0x00000193905c9a20 Exception <a 'java/lang/NoSuchMethodError'{0x000000008915f310}: 'void java.lang.invoke.DelegatingMethodHandle$Holder.reinvoke_L(java.lang.Object, java.lang.Object, java.lang.Object, int)'> (0x000000008915f310) 
thrown [s\open\src\hotspot\share\interpreter\linkResolver.cpp, line 759]
Event: 3.928 Thread 0x00000193905c9a20 Exception <a 'java/lang/NoSuchMethodError'{0x000000008918eef8}: 'java.lang.Object java.lang.invoke.DirectMethodHandle$Holder.invokeVirtual(java.lang.Object, java.lang.Object, java.lang.Object, java.lang.Object)'> (0x000000008918eef8) 
thrown [s\open\src\hotspot\share\interpreter\linkResolver.cpp, line 759]
Event: 3.929 Thread 0x00000193905c9a20 Exception <a 'java/lang/NoSuchMethodError'{0x000000008919cf00}: 'long java.lang.invoke.DirectMethodHandle$Holder.invokeStatic(java.lang.Object, java.lang.Object, int)'> (0x000000008919cf00) 
thrown [s\open\src\hotspot\share\interpreter\linkResolver.cpp, line 759]
Event: 3.930 Thread 0x00000193905c9a20 Exception <a 'java/lang/NoSuchMethodError'{0x00000000891a8120}: 'java.lang.Object java.lang.invoke.DirectMethodHandle$Holder.invokeSpecial(java.lang.Object, java.lang.Object, java.lang.Object, long, java.lang.Object)'> (0x00000000891a8120) 
thrown [s\open\src\hotspot\share\interpreter\linkResolver.cpp, line 759]
Event: 3.930 Thread 0x00000193905c9a20 Exception <a 'java/lang/NoSuchMethodError'{0x00000000891ac058}: 'java.lang.Object java.lang.invoke.DelegatingMethodHandle$Holder.reinvoke_L(java.lang.Object, java.lang.Object, long, java.lang.Object)'> (0x00000000891ac058) 
thrown [s\open\src\hotspot\share\interpreter\linkResolver.cpp, line 759]
Event: 3.931 Thread 0x00000193905c9a20 Exception <a 'java/lang/NoSuchMethodError'{0x00000000891c56c8}: 'java.lang.Object java.lang.invoke.DirectMethodHandle$Holder.invokeVirtual(java.lang.Object, java.lang.Object, java.lang.Object, java.lang.Object, java.lang.Object, java.lang.Object, java.lang.Object, java.lang.Object, java.lang.Object, java.lang.Object)'> (0x00000000891c56c8) 
thrown [s\open\src\hotspot\share\interpreter\linkResolver.cpp, line 759]
Event: 3.932 Thread 0x00000193905c9a20 Exception <a 'java/lang/NoSuchMethodError'{0x00000000891ca110}: 'java.lang.Object java.lang.invoke.DirectMethodHandle$Holder.invokeSpecial(java.lang.Object, java.lang.Object, java.lang.Object, java.lang.Object, java.lang.Object, java.lang.Object, java.lang.Object, java.lang.Object, java.lang.Object, java.lang.Object, java.lang.Object)'> (0x00000000891ca110) 
thrown [s\open\src\hotspot\share\interpreter\linkResolver.cpp, line 759]
Event: 3.945 Thread 0x00000193905c9a20 Exception <a 'java/lang/NoSuchMethodError'{0x00000000890f9918}: 'void java.lang.invoke.DirectMethodHandle$Holder.invokeVirtual(java.lang.Object, java.lang.Object)'> (0x00000000890f9918) 
thrown [s\open\src\hotspot\share\interpreter\linkResolver.cpp, line 759]
Event: 3.946 Thread 0x00000193905c9a20 Exception <a 'java/lang/NoSuchMethodError'{0x0000000088f04778}: 'void java.lang.invoke.DirectMethodHandle$Holder.invokeVirtual(java.lang.Object, java.lang.Object, java.lang.Object, java.lang.Object)'> (0x0000000088f04778) 
thrown [s\open\src\hotspot\share\interpreter\linkResolver.cpp, line 759]
Event: 3.957 Thread 0x00000193905c9a20 Exception <a 'java/lang/NoSuchMethodError'{0x0000000088eaafb0}: 'java.lang.Object java.lang.invoke.DirectMethodHandle$Holder.invokeVirtual(java.lang.Object, java.lang.Object, java.lang.Object, java.lang.Object, java.lang.Object, java.lang.Object)'> (0x0000000088eaafb0) 
thrown [s\open\src\hotspot\share\interpreter\linkResolver.cpp, line 759]
Event: 3.972 Thread 0x00000193905c9a20 Exception <a 'java/lang/NoSuchMethodError'{0x0000000085dfd0e0}: 'java.lang.Object java.lang.invoke.DirectMethodHandle$Holder.invokeVirtual(java.lang.Object, java.lang.Object, java.lang.Object, java.lang.Object, java.lang.Object)'> (0x0000000085dfd0e0) 
thrown [s\open\src\hotspot\share\interpreter\linkResolver.cpp, line 759]
Event: 3.974 Thread 0x00000193905c9a20 Exception <a 'java/lang/NoSuchMethodError'{0x0000000085c44e88}: 'java.lang.Object java.lang.invoke.DirectMethodHandle$Holder.invokeVirtual(java.lang.Object, java.lang.Object, long)'> (0x0000000085c44e88) 
thrown [s\open\src\hotspot\share\interpreter\linkResolver.cpp, line 759]
Event: 4.277 Thread 0x00000193905c9a20 Implicit null exception at 0x000001939fb02d31 to 0x000001939fb04100
Event: 4.277 Thread 0x00000193905c9a20 Implicit null exception at 0x000001939fad47a0 to 0x000001939fad4f12

VM Operations (20 events):
Event: 3.681 Executing VM operation: G1CollectForAllocation done
Event: 3.894 Executing VM operation: G1CollectForAllocation
Event: 3.899 Executing VM operation: G1CollectForAllocation done
Event: 4.034 Executing VM operation: G1CollectForAllocation
Event: 4.038 Executing VM operation: G1CollectForAllocation done
Event: 4.081 Executing VM operation: HandshakeAllThreads
Event: 4.082 Executing VM operation: HandshakeAllThreads done
Event: 4.082 Executing VM operation: G1Concurrent
Event: 4.087 Executing VM operation: G1Concurrent done
Event: 4.107 Executing VM operation: G1Concurrent
Event: 4.108 Executing VM operation: G1Concurrent done
Event: 4.172 Executing VM operation: HandshakeAllThreads
Event: 4.186 Executing VM operation: HandshakeAllThreads done
Event: 4.221 Executing VM operation: HandshakeAllThreads
Event: 4.221 Executing VM operation: HandshakeAllThreads done
Event: 4.249 Executing VM operation: G1CollectForAllocation
Event: 4.255 Executing VM operation: G1CollectForAllocation done
Event: 4.363 Executing VM operation: ICBufferFull
Event: 4.363 Executing VM operation: ICBufferFull done
Event: 4.375 Executing VM operation: G1CollectForAllocation

Events (20 events):
Event: 4.228 Thread 0x00000193aded25a0 flushing nmethod 0x0000019398ffe790
Event: 4.228 Thread 0x00000193aded25a0 flushing nmethod 0x0000019399005490
Event: 4.228 Thread 0x00000193aded25a0 flushing nmethod 0x0000019399013990
Event: 4.228 Thread 0x00000193aded25a0 flushing nmethod 0x0000019399019210
Event: 4.228 Thread 0x00000193aded25a0 flushing nmethod 0x0000019399019590
Event: 4.228 Thread 0x00000193aded25a0 flushing nmethod 0x000001939906e210
Event: 4.228 Thread 0x00000193aded25a0 flushing nmethod 0x000001939907fb10
Event: 4.228 Thread 0x00000193aded25a0 flushing nmethod 0x00000193990e8a90
Event: 4.228 Thread 0x00000193aded25a0 flushing nmethod 0x00000193990e9310
Event: 4.228 Thread 0x00000193aded25a0 flushing nmethod 0x00000193990eba90
Event: 4.228 Thread 0x00000193aded25a0 flushing nmethod 0x000001939911c190
Event: 4.228 Thread 0x00000193aded25a0 flushing nmethod 0x000001939911d590
Event: 4.228 Thread 0x00000193aded25a0 flushing nmethod 0x000001939911e710
Event: 4.228 Thread 0x00000193aded25a0 flushing nmethod 0x0000019399120190
Event: 4.228 Thread 0x00000193aded25a0 flushing nmethod 0x0000019399121f90
Event: 4.228 Thread 0x00000193aded25a0 flushing nmethod 0x0000019399122390
Event: 4.228 Thread 0x00000193aded25a0 flushing nmethod 0x000001939912cd10
Event: 4.228 Thread 0x00000193aded25a0 flushing nmethod 0x0000019399130e90
Event: 4.228 Thread 0x00000193aded25a0 flushing nmethod 0x000001939913c290
Event: 4.228 Thread 0x00000193aded25a0 flushing nmethod 0x000001939913dc90


Dynamic libraries:
0x00007ff7728b0000 - 0x00007ff7728c0000 	D:\jdk\bin\java.exe
0x00007ffe11ad0000 - 0x00007ffe11cc8000 	C:\WINDOWS\SYSTEM32\ntdll.dll
0x00007ffe11410000 - 0x00007ffe114cd000 	C:\WINDOWS\System32\KERNEL32.DLL
0x00007ffe0f490000 - 0x00007ffe0f762000 	C:\WINDOWS\System32\KERNELBASE.dll
0x00007ffe0f900000 - 0x00007ffe0fa00000 	C:\WINDOWS\System32\ucrtbase.dll
0x00007ffdcc310000 - 0x00007ffdcc32a000 	D:\jdk\bin\VCRUNTIME140.dll
0x00007ffdc76d0000 - 0x00007ffdc76e8000 	D:\jdk\bin\jli.dll
0x00007ffe114d0000 - 0x00007ffe1157e000 	C:\WINDOWS\System32\ADVAPI32.dll
0x00007ffe10bf0000 - 0x00007ffe10c8e000 	C:\WINDOWS\System32\msvcrt.dll
0x00007ffe119c0000 - 0x00007ffe11a5c000 	C:\WINDOWS\System32\sechost.dll
0x00007ffe10cf0000 - 0x00007ffe10e15000 	C:\WINDOWS\System32\RPCRT4.dll
0x00007ffe10a50000 - 0x00007ffe10bed000 	C:\WINDOWS\System32\USER32.dll
0x00007ffe0fa00000 - 0x00007ffe0fa22000 	C:\WINDOWS\System32\win32u.dll
0x00007ffe00c50000 - 0x00007ffe00eea000 	C:\WINDOWS\WinSxS\amd64_microsoft.windows.common-controls_6595b64144ccf1df_6.0.19041.1110_none_60b5254171f9507e\COMCTL32.dll
0x00007ffe0ffd0000 - 0x00007ffe0fffb000 	C:\WINDOWS\System32\GDI32.dll
0x00007ffe0f2d0000 - 0x00007ffe0f3df000 	C:\WINDOWS\System32\gdi32full.dll
0x00007ffe0f1e0000 - 0x00007ffe0f27d000 	C:\WINDOWS\System32\msvcp_win.dll
0x00007ffe0df70000 - 0x00007ffe0df7a000 	C:\WINDOWS\SYSTEM32\VERSION.dll
0x00007ffe11a60000 - 0x00007ffe11a90000 	C:\WINDOWS\System32\IMM32.DLL
0x00007ffdfeba0000 - 0x00007ffdfebac000 	D:\jdk\bin\vcruntime140_1.dll
0x00007ffd732a0000 - 0x00007ffd7332d000 	D:\jdk\bin\msvcp140.dll
0x00007ffd70a40000 - 0x00007ffd71651000 	D:\jdk\bin\server\jvm.dll
0x00007ffe0fb30000 - 0x00007ffe0fb38000 	C:\WINDOWS\System32\PSAPI.DLL
0x00007ffe005b0000 - 0x00007ffe005d7000 	C:\WINDOWS\SYSTEM32\WINMM.dll
0x00007ffdfaec0000 - 0x00007ffdfaec9000 	C:\WINDOWS\SYSTEM32\WSOCK32.dll
0x00007ffe109e0000 - 0x00007ffe10a4b000 	C:\WINDOWS\System32\WS2_32.dll
0x00007ffe0df30000 - 0x00007ffe0df42000 	C:\WINDOWS\SYSTEM32\kernel.appcore.dll
0x00007ffdf47f0000 - 0x00007ffdf47fa000 	D:\jdk\bin\jimage.dll
0x00007ffe09b60000 - 0x00007ffe09d44000 	C:\WINDOWS\SYSTEM32\DBGHELP.DLL
0x00007ffe09b00000 - 0x00007ffe09b2c000 	C:\WINDOWS\SYSTEM32\dbgcore.DLL
0x00007ffe0fa30000 - 0x00007ffe0fab2000 	C:\WINDOWS\System32\bcryptPrimitives.dll
0x00007ffe07870000 - 0x00007ffe0787e000 	D:\jdk\bin\instrument.dll
0x00007ffdc7670000 - 0x00007ffdc7695000 	D:\jdk\bin\java.dll
0x00007ffd731c0000 - 0x00007ffd73296000 	D:\jdk\bin\jsvml.dll
0x00007ffe10250000 - 0x00007ffe10993000 	C:\WINDOWS\System32\SHELL32.dll
0x00007ffe0d0f0000 - 0x00007ffe0d881000 	C:\WINDOWS\SYSTEM32\windows.storage.dll
0x00007ffe0fb40000 - 0x00007ffe0fe94000 	C:\WINDOWS\System32\combase.dll
0x00007ffe0eb60000 - 0x00007ffe0eb90000 	C:\WINDOWS\SYSTEM32\Wldp.dll
0x00007ffe11690000 - 0x00007ffe1173d000 	C:\WINDOWS\System32\SHCORE.dll
0x00007ffe113b0000 - 0x00007ffe11405000 	C:\WINDOWS\System32\shlwapi.dll
0x00007ffe0f120000 - 0x00007ffe0f13f000 	C:\WINDOWS\SYSTEM32\profapi.dll
0x00007ffdb0140000 - 0x00007ffdb0158000 	D:\jdk\bin\zip.dll
0x00007ffdc76b0000 - 0x00007ffdc76c3000 	D:\jdk\bin\net.dll
0x00007ffe08110000 - 0x00007ffe0821d000 	C:\WINDOWS\SYSTEM32\WINHTTP.dll
0x00007ffe0e8c0000 - 0x00007ffe0e92a000 	C:\WINDOWS\system32\mswsock.dll
0x00007ffdb0160000 - 0x00007ffdb0176000 	D:\jdk\bin\nio.dll
0x00007ffe077d0000 - 0x00007ffe077ea000 	D:\IntelliJ IDEA 2022.2\bin\breakgen64.dll
0x0000000069ac0000 - 0x0000000069ae4000 	C:\Users\admin\AppData\Local\Temp\jansi-2.4.0-b56f5d9957aae4e-jansi.dll
0x00007ffde5370000 - 0x00007ffde5380000 	D:\jdk\bin\verify.dll

dbghelp: loaded successfully - version: 4.0.5 - missing functions: none
symbol engine: initialized successfully - sym options: 0x614 - pdb path: .;D:\jdk\bin;C:\WINDOWS\SYSTEM32;C:\WINDOWS\WinSxS\amd64_microsoft.windows.common-controls_6595b64144ccf1df_6.0.19041.1110_none_60b5254171f9507e;D:\jdk\bin\server;D:\IntelliJ IDEA 2022.2\bin;C:\Users\admin\AppData\Local\Temp

VM Arguments:
jvm_args: -Dmaven.multiModuleProjectDirectory=E:\sgwProject\jingsai -Dmaven.home=D:\maven\apache-maven-3.8.6 -Dclassworlds.conf=D:\maven\apache-maven-3.8.6\bin\m2.conf -Dmaven.ext.class.path=D:\IntelliJ IDEA 2022.2\plugins\maven\lib\maven-event-listener.jar -javaagent:D:\IntelliJ IDEA 2022.2\lib\idea_rt.jar=55990:D:\IntelliJ IDEA 2022.2\bin -Dfile.encoding=UTF-8 
java_command: org.codehaus.classworlds.Launcher -Didea.version=2022.2 install
java_class_path (initial): D:\maven\apache-maven-3.8.6\boot\plexus-classworlds-2.6.0.jar;D:\maven\apache-maven-3.8.6\boot\plexus-classworlds.license
Launcher Type: SUN_STANDARD

[Global flags]
     intx CICompilerCount                          = 3                                         {product} {ergonomic}
     uint ConcGCThreads                            = 1                                         {product} {ergonomic}
     uint G1ConcRefinementThreads                  = 4                                         {product} {ergonomic}
   size_t G1HeapRegionSize                         = 1048576                                   {product} {ergonomic}
    uintx GCDrainStackTargetSize                   = 64                                        {product} {ergonomic}
   size_t InitialHeapSize                          = 134217728                                 {product} {ergonomic}
   size_t MarkStackSize                            = 4194304                                   {product} {ergonomic}
   size_t MaxHeapSize                              = 2122317824                                {product} {ergonomic}
   size_t MaxNewSize                               = 1272971264                                {product} {ergonomic}
   size_t MinHeapDeltaBytes                        = 1048576                                   {product} {ergonomic}
   size_t MinHeapSize                              = 8388608                                   {product} {ergonomic}
    uintx NonNMethodCodeHeapSize                   = 5832780                                {pd product} {ergonomic}
    uintx NonProfiledCodeHeapSize                  = 122912730                              {pd product} {ergonomic}
    uintx ProfiledCodeHeapSize                     = 122912730                              {pd product} {ergonomic}
    uintx ReservedCodeCacheSize                    = 251658240                              {pd product} {ergonomic}
     bool SegmentedCodeCache                       = true                                      {product} {ergonomic}
   size_t SoftMaxHeapSize                          = 2122317824                             {manageable} {ergonomic}
     bool UseCompressedClassPointers               = true                           {product lp64_product} {ergonomic}
     bool UseCompressedOops                        = true                           {product lp64_product} {ergonomic}
     bool UseG1GC                                  = true                                      {product} {ergonomic}
     bool UseLargePagesIndividualAllocation        = false                                  {pd product} {ergonomic}

Logging:
Log output configuration:
 #0: stdout all=warning uptime,level,tags foldmultilines=false
 #1: stderr all=off uptime,level,tags foldmultilines=false

Environment Variables:
PATH=C:\GeneralData\GBase\Server\bin;D:\oracle\bin;D:\oracle\WINDOWS.X64_193000_db_home\bin;C:\Program Files\Common Files\Oracle\Java\javapath;C:\Program Files (x86)\Intel\iCLS Client\;C:\Program Files\Intel\iCLS Client\;C:\WINDOWS\system32;C:\WINDOWS;C:\WINDOWS\System32\Wbem;C:\WINDOWS\System32\WindowsPowerShell\v1.0\;C:\Program Files (x86)\Intel\Intel(R) Management Engine Components\DAL;C:\Program Files\Intel\Intel(R) Management Engine Components\DAL;C:\Program Files (x86)\Intel\Intel(R) Management Engine Components\IPT;C:\Program Files\Intel\Intel(R) Management Engine Components\IPT;C:\WINDOWS\System32\OpenSSH\;C:\Program Files\dotnet\;C:\Program Files (x86)\NetSarang\Xshell 7\;C:\Program Files\Git\cmd;C:\Users\admin\AppData\Local\Microsoft\WindowsApps;D:\maven\apache-maven-3.8.6\bin;
USERNAME=admin
OS=Windows_NT
PROCESSOR_IDENTIFIER=Intel64 Family 6 Model 158 Stepping 9, GenuineIntel



---------------  S Y S T E M  ---------------

OS:
 Windows 10 , 64 bit Build 19041 (10.0.19041.1889)
OS uptime: 0 days 12:25 hours

CPU: total 4 (initial active 4) (4 cores per cpu, 1 threads per core) family 6 model 158 stepping 9 microcode 0xb4, cx8, cmov, fxsr, mmx, 3dnowpref, sse, sse2, sse3, ssse3, sse4.1, sse4.2, popcnt, lzcnt, tsc, tscinvbit, avx, avx2, aes, erms, clmul, bmi1, bmi2, rtm, adx, fma, vzeroupper, clflush, clflushopt

Memory: 4k page, system-wide physical 8088M (941M free)
TotalPageFile size 12184M (AvailPageFile size 33M)
current process WorkingSet (physical memory assigned to process): 230M, peak: 237M
current process commit charge ("private bytes"): 254M, peak: 289M

vm_info: Java HotSpot(TM) 64-Bit Server VM (18.0.2+9-61) for windows-amd64 JRE (18.0.2+9-61), built on Jun  7 2022 13:09:01 by "mach5one" with MS VC++ 16.8 / 16.9 (VS2019)

END.
