#
# There is insufficient memory for the Java Runtime Environment to continue.
# Native memory allocation (malloc) failed to allocate 2313888 bytes for Chunk::new
# Possible reasons:
#   The system is out of physical RAM or swap space
#   The process is running with CompressedOops enabled, and the Java Heap may be blocking the growth of the native heap
# Possible solutions:
#   Reduce memory load on the system
#   Increase physical memory or swap space
#   Check if swap backing store is full
#   Decrease Java heap size (-Xmx/-Xms)
#   Decrease number of Java threads
#   Decrease Java thread stack sizes (-Xss)
#   Set larger code cache with -XX:ReservedCodeCacheSize=
#   JVM is running with Unscaled Compressed Oops mode in which the Java heap is
#     placed in the first 4GB address space. The Java Heap base address is the
#     maximum limit for the native heap growth. Please use -XX:HeapBaseMinAddress
#     to set the Java Heap base and to place the Java Heap above 4GB virtual address.
# This output file may be truncated or incomplete.
#
#  Out of Memory Error (arena.cpp:184), pid=1312, tid=12520
#
# JRE version: Java(TM) SE Runtime Environment (18.0.2+9) (build 18.0.2+9-61)
# Java VM: Java HotSpot(TM) 64-Bit Server VM (18.0.2+9-61, mixed mode, sharing, tiered, compressed oops, compressed class ptrs, g1 gc, windows-amd64)
# No core dump will be written. Minidumps are not enabled by default on client versions of Windows
#

---------------  S U M M A R Y ------------

Command Line: -Dmaven.multiModuleProjectDirectory=E:\sgwProject\jingsai -Dmaven.home=D:\maven\apache-maven-3.8.6 -Dclassworlds.conf=D:\maven\apache-maven-3.8.6\bin\m2.conf -Dmaven.ext.class.path=D:\IntelliJ IDEA 2022.2\plugins\maven\lib\maven-event-listener.jar -javaagent:D:\IntelliJ IDEA 2022.2\lib\idea_rt.jar=60039:D:\IntelliJ IDEA 2022.2\bin -Dfile.encoding=UTF-8 org.codehaus.classworlds.Launcher -Didea.version=2022.2 install

Host: Intel(R) Core(TM) i5-7500 CPU @ 3.40GHz, 4 cores, 7G,  Windows 10 , 64 bit Build 19041 (10.0.19041.1889)
Time: Wed Oct 19 23:40:26 2022  Windows 10 , 64 bit Build 19041 (10.0.19041.1889) elapsed time: 4.185669 seconds (0d 0h 0m 4s)

---------------  T H R E A D  ---------------

Current thread (0x0000018737aa5b50):  JavaThread "C2 CompilerThread1" daemon [_thread_in_native, id=12520, stack(0x000000400bc00000,0x000000400bd00000)]


Current CompileTask:
C2:   4185 5882       4       com.sun.tools.javac.code.Symbol$ClassSymbol::flags (9 bytes)

Stack: [0x000000400bc00000,0x000000400bd00000]
Native frames: (J=compiled Java code, j=interpreted, Vv=VM code, C=native code)
V  [jvm.dll+0x6993ca]
V  [jvm.dll+0x7f481d]
V  [jvm.dll+0x7f612e]
V  [jvm.dll+0x7f67e3]
V  [jvm.dll+0x25cdaf]
V  [jvm.dll+0xb8c2f]
V  [jvm.dll+0xb8fa5]
V  [jvm.dll+0x3860cb]
V  [jvm.dll+0x34fd01]
V  [jvm.dll+0x34f19a]
V  [jvm.dll+0x22ff51]
V  [jvm.dll+0x22f321]
V  [jvm.dll+0x1ba01c]
V  [jvm.dll+0x23ec9a]
V  [jvm.dll+0x23cf85]
V  [jvm.dll+0x7a6e21]
V  [jvm.dll+0x7a125a]
V  [jvm.dll+0x698275]
C  [ucrtbase.dll+0x21bb2]
C  [KERNEL32.DLL+0x17034]
C  [ntdll.dll+0x526a1]


---------------  P R O C E S S  ---------------

Threads class SMR info:
_java_thread_list=0x000001873c2b54b0, length=14, elements={
0x000001871a1906d0, 0x0000018737a7c800, 0x0000018737a814c0, 0x0000018737a9b1b0,
0x0000018737a9ca70, 0x0000018737a9d320, 0x0000018737a9dd10, 0x0000018737aa1600,
0x0000018737aa4710, 0x0000018737ac7610, 0x000001871a25bfc0, 0x000001873bd1a000,
0x000001873bd1a4c0, 0x0000018737aa5b50
}

Java Threads: ( => current thread )
  0x000001871a1906d0 JavaThread "main" [_thread_in_native, id=7320, stack(0x000000400a400000,0x000000400a500000)]
  0x0000018737a7c800 JavaThread "Reference Handler" daemon [_thread_blocked, id=15292, stack(0x000000400ab00000,0x000000400ac00000)]
  0x0000018737a814c0 JavaThread "Finalizer" daemon [_thread_blocked, id=4364, stack(0x000000400ac00000,0x000000400ad00000)]
  0x0000018737a9b1b0 JavaThread "Signal Dispatcher" daemon [_thread_blocked, id=6340, stack(0x000000400ad00000,0x000000400ae00000)]
  0x0000018737a9ca70 JavaThread "Attach Listener" daemon [_thread_blocked, id=15084, stack(0x000000400ae00000,0x000000400af00000)]
  0x0000018737a9d320 JavaThread "Service Thread" daemon [_thread_blocked, id=11784, stack(0x000000400af00000,0x000000400b000000)]
  0x0000018737a9dd10 JavaThread "Monitor Deflation Thread" daemon [_thread_blocked, id=14704, stack(0x000000400b000000,0x000000400b100000)]
  0x0000018737aa1600 JavaThread "C2 CompilerThread0" daemon [_thread_blocked, id=14660, stack(0x000000400b100000,0x000000400b200000)]
  0x0000018737aa4710 JavaThread "C1 CompilerThread0" daemon [_thread_blocked, id=10228, stack(0x000000400b200000,0x000000400b300000)]
  0x0000018737ac7610 JavaThread "Sweeper thread" daemon [_thread_blocked, id=3348, stack(0x000000400b300000,0x000000400b400000)]
  0x000001871a25bfc0 JavaThread "Common-Cleaner" daemon [_thread_blocked, id=3184, stack(0x000000400b400000,0x000000400b500000)]
  0x000001873bd1a000 JavaThread "Monitor Ctrl-Break" daemon [_thread_in_native, id=9336, stack(0x000000400b500000,0x000000400b600000)]
  0x000001873bd1a4c0 JavaThread "Notification Thread" daemon [_thread_blocked, id=8652, stack(0x000000400b600000,0x000000400b700000)]
=>0x0000018737aa5b50 JavaThread "C2 CompilerThread1" daemon [_thread_in_native, id=12520, stack(0x000000400bc00000,0x000000400bd00000)]

Other Threads:
  0x000001871a211530 VMThread "VM Thread" [stack: 0x000000400aa00000,0x000000400ab00000] [id=8852]
  0x000001873bd73ac0 WatcherThread "VM Periodic Task Thread" [stack: 0x000000400b700000,0x000000400b800000] [id=14988]
  0x000001871a1ef4d0 WorkerThread "GC Thread#0" [stack: 0x000000400a500000,0x000000400a600000] [id=14288]
  0x000001873c25a420 WorkerThread "GC Thread#1" [stack: 0x000000400b800000,0x000000400b900000] [id=5428]
  0x000001873bd93cb0 WorkerThread "GC Thread#2" [stack: 0x000000400b900000,0x000000400ba00000] [id=14568]
  0x000001873c1eab80 WorkerThread "GC Thread#3" [stack: 0x000000400ba00000,0x000000400bb00000] [id=13652]
  0x000001871a201020 ConcurrentGCThread "G1 Main Marker" [stack: 0x000000400a600000,0x000000400a700000] [id=10268]
  0x000001871a2020c0 WorkerThread "G1 Conc#0" [stack: 0x000000400a700000,0x000000400a800000] [id=14464]
  0x000001871a2424e0 ConcurrentGCThread "G1 Refine#0" [stack: 0x000000400a800000,0x000000400a900000] [id=15144]
  0x000001873c273ac0 ConcurrentGCThread "G1 Refine#1" [stack: 0x000000400bb00000,0x000000400bc00000] [id=12460]
  0x000001871a242d00 ConcurrentGCThread "G1 Service" [stack: 0x000000400a900000,0x000000400aa00000] [id=14248]

Threads with active compile tasks:
C2 CompilerThread1     4205 5882       4       com.sun.tools.javac.code.Symbol$ClassSymbol::flags (9 bytes)

VM state: not at safepoint (normal execution)

VM Mutex/Monitor currently owned by a thread: None

Heap address: 0x0000000081800000, size: 2024 MB, Compressed Oops mode: 32-bit

CDS archive(s) mapped at: [0x0000000800000000-0x0000000800ba0000-0x0000000800ba0000), size 12189696, SharedBaseAddress: 0x0000000800000000, ArchiveRelocationMode: 0.
Compressed class space mapped at: 0x0000000800c00000-0x0000000840c00000, reserved size: 1073741824
Narrow klass base: 0x0000000800000000, Narrow klass shift: 0, Narrow klass range: 0x100000000

GC Precious Log:
 CardTable entry size: 512
 Card Set container configuration: InlinePtr #cards 5 size 8 Array Of Cards #cards 12 size 40 Howl #buckets 4 coarsen threshold 1843 Howl Bitmap #cards 512 size 80 coarsen threshold 460 Card regions per heap region 1 cards per card region 2048
 CPUs: 4 total, 4 available
 Memory: 8088M
 Large Page Support: Disabled
 NUMA Support: Disabled
 Compressed Oops: Enabled (32-bit)
 Heap Region Size: 1M
 Heap Min Capacity: 8M
 Heap Initial Capacity: 128M
 Heap Max Capacity: 2024M
 Pre-touch: Disabled
 Parallel Workers: 4
 Concurrent Workers: 1
 Concurrent Refinement Workers: 4
 Periodic GC: Disabled

Heap:
 garbage-first heap   total 142336K, used 50661K [0x0000000081800000, 0x0000000100000000)
  region size 1024K, 20 young (20480K), 3 survivors (3072K)
 Metaspace       used 25119K, committed 25472K, reserved 1114112K
  class space    used 2679K, committed 2880K, reserved 1048576K

Heap Regions: E=young(eden), S=young(survivor), O=old, HS=humongous(starts), HC=humongous(continues), CS=collection set, F=free, OA=open archive, CA=closed archive, TAMS=top-at-mark-start (previous, next)
|   0|0x0000000081800000, 0x0000000081900000, 0x0000000081900000|100%| O|  |TAMS 0x0000000081900000, 0x0000000081800000| Untracked 
|   1|0x0000000081900000, 0x0000000081a00000, 0x0000000081a00000|100%| O|  |TAMS 0x0000000081a00000, 0x0000000081900000| Untracked 
|   2|0x0000000081a00000, 0x0000000081b00000, 0x0000000081b00000|100%| O|  |TAMS 0x0000000081b00000, 0x0000000081a00000| Untracked 
|   3|0x0000000081b00000, 0x0000000081c00000, 0x0000000081c00000|100%| O|  |TAMS 0x0000000081c00000, 0x0000000081b00000| Untracked 
|   4|0x0000000081c00000, 0x0000000081d00000, 0x0000000081d00000|100%| O|  |TAMS 0x0000000081c00000, 0x0000000081c00000| Untracked 
|   5|0x0000000081d00000, 0x0000000081e00000, 0x0000000081e00000|100%| O|  |TAMS 0x0000000081d00000, 0x0000000081d00000| Untracked 
|   6|0x0000000081e00000, 0x0000000081f00000, 0x0000000081f00000|100%| O|  |TAMS 0x0000000081e00000, 0x0000000081e00000| Untracked 
|   7|0x0000000081f00000, 0x0000000082000000, 0x0000000082000000|100%| O|  |TAMS 0x0000000081f00000, 0x0000000081f00000| Untracked 
|   8|0x0000000082000000, 0x0000000082100000, 0x0000000082100000|100%| O|  |TAMS 0x0000000082000000, 0x0000000082000000| Untracked 
|   9|0x0000000082100000, 0x0000000082200000, 0x0000000082200000|100%| O|  |TAMS 0x0000000082100000, 0x0000000082100000| Untracked 
|  10|0x0000000082200000, 0x0000000082300000, 0x0000000082300000|100%| O|  |TAMS 0x0000000082200000, 0x0000000082200000| Untracked 
|  11|0x0000000082300000, 0x0000000082400000, 0x0000000082400000|100%| O|  |TAMS 0x0000000082300000, 0x0000000082300000| Untracked 
|  12|0x0000000082400000, 0x0000000082500000, 0x0000000082500000|100%| O|  |TAMS 0x0000000082400000, 0x0000000082400000| Untracked 
|  13|0x0000000082500000, 0x0000000082579400, 0x0000000082600000| 47%| O|  |TAMS 0x0000000082500000, 0x0000000082500000| Untracked 
|  14|0x0000000082600000, 0x0000000082700000, 0x0000000082700000|100%|HS|  |TAMS 0x0000000082600000, 0x0000000082600000| Complete 
|  15|0x0000000082700000, 0x0000000082700000, 0x0000000082800000|  0%| F|  |TAMS 0x0000000082700000, 0x0000000082700000| Untracked 
|  16|0x0000000082800000, 0x0000000082800000, 0x0000000082900000|  0%| F|  |TAMS 0x0000000082800000, 0x0000000082800000| Untracked 
|  17|0x0000000082900000, 0x0000000082900000, 0x0000000082a00000|  0%| F|  |TAMS 0x0000000082900000, 0x0000000082900000| Untracked 
|  18|0x0000000082a00000, 0x0000000082b00000, 0x0000000082b00000|100%| O|  |TAMS 0x0000000082a00000, 0x0000000082a00000| Untracked 
|  19|0x0000000082b00000, 0x0000000082c00000, 0x0000000082c00000|100%| O|  |TAMS 0x0000000082b00000, 0x0000000082b00000| Untracked 
|  20|0x0000000082c00000, 0x0000000082d00000, 0x0000000082d00000|100%| O|  |TAMS 0x0000000082c00000, 0x0000000082c00000| Untracked 
|  21|0x0000000082d00000, 0x0000000082e00000, 0x0000000082e00000|100%| O|  |TAMS 0x0000000082d00000, 0x0000000082d00000| Untracked 
|  22|0x0000000082e00000, 0x0000000082f00000, 0x0000000082f00000|100%| O|  |TAMS 0x0000000082e00000, 0x0000000082e00000| Untracked 
|  23|0x0000000082f00000, 0x0000000082f00000, 0x0000000083000000|  0%| F|  |TAMS 0x0000000082f00000, 0x0000000082f00000| Untracked 
|  24|0x0000000083000000, 0x0000000083000000, 0x0000000083100000|  0%| F|  |TAMS 0x0000000083000000, 0x0000000083000000| Untracked 
|  25|0x0000000083100000, 0x0000000083100000, 0x0000000083200000|  0%| F|  |TAMS 0x0000000083100000, 0x0000000083100000| Untracked 
|  26|0x0000000083200000, 0x0000000083200000, 0x0000000083300000|  0%| F|  |TAMS 0x0000000083200000, 0x0000000083200000| Untracked 
|  27|0x0000000083300000, 0x0000000083300000, 0x0000000083400000|  0%| F|  |TAMS 0x0000000083300000, 0x0000000083300000| Untracked 
|  28|0x0000000083400000, 0x0000000083400000, 0x0000000083500000|  0%| F|  |TAMS 0x0000000083400000, 0x0000000083400000| Untracked 
|  29|0x0000000083500000, 0x0000000083500000, 0x0000000083600000|  0%| F|  |TAMS 0x0000000083500000, 0x0000000083500000| Untracked 
|  30|0x0000000083600000, 0x0000000083600000, 0x0000000083700000|  0%| F|  |TAMS 0x0000000083600000, 0x0000000083600000| Untracked 
|  31|0x0000000083700000, 0x0000000083700000, 0x0000000083800000|  0%| F|  |TAMS 0x0000000083700000, 0x0000000083700000| Untracked 
|  32|0x0000000083800000, 0x0000000083800000, 0x0000000083900000|  0%| F|  |TAMS 0x0000000083800000, 0x0000000083800000| Untracked 
|  33|0x0000000083900000, 0x0000000083a00000, 0x0000000083a00000|100%| S|CS|TAMS 0x0000000083900000, 0x0000000083900000| Complete 
|  34|0x0000000083a00000, 0x0000000083b00000, 0x0000000083b00000|100%| S|CS|TAMS 0x0000000083a00000, 0x0000000083a00000| Complete 
|  35|0x0000000083b00000, 0x0000000083c00000, 0x0000000083c00000|100%| S|CS|TAMS 0x0000000083b00000, 0x0000000083b00000| Complete 
|  36|0x0000000083c00000, 0x0000000083d00000, 0x0000000083d00000|100%| O|  |TAMS 0x0000000083d00000, 0x0000000083c00000| Untracked 
|  37|0x0000000083d00000, 0x0000000083e00000, 0x0000000083e00000|100%| O|  |TAMS 0x0000000083e00000, 0x0000000083d00000| Untracked 
|  38|0x0000000083e00000, 0x0000000083f00000, 0x0000000083f00000|100%| O|  |TAMS 0x0000000083f00000, 0x0000000083e00000| Untracked 
|  39|0x0000000083f00000, 0x0000000084000000, 0x0000000084000000|100%| O|  |TAMS 0x0000000084000000, 0x0000000083f00000| Untracked 
|  40|0x0000000084000000, 0x0000000084100000, 0x0000000084100000|100%| O|  |TAMS 0x0000000084100000, 0x0000000084000000| Untracked 
|  41|0x0000000084100000, 0x0000000084200000, 0x0000000084200000|100%| O|  |TAMS 0x0000000084200000, 0x0000000084100000| Untracked 
|  42|0x0000000084200000, 0x0000000084300000, 0x0000000084300000|100%| O|  |TAMS 0x0000000084300000, 0x0000000084200000| Untracked 
|  43|0x0000000084300000, 0x0000000084300000, 0x0000000084400000|  0%| F|  |TAMS 0x0000000084300000, 0x0000000084300000| Untracked 
|  44|0x0000000084400000, 0x0000000084400000, 0x0000000084500000|  0%| F|  |TAMS 0x0000000084400000, 0x0000000084400000| Untracked 
|  45|0x0000000084500000, 0x0000000084500000, 0x0000000084600000|  0%| F|  |TAMS 0x0000000084500000, 0x0000000084500000| Untracked 
|  46|0x0000000084600000, 0x0000000084600000, 0x0000000084700000|  0%| F|  |TAMS 0x0000000084600000, 0x0000000084600000| Untracked 
|  47|0x0000000084700000, 0x0000000084700000, 0x0000000084800000|  0%| F|  |TAMS 0x0000000084700000, 0x0000000084700000| Untracked 
|  48|0x0000000084800000, 0x0000000084800000, 0x0000000084900000|  0%| F|  |TAMS 0x0000000084800000, 0x0000000084800000| Untracked 
|  49|0x0000000084900000, 0x0000000084900000, 0x0000000084a00000|  0%| F|  |TAMS 0x0000000084900000, 0x0000000084900000| Untracked 
|  50|0x0000000084a00000, 0x0000000084a00000, 0x0000000084b00000|  0%| F|  |TAMS 0x0000000084a00000, 0x0000000084a00000| Untracked 
|  51|0x0000000084b00000, 0x0000000084b00000, 0x0000000084c00000|  0%| F|  |TAMS 0x0000000084b00000, 0x0000000084b00000| Untracked 
|  52|0x0000000084c00000, 0x0000000084c00000, 0x0000000084d00000|  0%| F|  |TAMS 0x0000000084c00000, 0x0000000084c00000| Untracked 
|  53|0x0000000084d00000, 0x0000000084d00000, 0x0000000084e00000|  0%| F|  |TAMS 0x0000000084d00000, 0x0000000084d00000| Untracked 
|  54|0x0000000084e00000, 0x0000000084e00000, 0x0000000084f00000|  0%| F|  |TAMS 0x0000000084e00000, 0x0000000084e00000| Untracked 
|  55|0x0000000084f00000, 0x0000000084f00000, 0x0000000085000000|  0%| F|  |TAMS 0x0000000084f00000, 0x0000000084f00000| Untracked 
|  56|0x0000000085000000, 0x0000000085000000, 0x0000000085100000|  0%| F|  |TAMS 0x0000000085000000, 0x0000000085000000| Untracked 
|  57|0x0000000085100000, 0x0000000085100000, 0x0000000085200000|  0%| F|  |TAMS 0x0000000085100000, 0x0000000085100000| Untracked 
|  58|0x0000000085200000, 0x0000000085200000, 0x0000000085300000|  0%| F|  |TAMS 0x0000000085200000, 0x0000000085200000| Untracked 
|  59|0x0000000085300000, 0x0000000085300000, 0x0000000085400000|  0%| F|  |TAMS 0x0000000085300000, 0x0000000085300000| Untracked 
|  60|0x0000000085400000, 0x0000000085400000, 0x0000000085500000|  0%| F|  |TAMS 0x0000000085400000, 0x0000000085400000| Untracked 
|  61|0x0000000085500000, 0x0000000085500000, 0x0000000085600000|  0%| F|  |TAMS 0x0000000085500000, 0x0000000085500000| Untracked 
|  62|0x0000000085600000, 0x0000000085600000, 0x0000000085700000|  0%| F|  |TAMS 0x0000000085600000, 0x0000000085600000| Untracked 
|  63|0x0000000085700000, 0x0000000085700000, 0x0000000085800000|  0%| F|  |TAMS 0x0000000085700000, 0x0000000085700000| Untracked 
|  64|0x0000000085800000, 0x0000000085800000, 0x0000000085900000|  0%| F|  |TAMS 0x0000000085800000, 0x0000000085800000| Untracked 
|  65|0x0000000085900000, 0x0000000085900000, 0x0000000085a00000|  0%| F|  |TAMS 0x0000000085900000, 0x0000000085900000| Untracked 
|  66|0x0000000085a00000, 0x0000000085a00000, 0x0000000085b00000|  0%| F|  |TAMS 0x0000000085a00000, 0x0000000085a00000| Untracked 
|  67|0x0000000085b00000, 0x0000000085b00000, 0x0000000085c00000|  0%| F|  |TAMS 0x0000000085b00000, 0x0000000085b00000| Untracked 
|  68|0x0000000085c00000, 0x0000000085c00000, 0x0000000085d00000|  0%| F|  |TAMS 0x0000000085c00000, 0x0000000085c00000| Untracked 
|  69|0x0000000085d00000, 0x0000000085d00000, 0x0000000085e00000|  0%| F|  |TAMS 0x0000000085d00000, 0x0000000085d00000| Untracked 
|  70|0x0000000085e00000, 0x0000000085e00000, 0x0000000085f00000|  0%| F|  |TAMS 0x0000000085e00000, 0x0000000085e00000| Untracked 
|  71|0x0000000085f00000, 0x0000000085f00000, 0x0000000086000000|  0%| F|  |TAMS 0x0000000085f00000, 0x0000000085f00000| Untracked 
|  72|0x0000000086000000, 0x0000000086000000, 0x0000000086100000|  0%| F|  |TAMS 0x0000000086000000, 0x0000000086000000| Untracked 
|  73|0x0000000086100000, 0x0000000086100000, 0x0000000086200000|  0%| F|  |TAMS 0x0000000086100000, 0x0000000086100000| Untracked 
|  74|0x0000000086200000, 0x0000000086200000, 0x0000000086300000|  0%| F|  |TAMS 0x0000000086200000, 0x0000000086200000| Untracked 
|  75|0x0000000086300000, 0x0000000086300000, 0x0000000086400000|  0%| F|  |TAMS 0x0000000086300000, 0x0000000086300000| Untracked 
|  76|0x0000000086400000, 0x0000000086400000, 0x0000000086500000|  0%| F|  |TAMS 0x0000000086400000, 0x0000000086400000| Untracked 
|  77|0x0000000086500000, 0x0000000086500000, 0x0000000086600000|  0%| F|  |TAMS 0x0000000086500000, 0x0000000086500000| Untracked 
|  78|0x0000000086600000, 0x0000000086600000, 0x0000000086700000|  0%| F|  |TAMS 0x0000000086600000, 0x0000000086600000| Untracked 
|  79|0x0000000086700000, 0x0000000086700000, 0x0000000086800000|  0%| F|  |TAMS 0x0000000086700000, 0x0000000086700000| Untracked 
|  80|0x0000000086800000, 0x0000000086800000, 0x0000000086900000|  0%| F|  |TAMS 0x0000000086800000, 0x0000000086800000| Untracked 
|  81|0x0000000086900000, 0x0000000086900000, 0x0000000086a00000|  0%| F|  |TAMS 0x0000000086900000, 0x0000000086900000| Untracked 
|  82|0x0000000086a00000, 0x0000000086a00000, 0x0000000086b00000|  0%| F|  |TAMS 0x0000000086a00000, 0x0000000086a00000| Untracked 
|  83|0x0000000086b00000, 0x0000000086b00000, 0x0000000086c00000|  0%| F|  |TAMS 0x0000000086b00000, 0x0000000086b00000| Untracked 
|  84|0x0000000086c00000, 0x0000000086c00000, 0x0000000086d00000|  0%| F|  |TAMS 0x0000000086c00000, 0x0000000086c00000| Untracked 
|  85|0x0000000086d00000, 0x0000000086d00000, 0x0000000086e00000|  0%| F|  |TAMS 0x0000000086d00000, 0x0000000086d00000| Untracked 
|  86|0x0000000086e00000, 0x0000000086e00000, 0x0000000086f00000|  0%| F|  |TAMS 0x0000000086e00000, 0x0000000086e00000| Untracked 
|  87|0x0000000086f00000, 0x0000000086f00000, 0x0000000087000000|  0%| F|  |TAMS 0x0000000086f00000, 0x0000000086f00000| Untracked 
|  88|0x0000000087000000, 0x0000000087000000, 0x0000000087100000|  0%| F|  |TAMS 0x0000000087000000, 0x0000000087000000| Untracked 
|  89|0x0000000087100000, 0x0000000087100000, 0x0000000087200000|  0%| F|  |TAMS 0x0000000087100000, 0x0000000087100000| Untracked 
|  90|0x0000000087200000, 0x0000000087200000, 0x0000000087300000|  0%| F|  |TAMS 0x0000000087200000, 0x0000000087200000| Untracked 
|  91|0x0000000087300000, 0x0000000087300000, 0x0000000087400000|  0%| F|  |TAMS 0x0000000087300000, 0x0000000087300000| Untracked 
|  92|0x0000000087400000, 0x0000000087400000, 0x0000000087500000|  0%| F|  |TAMS 0x0000000087400000, 0x0000000087400000| Untracked 
|  93|0x0000000087500000, 0x0000000087500000, 0x0000000087600000|  0%| F|  |TAMS 0x0000000087500000, 0x0000000087500000| Untracked 
|  94|0x0000000087600000, 0x0000000087600000, 0x0000000087700000|  0%| F|  |TAMS 0x0000000087600000, 0x0000000087600000| Untracked 
|  95|0x0000000087700000, 0x0000000087700000, 0x0000000087800000|  0%| F|  |TAMS 0x0000000087700000, 0x0000000087700000| Untracked 
|  96|0x0000000087800000, 0x0000000087800000, 0x0000000087900000|  0%| F|  |TAMS 0x0000000087800000, 0x0000000087800000| Untracked 
|  97|0x0000000087900000, 0x0000000087900000, 0x0000000087a00000|  0%| F|  |TAMS 0x0000000087900000, 0x0000000087900000| Untracked 
|  98|0x0000000087a00000, 0x0000000087a00000, 0x0000000087b00000|  0%| F|  |TAMS 0x0000000087a00000, 0x0000000087a00000| Untracked 
|  99|0x0000000087b00000, 0x0000000087b00000, 0x0000000087c00000|  0%| F|  |TAMS 0x0000000087b00000, 0x0000000087b00000| Untracked 
| 100|0x0000000087c00000, 0x0000000087c00000, 0x0000000087d00000|  0%| F|  |TAMS 0x0000000087c00000, 0x0000000087c00000| Untracked 
| 101|0x0000000087d00000, 0x0000000087d00000, 0x0000000087e00000|  0%| F|  |TAMS 0x0000000087d00000, 0x0000000087d00000| Untracked 
| 102|0x0000000087e00000, 0x0000000087e00000, 0x0000000087f00000|  0%| F|  |TAMS 0x0000000087e00000, 0x0000000087e00000| Untracked 
| 103|0x0000000087f00000, 0x0000000087f00000, 0x0000000088000000|  0%| F|  |TAMS 0x0000000087f00000, 0x0000000087f00000| Untracked 
| 104|0x0000000088000000, 0x0000000088000000, 0x0000000088100000|  0%| F|  |TAMS 0x0000000088000000, 0x0000000088000000| Untracked 
| 105|0x0000000088100000, 0x0000000088100000, 0x0000000088200000|  0%| F|  |TAMS 0x0000000088100000, 0x0000000088100000| Untracked 
| 106|0x0000000088200000, 0x0000000088200000, 0x0000000088300000|  0%| F|  |TAMS 0x0000000088200000, 0x0000000088200000| Untracked 
| 107|0x0000000088300000, 0x0000000088300000, 0x0000000088400000|  0%| F|  |TAMS 0x0000000088300000, 0x0000000088300000| Untracked 
| 108|0x0000000088400000, 0x0000000088400000, 0x0000000088500000|  0%| F|  |TAMS 0x0000000088400000, 0x0000000088400000| Untracked 
| 109|0x0000000088500000, 0x0000000088500000, 0x0000000088600000|  0%| F|  |TAMS 0x0000000088500000, 0x0000000088500000| Untracked 
| 110|0x0000000088600000, 0x0000000088600000, 0x0000000088700000|  0%| F|  |TAMS 0x0000000088600000, 0x0000000088600000| Untracked 
| 111|0x0000000088700000, 0x0000000088700000, 0x0000000088800000|  0%| F|  |TAMS 0x0000000088700000, 0x0000000088700000| Untracked 
| 112|0x0000000088800000, 0x0000000088800000, 0x0000000088900000|  0%| F|  |TAMS 0x0000000088800000, 0x0000000088800000| Untracked 
| 113|0x0000000088900000, 0x0000000088900000, 0x0000000088a00000|  0%| F|  |TAMS 0x0000000088900000, 0x0000000088900000| Untracked 
| 114|0x0000000088a00000, 0x0000000088a00000, 0x0000000088b00000|  0%| F|  |TAMS 0x0000000088a00000, 0x0000000088a00000| Untracked 
| 115|0x0000000088b00000, 0x0000000088b00000, 0x0000000088c00000|  0%| F|  |TAMS 0x0000000088b00000, 0x0000000088b00000| Untracked 
| 116|0x0000000088c00000, 0x0000000088c00000, 0x0000000088d00000|  0%| F|  |TAMS 0x0000000088c00000, 0x0000000088c00000| Untracked 
| 117|0x0000000088d00000, 0x0000000088d00000, 0x0000000088e00000|  0%| F|  |TAMS 0x0000000088d00000, 0x0000000088d00000| Untracked 
| 118|0x0000000088e00000, 0x0000000088ef6de0, 0x0000000088f00000| 96%| E|  |TAMS 0x0000000088e00000, 0x0000000088e00000| Complete 
| 119|0x0000000088f00000, 0x0000000089000000, 0x0000000089000000|100%| E|CS|TAMS 0x0000000088f00000, 0x0000000088f00000| Complete 
| 120|0x0000000089000000, 0x0000000089100000, 0x0000000089100000|100%| E|CS|TAMS 0x0000000089000000, 0x0000000089000000| Complete 
| 121|0x0000000089100000, 0x0000000089200000, 0x0000000089200000|100%| E|CS|TAMS 0x0000000089100000, 0x0000000089100000| Complete 
| 122|0x0000000089200000, 0x0000000089300000, 0x0000000089300000|100%| E|CS|TAMS 0x0000000089200000, 0x0000000089200000| Complete 
| 123|0x0000000089300000, 0x0000000089400000, 0x0000000089400000|100%| E|CS|TAMS 0x0000000089300000, 0x0000000089300000| Complete 
| 124|0x0000000089400000, 0x0000000089500000, 0x0000000089500000|100%| E|CS|TAMS 0x0000000089400000, 0x0000000089400000| Complete 
| 125|0x0000000089500000, 0x0000000089600000, 0x0000000089600000|100%| E|CS|TAMS 0x0000000089500000, 0x0000000089500000| Complete 
| 126|0x0000000089600000, 0x0000000089700000, 0x0000000089700000|100%| E|CS|TAMS 0x0000000089600000, 0x0000000089600000| Complete 
| 127|0x0000000089700000, 0x0000000089800000, 0x0000000089800000|100%| E|CS|TAMS 0x0000000089700000, 0x0000000089700000| Complete 
| 128|0x0000000089800000, 0x0000000089900000, 0x0000000089900000|100%| E|CS|TAMS 0x0000000089800000, 0x0000000089800000| Complete 
| 129|0x0000000089900000, 0x0000000089a00000, 0x0000000089a00000|100%| E|CS|TAMS 0x0000000089900000, 0x0000000089900000| Complete 
| 130|0x0000000089a00000, 0x0000000089b00000, 0x0000000089b00000|100%| E|CS|TAMS 0x0000000089a00000, 0x0000000089a00000| Complete 
| 131|0x0000000089b00000, 0x0000000089c00000, 0x0000000089c00000|100%| E|CS|TAMS 0x0000000089b00000, 0x0000000089b00000| Complete 
| 132|0x0000000089c00000, 0x0000000089d00000, 0x0000000089d00000|100%| E|CS|TAMS 0x0000000089c00000, 0x0000000089c00000| Complete 
| 133|0x0000000089d00000, 0x0000000089e00000, 0x0000000089e00000|100%| E|CS|TAMS 0x0000000089d00000, 0x0000000089d00000| Complete 
| 134|0x0000000089e00000, 0x0000000089f00000, 0x0000000089f00000|100%| E|CS|TAMS 0x0000000089e00000, 0x0000000089e00000| Complete 
|2020|0x00000000ffc00000, 0x00000000ffd00000, 0x00000000ffd00000|100%| O|  |TAMS 0x00000000ffc00000, 0x00000000ffc00000| Untracked 
|2021|0x00000000ffd00000, 0x00000000ffe00000, 0x00000000ffe00000|100%| O|  |TAMS 0x00000000ffd00000, 0x00000000ffd00000| Untracked 
|2022|0x00000000ffe00000, 0x00000000fff00000, 0x00000000fff00000|100%| O|  |TAMS 0x00000000ffe00000, 0x00000000ffe00000| Untracked 
|2023|0x00000000fff00000, 0x0000000100000000, 0x0000000100000000|100%| O|  |TAMS 0x00000000fff00000, 0x00000000fff00000| Untracked 

Card table byte_map: [0x0000018730ed0000,0x00000187312d0000] _byte_map_base: 0x0000018730ac4000

Marking Bits (Prev, Next): (CMBitMap*) 0x000001871a1f0a30, (CMBitMap*) 0x000001871a1f09f0
 Prev Bits: [0x0000018733670000, 0x0000018735610000)
 Next Bits: [0x00000187316d0000, 0x0000018733670000)

Polling page: 0x00000187180d0000

Metaspace:

Usage:
  Non-class:     21.91 MB used.
      Class:      2.62 MB used.
       Both:     24.53 MB used.

Virtual space:
  Non-class space:       64.00 MB reserved,      22.06 MB ( 34%) committed,  1 nodes.
      Class space:        1.00 GB reserved,       2.81 MB ( <1%) committed,  1 nodes.
             Both:        1.06 GB reserved,      24.88 MB (  2%) committed. 

Chunk freelists:
   Non-Class:  1.25 MB
       Class:  1.02 MB
        Both:  2.27 MB

MaxMetaspaceSize: unlimited
CompressedClassSpaceSize: 1.00 GB
Initial GC threshold: 21.00 MB
Current GC threshold: 35.56 MB
CDS: on
MetaspaceReclaimPolicy: balanced
 - commit_granule_bytes: 65536.
 - commit_granule_words: 8192.
 - virtual_space_node_default_size: 8388608.
 - enlarge_chunks_in_place: 1.
 - new_chunks_are_fully_committed: 0.
 - uncommit_free_chunks: 1.
 - use_allocation_guard: 0.


Internal statistics:

num_allocs_failed_limit: 3.
num_arena_births: 328.
num_arena_deaths: 0.
num_vsnodes_births: 2.
num_vsnodes_deaths: 0.
num_space_committed: 398.
num_space_uncommitted: 0.
num_chunks_returned_to_freelist: 3.
num_chunks_taken_from_freelist: 1196.
num_chunk_merges: 3.
num_chunk_splits: 863.
num_chunks_enlarged: 659.
num_inconsistent_stats: 0.

CodeHeap 'non-profiled nmethods': size=120000Kb used=2436Kb max_used=2768Kb free=117564Kb
 bounds [0x00000187295a0000, 0x0000018729860000, 0x0000018730ad0000]
CodeHeap 'profiled nmethods': size=120000Kb used=10788Kb max_used=12633Kb free=109211Kb
 bounds [0x0000018722070000, 0x0000018722cd0000, 0x00000187295a0000]
CodeHeap 'non-nmethods': size=5760Kb used=1219Kb max_used=1293Kb free=4540Kb
 bounds [0x0000018721ad0000, 0x0000018721d40000, 0x0000018722070000]
 total_blobs=5620 nmethods=5111 adapters=421
 compilation: enabled
              stopped_count=0, restarted_count=0
 full_count=0

Compilation events (20 events):
Event: 4.144 Thread 0x0000018737aa1600 6010       4       jdk.internal.loader.URLClassPath$JarLoader::findResource (18 bytes)
Event: 4.146 Thread 0x0000018737aa4710 6013       3       java.io.FilterInputStream::read (11 bytes)
Event: 4.147 Thread 0x0000018737aa4710 nmethod 6013 0x0000018722bede90 code [0x0000018722bee040, 0x0000018722bee208]
Event: 4.150 Thread 0x0000018737aa4710 6014       3       java.util.Locale::hashCode (41 bytes)
Event: 4.151 Thread 0x0000018737aa4710 nmethod 6014 0x000001872295cf90 code [0x000001872295d140, 0x000001872295d358]
Event: 4.151 Thread 0x0000018737aa4710 6015       3       java.net.URI$Parser::scan (53 bytes)
Event: 4.152 Thread 0x0000018737aa4710 nmethod 6015 0x0000018722b71810 code [0x0000018722b71aa0, 0x0000018722b726d8]
Event: 4.153 Thread 0x0000018737aa4710 6016       3       java.net.URI$Parser::<init> (30 bytes)
Event: 4.153 Thread 0x0000018737aa4710 nmethod 6016 0x0000018722b5a490 code [0x0000018722b5a640, 0x0000018722b5a8d8]
Event: 4.153 Thread 0x0000018737aa4710 6017       3       java.net.URI$Parser::parse (243 bytes)
Event: 4.155 Thread 0x0000018737aa4710 nmethod 6017 0x000001872231c010 code [0x000001872231c4c0, 0x000001872231e658]
Event: 4.155 Thread 0x0000018737aa4710 6019       3       jdk.internal.reflect.ReflectionFactory::newFieldAccessor (96 bytes)
Event: 4.155 Thread 0x0000018737aa4710 nmethod 6019 0x0000018722108290 code [0x00000187221084c0, 0x0000018722108c28]
Event: 4.155 Thread 0x0000018737aa4710 6018       3       java.net.URI$Parser::checkChar (14 bytes)
Event: 4.155 Thread 0x0000018737aa4710 nmethod 6018 0x0000018722726210 code [0x00000187227263a0, 0x00000187227264e8]
Event: 4.160 Thread 0x0000018737aa1600 nmethod 6010 0x000001872961ed10 code [0x000001872961efc0, 0x0000018729620248]
Event: 4.160 Thread 0x0000018737aa1600 6012       4       java.util.regex.Pattern::skip (23 bytes)
Event: 4.161 Thread 0x0000018737aa1600 nmethod 6012 0x00000187295ba210 code [0x00000187295ba380, 0x00000187295ba458]
Event: 4.161 Thread 0x0000018737aa4710 6020       3       jdk.internal.loader.URLClassPath$FileLoader::findResource (18 bytes)
Event: 4.162 Thread 0x0000018737aa4710 nmethod 6020 0x0000018722adfa10 code [0x0000018722adfbc0, 0x0000018722adfe38]

GC Heap History (16 events):
Event: 0.403 GC heap before
{Heap before GC invocations=0 (full 0):
 garbage-first heap   total 131072K, used 13312K [0x0000000081800000, 0x0000000100000000)
  region size 1024K, 13 young (13312K), 0 survivors (0K)
 Metaspace       used 3906K, committed 4096K, reserved 1114112K
  class space    used 403K, committed 512K, reserved 1048576K
}
Event: 0.407 GC heap after
{Heap after GC invocations=1 (full 0):
 garbage-first heap   total 131072K, used 3401K [0x0000000081800000, 0x0000000100000000)
  region size 1024K, 2 young (2048K), 2 survivors (2048K)
 Metaspace       used 3906K, committed 4096K, reserved 1114112K
  class space    used 403K, committed 512K, reserved 1048576K
}
Event: 0.627 GC heap before
{Heap before GC invocations=1 (full 0):
 garbage-first heap   total 131072K, used 17737K [0x0000000081800000, 0x0000000100000000)
  region size 1024K, 16 young (16384K), 2 survivors (2048K)
 Metaspace       used 5823K, committed 5952K, reserved 1114112K
  class space    used 667K, committed 704K, reserved 1048576K
}
Event: 0.630 GC heap after
{Heap after GC invocations=2 (full 0):
 garbage-first heap   total 131072K, used 4180K [0x0000000081800000, 0x0000000100000000)
  region size 1024K, 1 young (1024K), 1 survivors (1024K)
 Metaspace       used 5823K, committed 5952K, reserved 1114112K
  class space    used 667K, committed 704K, reserved 1048576K
}
Event: 1.772 GC heap before
{Heap before GC invocations=2 (full 0):
 garbage-first heap   total 131072K, used 80980K [0x0000000081800000, 0x0000000100000000)
  region size 1024K, 76 young (77824K), 1 survivors (1024K)
 Metaspace       used 13652K, committed 13952K, reserved 1114112K
  class space    used 1513K, committed 1664K, reserved 1048576K
}
Event: 1.782 GC heap after
{Heap after GC invocations=3 (full 0):
 garbage-first heap   total 131072K, used 12198K [0x0000000081800000, 0x0000000100000000)
  region size 1024K, 9 young (9216K), 9 survivors (9216K)
 Metaspace       used 13652K, committed 13952K, reserved 1114112K
  class space    used 1513K, committed 1664K, reserved 1048576K
}
Event: 2.599 GC heap before
{Heap before GC invocations=3 (full 0):
 garbage-first heap   total 131072K, used 112550K [0x0000000081800000, 0x0000000100000000)
  region size 1024K, 75 young (76800K), 9 survivors (9216K)
 Metaspace       used 17449K, committed 17792K, reserved 1114112K
  class space    used 1869K, committed 2048K, reserved 1048576K
}
Event: 2.610 GC heap after
{Heap after GC invocations=4 (full 0):
 garbage-first heap   total 131072K, used 16871K [0x0000000081800000, 0x0000000100000000)
  region size 1024K, 6 young (6144K), 6 survivors (6144K)
 Metaspace       used 17449K, committed 17792K, reserved 1114112K
  class space    used 1869K, committed 2048K, reserved 1048576K
}
Event: 2.734 GC heap before
{Heap before GC invocations=4 (full 0):
 garbage-first heap   total 131072K, used 18919K [0x0000000081800000, 0x0000000100000000)
  region size 1024K, 9 young (9216K), 6 survivors (6144K)
 Metaspace       used 21136K, committed 21504K, reserved 1114112K
  class space    used 2311K, committed 2496K, reserved 1048576K
}
Event: 2.739 GC heap after
{Heap after GC invocations=5 (full 0):
 garbage-first heap   total 131072K, used 17454K [0x0000000081800000, 0x0000000100000000)
  region size 1024K, 6 young (6144K), 6 survivors (6144K)
 Metaspace       used 21136K, committed 21504K, reserved 1114112K
  class space    used 2311K, committed 2496K, reserved 1048576K
}
Event: 3.287 GC heap before
{Heap before GC invocations=6 (full 0):
 garbage-first heap   total 65536K, used 50222K [0x0000000081800000, 0x0000000100000000)
  region size 1024K, 38 young (38912K), 6 survivors (6144K)
 Metaspace       used 23526K, committed 23808K, reserved 1114112K
  class space    used 2541K, committed 2688K, reserved 1048576K
}
Event: 3.300 GC heap after
{Heap after GC invocations=7 (full 0):
 garbage-first heap   total 69632K, used 28864K [0x0000000081800000, 0x0000000100000000)
  region size 1024K, 5 young (5120K), 5 survivors (5120K)
 Metaspace       used 23526K, committed 23808K, reserved 1114112K
  class space    used 2541K, committed 2688K, reserved 1048576K
}
Event: 3.304 GC heap before
{Heap before GC invocations=7 (full 0):
 garbage-first heap   total 69632K, used 29888K [0x0000000081800000, 0x0000000100000000)
  region size 1024K, 6 young (6144K), 5 survivors (5120K)
 Metaspace       used 23529K, committed 23872K, reserved 1114112K
  class space    used 2541K, committed 2688K, reserved 1048576K
}
Event: 3.307 GC heap after
{Heap after GC invocations=8 (full 0):
 garbage-first heap   total 69632K, used 30048K [0x0000000081800000, 0x0000000100000000)
  region size 1024K, 1 young (1024K), 1 survivors (1024K)
 Metaspace       used 23529K, committed 23872K, reserved 1114112K
  class space    used 2541K, committed 2688K, reserved 1048576K
}
Event: 3.756 GC heap before
{Heap before GC invocations=8 (full 0):
 garbage-first heap   total 69632K, used 50528K [0x0000000081800000, 0x0000000100000000)
  region size 1024K, 21 young (21504K), 1 survivors (1024K)
 Metaspace       used 24383K, committed 24768K, reserved 1114112K
  class space    used 2614K, committed 2816K, reserved 1048576K
}
Event: 3.763 GC heap after
{Heap after GC invocations=9 (full 0):
 garbage-first heap   total 142336K, used 33253K [0x0000000081800000, 0x0000000100000000)
  region size 1024K, 3 young (3072K), 3 survivors (3072K)
 Metaspace       used 24383K, committed 24768K, reserved 1114112K
  class space    used 2614K, committed 2816K, reserved 1048576K
}

Deoptimization events (20 events):
Event: 3.604 Thread 0x000001871a1906d0 DEOPT PACKING pc=0x000001872980570c sp=0x000000400a4fba90
Event: 3.604 Thread 0x000001871a1906d0 DEOPT UNPACKING pc=0x0000018721b223a3 sp=0x000000400a4fbaf0 mode 2
Event: 3.784 Thread 0x000001871a1906d0 DEOPT PACKING pc=0x00000187222af47e sp=0x000000400a4fcb60
Event: 3.784 Thread 0x000001871a1906d0 DEOPT UNPACKING pc=0x0000018721b22b43 sp=0x000000400a4fc0c0 mode 0
Event: 3.933 Thread 0x000001871a1906d0 Uncommon trap: trap_request=0xffffff45 fr.pc=0x000001872984d40c relative=0x000000000000156c
Event: 3.933 Thread 0x000001871a1906d0 Uncommon trap: reason=unstable_if action=reinterpret pc=0x000001872984d40c method=com.sun.tools.javac.code.Symbol$TypeSymbol.formFullName(Lcom/sun/tools/javac/util/Name;Lcom/sun/tools/javac/code/Symbol;)Lcom/sun/tools/javac/util/Name; @ 74 c2
Event: 3.933 Thread 0x000001871a1906d0 DEOPT PACKING pc=0x000001872984d40c sp=0x000000400a4fc040
Event: 3.933 Thread 0x000001871a1906d0 DEOPT UNPACKING pc=0x0000018721b223a3 sp=0x000000400a4fbeb0 mode 2
Event: 3.967 Thread 0x000001871a1906d0 Uncommon trap: trap_request=0xffffff45 fr.pc=0x0000018729839420 relative=0x00000000000008e0
Event: 3.967 Thread 0x000001871a1906d0 Uncommon trap: reason=unstable_if action=reinterpret pc=0x0000018729839420 method=com.sun.tools.javac.util.Convert.utf2chars([BI[CII)I @ 37 c2
Event: 3.967 Thread 0x000001871a1906d0 DEOPT PACKING pc=0x0000018729839420 sp=0x000000400a4fc370
Event: 3.967 Thread 0x000001871a1906d0 DEOPT UNPACKING pc=0x0000018721b223a3 sp=0x000000400a4fc290 mode 2
Event: 4.074 Thread 0x000001871a1906d0 Uncommon trap: trap_request=0xffffff45 fr.pc=0x00000187296a8420 relative=0x00000000000005a0
Event: 4.074 Thread 0x000001871a1906d0 Uncommon trap: reason=unstable_if action=reinterpret pc=0x00000187296a8420 method=java.util.HashMap.hash(Ljava/lang/Object;)I @ 1 c2
Event: 4.074 Thread 0x000001871a1906d0 DEOPT PACKING pc=0x00000187296a8420 sp=0x000000400a4fc210
Event: 4.074 Thread 0x000001871a1906d0 DEOPT UNPACKING pc=0x0000018721b223a3 sp=0x000000400a4fc048 mode 2
Event: 4.130 Thread 0x000001871a1906d0 Uncommon trap: trap_request=0xffffff45 fr.pc=0x00000187296a6324 relative=0x00000000000002e4
Event: 4.130 Thread 0x000001871a1906d0 Uncommon trap: reason=unstable_if action=reinterpret pc=0x00000187296a6324 method=java.util.HashMap.hash(Ljava/lang/Object;)I @ 1 c2
Event: 4.130 Thread 0x000001871a1906d0 DEOPT PACKING pc=0x00000187296a6324 sp=0x000000400a4fca70
Event: 4.130 Thread 0x000001871a1906d0 DEOPT UNPACKING pc=0x0000018721b223a3 sp=0x000000400a4fc910 mode 2

Classes loaded (20 events):
Event: 3.999 Loading class java/util/WeakHashMap$EntrySet
Event: 4.000 Loading class java/util/WeakHashMap$EntrySet done
Event: 4.000 Loading class java/util/WeakHashMap$EntryIterator
Event: 4.000 Loading class java/util/WeakHashMap$HashIterator
Event: 4.000 Loading class java/util/WeakHashMap$HashIterator done
Event: 4.000 Loading class java/util/WeakHashMap$EntryIterator done
Event: 4.000 Loading class java/util/zip/ZipFile$ZipEntryIterator
Event: 4.000 Loading class java/util/zip/ZipFile$ZipEntryIterator done
Event: 4.010 Loading class jdk/internal/module/IllegalAccessLogger
Event: 4.010 Loading class jdk/internal/module/IllegalAccessLogger done
Event: 4.090 Loading class java/lang/LayerInstantiationException
Event: 4.090 Loading class java/lang/LayerInstantiationException done
Event: 4.090 Loading class jdk/internal/loader/Loader
Event: 4.091 Loading class jdk/internal/loader/Loader done
Event: 4.092 Loading class java/lang/Class$EnclosingMethodInfo
Event: 4.094 Loading class java/lang/Class$EnclosingMethodInfo done
Event: 4.094 Loading class java/lang/reflect/AnnotatedType
Event: 4.094 Loading class java/lang/reflect/AnnotatedType done
Event: 4.152 Loading class java/util/regex/Pattern$1
Event: 4.152 Loading class java/util/regex/Pattern$1 done

Classes unloaded (0 events):
No events

Classes redefined (0 events):
No events

Internal exceptions (20 events):
Event: 3.963 Thread 0x000001871a1906d0 Exception <a 'sun/nio/fs/WindowsException'{0x00000000892713c8}> (0x00000000892713c8) 
thrown [s\open\src\hotspot\share\prims\jni.cpp, line 516]
Event: 3.963 Thread 0x000001871a1906d0 Exception <a 'sun/nio/fs/WindowsException'{0x00000000892716f8}> (0x00000000892716f8) 
thrown [s\open\src\hotspot\share\prims\jni.cpp, line 516]
Event: 3.970 Thread 0x000001871a1906d0 Exception <a 'sun/nio/fs/WindowsException'{0x00000000892b7838}> (0x00000000892b7838) 
thrown [s\open\src\hotspot\share\prims\jni.cpp, line 516]
Event: 3.970 Thread 0x000001871a1906d0 Exception <a 'sun/nio/fs/WindowsException'{0x00000000892b7ac8}> (0x00000000892b7ac8) 
thrown [s\open\src\hotspot\share\prims\jni.cpp, line 516]
Event: 3.970 Thread 0x000001871a1906d0 Exception <a 'sun/nio/fs/WindowsException'{0x00000000892b8960}> (0x00000000892b8960) 
thrown [s\open\src\hotspot\share\prims\jni.cpp, line 516]
Event: 3.970 Thread 0x000001871a1906d0 Exception <a 'sun/nio/fs/WindowsException'{0x00000000892b8ba0}> (0x00000000892b8ba0) 
thrown [s\open\src\hotspot\share\prims\jni.cpp, line 516]
Event: 3.970 Thread 0x000001871a1906d0 Exception <a 'sun/nio/fs/WindowsException'{0x00000000892b9c08}> (0x00000000892b9c08) 
thrown [s\open\src\hotspot\share\prims\jni.cpp, line 516]
Event: 3.970 Thread 0x000001871a1906d0 Exception <a 'sun/nio/fs/WindowsException'{0x00000000892b9e98}> (0x00000000892b9e98) 
thrown [s\open\src\hotspot\share\prims\jni.cpp, line 516]
Event: 3.970 Thread 0x000001871a1906d0 Exception <a 'sun/nio/fs/WindowsException'{0x00000000892bad78}> (0x00000000892bad78) 
thrown [s\open\src\hotspot\share\prims\jni.cpp, line 516]
Event: 3.970 Thread 0x000001871a1906d0 Exception <a 'sun/nio/fs/WindowsException'{0x00000000892bb090}> (0x00000000892bb090) 
thrown [s\open\src\hotspot\share\prims\jni.cpp, line 516]
Event: 3.973 Thread 0x000001871a1906d0 Exception <a 'sun/nio/fs/WindowsException'{0x00000000892d65f0}> (0x00000000892d65f0) 
thrown [s\open\src\hotspot\share\prims\jni.cpp, line 516]
Event: 3.973 Thread 0x000001871a1906d0 Exception <a 'sun/nio/fs/WindowsException'{0x00000000892d6890}> (0x00000000892d6890) 
thrown [s\open\src\hotspot\share\prims\jni.cpp, line 516]
Event: 3.973 Thread 0x000001871a1906d0 Exception <a 'sun/nio/fs/WindowsException'{0x00000000892d92d0}> (0x00000000892d92d0) 
thrown [s\open\src\hotspot\share\prims\jni.cpp, line 516]
Event: 3.973 Thread 0x000001871a1906d0 Exception <a 'sun/nio/fs/WindowsException'{0x00000000892d9528}> (0x00000000892d9528) 
thrown [s\open\src\hotspot\share\prims\jni.cpp, line 516]
Event: 3.973 Thread 0x000001871a1906d0 Exception <a 'sun/nio/fs/WindowsException'{0x00000000892dd690}> (0x00000000892dd690) 
thrown [s\open\src\hotspot\share\prims\jni.cpp, line 516]
Event: 3.973 Thread 0x000001871a1906d0 Exception <a 'sun/nio/fs/WindowsException'{0x00000000892dd930}> (0x00000000892dd930) 
thrown [s\open\src\hotspot\share\prims\jni.cpp, line 516]
Event: 3.973 Thread 0x000001871a1906d0 Exception <a 'sun/nio/fs/WindowsException'{0x00000000892de830}> (0x00000000892de830) 
thrown [s\open\src\hotspot\share\prims\jni.cpp, line 516]
Event: 3.973 Thread 0x000001871a1906d0 Exception <a 'sun/nio/fs/WindowsException'{0x00000000892deb58}> (0x00000000892deb58) 
thrown [s\open\src\hotspot\share\prims\jni.cpp, line 516]
Event: 4.074 Thread 0x000001871a1906d0 Implicit null exception at 0x00000187296a7eef to 0x00000187296a8404
Event: 4.130 Thread 0x000001871a1906d0 Implicit null exception at 0x00000187296a608f to 0x00000187296a6304

VM Operations (20 events):
Event: 3.287 Executing VM operation: G1CollectForAllocation
Event: 3.300 Executing VM operation: G1CollectForAllocation done
Event: 3.304 Executing VM operation: G1CollectForAllocation
Event: 3.307 Executing VM operation: G1CollectForAllocation done
Event: 3.312 Executing VM operation: HandshakeAllThreads
Event: 3.312 Executing VM operation: HandshakeAllThreads done
Event: 3.588 Executing VM operation: ICBufferFull
Event: 3.588 Executing VM operation: ICBufferFull done
Event: 3.756 Executing VM operation: G1CollectForAllocation
Event: 3.763 Executing VM operation: G1CollectForAllocation done
Event: 3.869 Executing VM operation: ICBufferFull
Event: 3.870 Executing VM operation: ICBufferFull done
Event: 3.879 Executing VM operation: HandshakeAllThreads
Event: 3.891 Executing VM operation: HandshakeAllThreads done
Event: 3.897 Executing VM operation: HandshakeAllThreads
Event: 3.898 Executing VM operation: HandshakeAllThreads done
Event: 3.906 Executing VM operation: HandshakeAllThreads
Event: 3.906 Executing VM operation: HandshakeAllThreads done
Event: 3.954 Executing VM operation: ICBufferFull
Event: 3.954 Executing VM operation: ICBufferFull done

Events (20 events):
Event: 3.912 Thread 0x0000018737ac7610 flushing nmethod 0x0000018722bd7290
Event: 3.912 Thread 0x0000018737ac7610 flushing nmethod 0x0000018722bd9110
Event: 3.912 Thread 0x0000018737ac7610 flushing nmethod 0x0000018722bd9690
Event: 3.912 Thread 0x0000018737ac7610 flushing nmethod 0x0000018722bda790
Event: 3.912 Thread 0x0000018737ac7610 flushing nmethod 0x0000018722bdab10
Event: 3.912 Thread 0x0000018737ac7610 flushing nmethod 0x0000018722bdbc10
Event: 3.912 Thread 0x0000018737ac7610 flushing nmethod 0x0000018722bdd290
Event: 3.912 Thread 0x0000018737ac7610 flushing nmethod 0x0000018722bde490
Event: 3.912 Thread 0x0000018737ac7610 flushing nmethod 0x0000018722be2a90
Event: 3.912 Thread 0x0000018737ac7610 flushing nmethod 0x0000018722be5110
Event: 3.912 Thread 0x0000018737ac7610 flushing nmethod 0x0000018722be6a90
Event: 3.912 Thread 0x0000018737ac7610 flushing nmethod 0x0000018722be9c90
Event: 3.912 Thread 0x0000018737ac7610 flushing nmethod 0x0000018722bec790
Event: 3.912 Thread 0x0000018737ac7610 flushing nmethod 0x0000018722bede90
Event: 3.912 Thread 0x0000018737ac7610 flushing nmethod 0x0000018722bee790
Event: 3.912 Thread 0x0000018737ac7610 flushing nmethod 0x0000018722c1c410
Event: 3.912 Thread 0x0000018737ac7610 flushing nmethod 0x0000018722c22e90
Event: 3.912 Thread 0x0000018737ac7610 flushing nmethod 0x0000018722c25410
Event: 3.912 Thread 0x0000018737ac7610 flushing nmethod 0x0000018722c37f90
Event: 3.912 Thread 0x0000018737ac7610 flushing nmethod 0x0000018722c38c10


Dynamic libraries:
0x00007ff7728b0000 - 0x00007ff7728c0000 	D:\jdk\bin\java.exe
0x00007ffe11ad0000 - 0x00007ffe11cc8000 	C:\WINDOWS\SYSTEM32\ntdll.dll
0x00007ffe11410000 - 0x00007ffe114cd000 	C:\WINDOWS\System32\KERNEL32.DLL
0x00007ffe0f490000 - 0x00007ffe0f762000 	C:\WINDOWS\System32\KERNELBASE.dll
0x00007ffe0f900000 - 0x00007ffe0fa00000 	C:\WINDOWS\System32\ucrtbase.dll
0x00007ffdcc310000 - 0x00007ffdcc328000 	D:\jdk\bin\jli.dll
0x00007ffe114d0000 - 0x00007ffe1157e000 	C:\WINDOWS\System32\ADVAPI32.dll
0x00007ffe10bf0000 - 0x00007ffe10c8e000 	C:\WINDOWS\System32\msvcrt.dll
0x00007ffde5890000 - 0x00007ffde58aa000 	D:\jdk\bin\VCRUNTIME140.dll
0x00007ffe119c0000 - 0x00007ffe11a5c000 	C:\WINDOWS\System32\sechost.dll
0x00007ffe10cf0000 - 0x00007ffe10e15000 	C:\WINDOWS\System32\RPCRT4.dll
0x00007ffe10a50000 - 0x00007ffe10bed000 	C:\WINDOWS\System32\USER32.dll
0x00007ffe0fa00000 - 0x00007ffe0fa22000 	C:\WINDOWS\System32\win32u.dll
0x00007ffe0ffd0000 - 0x00007ffe0fffb000 	C:\WINDOWS\System32\GDI32.dll
0x00007ffe0f2d0000 - 0x00007ffe0f3df000 	C:\WINDOWS\System32\gdi32full.dll
0x00007ffe0f1e0000 - 0x00007ffe0f27d000 	C:\WINDOWS\System32\msvcp_win.dll
0x00007ffe00c50000 - 0x00007ffe00eea000 	C:\WINDOWS\WinSxS\amd64_microsoft.windows.common-controls_6595b64144ccf1df_6.0.19041.1110_none_60b5254171f9507e\COMCTL32.dll
0x00007ffe0df70000 - 0x00007ffe0df7a000 	C:\WINDOWS\SYSTEM32\VERSION.dll
0x00007ffe11a60000 - 0x00007ffe11a90000 	C:\WINDOWS\System32\IMM32.DLL
0x00007ffe076d0000 - 0x00007ffe076dc000 	D:\jdk\bin\vcruntime140_1.dll
0x00007ffd731a0000 - 0x00007ffd7322d000 	D:\jdk\bin\msvcp140.dll
0x00007ffd70780000 - 0x00007ffd71391000 	D:\jdk\bin\server\jvm.dll
0x00007ffe0fb30000 - 0x00007ffe0fb38000 	C:\WINDOWS\System32\PSAPI.DLL
0x00007ffe005b0000 - 0x00007ffe005d7000 	C:\WINDOWS\SYSTEM32\WINMM.dll
0x00007ffdfaec0000 - 0x00007ffdfaec9000 	C:\WINDOWS\SYSTEM32\WSOCK32.dll
0x00007ffe109e0000 - 0x00007ffe10a4b000 	C:\WINDOWS\System32\WS2_32.dll
0x00007ffe0df30000 - 0x00007ffe0df42000 	C:\WINDOWS\SYSTEM32\kernel.appcore.dll
0x00007ffdff340000 - 0x00007ffdff34a000 	D:\jdk\bin\jimage.dll
0x00007ffe09b60000 - 0x00007ffe09d44000 	C:\WINDOWS\SYSTEM32\DBGHELP.DLL
0x00007ffe09b00000 - 0x00007ffe09b2c000 	C:\WINDOWS\SYSTEM32\dbgcore.DLL
0x00007ffe0fa30000 - 0x00007ffe0fab2000 	C:\WINDOWS\System32\bcryptPrimitives.dll
0x00007ffe07790000 - 0x00007ffe0779e000 	D:\jdk\bin\instrument.dll
0x00007ffdc7670000 - 0x00007ffdc7695000 	D:\jdk\bin\java.dll
0x00007ffd706a0000 - 0x00007ffd70776000 	D:\jdk\bin\jsvml.dll
0x00007ffe10250000 - 0x00007ffe10993000 	C:\WINDOWS\System32\SHELL32.dll
0x00007ffe0d0f0000 - 0x00007ffe0d881000 	C:\WINDOWS\SYSTEM32\windows.storage.dll
0x00007ffe0fb40000 - 0x00007ffe0fe94000 	C:\WINDOWS\System32\combase.dll
0x00007ffe0eb60000 - 0x00007ffe0eb90000 	C:\WINDOWS\SYSTEM32\Wldp.dll
0x00007ffe11690000 - 0x00007ffe1173d000 	C:\WINDOWS\System32\SHCORE.dll
0x00007ffe113b0000 - 0x00007ffe11405000 	C:\WINDOWS\System32\shlwapi.dll
0x00007ffe0f120000 - 0x00007ffe0f13f000 	C:\WINDOWS\SYSTEM32\profapi.dll
0x00007ffdac690000 - 0x00007ffdac6a8000 	D:\jdk\bin\zip.dll
0x00007ffdaf210000 - 0x00007ffdaf223000 	D:\jdk\bin\net.dll
0x00007ffe08110000 - 0x00007ffe0821d000 	C:\WINDOWS\SYSTEM32\WINHTTP.dll
0x00007ffe0e8c0000 - 0x00007ffe0e92a000 	C:\WINDOWS\system32\mswsock.dll
0x00007ffdac870000 - 0x00007ffdac886000 	D:\jdk\bin\nio.dll
0x00007ffde6290000 - 0x00007ffde62aa000 	D:\IntelliJ IDEA 2022.2\bin\breakgen64.dll
0x0000000069ac0000 - 0x0000000069ae4000 	C:\Users\admin\AppData\Local\Temp\jansi-2.4.0-ee674d3d43f55f64-jansi.dll
0x00007ffdf47f0000 - 0x00007ffdf4800000 	D:\jdk\bin\verify.dll

dbghelp: loaded successfully - version: 4.0.5 - missing functions: none
symbol engine: initialized successfully - sym options: 0x614 - pdb path: .;D:\jdk\bin;C:\WINDOWS\SYSTEM32;C:\WINDOWS\WinSxS\amd64_microsoft.windows.common-controls_6595b64144ccf1df_6.0.19041.1110_none_60b5254171f9507e;D:\jdk\bin\server;D:\IntelliJ IDEA 2022.2\bin;C:\Users\admin\AppData\Local\Temp

VM Arguments:
jvm_args: -Dmaven.multiModuleProjectDirectory=E:\sgwProject\jingsai -Dmaven.home=D:\maven\apache-maven-3.8.6 -Dclassworlds.conf=D:\maven\apache-maven-3.8.6\bin\m2.conf -Dmaven.ext.class.path=D:\IntelliJ IDEA 2022.2\plugins\maven\lib\maven-event-listener.jar -javaagent:D:\IntelliJ IDEA 2022.2\lib\idea_rt.jar=60039:D:\IntelliJ IDEA 2022.2\bin -Dfile.encoding=UTF-8 
java_command: org.codehaus.classworlds.Launcher -Didea.version=2022.2 install
java_class_path (initial): D:\maven\apache-maven-3.8.6\boot\plexus-classworlds-2.6.0.jar;D:\maven\apache-maven-3.8.6\boot\plexus-classworlds.license
Launcher Type: SUN_STANDARD

[Global flags]
     intx CICompilerCount                          = 3                                         {product} {ergonomic}
     uint ConcGCThreads                            = 1                                         {product} {ergonomic}
     uint G1ConcRefinementThreads                  = 4                                         {product} {ergonomic}
   size_t G1HeapRegionSize                         = 1048576                                   {product} {ergonomic}
    uintx GCDrainStackTargetSize                   = 64                                        {product} {ergonomic}
   size_t InitialHeapSize                          = 134217728                                 {product} {ergonomic}
   size_t MarkStackSize                            = 4194304                                   {product} {ergonomic}
   size_t MaxHeapSize                              = 2122317824                                {product} {ergonomic}
   size_t MaxNewSize                               = 1272971264                                {product} {ergonomic}
   size_t MinHeapDeltaBytes                        = 1048576                                   {product} {ergonomic}
   size_t MinHeapSize                              = 8388608                                   {product} {ergonomic}
    uintx NonNMethodCodeHeapSize                   = 5832780                                {pd product} {ergonomic}
    uintx NonProfiledCodeHeapSize                  = 122912730                              {pd product} {ergonomic}
    uintx ProfiledCodeHeapSize                     = 122912730                              {pd product} {ergonomic}
    uintx ReservedCodeCacheSize                    = 251658240                              {pd product} {ergonomic}
     bool SegmentedCodeCache                       = true                                      {product} {ergonomic}
   size_t SoftMaxHeapSize                          = 2122317824                             {manageable} {ergonomic}
     bool UseCompressedClassPointers               = true                           {product lp64_product} {ergonomic}
     bool UseCompressedOops                        = true                           {product lp64_product} {ergonomic}
     bool UseG1GC                                  = true                                      {product} {ergonomic}
     bool UseLargePagesIndividualAllocation        = false                                  {pd product} {ergonomic}

Logging:
Log output configuration:
 #0: stdout all=warning uptime,level,tags foldmultilines=false
 #1: stderr all=off uptime,level,tags foldmultilines=false

Environment Variables:
PATH=C:\GeneralData\GBase\Server\bin;D:\oracle\bin;D:\oracle\WINDOWS.X64_193000_db_home\bin;C:\Program Files\Common Files\Oracle\Java\javapath;C:\Program Files (x86)\Intel\iCLS Client\;C:\Program Files\Intel\iCLS Client\;C:\WINDOWS\system32;C:\WINDOWS;C:\WINDOWS\System32\Wbem;C:\WINDOWS\System32\WindowsPowerShell\v1.0\;C:\Program Files (x86)\Intel\Intel(R) Management Engine Components\DAL;C:\Program Files\Intel\Intel(R) Management Engine Components\DAL;C:\Program Files (x86)\Intel\Intel(R) Management Engine Components\IPT;C:\Program Files\Intel\Intel(R) Management Engine Components\IPT;C:\WINDOWS\System32\OpenSSH\;C:\Program Files\dotnet\;C:\Program Files (x86)\NetSarang\Xshell 7\;C:\Program Files\Git\cmd;C:\Users\admin\AppData\Local\Microsoft\WindowsApps;D:\maven\apache-maven-3.8.6\bin;
USERNAME=admin
OS=Windows_NT
PROCESSOR_IDENTIFIER=Intel64 Family 6 Model 158 Stepping 9, GenuineIntel



---------------  S Y S T E M  ---------------

OS:
 Windows 10 , 64 bit Build 19041 (10.0.19041.1889)
OS uptime: 0 days 14:10 hours

CPU: total 4 (initial active 4) (4 cores per cpu, 1 threads per core) family 6 model 158 stepping 9 microcode 0xb4, cx8, cmov, fxsr, mmx, 3dnowpref, sse, sse2, sse3, ssse3, sse4.1, sse4.2, popcnt, lzcnt, tsc, tscinvbit, avx, avx2, aes, erms, clmul, bmi1, bmi2, rtm, adx, fma, vzeroupper, clflush, clflushopt

Memory: 4k page, system-wide physical 8088M (628M free)
TotalPageFile size 12184M (AvailPageFile size 7M)
current process WorkingSet (physical memory assigned to process): 206M, peak: 225M
current process commit charge ("private bytes"): 298M, peak: 300M

vm_info: Java HotSpot(TM) 64-Bit Server VM (18.0.2+9-61) for windows-amd64 JRE (18.0.2+9-61), built on Jun  7 2022 13:09:01 by "mach5one" with MS VC++ 16.8 / 16.9 (VS2019)

END.
