#
# There is insufficient memory for the Java Runtime Environment to continue.
# Native memory allocation (mmap) failed to map 94371840 bytes for G1 virtual space
# Possible reasons:
#   The system is out of physical RAM or swap space
#   The process is running with CompressedOops enabled, and the Java Heap may be blocking the growth of the native heap
# Possible solutions:
#   Reduce memory load on the system
#   Increase physical memory or swap space
#   Check if swap backing store is full
#   Decrease Java heap size (-Xmx/-Xms)
#   Decrease number of Java threads
#   Decrease Java thread stack sizes (-Xss)
#   Set larger code cache with -XX:ReservedCodeCacheSize=
#   JVM is running with Unscaled Compressed Oops mode in which the Java heap is
#     placed in the first 4GB address space. The Java Heap base address is the
#     maximum limit for the native heap growth. Please use -XX:HeapBaseMinAddress
#     to set the Java Heap base and to place the Java Heap above 4GB virtual address.
# This output file may be truncated or incomplete.
#
#  Out of Memory Error (os_windows.cpp:3530), pid=6024, tid=13824
#
# JRE version: Java(TM) SE Runtime Environment (18.0.2+9) (build 18.0.2+9-61)
# Java VM: Java HotSpot(TM) 64-Bit Server VM (18.0.2+9-61, mixed mode, sharing, tiered, compressed oops, compressed class ptrs, g1 gc, windows-amd64)
# No core dump will be written. Minidumps are not enabled by default on client versions of Windows
#

---------------  S U M M A R Y ------------

Command Line: -Dmaven.multiModuleProjectDirectory=E:\sgwProject\jingsai -Dmaven.home=D:\maven\apache-maven-3.8.6 -Dclassworlds.conf=D:\maven\apache-maven-3.8.6\bin\m2.conf -Dmaven.ext.class.path=D:\IntelliJ IDEA 2022.2\plugins\maven\lib\maven-event-listener.jar -javaagent:D:\IntelliJ IDEA 2022.2\lib\idea_rt.jar=50756:D:\IntelliJ IDEA 2022.2\bin -Dfile.encoding=UTF-8 org.codehaus.classworlds.Launcher -Didea.version=2022.2 install

Host: Intel(R) Core(TM) i5-7500 CPU @ 3.40GHz, 4 cores, 7G,  Windows 10 , 64 bit Build 19041 (10.0.19041.1889)
Time: Wed Oct 19 20:03:00 2022  Windows 10 , 64 bit Build 19041 (10.0.19041.1889) elapsed time: 14.289227 seconds (0d 0h 0m 14s)

---------------  T H R E A D  ---------------

Current thread (0x00000264ea6979e0):  VMThread "VM Thread" [stack: 0x000000ea82500000,0x000000ea82600000] [id=13824]

Stack: [0x000000ea82500000,0x000000ea82600000]
Native frames: (J=compiled Java code, j=interpreted, Vv=VM code, C=native code)
V  [jvm.dll+0x6993ca]
V  [jvm.dll+0x7f481d]
V  [jvm.dll+0x7f612e]
V  [jvm.dll+0x7f67e3]
V  [jvm.dll+0x25cdaf]
V  [jvm.dll+0x696319]
V  [jvm.dll+0x68ae4a]
V  [jvm.dll+0x3223eb]
V  [jvm.dll+0x329dc6]
V  [jvm.dll+0x37eade]
V  [jvm.dll+0x37ed0f]
V  [jvm.dll+0x2fa16a]
V  [jvm.dll+0x2fa217]
V  [jvm.dll+0x33e752]
V  [jvm.dll+0x33ccf4]
V  [jvm.dll+0x2f9940]
V  [jvm.dll+0x33c2cb]
V  [jvm.dll+0x7fb5cb]
V  [jvm.dll+0x7fc364]
V  [jvm.dll+0x7fc89c]
V  [jvm.dll+0x7fccf4]
V  [jvm.dll+0x7fcdb7]
V  [jvm.dll+0x7a125a]
V  [jvm.dll+0x698275]
C  [ucrtbase.dll+0x21bb2]
C  [KERNEL32.DLL+0x17034]
C  [ntdll.dll+0x526a1]

VM_Operation (0x000000ea81ffcf10): G1CollectForAllocation, mode: safepoint, requested by thread 0x00000264ccdc1390


---------------  P R O C E S S  ---------------

Threads class SMR info:
_java_thread_list=0x00000264efd09b40, length=17, elements={
0x00000264ccdc1390, 0x00000264ea69a0f0, 0x00000264ea69ec70, 0x00000264ea6b9c80,
0x00000264ea6bb540, 0x00000264ea6bde00, 0x00000264ea6be6b0, 0x00000264ea6bf290,
0x00000264ea6c9100, 0x00000264ea6d0b20, 0x00000264cce8a560, 0x00000264ee916630,
0x00000264ee916af0, 0x00000264eee817e0, 0x00000264f01f9750, 0x00000264f01f7f40,
0x00000264f01f9c20
}

Java Threads: ( => current thread )
  0x00000264ccdc1390 JavaThread "main" [_thread_blocked, id=14956, stack(0x000000ea81f00000,0x000000ea82000000)]
  0x00000264ea69a0f0 JavaThread "Reference Handler" daemon [_thread_blocked, id=10200, stack(0x000000ea82600000,0x000000ea82700000)]
  0x00000264ea69ec70 JavaThread "Finalizer" daemon [_thread_blocked, id=5368, stack(0x000000ea82700000,0x000000ea82800000)]
  0x00000264ea6b9c80 JavaThread "Signal Dispatcher" daemon [_thread_blocked, id=1248, stack(0x000000ea82800000,0x000000ea82900000)]
  0x00000264ea6bb540 JavaThread "Attach Listener" daemon [_thread_blocked, id=12868, stack(0x000000ea82900000,0x000000ea82a00000)]
  0x00000264ea6bde00 JavaThread "Service Thread" daemon [_thread_blocked, id=14580, stack(0x000000ea82a00000,0x000000ea82b00000)]
  0x00000264ea6be6b0 JavaThread "Monitor Deflation Thread" daemon [_thread_blocked, id=12908, stack(0x000000ea82b00000,0x000000ea82c00000)]
  0x00000264ea6bf290 JavaThread "C2 CompilerThread0" daemon [_thread_blocked, id=5316, stack(0x000000ea82c00000,0x000000ea82d00000)]
  0x00000264ea6c9100 JavaThread "C1 CompilerThread0" daemon [_thread_blocked, id=6008, stack(0x000000ea82d00000,0x000000ea82e00000)]
  0x00000264ea6d0b20 JavaThread "Sweeper thread" daemon [_thread_blocked, id=13116, stack(0x000000ea82e00000,0x000000ea82f00000)]
  0x00000264cce8a560 JavaThread "Common-Cleaner" daemon [_thread_blocked, id=1144, stack(0x000000ea82f00000,0x000000ea83000000)]
  0x00000264ee916630 JavaThread "Monitor Ctrl-Break" daemon [_thread_in_native, id=6296, stack(0x000000ea83000000,0x000000ea83100000)]
  0x00000264ee916af0 JavaThread "Notification Thread" daemon [_thread_blocked, id=9152, stack(0x000000ea83100000,0x000000ea83200000)]
  0x00000264eee817e0 JavaThread "C2 CompilerThread1" daemon [_thread_blocked, id=4896, stack(0x000000ea83600000,0x000000ea83700000)]
  0x00000264f01f9750 JavaThread "resolver-1" daemon [_thread_blocked, id=11972, stack(0x000000ea83700000,0x000000ea83800000)]
  0x00000264f01f7f40 JavaThread "resolver-2" daemon [_thread_blocked, id=14844, stack(0x000000ea83800000,0x000000ea83900000)]
  0x00000264f01f9c20 JavaThread "resolver-3" daemon [_thread_blocked, id=3872, stack(0x000000ea83900000,0x000000ea83a00000)]

Other Threads:
=>0x00000264ea6979e0 VMThread "VM Thread" [stack: 0x000000ea82500000,0x000000ea82600000] [id=13824]
  0x00000264ee962410 WatcherThread "VM Periodic Task Thread" [stack: 0x000000ea83200000,0x000000ea83300000] [id=14508]
  0x00000264cce20060 WorkerThread "GC Thread#0" [stack: 0x000000ea82000000,0x000000ea82100000] [id=2424]
  0x00000264ee9718e0 WorkerThread "GC Thread#1" [stack: 0x000000ea83300000,0x000000ea83400000] [id=14316]
  0x00000264ef235660 WorkerThread "GC Thread#2" [stack: 0x000000ea83400000,0x000000ea83500000] [id=5108]
  0x00000264ef294b50 WorkerThread "GC Thread#3" [stack: 0x000000ea83500000,0x000000ea83600000] [id=14120]
  0x00000264cce31bb0 ConcurrentGCThread "G1 Main Marker" [stack: 0x000000ea82100000,0x000000ea82200000] [id=12904]
  0x00000264cce324b0 WorkerThread "G1 Conc#0" [stack: 0x000000ea82200000,0x000000ea82300000] [id=7644]
  0x00000264cce754c0 ConcurrentGCThread "G1 Refine#0" [stack: 0x000000ea82300000,0x000000ea82400000] [id=9844]
  0x00000264cce75ce0 ConcurrentGCThread "G1 Service" [stack: 0x000000ea82400000,0x000000ea82500000] [id=14428]

Threads with active compile tasks:
C2 CompilerThread0    14459 8707   !   4       java.lang.ClassLoader::loadClass (121 bytes)
C2 CompilerThread1    14459 8839       4       java.util.Formatter$FormatSpecifier::<init> (77 bytes)

VM state: at safepoint (normal execution)

VM Mutex/Monitor currently owned by a thread:  ([mutex/lock_event])
[0x00000264ccdbb7f0] Threads_lock - owner thread: 0x00000264ea6979e0
[0x00000264ccdbb0a0] Heap_lock - owner thread: 0x00000264ccdc1390

Heap address: 0x0000000081800000, size: 2024 MB, Compressed Oops mode: 32-bit

CDS archive(s) mapped at: [0x0000000800000000-0x0000000800ba0000-0x0000000800ba0000), size 12189696, SharedBaseAddress: 0x0000000800000000, ArchiveRelocationMode: 0.
Compressed class space mapped at: 0x0000000800c00000-0x0000000840c00000, reserved size: 1073741824
Narrow klass base: 0x0000000800000000, Narrow klass shift: 0, Narrow klass range: 0x100000000

GC Precious Log:
 CardTable entry size: 512
 Card Set container configuration: InlinePtr #cards 5 size 8 Array Of Cards #cards 12 size 40 Howl #buckets 4 coarsen threshold 1843 Howl Bitmap #cards 512 size 80 coarsen threshold 460 Card regions per heap region 1 cards per card region 2048
 CPUs: 4 total, 4 available
 Memory: 8088M
 Large Page Support: Disabled
 NUMA Support: Disabled
 Compressed Oops: Enabled (32-bit)
 Heap Region Size: 1M
 Heap Min Capacity: 8M
 Heap Initial Capacity: 128M
 Heap Max Capacity: 2024M
 Pre-touch: Disabled
 Parallel Workers: 4
 Concurrent Workers: 1
 Concurrent Refinement Workers: 4
 Periodic GC: Disabled

Heap:
 garbage-first heap   total 134144K, used 32954K [0x0000000081800000, 0x0000000100000000)
  region size 1024K, 1 young (1024K), 1 survivors (1024K)
 Metaspace       used 30695K, committed 31296K, reserved 1114112K
  class space    used 3237K, committed 3584K, reserved 1048576K

Heap Regions: E=young(eden), S=young(survivor), O=old, HS=humongous(starts), HC=humongous(continues), CS=collection set, F=free, OA=open archive, CA=closed archive, TAMS=top-at-mark-start (previous, next)
|   0|0x0000000081800000, 0x0000000081900000, 0x0000000081900000|100%| O|  |TAMS 0x0000000081900000, 0x0000000081800000| Untracked 
|   1|0x0000000081900000, 0x0000000081a00000, 0x0000000081a00000|100%| O|  |TAMS 0x0000000081a00000, 0x0000000081900000| Untracked 
|   2|0x0000000081a00000, 0x0000000081b00000, 0x0000000081b00000|100%| O|  |TAMS 0x0000000081b00000, 0x0000000081a00000| Untracked 
|   3|0x0000000081b00000, 0x0000000081c00000, 0x0000000081c00000|100%| O|  |TAMS 0x0000000081c00000, 0x0000000081b00000| Untracked 
|   4|0x0000000081c00000, 0x0000000081d00000, 0x0000000081d00000|100%| O|  |TAMS 0x0000000081d00000, 0x0000000081c00000| Untracked 
|   5|0x0000000081d00000, 0x0000000081e00000, 0x0000000081e00000|100%| O|  |TAMS 0x0000000081e00000, 0x0000000081d00000| Untracked 
|   6|0x0000000081e00000, 0x0000000081f00000, 0x0000000081f00000|100%| O|  |TAMS 0x0000000081f00000, 0x0000000081e00000| Untracked 
|   7|0x0000000081f00000, 0x0000000082000000, 0x0000000082000000|100%| O|  |TAMS 0x0000000082000000, 0x0000000081f00000| Untracked 
|   8|0x0000000082000000, 0x0000000082000000, 0x0000000082100000|  0%| F|  |TAMS 0x0000000082000000, 0x0000000082000000| Untracked 
|   9|0x0000000082100000, 0x0000000082200000, 0x0000000082200000|100%| O|  |TAMS 0x0000000082100000, 0x0000000082100000| Untracked 
|  10|0x0000000082200000, 0x0000000082300000, 0x0000000082300000|100%| O|  |TAMS 0x0000000082200000, 0x0000000082200000| Untracked 
|  11|0x0000000082300000, 0x0000000082400000, 0x0000000082400000|100%| O|  |TAMS 0x0000000082300000, 0x0000000082300000| Untracked 
|  12|0x0000000082400000, 0x0000000082400000, 0x0000000082500000|  0%| F|  |TAMS 0x0000000082400000, 0x0000000082400000| Untracked 
|  13|0x0000000082500000, 0x0000000082600000, 0x0000000082600000|100%| O|  |TAMS 0x0000000082600000, 0x0000000082500000| Untracked 
|  14|0x0000000082600000, 0x0000000082700000, 0x0000000082700000|100%| O|  |TAMS 0x0000000082700000, 0x0000000082600000| Untracked 
|  15|0x0000000082700000, 0x0000000082800000, 0x0000000082800000|100%| O|  |TAMS 0x0000000082800000, 0x0000000082700000| Untracked 
|  16|0x0000000082800000, 0x0000000082900000, 0x0000000082900000|100%| O|  |TAMS 0x0000000082800000, 0x0000000082800000| Untracked 
|  17|0x0000000082900000, 0x0000000082a00000, 0x0000000082a00000|100%| O|  |TAMS 0x0000000082a00000, 0x0000000082900000| Untracked 
|  18|0x0000000082a00000, 0x0000000082b00000, 0x0000000082b00000|100%| O|  |TAMS 0x0000000082a00000, 0x0000000082a00000| Untracked 
|  19|0x0000000082b00000, 0x0000000082bc2000, 0x0000000082c00000| 75%| O|  |TAMS 0x0000000082b00000, 0x0000000082b00000| Untracked 
|  20|0x0000000082c00000, 0x0000000082c00000, 0x0000000082d00000|  0%| F|  |TAMS 0x0000000082c00000, 0x0000000082c00000| Untracked 
|  21|0x0000000082d00000, 0x0000000082d00000, 0x0000000082e00000|  0%| F|  |TAMS 0x0000000082d00000, 0x0000000082d00000| Untracked 
|  22|0x0000000082e00000, 0x0000000082e00000, 0x0000000082f00000|  0%| F|  |TAMS 0x0000000082e00000, 0x0000000082e00000| Untracked 
|  23|0x0000000082f00000, 0x0000000082f00000, 0x0000000083000000|  0%| F|  |TAMS 0x0000000082f00000, 0x0000000082f00000| Untracked 
|  24|0x0000000083000000, 0x0000000083000000, 0x0000000083100000|  0%| F|  |TAMS 0x0000000083000000, 0x0000000083000000| Untracked 
|  25|0x0000000083100000, 0x0000000083100000, 0x0000000083200000|  0%| F|  |TAMS 0x0000000083100000, 0x0000000083100000| Untracked 
|  26|0x0000000083200000, 0x0000000083200000, 0x0000000083300000|  0%| F|  |TAMS 0x0000000083200000, 0x0000000083200000| Untracked 
|  27|0x0000000083300000, 0x0000000083300000, 0x0000000083400000|  0%| F|  |TAMS 0x0000000083300000, 0x0000000083300000| Untracked 
|  28|0x0000000083400000, 0x0000000083400000, 0x0000000083500000|  0%| F|  |TAMS 0x0000000083400000, 0x0000000083400000| Untracked 
|  29|0x0000000083500000, 0x0000000083500000, 0x0000000083600000|  0%| F|  |TAMS 0x0000000083500000, 0x0000000083500000| Untracked 
|  30|0x0000000083600000, 0x0000000083600000, 0x0000000083700000|  0%| F|  |TAMS 0x0000000083600000, 0x0000000083600000| Untracked 
|  31|0x0000000083700000, 0x0000000083700000, 0x0000000083800000|  0%| F|  |TAMS 0x0000000083700000, 0x0000000083700000| Untracked 
|  32|0x0000000083800000, 0x0000000083800000, 0x0000000083900000|  0%| F|  |TAMS 0x0000000083800000, 0x0000000083800000| Untracked 
|  33|0x0000000083900000, 0x0000000083900000, 0x0000000083a00000|  0%| F|  |TAMS 0x0000000083900000, 0x0000000083900000| Untracked 
|  34|0x0000000083a00000, 0x0000000083a00000, 0x0000000083b00000|  0%| F|  |TAMS 0x0000000083a00000, 0x0000000083a00000| Untracked 
|  35|0x0000000083b00000, 0x0000000083b00000, 0x0000000083c00000|  0%| F|  |TAMS 0x0000000083b00000, 0x0000000083b00000| Untracked 
|  36|0x0000000083c00000, 0x0000000083d00000, 0x0000000083d00000|100%| O|  |TAMS 0x0000000083d00000, 0x0000000083c00000| Untracked 
|  37|0x0000000083d00000, 0x0000000083e00000, 0x0000000083e00000|100%| O|  |TAMS 0x0000000083e00000, 0x0000000083d00000| Untracked 
|  38|0x0000000083e00000, 0x0000000083f00000, 0x0000000083f00000|100%| O|  |TAMS 0x0000000083f00000, 0x0000000083e00000| Untracked 
|  39|0x0000000083f00000, 0x0000000084000000, 0x0000000084000000|100%| O|  |TAMS 0x0000000084000000, 0x0000000083f00000| Untracked 
|  40|0x0000000084000000, 0x0000000084100000, 0x0000000084100000|100%| O|  |TAMS 0x0000000084100000, 0x0000000084000000| Untracked 
|  41|0x0000000084100000, 0x0000000084200000, 0x0000000084200000|100%| O|  |TAMS 0x0000000084200000, 0x0000000084100000| Untracked 
|  42|0x0000000084200000, 0x0000000084200000, 0x0000000084300000|  0%| F|  |TAMS 0x0000000084200000, 0x0000000084200000| Untracked 
|  43|0x0000000084300000, 0x0000000084400000, 0x0000000084400000|100%|HS|  |TAMS 0x0000000084400000, 0x0000000084300000| Complete 
|  44|0x0000000084400000, 0x0000000084500000, 0x0000000084500000|100%|HC|  |TAMS 0x0000000084500000, 0x0000000084400000| Complete 
|  45|0x0000000084500000, 0x0000000084500000, 0x0000000084600000|  0%| F|  |TAMS 0x0000000084500000, 0x0000000084500000| Untracked 
|  46|0x0000000084600000, 0x0000000084700000, 0x0000000084700000|100%| O|  |TAMS 0x0000000084700000, 0x0000000084600000| Untracked 
|  47|0x0000000084700000, 0x0000000084700000, 0x0000000084800000|  0%| F|  |TAMS 0x0000000084700000, 0x0000000084700000| Untracked 
|  48|0x0000000084800000, 0x0000000084900000, 0x0000000084900000|100%| O|  |TAMS 0x0000000084900000, 0x0000000084800000| Untracked 
|  49|0x0000000084900000, 0x0000000084a00000, 0x0000000084a00000|100%| O|  |TAMS 0x0000000084a00000, 0x0000000084900000| Untracked 
|  50|0x0000000084a00000, 0x0000000084a00000, 0x0000000084b00000|  0%| F|  |TAMS 0x0000000084a00000, 0x0000000084a00000| Untracked 
|  51|0x0000000084b00000, 0x0000000084b00000, 0x0000000084c00000|  0%| F|  |TAMS 0x0000000084b00000, 0x0000000084b00000| Untracked 
|  52|0x0000000084c00000, 0x0000000084d00000, 0x0000000084d00000|100%| O|  |TAMS 0x0000000084d00000, 0x0000000084c00000| Untracked 
|  53|0x0000000084d00000, 0x0000000084e00000, 0x0000000084e00000|100%| O|  |TAMS 0x0000000084e00000, 0x0000000084d00000| Untracked 
|  54|0x0000000084e00000, 0x0000000084e00000, 0x0000000084f00000|  0%| F|  |TAMS 0x0000000084e00000, 0x0000000084e00000| Untracked 
|  55|0x0000000084f00000, 0x0000000084f00000, 0x0000000085000000|  0%| F|  |TAMS 0x0000000084f00000, 0x0000000084f00000| Untracked 
|  56|0x0000000085000000, 0x0000000085000000, 0x0000000085100000|  0%| F|  |TAMS 0x0000000085000000, 0x0000000085000000| Untracked 
|  57|0x0000000085100000, 0x0000000085100000, 0x0000000085200000|  0%| F|  |TAMS 0x0000000085100000, 0x0000000085100000| Untracked 
|  58|0x0000000085200000, 0x0000000085200000, 0x0000000085300000|  0%| F|  |TAMS 0x0000000085200000, 0x0000000085200000| Untracked 
|  59|0x0000000085300000, 0x0000000085300000, 0x0000000085400000|  0%| F|  |TAMS 0x0000000085300000, 0x0000000085300000| Untracked 
|  60|0x0000000085400000, 0x0000000085400000, 0x0000000085500000|  0%| F|  |TAMS 0x0000000085400000, 0x0000000085400000| Untracked 
|  61|0x0000000085500000, 0x0000000085500000, 0x0000000085600000|  0%| F|  |TAMS 0x0000000085500000, 0x0000000085500000| Untracked 
|  62|0x0000000085600000, 0x0000000085600000, 0x0000000085700000|  0%| F|  |TAMS 0x0000000085600000, 0x0000000085600000| Untracked 
|  63|0x0000000085700000, 0x0000000085700000, 0x0000000085800000|  0%| F|  |TAMS 0x0000000085700000, 0x0000000085700000| Untracked 
|  64|0x0000000085800000, 0x0000000085800000, 0x0000000085900000|  0%| F|  |TAMS 0x0000000085800000, 0x0000000085800000| Untracked 
|  65|0x0000000085900000, 0x0000000085900000, 0x0000000085a00000|  0%| F|  |TAMS 0x0000000085900000, 0x0000000085900000| Untracked 
|  66|0x0000000085a00000, 0x0000000085a00000, 0x0000000085b00000|  0%| F|  |TAMS 0x0000000085a00000, 0x0000000085a00000| Untracked 
|  67|0x0000000085b00000, 0x0000000085b00000, 0x0000000085c00000|  0%| F|  |TAMS 0x0000000085b00000, 0x0000000085b00000| Untracked 
|  68|0x0000000085c00000, 0x0000000085c00000, 0x0000000085d00000|  0%| F|  |TAMS 0x0000000085c00000, 0x0000000085c00000| Untracked 
|  69|0x0000000085d00000, 0x0000000085d00000, 0x0000000085e00000|  0%| F|  |TAMS 0x0000000085d00000, 0x0000000085d00000| Untracked 
|  70|0x0000000085e00000, 0x0000000085e00000, 0x0000000085f00000|  0%| F|  |TAMS 0x0000000085e00000, 0x0000000085e00000| Untracked 
|  71|0x0000000085f00000, 0x0000000085f00000, 0x0000000086000000|  0%| F|  |TAMS 0x0000000085f00000, 0x0000000085f00000| Untracked 
|  72|0x0000000086000000, 0x0000000086000000, 0x0000000086100000|  0%| F|  |TAMS 0x0000000086000000, 0x0000000086000000| Untracked 
|  73|0x0000000086100000, 0x0000000086100000, 0x0000000086200000|  0%| F|  |TAMS 0x0000000086100000, 0x0000000086100000| Untracked 
|  74|0x0000000086200000, 0x0000000086200000, 0x0000000086300000|  0%| F|  |TAMS 0x0000000086200000, 0x0000000086200000| Untracked 
|  75|0x0000000086300000, 0x0000000086300000, 0x0000000086400000|  0%| F|  |TAMS 0x0000000086300000, 0x0000000086300000| Untracked 
|  76|0x0000000086400000, 0x0000000086400000, 0x0000000086500000|  0%| F|  |TAMS 0x0000000086400000, 0x0000000086400000| Untracked 
|  77|0x0000000086500000, 0x0000000086500000, 0x0000000086600000|  0%| F|  |TAMS 0x0000000086500000, 0x0000000086500000| Untracked 
|  78|0x0000000086600000, 0x0000000086600000, 0x0000000086700000|  0%| F|  |TAMS 0x0000000086600000, 0x0000000086600000| Untracked 
|  79|0x0000000086700000, 0x0000000086700000, 0x0000000086800000|  0%| F|  |TAMS 0x0000000086700000, 0x0000000086700000| Untracked 
|  80|0x0000000086800000, 0x0000000086800000, 0x0000000086900000|  0%| F|  |TAMS 0x0000000086800000, 0x0000000086800000| Untracked 
|  81|0x0000000086900000, 0x0000000086900000, 0x0000000086a00000|  0%| F|  |TAMS 0x0000000086900000, 0x0000000086900000| Untracked 
|  82|0x0000000086a00000, 0x0000000086a00000, 0x0000000086b00000|  0%| F|  |TAMS 0x0000000086a00000, 0x0000000086a00000| Untracked 
|  83|0x0000000086b00000, 0x0000000086b00000, 0x0000000086c00000|  0%| F|  |TAMS 0x0000000086b00000, 0x0000000086b00000| Untracked 
|  84|0x0000000086c00000, 0x0000000086c00000, 0x0000000086d00000|  0%| F|  |TAMS 0x0000000086c00000, 0x0000000086c00000| Untracked 
|  85|0x0000000086d00000, 0x0000000086d00000, 0x0000000086e00000|  0%| F|  |TAMS 0x0000000086d00000, 0x0000000086d00000| Untracked 
|  86|0x0000000086e00000, 0x0000000086e00000, 0x0000000086f00000|  0%| F|  |TAMS 0x0000000086e00000, 0x0000000086e00000| Untracked 
|  87|0x0000000086f00000, 0x0000000086f00000, 0x0000000087000000|  0%| F|  |TAMS 0x0000000086f00000, 0x0000000086f00000| Untracked 
|  88|0x0000000087000000, 0x0000000087000000, 0x0000000087100000|  0%| F|  |TAMS 0x0000000087000000, 0x0000000087000000| Untracked 
|  89|0x0000000087100000, 0x000000008716ca50, 0x0000000087200000| 42%| S|CS|TAMS 0x0000000087100000, 0x0000000087100000| Complete 
|  90|0x0000000087200000, 0x0000000087200000, 0x0000000087300000|  0%| F|  |TAMS 0x0000000087200000, 0x0000000087200000| Untracked 
|  91|0x0000000087300000, 0x0000000087300000, 0x0000000087400000|  0%| F|  |TAMS 0x0000000087300000, 0x0000000087300000| Untracked 
|  92|0x0000000087400000, 0x0000000087400000, 0x0000000087500000|  0%| F|  |TAMS 0x0000000087400000, 0x0000000087400000| Untracked 
|  93|0x0000000087500000, 0x0000000087500000, 0x0000000087600000|  0%| F|  |TAMS 0x0000000087500000, 0x0000000087500000| Untracked 
|  94|0x0000000087600000, 0x0000000087600000, 0x0000000087700000|  0%| F|  |TAMS 0x0000000087600000, 0x0000000087600000| Untracked 
|  95|0x0000000087700000, 0x0000000087700000, 0x0000000087800000|  0%| F|  |TAMS 0x0000000087700000, 0x0000000087700000| Untracked 
|  96|0x0000000087800000, 0x0000000087800000, 0x0000000087900000|  0%| F|  |TAMS 0x0000000087800000, 0x0000000087800000| Untracked 
|  97|0x0000000087900000, 0x0000000087900000, 0x0000000087a00000|  0%| F|  |TAMS 0x0000000087900000, 0x0000000087900000| Untracked 
|  98|0x0000000087a00000, 0x0000000087a00000, 0x0000000087b00000|  0%| F|  |TAMS 0x0000000087a00000, 0x0000000087a00000| Untracked 
|  99|0x0000000087b00000, 0x0000000087b00000, 0x0000000087c00000|  0%| F|  |TAMS 0x0000000087b00000, 0x0000000087b00000| Untracked 
| 100|0x0000000087c00000, 0x0000000087c00000, 0x0000000087d00000|  0%| F|  |TAMS 0x0000000087c00000, 0x0000000087c00000| Untracked 
| 101|0x0000000087d00000, 0x0000000087d00000, 0x0000000087e00000|  0%| F|  |TAMS 0x0000000087d00000, 0x0000000087d00000| Untracked 
| 102|0x0000000087e00000, 0x0000000087e00000, 0x0000000087f00000|  0%| F|  |TAMS 0x0000000087e00000, 0x0000000087e00000| Untracked 
| 103|0x0000000087f00000, 0x0000000087f00000, 0x0000000088000000|  0%| F|  |TAMS 0x0000000087f00000, 0x0000000087f00000| Untracked 
| 104|0x0000000088000000, 0x0000000088000000, 0x0000000088100000|  0%| F|  |TAMS 0x0000000088000000, 0x0000000088000000| Untracked 
| 105|0x0000000088100000, 0x0000000088100000, 0x0000000088200000|  0%| F|  |TAMS 0x0000000088100000, 0x0000000088100000| Untracked 
| 106|0x0000000088200000, 0x0000000088200000, 0x0000000088300000|  0%| F|  |TAMS 0x0000000088200000, 0x0000000088200000| Untracked 
| 107|0x0000000088300000, 0x0000000088300000, 0x0000000088400000|  0%| F|  |TAMS 0x0000000088300000, 0x0000000088300000| Untracked 
| 108|0x0000000088400000, 0x0000000088400000, 0x0000000088500000|  0%| F|  |TAMS 0x0000000088400000, 0x0000000088400000| Untracked 
| 109|0x0000000088500000, 0x0000000088500000, 0x0000000088600000|  0%| F|  |TAMS 0x0000000088500000, 0x0000000088500000| Untracked 
| 110|0x0000000088600000, 0x0000000088600000, 0x0000000088700000|  0%| F|  |TAMS 0x0000000088600000, 0x0000000088600000| Untracked 
| 111|0x0000000088700000, 0x0000000088700000, 0x0000000088800000|  0%| F|  |TAMS 0x0000000088700000, 0x0000000088700000| Untracked 
| 112|0x0000000088800000, 0x0000000088800000, 0x0000000088900000|  0%| F|  |TAMS 0x0000000088800000, 0x0000000088800000| Untracked 
| 113|0x0000000088900000, 0x0000000088900000, 0x0000000088a00000|  0%| F|  |TAMS 0x0000000088900000, 0x0000000088900000| Untracked 
| 114|0x0000000088a00000, 0x0000000088a00000, 0x0000000088b00000|  0%| F|  |TAMS 0x0000000088a00000, 0x0000000088a00000| Untracked 
| 115|0x0000000088b00000, 0x0000000088b00000, 0x0000000088c00000|  0%| F|  |TAMS 0x0000000088b00000, 0x0000000088b00000| Untracked 
| 116|0x0000000088c00000, 0x0000000088c00000, 0x0000000088d00000|  0%| F|  |TAMS 0x0000000088c00000, 0x0000000088c00000| Untracked 
| 117|0x0000000088d00000, 0x0000000088d00000, 0x0000000088e00000|  0%| F|  |TAMS 0x0000000088d00000, 0x0000000088d00000| Untracked 
| 118|0x0000000088e00000, 0x0000000088e00000, 0x0000000088f00000|  0%| F|  |TAMS 0x0000000088e00000, 0x0000000088e00000| Untracked 
| 119|0x0000000088f00000, 0x0000000088f00000, 0x0000000089000000|  0%| F|  |TAMS 0x0000000088f00000, 0x0000000088f00000| Untracked 
| 120|0x0000000089000000, 0x0000000089000000, 0x0000000089100000|  0%| F|  |TAMS 0x0000000089000000, 0x0000000089000000| Untracked 
| 121|0x0000000089100000, 0x0000000089100000, 0x0000000089200000|  0%| F|  |TAMS 0x0000000089100000, 0x0000000089100000| Untracked 
| 122|0x0000000089200000, 0x0000000089200000, 0x0000000089300000|  0%| F|  |TAMS 0x0000000089200000, 0x0000000089200000| Untracked 
| 123|0x0000000089300000, 0x0000000089300000, 0x0000000089400000|  0%| F|  |TAMS 0x0000000089300000, 0x0000000089300000| Untracked 
| 124|0x0000000089400000, 0x0000000089400000, 0x0000000089500000|  0%| F|  |TAMS 0x0000000089400000, 0x0000000089400000| Untracked 
| 125|0x0000000089500000, 0x0000000089500000, 0x0000000089600000|  0%| F|  |TAMS 0x0000000089500000, 0x0000000089500000| Untracked 
| 126|0x0000000089600000, 0x0000000089600000, 0x0000000089700000|  0%| F|  |TAMS 0x0000000089600000, 0x0000000089600000| Untracked 
| 127|0x0000000089700000, 0x0000000089700000, 0x0000000089800000|  0%| F|  |TAMS 0x0000000089700000, 0x0000000089700000| Untracked 
|2021|0x00000000ffd00000, 0x00000000ffe00000, 0x00000000ffe00000|100%| O|  |TAMS 0x00000000ffe00000, 0x00000000ffd00000| Untracked 
|2022|0x00000000ffe00000, 0x00000000ffe00000, 0x00000000fff00000|  0%| F|  |TAMS 0x00000000ffe00000, 0x00000000ffe00000| Untracked 
|2023|0x00000000fff00000, 0x00000000fff00000, 0x0000000100000000|  0%| F|  |TAMS 0x00000000fff00000, 0x00000000fff00000| Untracked 

Card table byte_map: [0x00000264e3b00000,0x00000264e3f00000] _byte_map_base: 0x00000264e36f4000

Marking Bits (Prev, Next): (CMBitMap*) 0x00000264cce215c0, (CMBitMap*) 0x00000264cce21580
 Prev Bits: [0x00000264e62a0000, 0x00000264e8240000)
 Next Bits: [0x00000264e4300000, 0x00000264e62a0000)

Polling page: 0x00000264cc590000

Metaspace:

Usage:
  Non-class:     26.82 MB used.
      Class:      3.16 MB used.
       Both:     29.98 MB used.

Virtual space:
  Non-class space:       64.00 MB reserved,      27.06 MB ( 42%) committed,  1 nodes.
      Class space:        1.00 GB reserved,       3.50 MB ( <1%) committed,  1 nodes.
             Both:        1.06 GB reserved,      30.56 MB (  3%) committed. 

Chunk freelists:
   Non-Class:  960.00 KB
       Class:  593.00 KB
        Both:  1.52 MB

MaxMetaspaceSize: unlimited
CompressedClassSpaceSize: 1.00 GB
Initial GC threshold: 21.00 MB
Current GC threshold: 49.94 MB
CDS: on
MetaspaceReclaimPolicy: balanced
 - commit_granule_bytes: 65536.
 - commit_granule_words: 8192.
 - virtual_space_node_default_size: 8388608.
 - enlarge_chunks_in_place: 1.
 - new_chunks_are_fully_committed: 0.
 - uncommit_free_chunks: 1.
 - use_allocation_guard: 0.


Internal statistics:

num_allocs_failed_limit: 3.
num_arena_births: 642.
num_arena_deaths: 4.
num_vsnodes_births: 2.
num_vsnodes_deaths: 0.
num_space_committed: 504.
num_space_uncommitted: 7.
num_chunks_returned_to_freelist: 97.
num_chunks_taken_from_freelist: 1851.
num_chunk_merges: 23.
num_chunk_splits: 1271.
num_chunks_enlarged: 929.
num_inconsistent_stats: 0.

CodeHeap 'non-profiled nmethods': size=120000Kb used=3914Kb max_used=4242Kb free=116085Kb
 bounds [0x00000264dc1d0000, 0x00000264dc600000, 0x00000264e3700000]
CodeHeap 'profiled nmethods': size=120000Kb used=15761Kb max_used=16893Kb free=104238Kb
 bounds [0x00000264d4ca0000, 0x00000264d5d40000, 0x00000264dc1d0000]
CodeHeap 'non-nmethods': size=5760Kb used=1251Kb max_used=1314Kb free=4508Kb
 bounds [0x00000264d4700000, 0x00000264d4970000, 0x00000264d4ca0000]
 total_blobs=7917 nmethods=7365 adapters=463
 compilation: enabled
              stopped_count=0, restarted_count=0
 full_count=0

Compilation events (20 events):
Event: 14.241 Thread 0x00000264ea6c9100 8832       3       org.codehaus.plexus.util.xml.XmlReader::getXMLGuessEncoding (188 bytes)
Event: 14.241 Thread 0x00000264ea6c9100 nmethod 8832 0x00000264d4d46d10 code [0x00000264d4d46fc0, 0x00000264d4d47cf8]
Event: 14.241 Thread 0x00000264ea6c9100 8834       3       org.codehaus.plexus.util.xml.XmlReader::calculateRawEncoding (344 bytes)
Event: 14.241 Thread 0x00000264eee817e0 nmethod 8828 0x00000264dc410290 code [0x00000264dc410460, 0x00000264dc410ba0]
Event: 14.241 Thread 0x00000264eee817e0 8830       4       java.util.concurrent.ConcurrentHashMap$KeyIterator::next (34 bytes)
Event: 14.242 Thread 0x00000264ea6c9100 nmethod 8834 0x00000264d5a0c990 code [0x00000264d5a0cde0, 0x00000264d5a0f728]
Event: 14.242 Thread 0x00000264ea6c9100 8835       3       org.codehaus.plexus.util.xml.XmlReader::prepareReader (19 bytes)
Event: 14.242 Thread 0x00000264ea6c9100 nmethod 8835 0x00000264d4f58b90 code [0x00000264d4f58d80, 0x00000264d4f59408]
Event: 14.242 Thread 0x00000264ea6c9100 8836       1       org.apache.maven.model.MailingList::setPost (6 bytes)
Event: 14.242 Thread 0x00000264ea6c9100 nmethod 8836 0x00000264dc2fe910 code [0x00000264dc2feaa0, 0x00000264dc2febb8]
Event: 14.244 Thread 0x00000264ea6c9100 8838       3       org.apache.maven.RepositoryUtils::toProxy (56 bytes)
Event: 14.244 Thread 0x00000264ea6c9100 nmethod 8838 0x00000264d530a110 code [0x00000264d530a340, 0x00000264d530a9d8]
Event: 14.245 Thread 0x00000264ea6c9100 8840   !   3       org.eclipse.aether.internal.impl.TrackingFileManager::close (27 bytes)
Event: 14.245 Thread 0x00000264ea6c9100 nmethod 8840 0x00000264d4f84590 code [0x00000264d4f84760, 0x00000264d4f84a98]
Event: 14.246 Thread 0x00000264eee817e0 nmethod 8830 0x00000264dc2fe110 code [0x00000264dc2fe2a0, 0x00000264dc2fe6f8]
Event: 14.246 Thread 0x00000264eee817e0 8839       4       java.util.Formatter$FormatSpecifier::<init> (77 bytes)
Event: 14.246 Thread 0x00000264ea6c9100 8841       3       org.apache.maven.model.merge.ModelMerger::mergeOrganization_Name (41 bytes)
Event: 14.247 Thread 0x00000264ea6c9100 nmethod 8841 0x00000264d4ffec90 code [0x00000264d4ffee60, 0x00000264d4fff1b8]
Event: 14.247 Thread 0x00000264ea6c9100 8842       3       org.apache.maven.model.merge.ModelMerger::mergeOrganization_Url (41 bytes)
Event: 14.247 Thread 0x00000264ea6c9100 nmethod 8842 0x00000264d518e210 code [0x00000264d518e3e0, 0x00000264d518e738]

GC Heap History (20 events):
Event: 11.373 GC heap after
{Heap after GC invocations=18 (full 0):
 garbage-first heap   total 75776K, used 38926K [0x0000000081800000, 0x0000000100000000)
  region size 1024K, 2 young (2048K), 2 survivors (2048K)
 Metaspace       used 27161K, committed 27712K, reserved 1114112K
  class space    used 2916K, committed 3200K, reserved 1048576K
}
Event: 11.507 GC heap before
{Heap before GC invocations=18 (full 0):
 garbage-first heap   total 75776K, used 61454K [0x0000000081800000, 0x0000000100000000)
  region size 1024K, 24 young (24576K), 2 survivors (2048K)
 Metaspace       used 27273K, committed 27776K, reserved 1114112K
  class space    used 2919K, committed 3200K, reserved 1048576K
}
Event: 11.512 GC heap after
{Heap after GC invocations=19 (full 0):
 garbage-first heap   total 91136K, used 39591K [0x0000000081800000, 0x0000000100000000)
  region size 1024K, 2 young (2048K), 2 survivors (2048K)
 Metaspace       used 27273K, committed 27776K, reserved 1114112K
  class space    used 2919K, committed 3200K, reserved 1048576K
}
Event: 12.515 GC heap before
{Heap before GC invocations=20 (full 0):
 garbage-first heap   total 91136K, used 73383K [0x0000000081800000, 0x0000000100000000)
  region size 1024K, 36 young (36864K), 2 survivors (2048K)
 Metaspace       used 29408K, committed 29952K, reserved 1114112K
  class space    used 3136K, committed 3392K, reserved 1048576K
}
Event: 12.522 GC heap after
{Heap after GC invocations=21 (full 0):
 garbage-first heap   total 91136K, used 41812K [0x0000000081800000, 0x0000000100000000)
  region size 1024K, 5 young (5120K), 5 survivors (5120K)
 Metaspace       used 29408K, committed 29952K, reserved 1114112K
  class space    used 3136K, committed 3392K, reserved 1048576K
}
Event: 13.042 GC heap before
{Heap before GC invocations=21 (full 0):
 garbage-first heap   total 91136K, used 73556K [0x0000000081800000, 0x0000000100000000)
  region size 1024K, 36 young (36864K), 5 survivors (5120K)
 Metaspace       used 29541K, committed 30080K, reserved 1114112K
  class space    used 3147K, committed 3392K, reserved 1048576K
}
Event: 13.054 GC heap after
{Heap after GC invocations=22 (full 0):
 garbage-first heap   total 91136K, used 51540K [0x0000000081800000, 0x0000000100000000)
  region size 1024K, 5 young (5120K), 5 survivors (5120K)
 Metaspace       used 29541K, committed 30080K, reserved 1114112K
  class space    used 3147K, committed 3392K, reserved 1048576K
}
Event: 13.114 GC heap before
{Heap before GC invocations=22 (full 0):
 garbage-first heap   total 91136K, used 55636K [0x0000000081800000, 0x0000000100000000)
  region size 1024K, 10 young (10240K), 5 survivors (5120K)
 Metaspace       used 29554K, committed 30080K, reserved 1114112K
  class space    used 3147K, committed 3392K, reserved 1048576K
}
Event: 13.118 GC heap after
{Heap after GC invocations=23 (full 0):
 garbage-first heap   total 91136K, used 53488K [0x0000000081800000, 0x0000000100000000)
  region size 1024K, 2 young (2048K), 2 survivors (2048K)
 Metaspace       used 29554K, committed 30080K, reserved 1114112K
  class space    used 3147K, committed 3392K, reserved 1048576K
}
Event: 13.347 GC heap before
{Heap before GC invocations=24 (full 0):
 garbage-first heap   total 97280K, used 70896K [0x0000000081800000, 0x0000000100000000)
  region size 1024K, 18 young (18432K), 2 survivors (2048K)
 Metaspace       used 30372K, committed 30912K, reserved 1114112K
  class space    used 3242K, committed 3520K, reserved 1048576K
}
Event: 13.349 GC heap after
{Heap after GC invocations=25 (full 0):
 garbage-first heap   total 97280K, used 55686K [0x0000000081800000, 0x0000000100000000)
  region size 1024K, 2 young (2048K), 2 survivors (2048K)
 Metaspace       used 30372K, committed 30912K, reserved 1114112K
  class space    used 3242K, committed 3520K, reserved 1048576K
}
Event: 13.364 GC heap before
{Heap before GC invocations=25 (full 0):
 garbage-first heap   total 97280K, used 57734K [0x0000000081800000, 0x0000000100000000)
  region size 1024K, 4 young (4096K), 2 survivors (2048K)
 Metaspace       used 30471K, committed 30976K, reserved 1114112K
  class space    used 3256K, committed 3520K, reserved 1048576K
}
Event: 13.367 GC heap after
{Heap after GC invocations=26 (full 0):
 garbage-first heap   total 97280K, used 48826K [0x0000000081800000, 0x0000000100000000)
  region size 1024K, 1 young (1024K), 1 survivors (1024K)
 Metaspace       used 30471K, committed 30976K, reserved 1114112K
  class space    used 3256K, committed 3520K, reserved 1048576K
}
Event: 13.641 GC heap before
{Heap before GC invocations=26 (full 0):
 garbage-first heap   total 97280K, used 71354K [0x0000000081800000, 0x0000000100000000)
  region size 1024K, 24 young (24576K), 1 survivors (1024K)
 Metaspace       used 31014K, committed 31616K, reserved 1114112K
  class space    used 3303K, committed 3584K, reserved 1048576K
}
Event: 13.644 GC heap after
{Heap after GC invocations=27 (full 0):
 garbage-first heap   total 97280K, used 49969K [0x0000000081800000, 0x0000000100000000)
  region size 1024K, 2 young (2048K), 2 survivors (2048K)
 Metaspace       used 31014K, committed 31616K, reserved 1114112K
  class space    used 3303K, committed 3584K, reserved 1048576K
}
Event: 14.216 GC heap before
{Heap before GC invocations=28 (full 0):
 garbage-first heap   total 97280K, used 73521K [0x0000000081800000, 0x0000000100000000)
  region size 1024K, 26 young (26624K), 2 survivors (2048K)
 Metaspace       used 30684K, committed 31296K, reserved 1114112K
  class space    used 3237K, committed 3584K, reserved 1048576K
}
Event: 14.221 GC heap after
{Heap after GC invocations=29 (full 0):
 garbage-first heap   total 97280K, used 50782K [0x0000000081800000, 0x0000000100000000)
  region size 1024K, 4 young (4096K), 4 survivors (4096K)
 Metaspace       used 30684K, committed 31296K, reserved 1114112K
  class space    used 3237K, committed 3584K, reserved 1048576K
}
Event: 14.226 GC heap before
{Heap before GC invocations=29 (full 0):
 garbage-first heap   total 97280K, used 51806K [0x0000000081800000, 0x0000000100000000)
  region size 1024K, 5 young (5120K), 4 survivors (4096K)
 Metaspace       used 30692K, committed 31296K, reserved 1114112K
  class space    used 3237K, committed 3584K, reserved 1048576K
}
Event: 14.231 GC heap after
{Heap after GC invocations=30 (full 0):
 garbage-first heap   total 97280K, used 41071K [0x0000000081800000, 0x0000000100000000)
  region size 1024K, 1 young (1024K), 1 survivors (1024K)
 Metaspace       used 30692K, committed 31296K, reserved 1114112K
  class space    used 3237K, committed 3584K, reserved 1048576K
}
Event: 14.247 GC heap before
{Heap before GC invocations=30 (full 0):
 garbage-first heap   total 97280K, used 44143K [0x0000000081800000, 0x0000000100000000)
  region size 1024K, 4 young (4096K), 1 survivors (1024K)
 Metaspace       used 30695K, committed 31296K, reserved 1114112K
  class space    used 3237K, committed 3584K, reserved 1048576K
}

Deoptimization events (20 events):
Event: 13.811 Thread 0x00000264ccdc1390 Uncommon trap: trap_request=0xffffffde fr.pc=0x00000264dc27a070 relative=0x0000000000000470
Event: 13.811 Thread 0x00000264ccdc1390 Uncommon trap: reason=class_check action=maybe_recompile pc=0x00000264dc27a070 method=com.google.inject.internal.MoreTypes.getRawType(Ljava/lang/reflect/Type;)Ljava/lang/Class; @ 13 c2
Event: 13.811 Thread 0x00000264ccdc1390 DEOPT PACKING pc=0x00000264dc27a070 sp=0x000000ea81ffe4e0
Event: 13.811 Thread 0x00000264ccdc1390 DEOPT UNPACKING pc=0x00000264d47523a3 sp=0x000000ea81ffe428 mode 2
Event: 13.811 Thread 0x00000264ccdc1390 Uncommon trap: trap_request=0xffffffde fr.pc=0x00000264dc27a070 relative=0x0000000000000470
Event: 13.811 Thread 0x00000264ccdc1390 Uncommon trap: reason=class_check action=maybe_recompile pc=0x00000264dc27a070 method=com.google.inject.internal.MoreTypes.getRawType(Ljava/lang/reflect/Type;)Ljava/lang/Class; @ 13 c2
Event: 13.811 Thread 0x00000264ccdc1390 DEOPT PACKING pc=0x00000264dc27a070 sp=0x000000ea81ffe4e0
Event: 13.811 Thread 0x00000264ccdc1390 DEOPT UNPACKING pc=0x00000264d47523a3 sp=0x000000ea81ffe428 mode 2
Event: 13.832 Thread 0x00000264ccdc1390 Uncommon trap: trap_request=0xffffffde fr.pc=0x00000264dc27a070 relative=0x0000000000000470
Event: 13.832 Thread 0x00000264ccdc1390 Uncommon trap: reason=class_check action=maybe_recompile pc=0x00000264dc27a070 method=com.google.inject.internal.MoreTypes.getRawType(Ljava/lang/reflect/Type;)Ljava/lang/Class; @ 13 c2
Event: 13.832 Thread 0x00000264ccdc1390 DEOPT PACKING pc=0x00000264dc27a070 sp=0x000000ea81ffe4e0
Event: 13.832 Thread 0x00000264ccdc1390 DEOPT UNPACKING pc=0x00000264d47523a3 sp=0x000000ea81ffe428 mode 2
Event: 13.934 Thread 0x00000264ccdc1390 Uncommon trap: trap_request=0xffffff45 fr.pc=0x00000264dc3cd064 relative=0x00000000000007a4
Event: 13.934 Thread 0x00000264ccdc1390 Uncommon trap: reason=unstable_if action=reinterpret pc=0x00000264dc3cd064 method=org.codehaus.plexus.classworlds.realm.Entry.matches(Ljava/lang/String;)Z @ 20 c2
Event: 13.934 Thread 0x00000264ccdc1390 DEOPT PACKING pc=0x00000264dc3cd064 sp=0x000000ea81ffe260
Event: 13.934 Thread 0x00000264ccdc1390 DEOPT UNPACKING pc=0x00000264d47523a3 sp=0x000000ea81ffe1e8 mode 2
Event: 14.140 Thread 0x00000264f01f9c20 DEOPT PACKING pc=0x00000264d54dc383 sp=0x000000ea839fe5d0
Event: 14.140 Thread 0x00000264f01f9c20 DEOPT UNPACKING pc=0x00000264d4752b43 sp=0x000000ea839fda40 mode 0
Event: 14.140 Thread 0x00000264f01f9c20 DEOPT PACKING pc=0x00000264d571c431 sp=0x000000ea839ff480
Event: 14.140 Thread 0x00000264f01f9c20 DEOPT UNPACKING pc=0x00000264d4752b43 sp=0x000000ea839fe8d8 mode 3

Classes loaded (20 events):
Event: 14.063 Loading class java/nio/file/WatchEvent$Modifier
Event: 14.063 Loading class java/nio/file/WatchEvent$Modifier done
Event: 14.119 Loading class java/util/concurrent/CountDownLatch
Event: 14.138 Loading class java/util/concurrent/CountDownLatch done
Event: 14.138 Loading class java/util/concurrent/CountDownLatch$Sync
Event: 14.138 Loading class java/util/concurrent/CountDownLatch$Sync done
Event: 14.139 Loading class java/util/concurrent/ThreadPoolExecutor$Worker
Event: 14.139 Loading class java/util/concurrent/ThreadPoolExecutor$Worker done
Event: 14.139 Loading class java/lang/Thread$State
Event: 14.139 Loading class java/lang/Thread$State done
Event: 14.139 Loading class java/util/concurrent/locks/AbstractQueuedSynchronizer$SharedNode
Event: 14.140 Loading class java/util/concurrent/locks/AbstractQueuedSynchronizer$SharedNode done
Event: 14.140 Loading class java/util/concurrent/locks/AbstractQueuedSynchronizer$ExclusiveNode
Event: 14.140 Loading class java/util/concurrent/locks/AbstractQueuedSynchronizer$ConditionNode
Event: 14.140 Loading class java/util/concurrent/locks/AbstractQueuedSynchronizer$ExclusiveNode done
Event: 14.140 Loading class java/util/concurrent/locks/AbstractQueuedSynchronizer$ConditionNode done
Event: 14.142 Loading class java/util/jar/JarOutputStream
Event: 14.142 Loading class java/util/zip/ZipOutputStream
Event: 14.155 Loading class java/util/zip/ZipOutputStream done
Event: 14.155 Loading class java/util/jar/JarOutputStream done

Classes unloaded (20 events):
Event: 13.679 Thread 0x00000264ea6979e0 Unloading class 0x0000000800edabd0 'lombok/javac/apt/LombokFileObject'
Event: 13.679 Thread 0x00000264ea6979e0 Unloading class 0x0000000800eda9e0 'lombok/javac/apt/LombokFileObjects'
Event: 13.679 Thread 0x00000264ea6979e0 Unloading class 0x0000000800eda7b8 'lombok/javac/apt/MessagerDiagnosticsReceiver'
Event: 13.679 Thread 0x00000264ea6979e0 Unloading class 0x0000000800eda400 'lombok/javac/apt/InterceptingJavaFileManager'
Event: 13.679 Thread 0x00000264ea6979e0 Unloading class 0x0000000800eda208 'lombok/permit/dummy/Parent'
Event: 13.679 Thread 0x00000264ea6979e0 Unloading class 0x0000000800eda000 'lombok/core/CleanupRegistry'
Event: 13.679 Thread 0x00000264ea6979e0 Unloading class 0x0000000800ed9cc8 'lombok/permit/Permit$Fake'
Event: 13.679 Thread 0x00000264ea6979e0 Unloading class 0x0000000800ed9ad8 'lombok/permit/Permit'
Event: 13.679 Thread 0x00000264ea6979e0 Unloading class 0x0000000800ed9800 'lombok/javac/apt/LombokProcessor$1'
Event: 13.679 Thread 0x00000264ea6979e0 Unloading class 0x0000000800ed8d28 'lombok/core/DiagnosticsReceiver'
Event: 13.679 Thread 0x00000264ea6979e0 Unloading class 0x0000000800ed8aa0 'lombok/javac/apt/LombokProcessor'
Event: 13.679 Thread 0x00000264ea6979e0 Unloading class 0x0000000800ed8880 'lombok/core/AnnotationProcessor$EcjDescriptor'
Event: 13.679 Thread 0x00000264ea6979e0 Unloading class 0x0000000800ed8658 'lombok/core/AnnotationProcessor$JavacDescriptor'
Event: 13.679 Thread 0x00000264ea6979e0 Unloading class 0x0000000800ed8270 'lombok/core/AnnotationProcessor$ProcessorDescriptor'
Event: 13.679 Thread 0x00000264ea6979e0 Unloading class 0x0000000800ed8000 'lombok/core/AnnotationProcessor'
Event: 13.679 Thread 0x00000264ea6979e0 Unloading class 0x0000000800ed91f0 'lombok/launch/AnnotationProcessorHider$ClaimingProcessor'
Event: 13.679 Thread 0x00000264ea6979e0 Unloading class 0x0000000800ed9000 'lombok/launch/AnnotationProcessorHider$AstModificationNotifierData'
Event: 13.679 Thread 0x00000264ea6979e0 Unloading class 0x0000000800eac460 'lombok/launch/ShadowClassLoader'
Event: 13.679 Thread 0x00000264ea6979e0 Unloading class 0x0000000800eac270 'lombok/launch/Main'
Event: 13.679 Thread 0x00000264ea6979e0 Unloading class 0x0000000800eac000 'lombok/launch/AnnotationProcessorHider$AnnotationProcessor'

Classes redefined (0 events):
No events

Internal exceptions (20 events):
Event: 13.441 Thread 0x00000264ccdc1390 Exception <a 'sun/nio/fs/WindowsException'{0x0000000086cabe18}> (0x0000000086cabe18) 
thrown [s\open\src\hotspot\share\prims\jni.cpp, line 516]
Event: 13.441 Thread 0x00000264ccdc1390 Exception <a 'sun/nio/fs/WindowsException'{0x0000000086caddc8}> (0x0000000086caddc8) 
thrown [s\open\src\hotspot\share\prims\jni.cpp, line 516]
Event: 13.441 Thread 0x00000264ccdc1390 Exception <a 'sun/nio/fs/WindowsException'{0x0000000086cae0f8}> (0x0000000086cae0f8) 
thrown [s\open\src\hotspot\share\prims\jni.cpp, line 516]
Event: 13.441 Thread 0x00000264ccdc1390 Exception <a 'sun/nio/fs/WindowsException'{0x0000000086cb3bd0}> (0x0000000086cb3bd0) 
thrown [s\open\src\hotspot\share\prims\jni.cpp, line 516]
Event: 13.441 Thread 0x00000264ccdc1390 Exception <a 'sun/nio/fs/WindowsException'{0x0000000086cb3ec0}> (0x0000000086cb3ec0) 
thrown [s\open\src\hotspot\share\prims\jni.cpp, line 516]
Event: 13.441 Thread 0x00000264ccdc1390 Exception <a 'sun/nio/fs/WindowsException'{0x0000000086cbe140}> (0x0000000086cbe140) 
thrown [s\open\src\hotspot\share\prims\jni.cpp, line 516]
Event: 13.441 Thread 0x00000264ccdc1390 Exception <a 'sun/nio/fs/WindowsException'{0x0000000086cbe470}> (0x0000000086cbe470) 
thrown [s\open\src\hotspot\share\prims\jni.cpp, line 516]
Event: 13.441 Thread 0x00000264ccdc1390 Exception <a 'sun/nio/fs/WindowsException'{0x0000000086cc0438}> (0x0000000086cc0438) 
thrown [s\open\src\hotspot\share\prims\jni.cpp, line 516]
Event: 13.441 Thread 0x00000264ccdc1390 Exception <a 'sun/nio/fs/WindowsException'{0x0000000086cc0828}> (0x0000000086cc0828) 
thrown [s\open\src\hotspot\share\prims\jni.cpp, line 516]
Event: 13.448 Thread 0x00000264ccdc1390 Exception <a 'sun/nio/fs/WindowsException'{0x0000000086babc40}> (0x0000000086babc40) 
thrown [s\open\src\hotspot\share\prims\jni.cpp, line 516]
Event: 13.448 Thread 0x00000264ccdc1390 Exception <a 'sun/nio/fs/WindowsException'{0x0000000086bac2d8}> (0x0000000086bac2d8) 
thrown [s\open\src\hotspot\share\prims\jni.cpp, line 516]
Event: 13.448 Thread 0x00000264ccdc1390 Exception <a 'sun/nio/fs/WindowsException'{0x0000000086bacab8}> (0x0000000086bacab8) 
thrown [s\open\src\hotspot\share\prims\jni.cpp, line 516]
Event: 13.839 Thread 0x00000264ccdc1390 Exception <a 'java/lang/NoSuchMethodError'{0x0000000086a548c8}: 'java.lang.String org.apache.maven.execution.MavenExecutionRequest.getFailureBehavior()'> (0x0000000086a548c8) 
thrown [s\open\src\hotspot\share\interpreter\linkResolver.cpp, line 855]
Event: 13.902 Thread 0x00000264f01f70d0 Exception <a 'java/lang/NoSuchMethodError'{0x0000000086ae5c28}: 'java.lang.Object java.lang.invoke.DirectMethodHandle$Holder.invokeStatic(java.lang.Object, java.lang.Object, long, java.lang.Object)'> (0x0000000086ae5c28) 
thrown [s\open\src\hotspot\share\interpreter\linkResolver.cpp, line 759]
Event: 13.902 Thread 0x00000264f01f70d0 Exception <a 'java/lang/NoSuchMethodError'{0x0000000086ae9150}: 'java.lang.Object java.lang.invoke.DirectMethodHandle$Holder.invokeStaticInit(java.lang.Object, java.lang.Object, long, java.lang.Object)'> (0x0000000086ae9150) 
thrown [s\open\src\hotspot\share\interpreter\linkResolver.cpp, line 759]
Event: 13.903 Thread 0x00000264f01f70d0 Exception <a 'java/lang/NoSuchMethodError'{0x0000000086aef5e8}: 'java.lang.Object java.lang.invoke.DirectMethodHandle$Holder.newInvokeSpecial(java.lang.Object, java.lang.Object, long)'> (0x0000000086aef5e8) 
thrown [s\open\src\hotspot\share\interpreter\linkResolver.cpp, line 759]
Event: 13.903 Thread 0x00000264f01f70d0 Exception <a 'java/lang/NoSuchMethodError'{0x0000000086af3030}: 'java.lang.Object java.lang.invoke.Invokers$Holder.linkToTargetMethod(java.lang.Object, long, java.lang.Object)'> (0x0000000086af3030) 
thrown [s\open\src\hotspot\share\interpreter\linkResolver.cpp, line 759]
Event: 13.906 Thread 0x00000264f01f70d0 Exception <a 'java/lang/NoSuchMethodError'{0x0000000086af6bb0}: 'long java.lang.invoke.DirectMethodHandle$Holder.invokeInterface(java.lang.Object, java.lang.Object)'> (0x0000000086af6bb0) 
thrown [s\open\src\hotspot\share\interpreter\linkResolver.cpp, line 759]
Event: 13.906 Thread 0x00000264f01f70d0 Exception <a 'java/lang/NoSuchMethodError'{0x0000000086afa510}: 'long java.lang.invoke.DelegatingMethodHandle$Holder.reinvoke_L(java.lang.Object, java.lang.Object)'> (0x0000000086afa510) 
thrown [s\open\src\hotspot\share\interpreter\linkResolver.cpp, line 759]
Event: 14.059 Thread 0x00000264ccdc1390 Exception <a 'java/lang/NoSuchMethodError'{0x00000000868301b8}: 'java.lang.Object java.lang.invoke.DirectMethodHandle$Holder.invokeStaticInit(java.lang.Object, java.lang.Object, int, int, int, int)'> (0x00000000868301b8) 
thrown [s\open\src\hotspot\share\interpreter\linkResolver.cpp, line 759]

VM Operations (20 events):
Event: 13.349 Executing VM operation: G1CollectForAllocation done
Event: 13.364 Executing VM operation: G1CollectForAllocation
Event: 13.367 Executing VM operation: G1CollectForAllocation done
Event: 13.640 Executing VM operation: G1CollectForAllocation
Event: 13.645 Executing VM operation: G1CollectForAllocation done
Event: 13.678 Executing VM operation: G1Concurrent
Event: 13.689 Executing VM operation: G1Concurrent done
Event: 13.689 Executing VM operation: HandshakeAllThreads
Event: 13.690 Executing VM operation: HandshakeAllThreads done
Event: 13.707 Executing VM operation: G1Concurrent
Event: 13.707 Executing VM operation: G1Concurrent done
Event: 13.743 Executing VM operation: HandshakeAllThreads
Event: 13.743 Executing VM operation: HandshakeAllThreads done
Event: 13.806 Executing VM operation: HandshakeAllThreads
Event: 13.806 Executing VM operation: HandshakeAllThreads done
Event: 14.216 Executing VM operation: G1CollectForAllocation
Event: 14.221 Executing VM operation: G1CollectForAllocation done
Event: 14.226 Executing VM operation: G1CollectForAllocation
Event: 14.231 Executing VM operation: G1CollectForAllocation done
Event: 14.247 Executing VM operation: G1CollectForAllocation

Events (20 events):
Event: 13.753 Thread 0x00000264ea6d0b20 flushing nmethod 0x00000264d5a2dc10
Event: 13.753 Thread 0x00000264ea6d0b20 flushing nmethod 0x00000264d5a30310
Event: 13.753 Thread 0x00000264ea6d0b20 flushing nmethod 0x00000264d5a30c10
Event: 13.753 Thread 0x00000264ea6d0b20 flushing nmethod 0x00000264d5a34590
Event: 13.753 Thread 0x00000264ea6d0b20 flushing nmethod 0x00000264d5a3b510
Event: 13.753 Thread 0x00000264ea6d0b20 flushing nmethod 0x00000264d5a62710
Event: 13.753 Thread 0x00000264ea6d0b20 flushing nmethod 0x00000264d5a76090
Event: 13.753 Thread 0x00000264ea6d0b20 flushing nmethod 0x00000264d5a76510
Event: 13.753 Thread 0x00000264ea6d0b20 flushing nmethod 0x00000264d5a83b10
Event: 13.753 Thread 0x00000264ea6d0b20 flushing nmethod 0x00000264d5acb190
Event: 13.753 Thread 0x00000264ea6d0b20 flushing nmethod 0x00000264d5afa090
Event: 13.753 Thread 0x00000264ea6d0b20 flushing nmethod 0x00000264d5afcf90
Event: 13.753 Thread 0x00000264ea6d0b20 flushing nmethod 0x00000264d5b71e10
Event: 13.754 Thread 0x00000264ea6d0b20 flushing nmethod 0x00000264d5ba5c90
Event: 13.754 Thread 0x00000264ea6d0b20 flushing nmethod 0x00000264d5ba6e10
Event: 13.807 Thread 0x00000264f01f70d0 Thread added: 0x00000264f01f70d0
Event: 13.907 Thread 0x00000264f01f70d0 Thread exited: 0x00000264f01f70d0
Event: 14.139 Thread 0x00000264f01f9750 Thread added: 0x00000264f01f9750
Event: 14.139 Thread 0x00000264f01f7f40 Thread added: 0x00000264f01f7f40
Event: 14.139 Thread 0x00000264f01f9c20 Thread added: 0x00000264f01f9c20


Dynamic libraries:
0x00007ff7728b0000 - 0x00007ff7728c0000 	D:\jdk\bin\java.exe
0x00007ffe11ad0000 - 0x00007ffe11cc8000 	C:\WINDOWS\SYSTEM32\ntdll.dll
0x00007ffe11410000 - 0x00007ffe114cd000 	C:\WINDOWS\System32\KERNEL32.DLL
0x00007ffe0f490000 - 0x00007ffe0f762000 	C:\WINDOWS\System32\KERNELBASE.dll
0x00007ffe0f900000 - 0x00007ffe0fa00000 	C:\WINDOWS\System32\ucrtbase.dll
0x00007ffde68a0000 - 0x00007ffde68ba000 	D:\jdk\bin\VCRUNTIME140.dll
0x00007ffde78f0000 - 0x00007ffde7908000 	D:\jdk\bin\jli.dll
0x00007ffe114d0000 - 0x00007ffe1157e000 	C:\WINDOWS\System32\ADVAPI32.dll
0x00007ffe10bf0000 - 0x00007ffe10c8e000 	C:\WINDOWS\System32\msvcrt.dll
0x00007ffe119c0000 - 0x00007ffe11a5c000 	C:\WINDOWS\System32\sechost.dll
0x00007ffe10cf0000 - 0x00007ffe10e15000 	C:\WINDOWS\System32\RPCRT4.dll
0x00007ffe10a50000 - 0x00007ffe10bed000 	C:\WINDOWS\System32\USER32.dll
0x00007ffe0fa00000 - 0x00007ffe0fa22000 	C:\WINDOWS\System32\win32u.dll
0x00007ffe00c50000 - 0x00007ffe00eea000 	C:\WINDOWS\WinSxS\amd64_microsoft.windows.common-controls_6595b64144ccf1df_6.0.19041.1110_none_60b5254171f9507e\COMCTL32.dll
0x00007ffe0ffd0000 - 0x00007ffe0fffb000 	C:\WINDOWS\System32\GDI32.dll
0x00007ffe0f2d0000 - 0x00007ffe0f3df000 	C:\WINDOWS\System32\gdi32full.dll
0x00007ffe0f1e0000 - 0x00007ffe0f27d000 	C:\WINDOWS\System32\msvcp_win.dll
0x00007ffe0df70000 - 0x00007ffe0df7a000 	C:\WINDOWS\SYSTEM32\VERSION.dll
0x00007ffe11a60000 - 0x00007ffe11a90000 	C:\WINDOWS\System32\IMM32.DLL
0x00007ffdff340000 - 0x00007ffdff34c000 	D:\jdk\bin\vcruntime140_1.dll
0x00007ffdc76b0000 - 0x00007ffdc773d000 	D:\jdk\bin\msvcp140.dll
0x00007ffd70550000 - 0x00007ffd71161000 	D:\jdk\bin\server\jvm.dll
0x00007ffe0fb30000 - 0x00007ffe0fb38000 	C:\WINDOWS\System32\PSAPI.DLL
0x00007ffe005b0000 - 0x00007ffe005d7000 	C:\WINDOWS\SYSTEM32\WINMM.dll
0x00007ffdfaec0000 - 0x00007ffdfaec9000 	C:\WINDOWS\SYSTEM32\WSOCK32.dll
0x00007ffe109e0000 - 0x00007ffe10a4b000 	C:\WINDOWS\System32\WS2_32.dll
0x00007ffe0df30000 - 0x00007ffe0df42000 	C:\WINDOWS\SYSTEM32\kernel.appcore.dll
0x00007ffdfeb70000 - 0x00007ffdfeb7a000 	D:\jdk\bin\jimage.dll
0x00007ffe09b60000 - 0x00007ffe09d44000 	C:\WINDOWS\SYSTEM32\DBGHELP.DLL
0x00007ffe09b00000 - 0x00007ffe09b2c000 	C:\WINDOWS\SYSTEM32\dbgcore.DLL
0x00007ffe0fa30000 - 0x00007ffe0fab2000 	C:\WINDOWS\System32\bcryptPrimitives.dll
0x00007ffe07860000 - 0x00007ffe0786e000 	D:\jdk\bin\instrument.dll
0x00007ffde6280000 - 0x00007ffde62a5000 	D:\jdk\bin\java.dll
0x00007ffdaf200000 - 0x00007ffdaf2d6000 	D:\jdk\bin\jsvml.dll
0x00007ffe10250000 - 0x00007ffe10993000 	C:\WINDOWS\System32\SHELL32.dll
0x00007ffe0d0f0000 - 0x00007ffe0d881000 	C:\WINDOWS\SYSTEM32\windows.storage.dll
0x00007ffe0fb40000 - 0x00007ffe0fe94000 	C:\WINDOWS\System32\combase.dll
0x00007ffe0eb60000 - 0x00007ffe0eb90000 	C:\WINDOWS\SYSTEM32\Wldp.dll
0x00007ffe11690000 - 0x00007ffe1173d000 	C:\WINDOWS\System32\SHCORE.dll
0x00007ffe113b0000 - 0x00007ffe11405000 	C:\WINDOWS\System32\shlwapi.dll
0x00007ffe0f120000 - 0x00007ffe0f13f000 	C:\WINDOWS\SYSTEM32\profapi.dll
0x00007ffde5890000 - 0x00007ffde58a8000 	D:\jdk\bin\zip.dll
0x00007ffde6880000 - 0x00007ffde6893000 	D:\jdk\bin\net.dll
0x00007ffe08110000 - 0x00007ffe0821d000 	C:\WINDOWS\SYSTEM32\WINHTTP.dll
0x00007ffe0e8c0000 - 0x00007ffe0e92a000 	C:\WINDOWS\system32\mswsock.dll
0x00007ffde5fb0000 - 0x00007ffde5fc6000 	D:\jdk\bin\nio.dll
0x00007ffdfebc0000 - 0x00007ffdfebda000 	D:\IntelliJ IDEA 2022.2\bin\breakgen64.dll
0x0000000069ac0000 - 0x0000000069ae4000 	C:\Users\admin\AppData\Local\Temp\jansi-2.4.0-ae4cdaff36cde099-jansi.dll
0x00007ffdf46c0000 - 0x00007ffdf46d0000 	D:\jdk\bin\verify.dll
0x00007ffe0eab0000 - 0x00007ffe0eac8000 	C:\WINDOWS\SYSTEM32\CRYPTSP.dll
0x00007ffe0e1e0000 - 0x00007ffe0e214000 	C:\WINDOWS\system32\rsaenh.dll
0x00007ffe0f770000 - 0x00007ffe0f797000 	C:\WINDOWS\System32\bcrypt.dll
0x00007ffe0f0e0000 - 0x00007ffe0f10e000 	C:\WINDOWS\SYSTEM32\USERENV.dll
0x00007ffe0ead0000 - 0x00007ffe0eadc000 	C:\WINDOWS\SYSTEM32\CRYPTBASE.dll
0x00007ffe0e5b0000 - 0x00007ffe0e5eb000 	C:\WINDOWS\SYSTEM32\IPHLPAPI.DLL
0x00007ffe109c0000 - 0x00007ffe109c8000 	C:\WINDOWS\System32\NSI.dll
0x00007ffe09500000 - 0x00007ffe09517000 	C:\WINDOWS\SYSTEM32\dhcpcsvc6.DLL
0x00007ffe094e0000 - 0x00007ffe094fd000 	C:\WINDOWS\SYSTEM32\dhcpcsvc.DLL
0x00007ffe0e640000 - 0x00007ffe0e70a000 	C:\WINDOWS\SYSTEM32\DNSAPI.dll

dbghelp: loaded successfully - version: 4.0.5 - missing functions: none
symbol engine: initialized successfully - sym options: 0x614 - pdb path: .;D:\jdk\bin;C:\WINDOWS\SYSTEM32;C:\WINDOWS\WinSxS\amd64_microsoft.windows.common-controls_6595b64144ccf1df_6.0.19041.1110_none_60b5254171f9507e;D:\jdk\bin\server;D:\IntelliJ IDEA 2022.2\bin;C:\Users\admin\AppData\Local\Temp

VM Arguments:
jvm_args: -Dmaven.multiModuleProjectDirectory=E:\sgwProject\jingsai -Dmaven.home=D:\maven\apache-maven-3.8.6 -Dclassworlds.conf=D:\maven\apache-maven-3.8.6\bin\m2.conf -Dmaven.ext.class.path=D:\IntelliJ IDEA 2022.2\plugins\maven\lib\maven-event-listener.jar -javaagent:D:\IntelliJ IDEA 2022.2\lib\idea_rt.jar=50756:D:\IntelliJ IDEA 2022.2\bin -Dfile.encoding=UTF-8 
java_command: org.codehaus.classworlds.Launcher -Didea.version=2022.2 install
java_class_path (initial): D:\maven\apache-maven-3.8.6\boot\plexus-classworlds-2.6.0.jar;D:\maven\apache-maven-3.8.6\boot\plexus-classworlds.license
Launcher Type: SUN_STANDARD

[Global flags]
     intx CICompilerCount                          = 3                                         {product} {ergonomic}
     uint ConcGCThreads                            = 1                                         {product} {ergonomic}
     uint G1ConcRefinementThreads                  = 4                                         {product} {ergonomic}
   size_t G1HeapRegionSize                         = 1048576                                   {product} {ergonomic}
    uintx GCDrainStackTargetSize                   = 64                                        {product} {ergonomic}
   size_t InitialHeapSize                          = 134217728                                 {product} {ergonomic}
   size_t MarkStackSize                            = 4194304                                   {product} {ergonomic}
   size_t MaxHeapSize                              = 2122317824                                {product} {ergonomic}
   size_t MaxNewSize                               = 1272971264                                {product} {ergonomic}
   size_t MinHeapDeltaBytes                        = 1048576                                   {product} {ergonomic}
   size_t MinHeapSize                              = 8388608                                   {product} {ergonomic}
    uintx NonNMethodCodeHeapSize                   = 5832780                                {pd product} {ergonomic}
    uintx NonProfiledCodeHeapSize                  = 122912730                              {pd product} {ergonomic}
    uintx ProfiledCodeHeapSize                     = 122912730                              {pd product} {ergonomic}
    uintx ReservedCodeCacheSize                    = 251658240                              {pd product} {ergonomic}
     bool SegmentedCodeCache                       = true                                      {product} {ergonomic}
   size_t SoftMaxHeapSize                          = 2122317824                             {manageable} {ergonomic}
     bool UseCompressedClassPointers               = true                           {product lp64_product} {ergonomic}
     bool UseCompressedOops                        = true                           {product lp64_product} {ergonomic}
     bool UseG1GC                                  = true                                      {product} {ergonomic}
     bool UseLargePagesIndividualAllocation        = false                                  {pd product} {ergonomic}

Logging:
Log output configuration:
 #0: stdout all=warning uptime,level,tags foldmultilines=false
 #1: stderr all=off uptime,level,tags foldmultilines=false

Environment Variables:
PATH=C:\GeneralData\GBase\Server\bin;D:\oracle\bin;D:\oracle\WINDOWS.X64_193000_db_home\bin;C:\Program Files\Common Files\Oracle\Java\javapath;C:\Program Files (x86)\Intel\iCLS Client\;C:\Program Files\Intel\iCLS Client\;C:\WINDOWS\system32;C:\WINDOWS;C:\WINDOWS\System32\Wbem;C:\WINDOWS\System32\WindowsPowerShell\v1.0\;C:\Program Files (x86)\Intel\Intel(R) Management Engine Components\DAL;C:\Program Files\Intel\Intel(R) Management Engine Components\DAL;C:\Program Files (x86)\Intel\Intel(R) Management Engine Components\IPT;C:\Program Files\Intel\Intel(R) Management Engine Components\IPT;C:\WINDOWS\System32\OpenSSH\;C:\Program Files\dotnet\;C:\Program Files (x86)\NetSarang\Xshell 7\;C:\Program Files\Git\cmd;C:\Users\admin\AppData\Local\Microsoft\WindowsApps;D:\maven\apache-maven-3.8.6\bin;
USERNAME=admin
OS=Windows_NT
PROCESSOR_IDENTIFIER=Intel64 Family 6 Model 158 Stepping 9, GenuineIntel



---------------  S Y S T E M  ---------------

OS:
 Windows 10 , 64 bit Build 19041 (10.0.19041.1889)
OS uptime: 0 days 10:33 hours

CPU: total 4 (initial active 4) (4 cores per cpu, 1 threads per core) family 6 model 158 stepping 9 microcode 0xb4, cx8, cmov, fxsr, mmx, 3dnowpref, sse, sse2, sse3, ssse3, sse4.1, sse4.2, popcnt, lzcnt, tsc, tscinvbit, avx, avx2, aes, erms, clmul, bmi1, bmi2, rtm, adx, fma, vzeroupper, clflush, clflushopt

Memory: 4k page, system-wide physical 8088M (443M free)
TotalPageFile size 12184M (AvailPageFile size 18M)
current process WorkingSet (physical memory assigned to process): 261M, peak: 263M
current process commit charge ("private bytes"): 320M, peak: 410M

vm_info: Java HotSpot(TM) 64-Bit Server VM (18.0.2+9-61) for windows-amd64 JRE (18.0.2+9-61), built on Jun  7 2022 13:09:01 by "mach5one" with MS VC++ 16.8 / 16.9 (VS2019)

END.
