#
# There is insufficient memory for the Java Runtime Environment to continue.
# Native memory allocation (malloc) failed to allocate 1050912 bytes for Chunk::new
# Possible reasons:
#   The system is out of physical RAM or swap space
#   The process is running with CompressedOops enabled, and the Java Heap may be blocking the growth of the native heap
# Possible solutions:
#   Reduce memory load on the system
#   Increase physical memory or swap space
#   Check if swap backing store is full
#   Decrease Java heap size (-Xmx/-Xms)
#   Decrease number of Java threads
#   Decrease Java thread stack sizes (-Xss)
#   Set larger code cache with -XX:ReservedCodeCacheSize=
#   JVM is running with Zero Based Compressed Oops mode in which the Java heap is
#     placed in the first 32GB address space. The Java Heap base address is the
#     maximum limit for the native heap growth. Please use -XX:HeapBaseMinAddress
#     to set the Java Heap base and to place the Java Heap above 32GB virtual address.
# This output file may be truncated or incomplete.
#
#  Out of Memory Error (arena.cpp:184), pid=13444, tid=28264
#
# JRE version: Java(TM) SE Runtime Environment (18.0.2+9) (build 18.0.2+9-61)
# Java VM: Java HotSpot(TM) 64-Bit Server VM (18.0.2+9-61, mixed mode, sharing, tiered, compressed oops, compressed class ptrs, g1 gc, windows-amd64)
# No core dump will be written. Minidumps are not enabled by default on client versions of Windows
#

---------------  S U M M A R Y ------------

Command Line: -Dmaven.multiModuleProjectDirectory=E:\sgwProject\jingsai -Dmaven.home=D:\IntelliJ IDEA 2022.2\plugins\maven\lib\maven3 -Dclassworlds.conf=D:\IntelliJ IDEA 2022.2\plugins\maven\lib\maven3\bin\m2.conf -Dmaven.ext.class.path=D:\IntelliJ IDEA 2022.2\plugins\maven\lib\maven-event-listener.jar -javaagent:D:\IntelliJ IDEA 2022.2\lib\idea_rt.jar=62090:D:\IntelliJ IDEA 2022.2\bin -Dfile.encoding=UTF-8 org.codehaus.classworlds.Launcher -Didea.version=2022.2 package

Host: Intel(R) Core(TM) i5-7500 CPU @ 3.40GHz, 4 cores, 15G,  Windows 10 , 64 bit Build 19041 (10.0.19041.1889)
Time: Mon Oct 17 09:18:18 2022  Windows 10 , 64 bit Build 19041 (10.0.19041.1889) elapsed time: 6.702654 seconds (0d 0h 0m 6s)

---------------  T H R E A D  ---------------

Current thread (0x000001e0063548b0):  JavaThread "C2 CompilerThread0" daemon [_thread_in_native, id=28264, stack(0x000000d8edd00000,0x000000d8ede00000)]


Current CompileTask:
C2:   6702 6835       4       com.sun.tools.javac.jvm.ClassReader::sigToType (893 bytes)

Stack: [0x000000d8edd00000,0x000000d8ede00000]
Native frames: (J=compiled Java code, j=interpreted, Vv=VM code, C=native code)
V  [jvm.dll+0x6993ca]
V  [jvm.dll+0x7f481d]
V  [jvm.dll+0x7f612e]
V  [jvm.dll+0x7f67e3]
V  [jvm.dll+0x25cdaf]
V  [jvm.dll+0xb8c2f]
V  [jvm.dll+0xb8fa5]
V  [jvm.dll+0x3860cb]
V  [jvm.dll+0x34fd01]
V  [jvm.dll+0x34f19a]
V  [jvm.dll+0x22ff51]
V  [jvm.dll+0x22f321]
V  [jvm.dll+0x1ba01c]
V  [jvm.dll+0x23ec9a]
V  [jvm.dll+0x23cf85]
V  [jvm.dll+0x7a6e21]
V  [jvm.dll+0x7a125a]
V  [jvm.dll+0x698275]
C  [ucrtbase.dll+0x21bb2]
C  [KERNEL32.DLL+0x17034]
C  [ntdll.dll+0x526a1]


---------------  P R O C E S S  ---------------

Threads class SMR info:
_java_thread_list=0x000001e00ad9c4d0, length=14, elements={
0x000001e063de1700, 0x000001e0062fc090, 0x000001e006300d00, 0x000001e00631a050,
0x000001e00631ba00, 0x000001e00631c3a0, 0x000001e00631ee90, 0x000001e0063548b0,
0x000001e006356ff0, 0x000001e00635a600, 0x000001e00a4b86e0, 0x000001e00a5b23d0,
0x000001e00a5b7cf0, 0x000001e00bd382b0
}

Java Threads: ( => current thread )
  0x000001e063de1700 JavaThread "main" [_thread_blocked, id=18748, stack(0x000000d8ed000000,0x000000d8ed100000)]
  0x000001e0062fc090 JavaThread "Reference Handler" daemon [_thread_blocked, id=5868, stack(0x000000d8ed700000,0x000000d8ed800000)]
  0x000001e006300d00 JavaThread "Finalizer" daemon [_thread_blocked, id=26040, stack(0x000000d8ed800000,0x000000d8ed900000)]
  0x000001e00631a050 JavaThread "Signal Dispatcher" daemon [_thread_blocked, id=21252, stack(0x000000d8ed900000,0x000000d8eda00000)]
  0x000001e00631ba00 JavaThread "Attach Listener" daemon [_thread_blocked, id=28624, stack(0x000000d8eda00000,0x000000d8edb00000)]
  0x000001e00631c3a0 JavaThread "Service Thread" daemon [_thread_blocked, id=27568, stack(0x000000d8edb00000,0x000000d8edc00000)]
  0x000001e00631ee90 JavaThread "Monitor Deflation Thread" daemon [_thread_blocked, id=26196, stack(0x000000d8edc00000,0x000000d8edd00000)]
=>0x000001e0063548b0 JavaThread "C2 CompilerThread0" daemon [_thread_in_native, id=28264, stack(0x000000d8edd00000,0x000000d8ede00000)]
  0x000001e006356ff0 JavaThread "C1 CompilerThread0" daemon [_thread_blocked, id=26736, stack(0x000000d8ede00000,0x000000d8edf00000)]
  0x000001e00635a600 JavaThread "Sweeper thread" daemon [_thread_blocked, id=1364, stack(0x000000d8edf00000,0x000000d8ee000000)]
  0x000001e00a4b86e0 JavaThread "Common-Cleaner" daemon [_thread_blocked, id=21724, stack(0x000000d8ee000000,0x000000d8ee100000)]
  0x000001e00a5b23d0 JavaThread "Monitor Ctrl-Break" daemon [_thread_in_native, id=9536, stack(0x000000d8ee100000,0x000000d8ee200000)]
  0x000001e00a5b7cf0 JavaThread "Notification Thread" daemon [_thread_blocked, id=17792, stack(0x000000d8ee200000,0x000000d8ee300000)]
  0x000001e00bd382b0 JavaThread "C2 CompilerThread1" daemon [_thread_blocked, id=24484, stack(0x000000d8ee400000,0x000000d8ee500000)]

Other Threads:
  0x000001e0062f8a70 VMThread "VM Thread" [stack: 0x000000d8ed600000,0x000000d8ed700000] [id=26880]
  0x000001e00a5b2890 WatcherThread "VM Periodic Task Thread" [stack: 0x000000d8ee300000,0x000000d8ee400000] [id=28440]
  0x000001e063e50050 WorkerThread "GC Thread#0" [stack: 0x000000d8ed100000,0x000000d8ed200000] [id=4472]
  0x000001e00aa74670 WorkerThread "GC Thread#1" [stack: 0x000000d8ee500000,0x000000d8ee600000] [id=21600]
  0x000001e00ab34040 WorkerThread "GC Thread#2" [stack: 0x000000d8ee600000,0x000000d8ee700000] [id=26476]
  0x000001e00ab342e0 WorkerThread "GC Thread#3" [stack: 0x000000d8ee700000,0x000000d8ee800000] [id=27460]
  0x000001e063e60e00 ConcurrentGCThread "G1 Main Marker" [stack: 0x000000d8ed200000,0x000000d8ed300000] [id=2964]
  0x000001e063e62800 WorkerThread "G1 Conc#0" [stack: 0x000000d8ed300000,0x000000d8ed400000] [id=20484]
  0x000001e063ea4cf0 ConcurrentGCThread "G1 Refine#0" [stack: 0x000000d8ed400000,0x000000d8ed500000] [id=27296]
  0x000001e00aa1b370 ConcurrentGCThread "G1 Refine#1" [stack: 0x000000d8ee800000,0x000000d8ee900000] [id=14452]
  0x000001e00b02cda0 ConcurrentGCThread "G1 Refine#2" [stack: 0x000000d8ee900000,0x000000d8eea00000] [id=19752]
  0x000001e063ea5600 ConcurrentGCThread "G1 Service" [stack: 0x000000d8ed500000,0x000000d8ed600000] [id=21464]

Threads with active compile tasks:
C2 CompilerThread0     7130 6835       4       com.sun.tools.javac.jvm.ClassReader::sigToType (893 bytes)

VM state: not at safepoint (normal execution)

VM Mutex/Monitor currently owned by a thread: None

Heap address: 0x0000000701800000, size: 4072 MB, Compressed Oops mode: Zero based, Oop shift amount: 3

CDS archive(s) mapped at: [0x0000000800000000-0x0000000800ba0000-0x0000000800ba0000), size 12189696, SharedBaseAddress: 0x0000000800000000, ArchiveRelocationMode: 0.
Compressed class space mapped at: 0x0000000800c00000-0x0000000840c00000, reserved size: 1073741824
Narrow klass base: 0x0000000800000000, Narrow klass shift: 0, Narrow klass range: 0x100000000

GC Precious Log:
 CardTable entry size: 512
 Card Set container configuration: InlinePtr #cards 4 size 8 Array Of Cards #cards 16 size 48 Howl #buckets 8 coarsen threshold 3686 Howl Bitmap #cards 512 size 80 coarsen threshold 460 Card regions per heap region 1 cards per card region 4096
 CPUs: 4 total, 4 available
 Memory: 16280M
 Large Page Support: Disabled
 NUMA Support: Disabled
 Compressed Oops: Enabled (Zero based)
 Heap Region Size: 2M
 Heap Min Capacity: 8M
 Heap Initial Capacity: 256M
 Heap Max Capacity: 4072M
 Pre-touch: Disabled
 Parallel Workers: 4
 Concurrent Workers: 1
 Concurrent Refinement Workers: 4
 Periodic GC: Disabled

Heap:
 garbage-first heap   total 151552K, used 91681K [0x0000000701800000, 0x0000000800000000)
  region size 2048K, 32 young (65536K), 1 survivors (2048K)
 Metaspace       used 29003K, committed 29568K, reserved 1114112K
  class space    used 3171K, committed 3456K, reserved 1048576K

Heap Regions: E=young(eden), S=young(survivor), O=old, HS=humongous(starts), HC=humongous(continues), CS=collection set, F=free, OA=open archive, CA=closed archive, TAMS=top-at-mark-start (previous, next)
|   0|0x0000000701800000, 0x0000000701a00000, 0x0000000701a00000|100%| O|  |TAMS 0x0000000701a00000, 0x0000000701800000| Untracked 
|   1|0x0000000701a00000, 0x0000000701a00000, 0x0000000701c00000|  0%| F|  |TAMS 0x0000000701a00000, 0x0000000701a00000| Untracked 
|   2|0x0000000701c00000, 0x0000000701e00000, 0x0000000701e00000|100%| O|  |TAMS 0x0000000701c00000, 0x0000000701c00000| Untracked 
|   3|0x0000000701e00000, 0x0000000702000000, 0x0000000702000000|100%| O|  |TAMS 0x0000000701e00000, 0x0000000701e00000| Untracked 
|   4|0x0000000702000000, 0x0000000702200000, 0x0000000702200000|100%| O|  |TAMS 0x0000000702000000, 0x0000000702000000| Untracked 
|   5|0x0000000702200000, 0x0000000702400000, 0x0000000702400000|100%| O|  |TAMS 0x0000000702200000, 0x0000000702200000| Untracked 
|   6|0x0000000702400000, 0x0000000702600000, 0x0000000702600000|100%| O|  |TAMS 0x0000000702400000, 0x0000000702400000| Untracked 
|   7|0x0000000702600000, 0x0000000702800000, 0x0000000702800000|100%| O|  |TAMS 0x0000000702600000, 0x0000000702600000| Untracked 
|   8|0x0000000702800000, 0x0000000702a00000, 0x0000000702a00000|100%| O|  |TAMS 0x0000000702800000, 0x0000000702800000| Untracked 
|   9|0x0000000702a00000, 0x0000000702a00000, 0x0000000702c00000|  0%| F|  |TAMS 0x0000000702a00000, 0x0000000702a00000| Untracked 
|  10|0x0000000702c00000, 0x0000000702c00000, 0x0000000702e00000|  0%| F|  |TAMS 0x0000000702c00000, 0x0000000702c00000| Untracked 
|  11|0x0000000702e00000, 0x0000000702e00000, 0x0000000703000000|  0%| F|  |TAMS 0x0000000702e00000, 0x0000000702e00000| Untracked 
|  12|0x0000000703000000, 0x0000000703000000, 0x0000000703200000|  0%| F|  |TAMS 0x0000000703000000, 0x0000000703000000| Untracked 
|  13|0x0000000703200000, 0x0000000703200000, 0x0000000703400000|  0%| F|  |TAMS 0x0000000703200000, 0x0000000703200000| Untracked 
|  14|0x0000000703400000, 0x0000000703400000, 0x0000000703600000|  0%| F|  |TAMS 0x0000000703400000, 0x0000000703400000| Untracked 
|  15|0x0000000703600000, 0x0000000703600000, 0x0000000703800000|  0%| F|  |TAMS 0x0000000703600000, 0x0000000703600000| Untracked 
|  16|0x0000000703800000, 0x0000000703800000, 0x0000000703a00000|  0%| F|  |TAMS 0x0000000703800000, 0x0000000703800000| Untracked 
|  17|0x0000000703a00000, 0x0000000703a00000, 0x0000000703c00000|  0%| F|  |TAMS 0x0000000703a00000, 0x0000000703a00000| Untracked 
|  18|0x0000000703c00000, 0x0000000703c00000, 0x0000000703e00000|  0%| F|  |TAMS 0x0000000703c00000, 0x0000000703c00000| Untracked 
|  19|0x0000000703e00000, 0x0000000703e00000, 0x0000000704000000|  0%| F|  |TAMS 0x0000000703e00000, 0x0000000703e00000| Untracked 
|  20|0x0000000704000000, 0x0000000704000000, 0x0000000704200000|  0%| F|  |TAMS 0x0000000704000000, 0x0000000704000000| Untracked 
|  21|0x0000000704200000, 0x0000000704388738, 0x0000000704400000| 76%| S|CS|TAMS 0x0000000704200000, 0x0000000704200000| Complete 
|  22|0x0000000704400000, 0x0000000704400000, 0x0000000704600000|  0%| F|  |TAMS 0x0000000704400000, 0x0000000704400000| Untracked 
|  23|0x0000000704600000, 0x0000000704600000, 0x0000000704800000|  0%| F|  |TAMS 0x0000000704600000, 0x0000000704600000| Untracked 
|  24|0x0000000704800000, 0x0000000704800000, 0x0000000704a00000|  0%| F|  |TAMS 0x0000000704800000, 0x0000000704800000| Untracked 
|  25|0x0000000704a00000, 0x0000000704a00000, 0x0000000704c00000|  0%| F|  |TAMS 0x0000000704a00000, 0x0000000704a00000| Untracked 
|  26|0x0000000704c00000, 0x0000000704c00000, 0x0000000704e00000|  0%| F|  |TAMS 0x0000000704c00000, 0x0000000704c00000| Untracked 
|  27|0x0000000704e00000, 0x0000000704e00000, 0x0000000705000000|  0%| F|  |TAMS 0x0000000704e00000, 0x0000000704e00000| Untracked 
|  28|0x0000000705000000, 0x0000000705000000, 0x0000000705200000|  0%| F|  |TAMS 0x0000000705000000, 0x0000000705000000| Untracked 
|  29|0x0000000705200000, 0x0000000705200000, 0x0000000705400000|  0%| F|  |TAMS 0x0000000705200000, 0x0000000705200000| Untracked 
|  30|0x0000000705400000, 0x0000000705400000, 0x0000000705600000|  0%| F|  |TAMS 0x0000000705400000, 0x0000000705400000| Untracked 
|  31|0x0000000705600000, 0x0000000705600000, 0x0000000705800000|  0%| F|  |TAMS 0x0000000705600000, 0x0000000705600000| Untracked 
|  32|0x0000000705800000, 0x0000000705800000, 0x0000000705a00000|  0%| F|  |TAMS 0x0000000705800000, 0x0000000705800000| Untracked 
|  33|0x0000000705a00000, 0x0000000705a00000, 0x0000000705c00000|  0%| F|  |TAMS 0x0000000705a00000, 0x0000000705a00000| Untracked 
|  34|0x0000000705c00000, 0x0000000705c00000, 0x0000000705e00000|  0%| F|  |TAMS 0x0000000705c00000, 0x0000000705c00000| Untracked 
|  35|0x0000000705e00000, 0x0000000705e00000, 0x0000000706000000|  0%| F|  |TAMS 0x0000000705e00000, 0x0000000705e00000| Untracked 
|  36|0x0000000706000000, 0x0000000706200000, 0x0000000706200000|100%| E|  |TAMS 0x0000000706000000, 0x0000000706000000| Complete 
|  37|0x0000000706200000, 0x0000000706400000, 0x0000000706400000|100%| E|CS|TAMS 0x0000000706200000, 0x0000000706200000| Complete 
|  38|0x0000000706400000, 0x0000000706600000, 0x0000000706600000|100%| E|CS|TAMS 0x0000000706400000, 0x0000000706400000| Complete 
|  39|0x0000000706600000, 0x0000000706800000, 0x0000000706800000|100%| E|CS|TAMS 0x0000000706600000, 0x0000000706600000| Complete 
|  40|0x0000000706800000, 0x0000000706a00000, 0x0000000706a00000|100%| E|CS|TAMS 0x0000000706800000, 0x0000000706800000| Complete 
|  41|0x0000000706a00000, 0x0000000706c00000, 0x0000000706c00000|100%| E|CS|TAMS 0x0000000706a00000, 0x0000000706a00000| Complete 
|  42|0x0000000706c00000, 0x0000000706e00000, 0x0000000706e00000|100%| E|CS|TAMS 0x0000000706c00000, 0x0000000706c00000| Complete 
|  43|0x0000000706e00000, 0x0000000707000000, 0x0000000707000000|100%| E|CS|TAMS 0x0000000706e00000, 0x0000000706e00000| Complete 
|  44|0x0000000707000000, 0x0000000707200000, 0x0000000707200000|100%| E|CS|TAMS 0x0000000707000000, 0x0000000707000000| Complete 
|  45|0x0000000707200000, 0x0000000707400000, 0x0000000707400000|100%| E|  |TAMS 0x0000000707200000, 0x0000000707200000| Complete 
|  46|0x0000000707400000, 0x0000000707600000, 0x0000000707600000|100%| E|CS|TAMS 0x0000000707400000, 0x0000000707400000| Complete 
|  47|0x0000000707600000, 0x0000000707800000, 0x0000000707800000|100%| E|CS|TAMS 0x0000000707600000, 0x0000000707600000| Complete 
|  48|0x0000000707800000, 0x0000000707a00000, 0x0000000707a00000|100%| E|CS|TAMS 0x0000000707800000, 0x0000000707800000| Complete 
|  49|0x0000000707a00000, 0x0000000707c00000, 0x0000000707c00000|100%| E|CS|TAMS 0x0000000707a00000, 0x0000000707a00000| Complete 
|  50|0x0000000707c00000, 0x0000000707e00000, 0x0000000707e00000|100%| E|CS|TAMS 0x0000000707c00000, 0x0000000707c00000| Complete 
|  51|0x0000000707e00000, 0x0000000708000000, 0x0000000708000000|100%| E|CS|TAMS 0x0000000707e00000, 0x0000000707e00000| Complete 
|  52|0x0000000708000000, 0x0000000708200000, 0x0000000708200000|100%| E|CS|TAMS 0x0000000708000000, 0x0000000708000000| Complete 
|  53|0x0000000708200000, 0x0000000708400000, 0x0000000708400000|100%| E|CS|TAMS 0x0000000708200000, 0x0000000708200000| Complete 
|  54|0x0000000708400000, 0x0000000708600000, 0x0000000708600000|100%| E|CS|TAMS 0x0000000708400000, 0x0000000708400000| Complete 
|  55|0x0000000708600000, 0x0000000708800000, 0x0000000708800000|100%| E|CS|TAMS 0x0000000708600000, 0x0000000708600000| Complete 
|  56|0x0000000708800000, 0x0000000708a00000, 0x0000000708a00000|100%| E|CS|TAMS 0x0000000708800000, 0x0000000708800000| Complete 
|  57|0x0000000708a00000, 0x0000000708c00000, 0x0000000708c00000|100%| E|CS|TAMS 0x0000000708a00000, 0x0000000708a00000| Complete 
|  58|0x0000000708c00000, 0x0000000708e00000, 0x0000000708e00000|100%| E|CS|TAMS 0x0000000708c00000, 0x0000000708c00000| Complete 
|  59|0x0000000708e00000, 0x0000000709000000, 0x0000000709000000|100%| E|CS|TAMS 0x0000000708e00000, 0x0000000708e00000| Complete 
|  60|0x0000000709000000, 0x0000000709200000, 0x0000000709200000|100%| E|CS|TAMS 0x0000000709000000, 0x0000000709000000| Complete 
|  61|0x0000000709200000, 0x0000000709400000, 0x0000000709400000|100%| E|CS|TAMS 0x0000000709200000, 0x0000000709200000| Complete 
|  62|0x0000000709400000, 0x0000000709600000, 0x0000000709600000|100%| E|CS|TAMS 0x0000000709400000, 0x0000000709400000| Complete 
|  63|0x0000000709600000, 0x0000000709800000, 0x0000000709800000|100%| E|CS|TAMS 0x0000000709600000, 0x0000000709600000| Complete 
|  64|0x0000000709800000, 0x0000000709a00000, 0x0000000709a00000|100%| E|CS|TAMS 0x0000000709800000, 0x0000000709800000| Complete 
|  65|0x0000000709a00000, 0x0000000709c00000, 0x0000000709c00000|100%| E|CS|TAMS 0x0000000709a00000, 0x0000000709a00000| Complete 
| 127|0x0000000711600000, 0x0000000711800000, 0x0000000711800000|100%| E|CS|TAMS 0x0000000711600000, 0x0000000711600000| Complete 
|2029|0x00000007ff200000, 0x00000007ff400000, 0x00000007ff400000|100%| O|  |TAMS 0x00000007ff200000, 0x00000007ff200000| Untracked 
|2030|0x00000007ff400000, 0x00000007ff600000, 0x00000007ff600000|100%| O|  |TAMS 0x00000007ff400000, 0x00000007ff400000| Untracked 
|2031|0x00000007ff600000, 0x00000007ff800000, 0x00000007ff800000|100%| O|  |TAMS 0x00000007ff600000, 0x00000007ff600000| Untracked 
|2032|0x00000007ff800000, 0x00000007ffa00000, 0x00000007ffa00000|100%| O|  |TAMS 0x00000007ff800000, 0x00000007ff800000| Untracked 
|2033|0x00000007ffa00000, 0x00000007ffc00000, 0x00000007ffc00000|100%| O|  |TAMS 0x00000007ffa00000, 0x00000007ffa00000| Untracked 
|2034|0x00000007ffc00000, 0x00000007ffe00000, 0x00000007ffe00000|100%| O|  |TAMS 0x00000007ffc00000, 0x00000007ffc00000| Untracked 
|2035|0x00000007ffe00000, 0x0000000800000000, 0x0000000800000000|100%| O|  |TAMS 0x00000007ffe00000, 0x00000007ffe00000| Untracked 

Card table byte_map: [0x000001e07af20000,0x000001e07b720000] _byte_map_base: 0x000001e077714000

Marking Bits (Prev, Next): (CMBitMap*) 0x000001e063e50690, (CMBitMap*) 0x000001e063e50650
 Prev Bits: [0x000001e000000000, 0x000001e003fa0000)
 Next Bits: [0x000001e07bf20000, 0x000001e07fec0000)

Polling page: 0x000001e0635b0000

Metaspace:

Usage:
  Non-class:     25.23 MB used.
      Class:      3.10 MB used.
       Both:     28.32 MB used.

Virtual space:
  Non-class space:       64.00 MB reserved,      25.50 MB ( 40%) committed,  1 nodes.
      Class space:        1.00 GB reserved,       3.38 MB ( <1%) committed,  1 nodes.
             Both:        1.06 GB reserved,      28.88 MB (  3%) committed. 

Chunk freelists:
   Non-Class:  1.86 MB
       Class:  654.00 KB
        Both:  2.50 MB

MaxMetaspaceSize: unlimited
CompressedClassSpaceSize: 1.00 GB
Initial GC threshold: 21.00 MB
Current GC threshold: 35.75 MB
CDS: on
MetaspaceReclaimPolicy: balanced
 - commit_granule_bytes: 65536.
 - commit_granule_words: 8192.
 - virtual_space_node_default_size: 8388608.
 - enlarge_chunks_in_place: 1.
 - new_chunks_are_fully_committed: 0.
 - uncommit_free_chunks: 1.
 - use_allocation_guard: 0.


Internal statistics:

num_allocs_failed_limit: 6.
num_arena_births: 588.
num_arena_deaths: 0.
num_vsnodes_births: 2.
num_vsnodes_deaths: 0.
num_space_committed: 462.
num_space_uncommitted: 0.
num_chunks_returned_to_freelist: 6.
num_chunks_taken_from_freelist: 1661.
num_chunk_merges: 6.
num_chunk_splits: 1158.
num_chunks_enlarged: 833.
num_inconsistent_stats: 0.

CodeHeap 'non-profiled nmethods': size=120000Kb used=3067Kb max_used=3067Kb free=116932Kb
 bounds [0x000001e0731f0000, 0x000001e0734f0000, 0x000001e07a720000]
CodeHeap 'profiled nmethods': size=120000Kb used=12726Kb max_used=12726Kb free=107273Kb
 bounds [0x000001e06bcc0000, 0x000001e06c930000, 0x000001e0731f0000]
CodeHeap 'non-nmethods': size=5760Kb used=1238Kb max_used=1341Kb free=4521Kb
 bounds [0x000001e06b720000, 0x000001e06b990000, 0x000001e06bcc0000]
 total_blobs=6587 nmethods=6052 adapters=446
 compilation: disabled (not enough contiguous free space left)
              stopped_count=1, restarted_count=0
 full_count=1

Compilation events (20 events):
Event: 6.556 Thread 0x000001e006356ff0 nmethod 6841 0x000001e06c929190 code [0x000001e06c9293a0, 0x000001e06c929d08]
Event: 6.556 Thread 0x000001e006356ff0 6842   !   3       com.sun.tools.javac.comp.Resolve::lookupMethod (174 bytes)
Event: 6.556 Thread 0x000001e006356ff0 nmethod 6842 0x000001e06c929f10 code [0x000001e06c92a180, 0x000001e06c92b1e8]
Event: 6.556 Thread 0x000001e006356ff0 6844       3       com.sun.tools.javac.code.Types$DefaultTypeVisitor::visitClassType (7 bytes)
Event: 6.556 Thread 0x000001e006356ff0 nmethod 6844 0x000001e06c92b990 code [0x000001e06c92bb40, 0x000001e06c92bd08]
Event: 6.556 Thread 0x000001e006356ff0 6843       1       com.sun.tools.javac.comp.Resolve$InapplicableMethodException::getDiagnostic (5 bytes)
Event: 6.556 Thread 0x000001e006356ff0 nmethod 6843 0x000001e0734ed590 code [0x000001e0734ed720, 0x000001e0734ed7f8]
Event: 6.557 Thread 0x000001e006356ff0 6846       1       java.lang.invoke.MethodHandle::internalForm (5 bytes)
Event: 6.557 Thread 0x000001e006356ff0 nmethod 6846 0x000001e0734ed890 code [0x000001e0734eda20, 0x000001e0734edaf8]
Event: 6.557 Thread 0x000001e006356ff0 6847       3       com.sun.tools.javac.code.Type$DelegatedType::<init> (20 bytes)
Event: 6.557 Thread 0x000001e006356ff0 nmethod 6847 0x000001e06c92bd90 code [0x000001e06c92bf80, 0x000001e06c92c528]
Event: 6.557 Thread 0x000001e006356ff0 6848       3       com.sun.tools.javac.util.JCDiagnostic$Factory::create (23 bytes)
Event: 6.557 Thread 0x000001e006356ff0 nmethod 6848 0x000001e06c92c790 code [0x000001e06c92c940, 0x000001e06c92cb78]
Event: 6.557 Thread 0x000001e006356ff0 6849       3       com.sun.tools.javac.util.JCDiagnostic$Factory::normalize (39 bytes)
Event: 6.558 Thread 0x000001e006356ff0 nmethod 6849 0x000001e06c92cc90 code [0x000001e06c92cf40, 0x000001e06c92dc58]
Event: 6.558 Thread 0x000001e006356ff0 6850       3       com.sun.tools.javac.tree.TreeInfo::flags (95 bytes)
Event: 6.558 Thread 0x000001e006356ff0 nmethod 6850 0x000001e06c92e210 code [0x000001e06c92e420, 0x000001e06c92ebc8]
Event: 6.559 Thread 0x000001e006356ff0 6851       3       com.sun.tools.javac.code.Symbol::hiddenInInternal (205 bytes)
Event: 6.560 Thread 0x000001e006356ff0 

Event: 6.564 Thread 0x000001e00bd382b0 


GC Heap History (14 events):
Event: 0.472 GC heap before
{Heap before GC invocations=0 (full 0):
 garbage-first heap   total 262144K, used 10240K [0x0000000701800000, 0x0000000800000000)
  region size 2048K, 6 young (12288K), 0 survivors (0K)
 Metaspace       used 3852K, committed 4032K, reserved 1114112K
  class space    used 379K, committed 448K, reserved 1048576K
}
Event: 0.476 GC heap after
{Heap after GC invocations=1 (full 0):
 garbage-first heap   total 262144K, used 3586K [0x0000000701800000, 0x0000000800000000)
  region size 2048K, 1 young (2048K), 1 survivors (2048K)
 Metaspace       used 3852K, committed 4032K, reserved 1114112K
  class space    used 379K, committed 448K, reserved 1048576K
}
Event: 0.630 GC heap before
{Heap before GC invocations=1 (full 0):
 garbage-first heap   total 262144K, used 13826K [0x0000000701800000, 0x0000000800000000)
  region size 2048K, 6 young (12288K), 1 survivors (2048K)
 Metaspace       used 5990K, committed 6144K, reserved 1114112K
  class space    used 665K, committed 768K, reserved 1048576K
}
Event: 0.634 GC heap after
{Heap after GC invocations=2 (full 0):
 garbage-first heap   total 262144K, used 4689K [0x0000000701800000, 0x0000000800000000)
  region size 2048K, 1 young (2048K), 1 survivors (2048K)
 Metaspace       used 5990K, committed 6144K, reserved 1114112K
  class space    used 665K, committed 768K, reserved 1048576K
}
Event: 1.090 GC heap before
{Heap before GC invocations=2 (full 0):
 garbage-first heap   total 262144K, used 29265K [0x0000000701800000, 0x0000000800000000)
  region size 2048K, 14 young (28672K), 1 survivors (2048K)
 Metaspace       used 10029K, committed 10240K, reserved 1114112K
  class space    used 1173K, committed 1280K, reserved 1048576K
}
Event: 1.093 GC heap after
{Heap after GC invocations=3 (full 0):
 garbage-first heap   total 262144K, used 6139K [0x0000000701800000, 0x0000000800000000)
  region size 2048K, 2 young (4096K), 2 survivors (4096K)
 Metaspace       used 10029K, committed 10240K, reserved 1114112K
  class space    used 1173K, committed 1280K, reserved 1048576K
}
Event: 4.115 GC heap before
{Heap before GC invocations=3 (full 0):
 garbage-first heap   total 262144K, used 172027K [0x0000000701800000, 0x0000000800000000)
  region size 2048K, 68 young (139264K), 2 survivors (4096K)
 Metaspace       used 21202K, committed 21504K, reserved 1114112K
  class space    used 2328K, committed 2496K, reserved 1048576K
}
Event: 4.125 GC heap after
{Heap after GC invocations=4 (full 0):
 garbage-first heap   total 262144K, used 16917K [0x0000000701800000, 0x0000000800000000)
  region size 2048K, 7 young (14336K), 7 survivors (14336K)
 Metaspace       used 21202K, committed 21504K, reserved 1114112K
  class space    used 2328K, committed 2496K, reserved 1048576K
}
Event: 5.065 GC heap before
{Heap before GC invocations=5 (full 0):
 garbage-first heap   total 69632K, used 68117K [0x0000000701800000, 0x0000000800000000)
  region size 2048K, 32 young (65536K), 7 survivors (14336K)
 Metaspace       used 24752K, committed 25152K, reserved 1114112K
  class space    used 2666K, committed 2880K, reserved 1048576K
}
Event: 5.085 GC heap after
{Heap after GC invocations=6 (full 0):
 garbage-first heap   total 100352K, used 31517K [0x0000000701800000, 0x0000000800000000)
  region size 2048K, 8 young (16384K), 8 survivors (16384K)
 Metaspace       used 24752K, committed 25152K, reserved 1114112K
  class space    used 2666K, committed 2880K, reserved 1048576K
}
Event: 5.175 GC heap before
{Heap before GC invocations=6 (full 0):
 garbage-first heap   total 100352K, used 33565K [0x0000000701800000, 0x0000000800000000)
  region size 2048K, 9 young (18432K), 8 survivors (16384K)
 Metaspace       used 25000K, committed 25408K, reserved 1114112K
  class space    used 2691K, committed 2880K, reserved 1048576K
}
Event: 5.189 GC heap after
{Heap after GC invocations=7 (full 0):
 garbage-first heap   total 100352K, used 32768K [0x0000000701800000, 0x0000000800000000)
  region size 2048K, 1 young (2048K), 1 survivors (2048K)
 Metaspace       used 25000K, committed 25408K, reserved 1114112K
  class space    used 2691K, committed 2880K, reserved 1048576K
}
Event: 5.990 GC heap before
{Heap before GC invocations=7 (full 0):
 garbage-first heap   total 100352K, used 69632K [0x0000000701800000, 0x0000000800000000)
  region size 2048K, 20 young (40960K), 1 survivors (2048K)
 Metaspace       used 26970K, committed 27456K, reserved 1114112K
  class space    used 2925K, committed 3136K, reserved 1048576K
}
Event: 5.992 GC heap after
{Heap after GC invocations=8 (full 0):
 garbage-first heap   total 151552K, used 32289K [0x0000000701800000, 0x0000000800000000)
  region size 2048K, 1 young (2048K), 1 survivors (2048K)
 Metaspace       used 26970K, committed 27456K, reserved 1114112K
  class space    used 2925K, committed 3136K, reserved 1048576K
}

Deoptimization events (20 events):
Event: 6.578 Thread 0x000001e063de1700 Uncommon trap: trap_request=0xffffffc6 fr.pc=0x000001e0734cb41c relative=0x000000000000063c
Event: 6.578 Thread 0x000001e063de1700 Uncommon trap: reason=bimorphic_or_optimized_type_check action=maybe_recompile pc=0x000001e0734cb41c method=com.sun.tools.javac.comp.Check.checkType(Lcom/sun/tools/javac/util/JCDiagnostic$DiagnosticPosition;Lcom/sun/tools/javac/code/Type;Lcom/sun/tools/ja
Event: 6.578 Thread 0x000001e063de1700 DEOPT PACKING pc=0x000001e0734cb41c sp=0x000000d8ed0fb180
Event: 6.578 Thread 0x000001e063de1700 DEOPT UNPACKING pc=0x000001e06b7723a3 sp=0x000000d8ed0fb0c0 mode 2
Event: 6.579 Thread 0x000001e063de1700 Uncommon trap: trap_request=0xffffffc6 fr.pc=0x000001e0734cb41c relative=0x000000000000063c
Event: 6.579 Thread 0x000001e063de1700 Uncommon trap: reason=bimorphic_or_optimized_type_check action=maybe_recompile pc=0x000001e0734cb41c method=com.sun.tools.javac.comp.Check.checkType(Lcom/sun/tools/javac/util/JCDiagnostic$DiagnosticPosition;Lcom/sun/tools/javac/code/Type;Lcom/sun/tools/ja
Event: 6.579 Thread 0x000001e063de1700 DEOPT PACKING pc=0x000001e0734cb41c sp=0x000000d8ed0fbb40
Event: 6.579 Thread 0x000001e063de1700 DEOPT UNPACKING pc=0x000001e06b7723a3 sp=0x000000d8ed0fba80 mode 2
Event: 6.586 Thread 0x000001e063de1700 DEOPT PACKING pc=0x000001e06c85fc6b sp=0x000000d8ed0fd790
Event: 6.586 Thread 0x000001e063de1700 DEOPT UNPACKING pc=0x000001e06b772b43 sp=0x000000d8ed0fcc00 mode 0
Event: 6.591 Thread 0x000001e063de1700 DEOPT PACKING pc=0x000001e06bee3fcc sp=0x000000d8ed0fc190
Event: 6.591 Thread 0x000001e063de1700 DEOPT UNPACKING pc=0x000001e06b772b43 sp=0x000000d8ed0fb6e8 mode 0
Event: 6.602 Thread 0x000001e063de1700 Uncommon trap: trap_request=0xffffff45 fr.pc=0x000001e0734e32f4 relative=0x0000000000000c14
Event: 6.602 Thread 0x000001e063de1700 Uncommon trap: reason=unstable_if action=reinterpret pc=0x000001e0734e32f4 method=java.util.HashMap.removeNode(ILjava/lang/Object;Ljava/lang/Object;ZZ)Ljava/util/HashMap$Node; @ 7 c2
Event: 6.602 Thread 0x000001e063de1700 DEOPT PACKING pc=0x000001e0734e32f4 sp=0x000000d8ed0fb930
Event: 6.602 Thread 0x000001e063de1700 DEOPT UNPACKING pc=0x000001e06b7723a3 sp=0x000000d8ed0fb8d0 mode 2
Event: 6.612 Thread 0x000001e063de1700 Uncommon trap: trap_request=0xffffff45 fr.pc=0x000001e07323b544 relative=0x0000000000000204
Event: 6.612 Thread 0x000001e063de1700 Uncommon trap: reason=unstable_if action=reinterpret pc=0x000001e07323b544 method=java.util.WeakHashMap.matchesKey(Ljava/util/WeakHashMap$Entry;Ljava/lang/Object;)Z @ 24 c2
Event: 6.612 Thread 0x000001e063de1700 DEOPT PACKING pc=0x000001e07323b544 sp=0x000000d8ed0fb760
Event: 6.612 Thread 0x000001e063de1700 DEOPT UNPACKING pc=0x000001e06b7723a3 sp=0x000000d8ed0fb6b0 mode 2

Classes loaded (20 events):
Event: 5.905 Loading class java/util/regex/Pattern$Loop
Event: 5.905 Loading class java/util/regex/Pattern$Loop done
Event: 5.905 Loading class java/util/regex/Pattern$Prolog
Event: 5.905 Loading class java/util/regex/Pattern$Prolog done
Event: 5.921 Loading class java/util/regex/Pattern$LazyLoop
Event: 5.921 Loading class java/util/regex/Pattern$LazyLoop done
Event: 6.284 Loading class java/util/function/ToIntBiFunction
Event: 6.284 Loading class java/util/function/ToIntBiFunction done
Event: 6.304 Loading class sun/nio/ch/ChannelOutputStream
Event: 6.304 Loading class sun/nio/ch/ChannelOutputStream done
Event: 6.372 Loading class java/io/DataOutputStream
Event: 6.373 Loading class java/io/DataOutputStream done
Event: 6.489 Loading class java/util/EnumMap$EntrySet
Event: 6.489 Loading class java/util/EnumMap$EntrySet done
Event: 6.489 Loading class java/util/EnumMap$EntryIterator
Event: 6.489 Loading class java/util/EnumMap$EnumMapIterator
Event: 6.489 Loading class java/util/EnumMap$EnumMapIterator done
Event: 6.489 Loading class java/util/EnumMap$EntryIterator done
Event: 6.489 Loading class java/util/EnumMap$EntryIterator$Entry
Event: 6.489 Loading class java/util/EnumMap$EntryIterator$Entry done

Classes unloaded (0 events):
No events

Classes redefined (0 events):
No events

Internal exceptions (20 events):
Event: 6.587 Thread 0x000001e063de1700 Exception <a 'sun/nio/fs/WindowsException'{0x0000000707c60600}> (0x0000000707c60600) 
thrown [s\open\src\hotspot\share\prims\jni.cpp, line 516]
Event: 6.587 Thread 0x000001e063de1700 Exception <a 'sun/nio/fs/WindowsException'{0x0000000707c60e00}> (0x0000000707c60e00) 
thrown [s\open\src\hotspot\share\prims\jni.cpp, line 516]
Event: 6.592 Thread 0x000001e063de1700 Exception <a 'sun/nio/fs/WindowsException'{0x0000000707cab1b0}> (0x0000000707cab1b0) 
thrown [s\open\src\hotspot\share\prims\jni.cpp, line 516]
Event: 6.592 Thread 0x000001e063de1700 Exception <a 'sun/nio/fs/WindowsException'{0x0000000707cab430}> (0x0000000707cab430) 
thrown [s\open\src\hotspot\share\prims\jni.cpp, line 516]
Event: 6.592 Thread 0x000001e063de1700 Exception <a 'sun/nio/fs/WindowsException'{0x0000000707cacd60}> (0x0000000707cacd60) 
thrown [s\open\src\hotspot\share\prims\jni.cpp, line 516]
Event: 6.592 Thread 0x000001e063de1700 Exception <a 'sun/nio/fs/WindowsException'{0x0000000707cacf90}> (0x0000000707cacf90) 
thrown [s\open\src\hotspot\share\prims\jni.cpp, line 516]
Event: 6.592 Thread 0x000001e063de1700 Exception <a 'sun/nio/fs/WindowsException'{0x0000000707caea88}> (0x0000000707caea88) 
thrown [s\open\src\hotspot\share\prims\jni.cpp, line 516]
Event: 6.592 Thread 0x000001e063de1700 Exception <a 'sun/nio/fs/WindowsException'{0x0000000707caecf8}> (0x0000000707caecf8) 
thrown [s\open\src\hotspot\share\prims\jni.cpp, line 516]
Event: 6.592 Thread 0x000001e063de1700 Exception <a 'sun/nio/fs/WindowsException'{0x0000000707cb0678}> (0x0000000707cb0678) 
thrown [s\open\src\hotspot\share\prims\jni.cpp, line 516]
Event: 6.592 Thread 0x000001e063de1700 Exception <a 'sun/nio/fs/WindowsException'{0x0000000707cb0978}> (0x0000000707cb0978) 
thrown [s\open\src\hotspot\share\prims\jni.cpp, line 516]
Event: 6.597 Thread 0x000001e063de1700 Exception <a 'java/lang/NoSuchMethodError'{0x0000000707cde970}: 'java.lang.Object java.lang.invoke.DirectMethodHandle$Holder.newInvokeSpecial(java.lang.Object, java.lang.Object, java.lang.Object, java.lang.Object, java.lang.Object, java.lang.Object, java.lang.Object, java.lang.Object)'> (0x0000000707cde970) 
thrown [s\open\src\hotspot\share\interpreter\linkResolver.cpp, line 759]
Event: 6.597 Thread 0x000001e063de1700 Exception <a 'java/lang/NoSuchMethodError'{0x0000000707ce39f0}: 'java.lang.Object java.lang.invoke.DirectMethodHandle$Holder.invokeSpecial(java.lang.Object, java.lang.Object, java.lang.Object, java.lang.Object, java.lang.Object, java.lang.Object, java.lang.Object, java.lang.Object, java.lang.Object)'> (0x0000000707ce39f0) 
thrown [s\open\src\hotspot\share\interpreter\linkResolver.cpp, line 759]
Event: 6.597 Thread 0x000001e063de1700 Exception <a 'java/lang/NoSuchMethodError'{0x0000000707ce7f98}: 'java.lang.Object java.lang.invoke.Invokers$Holder.linkToTargetMethod(java.lang.Object, java.lang.Object, java.lang.Object, java.lang.Object, java.lang.Object, java.lang.Object, java.lang.Object, java.lang.Object)'> (0x0000000707ce7f98) 
thrown [s\open\src\hotspot\share\interpreter\linkResolver.cpp, line 759]
Event: 6.599 Thread 0x000001e063de1700 Exception <a 'java/lang/NoSuchMethodError'{0x0000000707cfceb8}: 'java.lang.Object java.lang.invoke.Invokers$Holder.linkToTargetMethod(java.lang.Object, java.lang.Object, java.lang.Object, java.lang.Object, java.lang.Object, java.lang.Object, java.lang.Object)'> (0x0000000707cfceb8) 
thrown [s\open\src\hotspot\share\interpreter\linkResolver.cpp, line 759]
Event: 6.602 Thread 0x000001e063de1700 Implicit null exception at 0x000001e0734e272d to 0x000001e0734e32cc
Event: 6.604 Thread 0x000001e063de1700 Exception <a 'java/lang/NoSuchMethodError'{0x0000000707d44ed8}: 'java.lang.Object java.lang.invoke.DirectMethodHandle$Holder.newInvokeSpecial(java.lang.Object, java.lang.Object, java.lang.Object, java.lang.Object, java.lang.Object, java.lang.Object, java.lang.Object, int)'> (0x0000000707d44ed8) 
thrown [s\open\src\hotspot\share\interpreter\linkResolver.cpp, line 759]
Event: 6.604 Thread 0x000001e063de1700 Exception <a 'java/lang/NoSuchMethodError'{0x0000000707d4a780}: 'java.lang.Object java.lang.invoke.DirectMethodHandle$Holder.invokeSpecial(java.lang.Object, java.lang.Object, java.lang.Object, java.lang.Object, java.lang.Object, java.lang.Object, java.lang.Object, java.lang.Object, int)'> (0x0000000707d4a780) 
thrown [s\open\src\hotspot\share\interpreter\linkResolver.cpp, line 759]
Event: 6.633 Thread 0x000001e063de1700 Exception <a 'sun/nio/fs/WindowsException'{0x0000000707ae9a98}> (0x0000000707ae9a98) 
thrown [s\open\src\hotspot\share\prims\jni.cpp, line 516]
Event: 6.633 Thread 0x000001e063de1700 Exception <a 'sun/nio/fs/WindowsException'{0x0000000707aea140}> (0x0000000707aea140) 
thrown [s\open\src\hotspot\share\prims\jni.cpp, line 516]
Event: 6.633 Thread 0x000001e063de1700 Exception <a 'sun/nio/fs/WindowsException'{0x0000000707aea978}> (0x0000000707aea978) 
thrown [s\open\src\hotspot\share\prims\jni.cpp, line 516]

VM Operations (20 events):
Event: 6.341 Executing VM operation: HandshakeAllThreads
Event: 6.341 Executing VM operation: HandshakeAllThreads done
Event: 6.346 Executing VM operation: ICBufferFull
Event: 6.346 Executing VM operation: ICBufferFull done
Event: 6.469 Executing VM operation: ICBufferFull
Event: 6.469 Executing VM operation: ICBufferFull done
Event: 6.479 Executing VM operation: HandshakeAllThreads
Event: 6.479 Executing VM operation: HandshakeAllThreads done
Event: 6.502 Executing VM operation: HandshakeAllThreads
Event: 6.502 Executing VM operation: HandshakeAllThreads done
Event: 6.522 Executing VM operation: ICBufferFull
Event: 6.522 Executing VM operation: ICBufferFull done
Event: 6.590 Executing VM operation: HandshakeAllThreads
Event: 6.590 Executing VM operation: HandshakeAllThreads done
Event: 6.590 Executing VM operation: HandshakeAllThreads
Event: 6.590 Executing VM operation: HandshakeAllThreads done
Event: 6.593 Executing VM operation: ICBufferFull
Event: 6.593 Executing VM operation: ICBufferFull done
Event: 6.600 Executing VM operation: HandshakeAllThreads
Event: 6.600 Executing VM operation: HandshakeAllThreads done

Events (20 events):
Event: 4.894 Thread 0x000001e00635a600 flushing nmethod 0x000001e06c729890
Event: 4.894 Thread 0x000001e00635a600 flushing nmethod 0x000001e06c729d90
Event: 4.894 Thread 0x000001e00635a600 flushing nmethod 0x000001e06c72a890
Event: 4.894 Thread 0x000001e00635a600 flushing nmethod 0x000001e06c72bf90
Event: 4.894 Thread 0x000001e00635a600 flushing nmethod 0x000001e06c72c490
Event: 4.894 Thread 0x000001e00635a600 flushing nmethod 0x000001e06c72d990
Event: 4.894 Thread 0x000001e00635a600 flushing nmethod 0x000001e06c72f890
Event: 4.895 Thread 0x000001e00635a600 flushing nmethod 0x000001e06c73bc10
Event: 4.895 Thread 0x000001e00635a600 flushing nmethod 0x000001e06c73de10
Event: 4.895 Thread 0x000001e00635a600 flushing nmethod 0x000001e06c746990
Event: 4.895 Thread 0x000001e00635a600 flushing nmethod 0x000001e06c757690
Event: 4.895 Thread 0x000001e00635a600 flushing nmethod 0x000001e06c759510
Event: 4.895 Thread 0x000001e00635a600 flushing nmethod 0x000001e06c787090
Event: 4.895 Thread 0x000001e00635a600 flushing nmethod 0x000001e06c787c10
Event: 4.895 Thread 0x000001e00635a600 flushing nmethod 0x000001e06c789a90
Event: 4.895 Thread 0x000001e00635a600 flushing nmethod 0x000001e06c789e90
Event: 4.895 Thread 0x000001e00635a600 flushing nmethod 0x000001e06c79f790
Event: 4.895 Thread 0x000001e00635a600 flushing nmethod 0x000001e06c7acc10
Event: 4.895 Thread 0x000001e00635a600 flushing nmethod 0x000001e06c7acf90
Event: 4.895 Thread 0x000001e00635a600 flushing nmethod 0x000001e06c7b2690


Dynamic libraries:
0x00007ff7b7f80000 - 0x00007ff7b7f90000 	D:\jdk\bin\java.exe
0x00007ffa61490000 - 0x00007ffa61688000 	C:\WINDOWS\SYSTEM32\ntdll.dll
0x00007ffa606e0000 - 0x00007ffa6079d000 	C:\WINDOWS\System32\KERNEL32.DLL
0x00007ffa5ebb0000 - 0x00007ffa5ee7e000 	C:\WINDOWS\System32\KERNELBASE.dll
0x00007ffa5f230000 - 0x00007ffa5f330000 	C:\WINDOWS\System32\ucrtbase.dll
0x00007ffa5a430000 - 0x00007ffa5a44a000 	D:\jdk\bin\VCRUNTIME140.dll
0x00007ffa5a410000 - 0x00007ffa5a428000 	D:\jdk\bin\jli.dll
0x00007ffa5f910000 - 0x00007ffa5f9be000 	C:\WINDOWS\System32\ADVAPI32.dll
0x00007ffa612f0000 - 0x00007ffa6138e000 	C:\WINDOWS\System32\msvcrt.dll
0x00007ffa61390000 - 0x00007ffa6142c000 	C:\WINDOWS\System32\sechost.dll
0x00007ffa605b0000 - 0x00007ffa606d5000 	C:\WINDOWS\System32\RPCRT4.dll
0x00007ffa5f770000 - 0x00007ffa5f910000 	C:\WINDOWS\System32\USER32.dll
0x00007ffa5f4c0000 - 0x00007ffa5f4e2000 	C:\WINDOWS\System32\win32u.dll
0x00007ffa612c0000 - 0x00007ffa612ea000 	C:\WINDOWS\System32\GDI32.dll
0x00007ffa5f010000 - 0x00007ffa5f11b000 	C:\WINDOWS\System32\gdi32full.dll
0x00007ffa5f190000 - 0x00007ffa5f22d000 	C:\WINDOWS\System32\msvcp_win.dll
0x00007ffa4a3d0000 - 0x00007ffa4a66a000 	C:\WINDOWS\WinSxS\amd64_microsoft.windows.common-controls_6595b64144ccf1df_6.0.19041.1110_none_60b5254171f9507e\COMCTL32.dll
0x00007ffa5d9c0000 - 0x00007ffa5d9ca000 	C:\WINDOWS\SYSTEM32\VERSION.dll
0x00007ffa60bf0000 - 0x00007ffa60c20000 	C:\WINDOWS\System32\IMM32.DLL
0x00007ffa5a480000 - 0x00007ffa5a48c000 	D:\jdk\bin\vcruntime140_1.dll
0x00007ffa358f0000 - 0x00007ffa3597d000 	D:\jdk\bin\msvcp140.dll
0x00007ffa01400000 - 0x00007ffa02011000 	D:\jdk\bin\server\jvm.dll
0x00007ffa60e40000 - 0x00007ffa60e48000 	C:\WINDOWS\System32\PSAPI.DLL
0x00007ffa42c70000 - 0x00007ffa42c79000 	C:\WINDOWS\SYSTEM32\WSOCK32.dll
0x00007ffa60490000 - 0x00007ffa604fb000 	C:\WINDOWS\System32\WS2_32.dll
0x00007ffa48890000 - 0x00007ffa488b7000 	C:\WINDOWS\SYSTEM32\WINMM.dll
0x00007ffa5d970000 - 0x00007ffa5d982000 	C:\WINDOWS\SYSTEM32\kernel.appcore.dll
0x00007ffa5a400000 - 0x00007ffa5a40a000 	D:\jdk\bin\jimage.dll
0x00007ffa4dd90000 - 0x00007ffa4df74000 	C:\WINDOWS\SYSTEM32\DBGHELP.DLL
0x00007ffa4dd60000 - 0x00007ffa4dd8c000 	C:\WINDOWS\SYSTEM32\dbgcore.DLL
0x00007ffa5f3e0000 - 0x00007ffa5f462000 	C:\WINDOWS\System32\bcryptPrimitives.dll
0x00007ffa5b6a0000 - 0x00007ffa5b6ae000 	D:\jdk\bin\instrument.dll
0x00007ffa5a3d0000 - 0x00007ffa5a3f5000 	D:\jdk\bin\java.dll
0x00007ffa347b0000 - 0x00007ffa34886000 	D:\jdk\bin\jsvml.dll
0x00007ffa5f9c0000 - 0x00007ffa60103000 	C:\WINDOWS\System32\SHELL32.dll
0x00007ffa5caf0000 - 0x00007ffa5d285000 	C:\WINDOWS\SYSTEM32\windows.storage.dll
0x00007ffa607a0000 - 0x00007ffa60af4000 	C:\WINDOWS\System32\combase.dll
0x00007ffa5e540000 - 0x00007ffa5e570000 	C:\WINDOWS\SYSTEM32\Wldp.dll
0x00007ffa601d0000 - 0x00007ffa6027d000 	C:\WINDOWS\System32\SHCORE.dll
0x00007ffa60170000 - 0x00007ffa601c5000 	C:\WINDOWS\System32\shlwapi.dll
0x00007ffa5eaf0000 - 0x00007ffa5eb0f000 	C:\WINDOWS\SYSTEM32\profapi.dll
0x00007ffa4a260000 - 0x00007ffa4a278000 	D:\jdk\bin\zip.dll
0x00007ffa5a3b0000 - 0x00007ffa5a3c3000 	D:\jdk\bin\net.dll
0x00007ffa58d70000 - 0x00007ffa58e7a000 	C:\WINDOWS\SYSTEM32\WINHTTP.dll
0x00007ffa5e2a0000 - 0x00007ffa5e30a000 	C:\WINDOWS\system32\mswsock.dll
0x00007ffa4a2f0000 - 0x00007ffa4a306000 	D:\jdk\bin\nio.dll
0x00007ffa59130000 - 0x00007ffa5914a000 	D:\IntelliJ IDEA 2022.2\bin\breakgen64.dll
0x00007ffa59360000 - 0x00007ffa59370000 	D:\jdk\bin\verify.dll
0x00007ffa5e490000 - 0x00007ffa5e4a8000 	C:\WINDOWS\SYSTEM32\CRYPTSP.dll
0x00007ffa5dc20000 - 0x00007ffa5dc54000 	C:\WINDOWS\system32\rsaenh.dll
0x00007ffa5efe0000 - 0x00007ffa5f007000 	C:\WINDOWS\System32\bcrypt.dll
0x00007ffa5ea70000 - 0x00007ffa5ea9e000 	C:\WINDOWS\SYSTEM32\USERENV.dll
0x00007ffa5e4b0000 - 0x00007ffa5e4bc000 	C:\WINDOWS\SYSTEM32\CRYPTBASE.dll
0x00007ffa5df90000 - 0x00007ffa5dfcb000 	C:\WINDOWS\SYSTEM32\IPHLPAPI.DLL
0x00007ffa60b00000 - 0x00007ffa60b08000 	C:\WINDOWS\System32\NSI.dll
0x00007ffa57670000 - 0x00007ffa57687000 	C:\WINDOWS\SYSTEM32\dhcpcsvc6.DLL
0x00007ffa56f50000 - 0x00007ffa56f6d000 	C:\WINDOWS\SYSTEM32\dhcpcsvc.DLL
0x00007ffa5dfd0000 - 0x00007ffa5e09a000 	C:\WINDOWS\SYSTEM32\DNSAPI.dll
0x00007ffa59120000 - 0x00007ffa5912a000 	C:\Users\admin\AppData\Local\Temp\jansi-1.17.1-17697391983072761511.dll
0x00007ffa59110000 - 0x00007ffa5911a000 	C:\Users\admin\AppData\Local\Temp\jansi-1.17.1-9292705089695438793.dll

dbghelp: loaded successfully - version: 4.0.5 - missing functions: none
symbol engine: initialized successfully - sym options: 0x614 - pdb path: .;D:\jdk\bin;C:\WINDOWS\SYSTEM32;C:\WINDOWS\WinSxS\amd64_microsoft.windows.common-controls_6595b64144ccf1df_6.0.19041.1110_none_60b5254171f9507e;D:\jdk\bin\server;D:\IntelliJ IDEA 2022.2\bin;C:\Users\admin\AppData\Local\Temp

VM Arguments:
jvm_args: -Dmaven.multiModuleProjectDirectory=E:\sgwProject\jingsai -Dmaven.home=D:\IntelliJ IDEA 2022.2\plugins\maven\lib\maven3 -Dclassworlds.conf=D:\IntelliJ IDEA 2022.2\plugins\maven\lib\maven3\bin\m2.conf -Dmaven.ext.class.path=D:\IntelliJ IDEA 2022.2\plugins\maven\lib\maven-event-listener.jar -javaagent:D:\IntelliJ IDEA 2022.2\lib\idea_rt.jar=62090:D:\IntelliJ IDEA 2022.2\bin -Dfile.encoding=UTF-8 
java_command: org.codehaus.classworlds.Launcher -Didea.version=2022.2 package
java_class_path (initial): D:\IntelliJ IDEA 2022.2\plugins\maven\lib\maven3\boot\plexus-classworlds-2.6.0.jar;D:\IntelliJ IDEA 2022.2\plugins\maven\lib\maven3\boot\plexus-classworlds.license
Launcher Type: SUN_STANDARD

[Global flags]
     intx CICompilerCount                          = 3                                         {product} {ergonomic}
     uint ConcGCThreads                            = 1                                         {product} {ergonomic}
     uint G1ConcRefinementThreads                  = 4                                         {product} {ergonomic}
   size_t G1HeapRegionSize                         = 2097152                                   {product} {ergonomic}
    uintx GCDrainStackTargetSize                   = 64                                        {product} {ergonomic}
   size_t InitialHeapSize                          = 268435456                                 {product} {ergonomic}
   size_t MarkStackSize                            = 4194304                                   {product} {ergonomic}
   size_t MaxHeapSize                              = 4269801472                                {product} {ergonomic}
   size_t MaxNewSize                               = 2560622592                                {product} {ergonomic}
   size_t MinHeapDeltaBytes                        = 2097152                                   {product} {ergonomic}
   size_t MinHeapSize                              = 8388608                                   {product} {ergonomic}
    uintx NonNMethodCodeHeapSize                   = 5832780                                {pd product} {ergonomic}
    uintx NonProfiledCodeHeapSize                  = 122912730                              {pd product} {ergonomic}
    uintx ProfiledCodeHeapSize                     = 122912730                              {pd product} {ergonomic}
    uintx ReservedCodeCacheSize                    = 251658240                              {pd product} {ergonomic}
     bool SegmentedCodeCache                       = true                                      {product} {ergonomic}
   size_t SoftMaxHeapSize                          = 4269801472                             {manageable} {ergonomic}
     bool UseCompressedClassPointers               = true                           {product lp64_product} {ergonomic}
     bool UseCompressedOops                        = true                           {product lp64_product} {ergonomic}
     bool UseG1GC                                  = true                                      {product} {ergonomic}
     bool UseLargePagesIndividualAllocation        = false                                  {pd product} {ergonomic}

Logging:
Log output configuration:
 #0: stdout all=warning uptime,level,tags foldmultilines=false
 #1: stderr all=off uptime,level,tags foldmultilines=false

Environment Variables:
PATH=C:\GeneralData\GBase\Server\bin;D:\oracle\bin;D:\oracle\WINDOWS.X64_193000_db_home\bin;C:\Program Files\Common Files\Oracle\Java\javapath;C:\Program Files (x86)\Intel\iCLS Client\;C:\Program Files\Intel\iCLS Client\;C:\WINDOWS\system32;C:\WINDOWS;C:\WINDOWS\System32\Wbem;C:\WINDOWS\System32\WindowsPowerShell\v1.0\;C:\Program Files (x86)\Intel\Intel(R) Management Engine Components\DAL;C:\Program Files\Intel\Intel(R) Management Engine Components\DAL;C:\Program Files (x86)\Intel\Intel(R) Management Engine Components\IPT;C:\Program Files\Intel\Intel(R) Management Engine Components\IPT;C:\WINDOWS\System32\OpenSSH\;C:\Program Files\dotnet\;C:\Program Files (x86)\NetSarang\Xshell 7\;C:\Program Files\Git\cmd;C:\Users\admin\AppData\Local\Microsoft\WindowsApps;D:\maven\apache-maven-3.8.6\bin;
USERNAME=admin
OS=Windows_NT
PROCESSOR_IDENTIFIER=Intel64 Family 6 Model 158 Stepping 9, GenuineIntel



---------------  S Y S T E M  ---------------

OS:
 Windows 10 , 64 bit Build 19041 (10.0.19041.1889)
OS uptime: 9 days 0:20 hours

CPU: total 4 (initial active 4) (4 cores per cpu, 1 threads per core) family 6 model 158 stepping 9 microcode 0xb4, cx8, cmov, fxsr, mmx, 3dnowpref, sse, sse2, sse3, ssse3, sse4.1, sse4.2, popcnt, lzcnt, tsc, tscinvbit, avx, avx2, aes, erms, clmul, bmi1, bmi2, rtm, adx, fma, vzeroupper, clflush, clflushopt

Memory: 4k page, system-wide physical 16280M (3657M free)
TotalPageFile size 20376M (AvailPageFile size 5M)
current process WorkingSet (physical memory assigned to process): 283M, peak: 284M
current process commit charge ("private bytes"): 315M, peak: 393M

vm_info: Java HotSpot(TM) 64-Bit Server VM (18.0.2+9-61) for windows-amd64 JRE (18.0.2+9-61), built on Jun  7 2022 13:09:01 by "mach5one" with MS VC++ 16.8 / 16.9 (VS2019)

END.
