#
# There is insufficient memory for the Java Runtime Environment to continue.
# Native memory allocation (malloc) failed to allocate 524304 bytes for Chunk::new
# Possible reasons:
#   The system is out of physical RAM or swap space
#   The process is running with CompressedOops enabled, and the Java Heap may be blocking the growth of the native heap
# Possible solutions:
#   Reduce memory load on the system
#   Increase physical memory or swap space
#   Check if swap backing store is full
#   Decrease Java heap size (-Xmx/-Xms)
#   Decrease number of Java threads
#   Decrease Java thread stack sizes (-Xss)
#   Set larger code cache with -XX:ReservedCodeCacheSize=
#   JVM is running with Unscaled Compressed Oops mode in which the Java heap is
#     placed in the first 4GB address space. The Java Heap base address is the
#     maximum limit for the native heap growth. Please use -XX:HeapBaseMinAddress
#     to set the Java Heap base and to place the Java Heap above 4GB virtual address.
# This output file may be truncated or incomplete.
#
#  Out of Memory Error (arena.cpp:184), pid=10868, tid=7432
#
# JRE version: Java(TM) SE Runtime Environment (18.0.2+9) (build 18.0.2+9-61)
# Java VM: Java HotSpot(TM) 64-Bit Server VM (18.0.2+9-61, mixed mode, sharing, tiered, compressed oops, compressed class ptrs, g1 gc, windows-amd64)
# No core dump will be written. Minidumps are not enabled by default on client versions of Windows
#

---------------  S U M M A R Y ------------

Command Line: -Dmaven.multiModuleProjectDirectory=E:\sgwProject\jingsai -Dmaven.home=D:\maven\apache-maven-3.8.6 -Dclassworlds.conf=D:\maven\apache-maven-3.8.6\bin\m2.conf -Dmaven.ext.class.path=D:\IntelliJ IDEA 2022.2\plugins\maven\lib\maven-event-listener.jar -javaagent:D:\IntelliJ IDEA 2022.2\lib\idea_rt.jar=50828:D:\IntelliJ IDEA 2022.2\bin -Dfile.encoding=UTF-8 org.codehaus.classworlds.Launcher -Didea.version=2022.2 install

Host: Intel(R) Core(TM) i5-7500 CPU @ 3.40GHz, 4 cores, 7G,  Windows 10 , 64 bit Build 19041 (10.0.19041.1889)
Time: Wed Oct 19 20:04:06 2022  Windows 10 , 64 bit Build 19041 (10.0.19041.1889) elapsed time: 8.178024 seconds (0d 0h 0m 8s)

---------------  T H R E A D  ---------------

Current thread (0x000001644baeed90):  JavaThread "C2 CompilerThread1" daemon [_thread_in_native, id=7432, stack(0x0000005bdba00000,0x0000005bdbb00000)]


Current CompileTask:
C2:   8178 8657   !   4       java.lang.ClassLoader::loadClass (121 bytes)

Stack: [0x0000005bdba00000,0x0000005bdbb00000]
Native frames: (J=compiled Java code, j=interpreted, Vv=VM code, C=native code)
V  [jvm.dll+0x6993ca]
V  [jvm.dll+0x7f481d]
V  [jvm.dll+0x7f612e]
V  [jvm.dll+0x7f67e3]
V  [jvm.dll+0x25cdaf]
V  [jvm.dll+0xb8c2f]
V  [jvm.dll+0xb8fa5]
V  [jvm.dll+0xb8d4b]
V  [jvm.dll+0x6be162]
V  [jvm.dll+0x3829f3]
V  [jvm.dll+0x3834f8]
V  [jvm.dll+0x382e27]
V  [jvm.dll+0x2ef652]
V  [jvm.dll+0x660341]
V  [jvm.dll+0x12a53c]
V  [jvm.dll+0x35faf6]
V  [jvm.dll+0x6b4cf6]
V  [jvm.dll+0x6b4052]
V  [jvm.dll+0x6af57d]
V  [jvm.dll+0x6a978b]
V  [jvm.dll+0x6a8dc5]
V  [jvm.dll+0x6a6c7b]
V  [jvm.dll+0x1bd20c]
V  [jvm.dll+0x2c6ec8]
V  [jvm.dll+0x6b16a8]
V  [jvm.dll+0x6a978b]
V  [jvm.dll+0x6a8dc5]
V  [jvm.dll+0x6a6c7b]
V  [jvm.dll+0x1bd20c]
V  [jvm.dll+0x2c6ec8]
V  [jvm.dll+0x6b16a8]
V  [jvm.dll+0x6a978b]
V  [jvm.dll+0x6a8dc5]
V  [jvm.dll+0x6a6c7b]
V  [jvm.dll+0x1bd20c]
V  [jvm.dll+0x2c6ec8]
V  [jvm.dll+0x6b16a8]
V  [jvm.dll+0x6a978b]
V  [jvm.dll+0x6a8dc5]
V  [jvm.dll+0x6a6c7b]
V  [jvm.dll+0x1bd20c]
V  [jvm.dll+0x2c6ec8]
V  [jvm.dll+0x6b16a8]
V  [jvm.dll+0x6a978b]
V  [jvm.dll+0x6a8dc5]
V  [jvm.dll+0x6a6c7b]
V  [jvm.dll+0x1bd20c]
V  [jvm.dll+0x1bddd6]
V  [jvm.dll+0x2c6ec8]
V  [jvm.dll+0x6b16a8]
V  [jvm.dll+0x6a978b]
V  [jvm.dll+0x6a8dc5]
V  [jvm.dll+0x6a6c7b]
V  [jvm.dll+0x1bd20c]
V  [jvm.dll+0x1bddd6]
V  [jvm.dll+0x2c6ec8]
V  [jvm.dll+0x6b16a8]
V  [jvm.dll+0x6a978b]
V  [jvm.dll+0x6a8dc5]
V  [jvm.dll+0x6a6c7b]
V  [jvm.dll+0x1bd20c]
V  [jvm.dll+0x1bddd6]
V  [jvm.dll+0x2c6ec8]
V  [jvm.dll+0x6b16a8]
V  [jvm.dll+0x6a978b]
V  [jvm.dll+0x6a8dc5]
V  [jvm.dll+0x6a6c7b]
V  [jvm.dll+0x1bd20c]
V  [jvm.dll+0x2c6ec8]
V  [jvm.dll+0x6b16a8]
V  [jvm.dll+0x6a978b]
V  [jvm.dll+0x6a8dc5]
V  [jvm.dll+0x6a6c7b]
V  [jvm.dll+0x1bd20c]
V  [jvm.dll+0x1bddd6]
V  [jvm.dll+0x1bddd6]
V  [jvm.dll+0x2c6ec8]
V  [jvm.dll+0x6b16a8]
V  [jvm.dll+0x6a978b]
V  [jvm.dll+0x6a8dc5]
V  [jvm.dll+0x6a6c7b]
V  [jvm.dll+0x1bd20c]
V  [jvm.dll+0x1bddd6]
V  [jvm.dll+0x2c6ec8]
V  [jvm.dll+0x6b16a8]
V  [jvm.dll+0x6a978b]
V  [jvm.dll+0x6a8dc5]
V  [jvm.dll+0x6a6c7b]
V  [jvm.dll+0x1bd20c]
V  [jvm.dll+0x1bddd6]
V  [jvm.dll+0x2c6ec8]
V  [jvm.dll+0x6b16a8]
V  [jvm.dll+0x6a978b]
V  [jvm.dll+0x6a8dc5]
V  [jvm.dll+0x6a6c7b]
V  [jvm.dll+0x1bd20c]
V  [jvm.dll+0x1bddd6]
V  [jvm.dll+0x2c6ec8]
V  [jvm.dll+0x6b16a8]
...<more frames>...


---------------  P R O C E S S  ---------------

Threads class SMR info:
_java_thread_list=0x000001644e2f1080, length=22, elements={
0x00000164298f18e0, 0x00000164471ceb80, 0x00000164471d3700, 0x00000164471ed090,
0x00000164471eed50, 0x00000164471f1610, 0x00000164471f2ed0, 0x00000164471f7fc0,
0x00000164472008c0, 0x000001644723b980, 0x000001644729e9f0, 0x000001644b52fe40,
0x000001644b52b530, 0x000001644baeed90, 0x000001644c3f9e70, 0x000001644c3fc4f0,
0x000001644c3fc020, 0x000001644c3f9000, 0x000001644c3f99a0, 0x000001644d92b4b0,
0x000001644d927af0, 0x000001644d92e000
}

Java Threads: ( => current thread )
  0x00000164298f18e0 JavaThread "main" [_thread_in_vm, id=3200, stack(0x0000005bda300000,0x0000005bda400000)]
  0x00000164471ceb80 JavaThread "Reference Handler" daemon [_thread_blocked, id=9144, stack(0x0000005bdaa00000,0x0000005bdab00000)]
  0x00000164471d3700 JavaThread "Finalizer" daemon [_thread_blocked, id=14080, stack(0x0000005bdab00000,0x0000005bdac00000)]
  0x00000164471ed090 JavaThread "Signal Dispatcher" daemon [_thread_blocked, id=9336, stack(0x0000005bdac00000,0x0000005bdad00000)]
  0x00000164471eed50 JavaThread "Attach Listener" daemon [_thread_blocked, id=4388, stack(0x0000005bdad00000,0x0000005bdae00000)]
  0x00000164471f1610 JavaThread "Service Thread" daemon [_thread_blocked, id=12924, stack(0x0000005bdae00000,0x0000005bdaf00000)]
  0x00000164471f2ed0 JavaThread "Monitor Deflation Thread" daemon [_thread_blocked, id=12296, stack(0x0000005bdaf00000,0x0000005bdb000000)]
  0x00000164471f7fc0 JavaThread "C2 CompilerThread0" daemon [_thread_in_native, id=14572, stack(0x0000005bdb000000,0x0000005bdb100000)]
  0x00000164472008c0 JavaThread "C1 CompilerThread0" daemon [_thread_blocked, id=14672, stack(0x0000005bdb100000,0x0000005bdb200000)]
  0x000001644723b980 JavaThread "Sweeper thread" daemon [_thread_blocked, id=14680, stack(0x0000005bdb200000,0x0000005bdb300000)]
  0x000001644729e9f0 JavaThread "Common-Cleaner" daemon [_thread_blocked, id=14200, stack(0x0000005bdb300000,0x0000005bdb400000)]
  0x000001644b52fe40 JavaThread "Monitor Ctrl-Break" daemon [_thread_in_native, id=8504, stack(0x0000005bdb400000,0x0000005bdb500000)]
  0x000001644b52b530 JavaThread "Notification Thread" daemon [_thread_blocked, id=13276, stack(0x0000005bdb500000,0x0000005bdb600000)]
=>0x000001644baeed90 JavaThread "C2 CompilerThread1" daemon [_thread_in_native, id=7432, stack(0x0000005bdba00000,0x0000005bdbb00000)]
  0x000001644c3f9e70 JavaThread "resolver-1" daemon [_thread_blocked, id=8896, stack(0x0000005bdbd00000,0x0000005bdbe00000)]
  0x000001644c3fc4f0 JavaThread "resolver-2" daemon [_thread_blocked, id=13760, stack(0x0000005bdbe00000,0x0000005bdbf00000)]
  0x000001644c3fc020 JavaThread "resolver-3" daemon [_thread_blocked, id=9832, stack(0x0000005bdbf00000,0x0000005bdc000000)]
  0x000001644c3f9000 JavaThread "resolver-4" daemon [_thread_blocked, id=14648, stack(0x0000005bdc000000,0x0000005bdc100000)]
  0x000001644c3f99a0 JavaThread "resolver-5" daemon [_thread_blocked, id=15116, stack(0x0000005bdc100000,0x0000005bdc200000)]
  0x000001644d92b4b0 JavaThread "timeout-check-timer" daemon [_thread_blocked, id=5004, stack(0x0000005bdc200000,0x0000005bdc300000)]
  0x000001644d927af0 JavaThread "ping-timer-10s" daemon [_thread_blocked, id=8408, stack(0x0000005bdc300000,0x0000005bdc400000)]
  0x000001644d92e000 JavaThread "ThreadedStreamConsumer" daemon [_thread_blocked, id=11088, stack(0x0000005bdc400000,0x0000005bdc500000)]

Other Threads:
  0x0000016429971600 VMThread "VM Thread" [stack: 0x0000005bda900000,0x0000005bdaa00000] [id=8856]
  0x000001644b59b770 WatcherThread "VM Periodic Task Thread" [stack: 0x0000005bdb600000,0x0000005bdb700000] [id=15196]
  0x0000016429950500 WorkerThread "GC Thread#0" [stack: 0x0000005bda400000,0x0000005bda500000] [id=15108]
  0x000001644b632770 WorkerThread "GC Thread#1" [stack: 0x0000005bdb700000,0x0000005bdb800000] [id=5908]
  0x000001644bb80180 WorkerThread "GC Thread#2" [stack: 0x0000005bdb800000,0x0000005bdb900000] [id=5568]
  0x000001644b9f35c0 WorkerThread "GC Thread#3" [stack: 0x0000005bdb900000,0x0000005bdba00000] [id=3352]
  0x0000016429962050 ConcurrentGCThread "G1 Main Marker" [stack: 0x0000005bda500000,0x0000005bda600000] [id=1264]
  0x00000164299630f0 WorkerThread "G1 Conc#0" [stack: 0x0000005bda600000,0x0000005bda700000] [id=9640]
  0x00000164299a4870 ConcurrentGCThread "G1 Refine#0" [stack: 0x0000005bda700000,0x0000005bda800000] [id=5548]
  0x000001644c7e5010 ConcurrentGCThread "G1 Refine#1" [stack: 0x0000005bdbb00000,0x0000005bdbc00000] [id=15324]
  0x000001644dcb6650 ConcurrentGCThread "G1 Refine#2" [stack: 0x0000005bdbc00000,0x0000005bdbd00000] [id=3196]
  0x00000164299a5090 ConcurrentGCThread "G1 Service" [stack: 0x0000005bda800000,0x0000005bda900000] [id=13072]

Threads with active compile tasks:
C2 CompilerThread0     8361 8807       4       org.apache.maven.model.inheritance.DefaultInheritanceAssembler$InheritanceModelMerger::mergePluginContainer_Plugins (430 bytes)
C2 CompilerThread1     8361 8657   !   4       java.lang.ClassLoader::loadClass (121 bytes)

VM state: not at safepoint (normal execution)

VM Mutex/Monitor currently owned by a thread: None

Heap address: 0x0000000081800000, size: 2024 MB, Compressed Oops mode: 32-bit

CDS archive(s) mapped at: [0x0000000800000000-0x0000000800ba0000-0x0000000800ba0000), size 12189696, SharedBaseAddress: 0x0000000800000000, ArchiveRelocationMode: 0.
Compressed class space mapped at: 0x0000000800c00000-0x0000000840c00000, reserved size: 1073741824
Narrow klass base: 0x0000000800000000, Narrow klass shift: 0, Narrow klass range: 0x100000000

GC Precious Log:
 CardTable entry size: 512
 Card Set container configuration: InlinePtr #cards 5 size 8 Array Of Cards #cards 12 size 40 Howl #buckets 4 coarsen threshold 1843 Howl Bitmap #cards 512 size 80 coarsen threshold 460 Card regions per heap region 1 cards per card region 2048
 CPUs: 4 total, 4 available
 Memory: 8088M
 Large Page Support: Disabled
 NUMA Support: Disabled
 Compressed Oops: Enabled (32-bit)
 Heap Region Size: 1M
 Heap Min Capacity: 8M
 Heap Initial Capacity: 128M
 Heap Max Capacity: 2024M
 Pre-touch: Disabled
 Parallel Workers: 4
 Concurrent Workers: 1
 Concurrent Refinement Workers: 4
 Periodic GC: Disabled

Heap:
 garbage-first heap   total 174080K, used 64244K [0x0000000081800000, 0x0000000100000000)
  region size 1024K, 14 young (14336K), 5 survivors (5120K)
 Metaspace       used 32904K, committed 33536K, reserved 1114112K
  class space    used 3488K, committed 3776K, reserved 1048576K

Heap Regions: E=young(eden), S=young(survivor), O=old, HS=humongous(starts), HC=humongous(continues), CS=collection set, F=free, OA=open archive, CA=closed archive, TAMS=top-at-mark-start (previous, next)
|   0|0x0000000081800000, 0x0000000081900000, 0x0000000081900000|100%| O|  |TAMS 0x0000000081900000, 0x0000000081800000| Untracked 
|   1|0x0000000081900000, 0x0000000081a00000, 0x0000000081a00000|100%| O|  |TAMS 0x0000000081a00000, 0x0000000081900000| Untracked 
|   2|0x0000000081a00000, 0x0000000081b00000, 0x0000000081b00000|100%| O|  |TAMS 0x0000000081b00000, 0x0000000081a00000| Untracked 
|   3|0x0000000081b00000, 0x0000000081c00000, 0x0000000081c00000|100%| O|  |TAMS 0x0000000081c00000, 0x0000000081b00000| Untracked 
|   4|0x0000000081c00000, 0x0000000081d00000, 0x0000000081d00000|100%| O|  |TAMS 0x0000000081d00000, 0x0000000081c00000| Untracked 
|   5|0x0000000081d00000, 0x0000000081e00000, 0x0000000081e00000|100%|HS|  |TAMS 0x0000000081d00000, 0x0000000081d00000| Complete 
|   6|0x0000000081e00000, 0x0000000081f00000, 0x0000000081f00000|100%| O|  |TAMS 0x0000000081e00000, 0x0000000081e00000| Untracked 
|   7|0x0000000081f00000, 0x0000000082000000, 0x0000000082000000|100%| O|  |TAMS 0x0000000081f00000, 0x0000000081f00000| Untracked 
|   8|0x0000000082000000, 0x0000000082100000, 0x0000000082100000|100%| O|  |TAMS 0x0000000082000000, 0x0000000082000000| Untracked 
|   9|0x0000000082100000, 0x0000000082200000, 0x0000000082200000|100%| O|  |TAMS 0x0000000082100000, 0x0000000082100000| Untracked 
|  10|0x0000000082200000, 0x0000000082300000, 0x0000000082300000|100%| O|  |TAMS 0x0000000082200000, 0x0000000082200000| Untracked 
|  11|0x0000000082300000, 0x0000000082400000, 0x0000000082400000|100%| O|  |TAMS 0x0000000082300000, 0x0000000082300000| Untracked 
|  12|0x0000000082400000, 0x0000000082500000, 0x0000000082500000|100%| O|  |TAMS 0x0000000082400000, 0x0000000082400000| Untracked 
|  13|0x0000000082500000, 0x0000000082600000, 0x0000000082600000|100%| O|  |TAMS 0x0000000082500000, 0x0000000082500000| Untracked 
|  14|0x0000000082600000, 0x0000000082700000, 0x0000000082700000|100%| O|  |TAMS 0x0000000082600000, 0x0000000082600000| Untracked 
|  15|0x0000000082700000, 0x0000000082800000, 0x0000000082800000|100%| O|  |TAMS 0x0000000082700000, 0x0000000082700000| Untracked 
|  16|0x0000000082800000, 0x0000000082900000, 0x0000000082900000|100%| O|  |TAMS 0x0000000082800000, 0x0000000082800000| Untracked 
|  17|0x0000000082900000, 0x0000000082a00000, 0x0000000082a00000|100%| O|  |TAMS 0x0000000082900000, 0x0000000082900000| Untracked 
|  18|0x0000000082a00000, 0x0000000082b00000, 0x0000000082b00000|100%| O|  |TAMS 0x0000000082a00000, 0x0000000082a00000| Untracked 
|  19|0x0000000082b00000, 0x0000000082c00000, 0x0000000082c00000|100%| O|  |TAMS 0x0000000082b00000, 0x0000000082b00000| Untracked 
|  20|0x0000000082c00000, 0x0000000082d00000, 0x0000000082d00000|100%| O|  |TAMS 0x0000000082c00000, 0x0000000082c00000| Untracked 
|  21|0x0000000082d00000, 0x0000000082e00000, 0x0000000082e00000|100%| O|  |TAMS 0x0000000082d00000, 0x0000000082d00000| Untracked 
|  22|0x0000000082e00000, 0x0000000082f00000, 0x0000000082f00000|100%| O|  |TAMS 0x0000000082e00000, 0x0000000082e00000| Untracked 
|  23|0x0000000082f00000, 0x0000000083000000, 0x0000000083000000|100%| O|  |TAMS 0x0000000082f00000, 0x0000000082f00000| Untracked 
|  24|0x0000000083000000, 0x0000000083100000, 0x0000000083100000|100%| O|  |TAMS 0x0000000083000000, 0x0000000083000000| Untracked 
|  25|0x0000000083100000, 0x0000000083200000, 0x0000000083200000|100%| O|  |TAMS 0x0000000083100000, 0x0000000083100000| Untracked 
|  26|0x0000000083200000, 0x0000000083300000, 0x0000000083300000|100%| O|  |TAMS 0x0000000083200000, 0x0000000083200000| Untracked 
|  27|0x0000000083300000, 0x0000000083400000, 0x0000000083400000|100%| O|  |TAMS 0x0000000083300000, 0x0000000083300000| Untracked 
|  28|0x0000000083400000, 0x0000000083500000, 0x0000000083500000|100%| O|  |TAMS 0x0000000083400000, 0x0000000083400000| Untracked 
|  29|0x0000000083500000, 0x0000000083600000, 0x0000000083600000|100%|HS|  |TAMS 0x0000000083500000, 0x0000000083500000| Complete 
|  30|0x0000000083600000, 0x0000000083700000, 0x0000000083700000|100%|HC|  |TAMS 0x0000000083600000, 0x0000000083600000| Complete 
|  31|0x0000000083700000, 0x0000000083800000, 0x0000000083800000|100%| O|  |TAMS 0x0000000083700000, 0x0000000083700000| Untracked 
|  32|0x0000000083800000, 0x0000000083900000, 0x0000000083900000|100%| O|  |TAMS 0x0000000083800000, 0x0000000083800000| Untracked 
|  33|0x0000000083900000, 0x0000000083a00000, 0x0000000083a00000|100%| O|  |TAMS 0x0000000083900000, 0x0000000083900000| Untracked 
|  34|0x0000000083a00000, 0x0000000083b00000, 0x0000000083b00000|100%| O|  |TAMS 0x0000000083a00000, 0x0000000083a00000| Untracked 
|  35|0x0000000083b00000, 0x0000000083c00000, 0x0000000083c00000|100%| O|  |TAMS 0x0000000083b00000, 0x0000000083b00000| Untracked 
|  36|0x0000000083c00000, 0x0000000083d00000, 0x0000000083d00000|100%| O|  |TAMS 0x0000000083c00000, 0x0000000083c00000| Untracked 
|  37|0x0000000083d00000, 0x0000000083e00000, 0x0000000083e00000|100%| O|  |TAMS 0x0000000083d00000, 0x0000000083d00000| Untracked 
|  38|0x0000000083e00000, 0x0000000083eda400, 0x0000000083f00000| 85%| O|  |TAMS 0x0000000083e00000, 0x0000000083e00000| Untracked 
|  39|0x0000000083f00000, 0x0000000083f00000, 0x0000000084000000|  0%| F|  |TAMS 0x0000000083f00000, 0x0000000083f00000| Untracked 
|  40|0x0000000084000000, 0x0000000084000000, 0x0000000084100000|  0%| F|  |TAMS 0x0000000084000000, 0x0000000084000000| Untracked 
|  41|0x0000000084100000, 0x0000000084100000, 0x0000000084200000|  0%| F|  |TAMS 0x0000000084100000, 0x0000000084100000| Untracked 
|  42|0x0000000084200000, 0x0000000084200000, 0x0000000084300000|  0%| F|  |TAMS 0x0000000084200000, 0x0000000084200000| Untracked 
|  43|0x0000000084300000, 0x0000000084300000, 0x0000000084400000|  0%| F|  |TAMS 0x0000000084300000, 0x0000000084300000| Untracked 
|  44|0x0000000084400000, 0x0000000084400000, 0x0000000084500000|  0%| F|  |TAMS 0x0000000084400000, 0x0000000084400000| Untracked 
|  45|0x0000000084500000, 0x0000000084500000, 0x0000000084600000|  0%| F|  |TAMS 0x0000000084500000, 0x0000000084500000| Untracked 
|  46|0x0000000084600000, 0x0000000084600000, 0x0000000084700000|  0%| F|  |TAMS 0x0000000084600000, 0x0000000084600000| Untracked 
|  47|0x0000000084700000, 0x0000000084700000, 0x0000000084800000|  0%| F|  |TAMS 0x0000000084700000, 0x0000000084700000| Untracked 
|  48|0x0000000084800000, 0x0000000084800000, 0x0000000084900000|  0%| F|  |TAMS 0x0000000084800000, 0x0000000084800000| Untracked 
|  49|0x0000000084900000, 0x0000000084900000, 0x0000000084a00000|  0%| F|  |TAMS 0x0000000084900000, 0x0000000084900000| Untracked 
|  50|0x0000000084a00000, 0x0000000084a00000, 0x0000000084b00000|  0%| F|  |TAMS 0x0000000084a00000, 0x0000000084a00000| Untracked 
|  51|0x0000000084b00000, 0x0000000084b00000, 0x0000000084c00000|  0%| F|  |TAMS 0x0000000084b00000, 0x0000000084b00000| Untracked 
|  52|0x0000000084c00000, 0x0000000084c00000, 0x0000000084d00000|  0%| F|  |TAMS 0x0000000084c00000, 0x0000000084c00000| Untracked 
|  53|0x0000000084d00000, 0x0000000084d00000, 0x0000000084e00000|  0%| F|  |TAMS 0x0000000084d00000, 0x0000000084d00000| Untracked 
|  54|0x0000000084e00000, 0x0000000084e00000, 0x0000000084f00000|  0%| F|  |TAMS 0x0000000084e00000, 0x0000000084e00000| Untracked 
|  55|0x0000000084f00000, 0x0000000084f00000, 0x0000000085000000|  0%| F|  |TAMS 0x0000000084f00000, 0x0000000084f00000| Untracked 
|  56|0x0000000085000000, 0x0000000085000000, 0x0000000085100000|  0%| F|  |TAMS 0x0000000085000000, 0x0000000085000000| Untracked 
|  57|0x0000000085100000, 0x0000000085100000, 0x0000000085200000|  0%| F|  |TAMS 0x0000000085100000, 0x0000000085100000| Untracked 
|  58|0x0000000085200000, 0x0000000085200000, 0x0000000085300000|  0%| F|  |TAMS 0x0000000085200000, 0x0000000085200000| Untracked 
|  59|0x0000000085300000, 0x0000000085300000, 0x0000000085400000|  0%| F|  |TAMS 0x0000000085300000, 0x0000000085300000| Untracked 
|  60|0x0000000085400000, 0x0000000085400000, 0x0000000085500000|  0%| F|  |TAMS 0x0000000085400000, 0x0000000085400000| Untracked 
|  61|0x0000000085500000, 0x0000000085500000, 0x0000000085600000|  0%| F|  |TAMS 0x0000000085500000, 0x0000000085500000| Untracked 
|  62|0x0000000085600000, 0x0000000085600000, 0x0000000085700000|  0%| F|  |TAMS 0x0000000085600000, 0x0000000085600000| Untracked 
|  63|0x0000000085700000, 0x0000000085700000, 0x0000000085800000|  0%| F|  |TAMS 0x0000000085700000, 0x0000000085700000| Untracked 
|  64|0x0000000085800000, 0x0000000085800000, 0x0000000085900000|  0%| F|  |TAMS 0x0000000085800000, 0x0000000085800000| Untracked 
|  65|0x0000000085900000, 0x0000000085900000, 0x0000000085a00000|  0%| F|  |TAMS 0x0000000085900000, 0x0000000085900000| Untracked 
|  66|0x0000000085a00000, 0x0000000085a00000, 0x0000000085b00000|  0%| F|  |TAMS 0x0000000085a00000, 0x0000000085a00000| Untracked 
|  67|0x0000000085b00000, 0x0000000085b00000, 0x0000000085c00000|  0%| F|  |TAMS 0x0000000085b00000, 0x0000000085b00000| Untracked 
|  68|0x0000000085c00000, 0x0000000085c00000, 0x0000000085d00000|  0%| F|  |TAMS 0x0000000085c00000, 0x0000000085c00000| Untracked 
|  69|0x0000000085d00000, 0x0000000085d00000, 0x0000000085e00000|  0%| F|  |TAMS 0x0000000085d00000, 0x0000000085d00000| Untracked 
|  70|0x0000000085e00000, 0x0000000085e00000, 0x0000000085f00000|  0%| F|  |TAMS 0x0000000085e00000, 0x0000000085e00000| Untracked 
|  71|0x0000000085f00000, 0x0000000085f00000, 0x0000000086000000|  0%| F|  |TAMS 0x0000000085f00000, 0x0000000085f00000| Untracked 
|  72|0x0000000086000000, 0x0000000086000000, 0x0000000086100000|  0%| F|  |TAMS 0x0000000086000000, 0x0000000086000000| Untracked 
|  73|0x0000000086100000, 0x0000000086100000, 0x0000000086200000|  0%| F|  |TAMS 0x0000000086100000, 0x0000000086100000| Untracked 
|  74|0x0000000086200000, 0x0000000086200000, 0x0000000086300000|  0%| F|  |TAMS 0x0000000086200000, 0x0000000086200000| Untracked 
|  75|0x0000000086300000, 0x0000000086300000, 0x0000000086400000|  0%| F|  |TAMS 0x0000000086300000, 0x0000000086300000| Untracked 
|  76|0x0000000086400000, 0x0000000086400000, 0x0000000086500000|  0%| F|  |TAMS 0x0000000086400000, 0x0000000086400000| Untracked 
|  77|0x0000000086500000, 0x0000000086500000, 0x0000000086600000|  0%| F|  |TAMS 0x0000000086500000, 0x0000000086500000| Untracked 
|  78|0x0000000086600000, 0x0000000086600000, 0x0000000086700000|  0%| F|  |TAMS 0x0000000086600000, 0x0000000086600000| Untracked 
|  79|0x0000000086700000, 0x0000000086700000, 0x0000000086800000|  0%| F|  |TAMS 0x0000000086700000, 0x0000000086700000| Untracked 
|  80|0x0000000086800000, 0x0000000086800000, 0x0000000086900000|  0%| F|  |TAMS 0x0000000086800000, 0x0000000086800000| Untracked 
|  81|0x0000000086900000, 0x0000000086900000, 0x0000000086a00000|  0%| F|  |TAMS 0x0000000086900000, 0x0000000086900000| Untracked 
|  82|0x0000000086a00000, 0x0000000086a00000, 0x0000000086b00000|  0%| F|  |TAMS 0x0000000086a00000, 0x0000000086a00000| Untracked 
|  83|0x0000000086b00000, 0x0000000086b00000, 0x0000000086c00000|  0%| F|  |TAMS 0x0000000086b00000, 0x0000000086b00000| Untracked 
|  84|0x0000000086c00000, 0x0000000086c00000, 0x0000000086d00000|  0%| F|  |TAMS 0x0000000086c00000, 0x0000000086c00000| Untracked 
|  85|0x0000000086d00000, 0x0000000086d00000, 0x0000000086e00000|  0%| F|  |TAMS 0x0000000086d00000, 0x0000000086d00000| Untracked 
|  86|0x0000000086e00000, 0x0000000086ee2c00, 0x0000000086f00000| 88%| S|CS|TAMS 0x0000000086e00000, 0x0000000086e00000| Complete 
|  87|0x0000000086f00000, 0x0000000087000000, 0x0000000087000000|100%| S|CS|TAMS 0x0000000086f00000, 0x0000000086f00000| Complete 
|  88|0x0000000087000000, 0x0000000087100000, 0x0000000087100000|100%| S|CS|TAMS 0x0000000087000000, 0x0000000087000000| Complete 
|  89|0x0000000087100000, 0x0000000087200000, 0x0000000087200000|100%| S|CS|TAMS 0x0000000087100000, 0x0000000087100000| Complete 
|  90|0x0000000087200000, 0x0000000087300000, 0x0000000087300000|100%| S|CS|TAMS 0x0000000087200000, 0x0000000087200000| Complete 
|  91|0x0000000087300000, 0x0000000087300000, 0x0000000087400000|  0%| F|  |TAMS 0x0000000087300000, 0x0000000087300000| Untracked 
|  92|0x0000000087400000, 0x0000000087400000, 0x0000000087500000|  0%| F|  |TAMS 0x0000000087400000, 0x0000000087400000| Untracked 
|  93|0x0000000087500000, 0x0000000087500000, 0x0000000087600000|  0%| F|  |TAMS 0x0000000087500000, 0x0000000087500000| Untracked 
|  94|0x0000000087600000, 0x0000000087600000, 0x0000000087700000|  0%| F|  |TAMS 0x0000000087600000, 0x0000000087600000| Untracked 
|  95|0x0000000087700000, 0x0000000087700000, 0x0000000087800000|  0%| F|  |TAMS 0x0000000087700000, 0x0000000087700000| Untracked 
|  96|0x0000000087800000, 0x0000000087800000, 0x0000000087900000|  0%| F|  |TAMS 0x0000000087800000, 0x0000000087800000| Untracked 
|  97|0x0000000087900000, 0x0000000087900000, 0x0000000087a00000|  0%| F|  |TAMS 0x0000000087900000, 0x0000000087900000| Untracked 
|  98|0x0000000087a00000, 0x0000000087a00000, 0x0000000087b00000|  0%| F|  |TAMS 0x0000000087a00000, 0x0000000087a00000| Untracked 
|  99|0x0000000087b00000, 0x0000000087b00000, 0x0000000087c00000|  0%| F|  |TAMS 0x0000000087b00000, 0x0000000087b00000| Untracked 
| 100|0x0000000087c00000, 0x0000000087c00000, 0x0000000087d00000|  0%| F|  |TAMS 0x0000000087c00000, 0x0000000087c00000| Untracked 
| 101|0x0000000087d00000, 0x0000000087d00000, 0x0000000087e00000|  0%| F|  |TAMS 0x0000000087d00000, 0x0000000087d00000| Untracked 
| 102|0x0000000087e00000, 0x0000000087e00000, 0x0000000087f00000|  0%| F|  |TAMS 0x0000000087e00000, 0x0000000087e00000| Untracked 
| 103|0x0000000087f00000, 0x0000000087f00000, 0x0000000088000000|  0%| F|  |TAMS 0x0000000087f00000, 0x0000000087f00000| Untracked 
| 104|0x0000000088000000, 0x0000000088000000, 0x0000000088100000|  0%| F|  |TAMS 0x0000000088000000, 0x0000000088000000| Untracked 
| 105|0x0000000088100000, 0x0000000088100000, 0x0000000088200000|  0%| F|  |TAMS 0x0000000088100000, 0x0000000088100000| Untracked 
| 106|0x0000000088200000, 0x0000000088200000, 0x0000000088300000|  0%| F|  |TAMS 0x0000000088200000, 0x0000000088200000| Untracked 
| 107|0x0000000088300000, 0x0000000088300000, 0x0000000088400000|  0%| F|  |TAMS 0x0000000088300000, 0x0000000088300000| Untracked 
| 108|0x0000000088400000, 0x0000000088400000, 0x0000000088500000|  0%| F|  |TAMS 0x0000000088400000, 0x0000000088400000| Untracked 
| 109|0x0000000088500000, 0x0000000088500000, 0x0000000088600000|  0%| F|  |TAMS 0x0000000088500000, 0x0000000088500000| Untracked 
| 110|0x0000000088600000, 0x0000000088600000, 0x0000000088700000|  0%| F|  |TAMS 0x0000000088600000, 0x0000000088600000| Untracked 
| 111|0x0000000088700000, 0x0000000088700000, 0x0000000088800000|  0%| F|  |TAMS 0x0000000088700000, 0x0000000088700000| Untracked 
| 112|0x0000000088800000, 0x0000000088800000, 0x0000000088900000|  0%| F|  |TAMS 0x0000000088800000, 0x0000000088800000| Untracked 
| 113|0x0000000088900000, 0x0000000088900000, 0x0000000088a00000|  0%| F|  |TAMS 0x0000000088900000, 0x0000000088900000| Untracked 
| 114|0x0000000088a00000, 0x0000000088a00000, 0x0000000088b00000|  0%| F|  |TAMS 0x0000000088a00000, 0x0000000088a00000| Untracked 
| 115|0x0000000088b00000, 0x0000000088b00000, 0x0000000088c00000|  0%| F|  |TAMS 0x0000000088b00000, 0x0000000088b00000| Untracked 
| 116|0x0000000088c00000, 0x0000000088c00000, 0x0000000088d00000|  0%| F|  |TAMS 0x0000000088c00000, 0x0000000088c00000| Untracked 
| 117|0x0000000088d00000, 0x0000000088d00000, 0x0000000088e00000|  0%| F|  |TAMS 0x0000000088d00000, 0x0000000088d00000| Untracked 
| 118|0x0000000088e00000, 0x0000000088e00000, 0x0000000088f00000|  0%| F|  |TAMS 0x0000000088e00000, 0x0000000088e00000| Untracked 
| 119|0x0000000088f00000, 0x0000000088f00000, 0x0000000089000000|  0%| F|  |TAMS 0x0000000088f00000, 0x0000000088f00000| Untracked 
| 120|0x0000000089000000, 0x0000000089000000, 0x0000000089100000|  0%| F|  |TAMS 0x0000000089000000, 0x0000000089000000| Untracked 
| 121|0x0000000089100000, 0x0000000089100000, 0x0000000089200000|  0%| F|  |TAMS 0x0000000089100000, 0x0000000089100000| Untracked 
| 122|0x0000000089200000, 0x0000000089200000, 0x0000000089300000|  0%| F|  |TAMS 0x0000000089200000, 0x0000000089200000| Untracked 
| 123|0x0000000089300000, 0x0000000089300000, 0x0000000089400000|  0%| F|  |TAMS 0x0000000089300000, 0x0000000089300000| Untracked 
| 124|0x0000000089400000, 0x0000000089400000, 0x0000000089500000|  0%| F|  |TAMS 0x0000000089400000, 0x0000000089400000| Untracked 
| 125|0x0000000089500000, 0x0000000089500000, 0x0000000089600000|  0%| F|  |TAMS 0x0000000089500000, 0x0000000089500000| Untracked 
| 126|0x0000000089600000, 0x0000000089600000, 0x0000000089700000|  0%| F|  |TAMS 0x0000000089600000, 0x0000000089600000| Untracked 
| 127|0x0000000089700000, 0x0000000089700000, 0x0000000089800000|  0%| F|  |TAMS 0x0000000089700000, 0x0000000089700000| Untracked 
| 128|0x0000000089800000, 0x0000000089800000, 0x0000000089900000|  0%| F|  |TAMS 0x0000000089800000, 0x0000000089800000| Untracked 
| 129|0x0000000089900000, 0x0000000089900000, 0x0000000089a00000|  0%| F|  |TAMS 0x0000000089900000, 0x0000000089900000| Untracked 
| 130|0x0000000089a00000, 0x0000000089a00000, 0x0000000089b00000|  0%| F|  |TAMS 0x0000000089a00000, 0x0000000089a00000| Untracked 
| 131|0x0000000089b00000, 0x0000000089b00000, 0x0000000089c00000|  0%| F|  |TAMS 0x0000000089b00000, 0x0000000089b00000| Untracked 
| 132|0x0000000089c00000, 0x0000000089c00000, 0x0000000089d00000|  0%| F|  |TAMS 0x0000000089c00000, 0x0000000089c00000| Untracked 
| 133|0x0000000089d00000, 0x0000000089d00000, 0x0000000089e00000|  0%| F|  |TAMS 0x0000000089d00000, 0x0000000089d00000| Untracked 
| 134|0x0000000089e00000, 0x0000000089e00000, 0x0000000089f00000|  0%| F|  |TAMS 0x0000000089e00000, 0x0000000089e00000| Untracked 
| 135|0x0000000089f00000, 0x0000000089f00000, 0x000000008a000000|  0%| F|  |TAMS 0x0000000089f00000, 0x0000000089f00000| Untracked 
| 136|0x000000008a000000, 0x000000008a000000, 0x000000008a100000|  0%| F|  |TAMS 0x000000008a000000, 0x000000008a000000| Untracked 
| 137|0x000000008a100000, 0x000000008a100000, 0x000000008a200000|  0%| F|  |TAMS 0x000000008a100000, 0x000000008a100000| Untracked 
| 138|0x000000008a200000, 0x000000008a200000, 0x000000008a300000|  0%| F|  |TAMS 0x000000008a200000, 0x000000008a200000| Untracked 
| 139|0x000000008a300000, 0x000000008a300000, 0x000000008a400000|  0%| F|  |TAMS 0x000000008a300000, 0x000000008a300000| Untracked 
| 140|0x000000008a400000, 0x000000008a400000, 0x000000008a500000|  0%| F|  |TAMS 0x000000008a400000, 0x000000008a400000| Untracked 
| 141|0x000000008a500000, 0x000000008a500000, 0x000000008a600000|  0%| F|  |TAMS 0x000000008a500000, 0x000000008a500000| Untracked 
| 142|0x000000008a600000, 0x000000008a600000, 0x000000008a700000|  0%| F|  |TAMS 0x000000008a600000, 0x000000008a600000| Untracked 
| 143|0x000000008a700000, 0x000000008a700000, 0x000000008a800000|  0%| F|  |TAMS 0x000000008a700000, 0x000000008a700000| Untracked 
| 144|0x000000008a800000, 0x000000008a800000, 0x000000008a900000|  0%| F|  |TAMS 0x000000008a800000, 0x000000008a800000| Untracked 
| 145|0x000000008a900000, 0x000000008a900000, 0x000000008aa00000|  0%| F|  |TAMS 0x000000008a900000, 0x000000008a900000| Untracked 
| 146|0x000000008aa00000, 0x000000008aa00000, 0x000000008ab00000|  0%| F|  |TAMS 0x000000008aa00000, 0x000000008aa00000| Untracked 
| 147|0x000000008ab00000, 0x000000008ab00000, 0x000000008ac00000|  0%| F|  |TAMS 0x000000008ab00000, 0x000000008ab00000| Untracked 
| 148|0x000000008ac00000, 0x000000008ac00000, 0x000000008ad00000|  0%| F|  |TAMS 0x000000008ac00000, 0x000000008ac00000| Untracked 
| 149|0x000000008ad00000, 0x000000008ad00000, 0x000000008ae00000|  0%| F|  |TAMS 0x000000008ad00000, 0x000000008ad00000| Untracked 
| 150|0x000000008ae00000, 0x000000008aef6448, 0x000000008af00000| 96%| E|  |TAMS 0x000000008ae00000, 0x000000008ae00000| Complete 
| 151|0x000000008af00000, 0x000000008b000000, 0x000000008b000000|100%| E|CS|TAMS 0x000000008af00000, 0x000000008af00000| Complete 
| 152|0x000000008b000000, 0x000000008b100000, 0x000000008b100000|100%| E|CS|TAMS 0x000000008b000000, 0x000000008b000000| Complete 
| 153|0x000000008b100000, 0x000000008b200000, 0x000000008b200000|100%| E|CS|TAMS 0x000000008b100000, 0x000000008b100000| Complete 
| 154|0x000000008b200000, 0x000000008b300000, 0x000000008b300000|100%| E|CS|TAMS 0x000000008b200000, 0x000000008b200000| Complete 
| 155|0x000000008b300000, 0x000000008b400000, 0x000000008b400000|100%| E|CS|TAMS 0x000000008b300000, 0x000000008b300000| Complete 
| 156|0x000000008b400000, 0x000000008b500000, 0x000000008b500000|100%| E|CS|TAMS 0x000000008b400000, 0x000000008b400000| Complete 
| 157|0x000000008b500000, 0x000000008b600000, 0x000000008b600000|100%| E|CS|TAMS 0x000000008b500000, 0x000000008b500000| Complete 
| 158|0x000000008b600000, 0x000000008b700000, 0x000000008b700000|100%| E|CS|TAMS 0x000000008b600000, 0x000000008b600000| Complete 
|2013|0x00000000ff500000, 0x00000000ff600000, 0x00000000ff600000|100%| O|  |TAMS 0x00000000ff500000, 0x00000000ff500000| Untracked 
|2014|0x00000000ff600000, 0x00000000ff700000, 0x00000000ff700000|100%| O|  |TAMS 0x00000000ff600000, 0x00000000ff600000| Untracked 
|2015|0x00000000ff700000, 0x00000000ff800000, 0x00000000ff800000|100%| O|  |TAMS 0x00000000ff700000, 0x00000000ff700000| Untracked 
|2016|0x00000000ff800000, 0x00000000ff900000, 0x00000000ff900000|100%| O|  |TAMS 0x00000000ff800000, 0x00000000ff800000| Untracked 
|2017|0x00000000ff900000, 0x00000000ffa00000, 0x00000000ffa00000|100%| O|  |TAMS 0x00000000ff900000, 0x00000000ff900000| Untracked 
|2018|0x00000000ffa00000, 0x00000000ffb00000, 0x00000000ffb00000|100%| O|  |TAMS 0x00000000ffa00000, 0x00000000ffa00000| Untracked 
|2019|0x00000000ffb00000, 0x00000000ffc00000, 0x00000000ffc00000|100%| O|  |TAMS 0x00000000ffb00000, 0x00000000ffb00000| Untracked 
|2020|0x00000000ffc00000, 0x00000000ffd00000, 0x00000000ffd00000|100%| O|  |TAMS 0x00000000ffc00000, 0x00000000ffc00000| Untracked 
|2021|0x00000000ffd00000, 0x00000000ffe00000, 0x00000000ffe00000|100%| O|  |TAMS 0x00000000ffd00000, 0x00000000ffd00000| Untracked 
|2022|0x00000000ffe00000, 0x00000000fff00000, 0x00000000fff00000|100%| O|  |TAMS 0x00000000ffe00000, 0x00000000ffe00000| Untracked 
|2023|0x00000000fff00000, 0x0000000100000000, 0x0000000100000000|100%| O|  |TAMS 0x00000000fff00000, 0x00000000fff00000| Untracked 

Card table byte_map: [0x0000016440630000,0x0000016440a30000] _byte_map_base: 0x0000016440224000

Marking Bits (Prev, Next): (CMBitMap*) 0x0000016429951a60, (CMBitMap*) 0x0000016429951a20
 Prev Bits: [0x0000016442dd0000, 0x0000016444d70000)
 Next Bits: [0x0000016440e30000, 0x0000016442dd0000)

Polling page: 0x0000016427880000

Metaspace:

Usage:
  Non-class:     28.77 MB used.
      Class:      3.41 MB used.
       Both:     32.18 MB used.

Virtual space:
  Non-class space:       64.00 MB reserved,      29.12 MB ( 46%) committed,  1 nodes.
      Class space:        1.00 GB reserved,       3.69 MB ( <1%) committed,  1 nodes.
             Both:        1.06 GB reserved,      32.81 MB (  3%) committed. 

Chunk freelists:
   Non-Class:  2.42 MB
       Class:  240.00 KB
        Both:  2.66 MB

MaxMetaspaceSize: unlimited
CompressedClassSpaceSize: 1.00 GB
Initial GC threshold: 21.00 MB
Current GC threshold: 35.31 MB
CDS: on
MetaspaceReclaimPolicy: balanced
 - commit_granule_bytes: 65536.
 - commit_granule_words: 8192.
 - virtual_space_node_default_size: 8388608.
 - enlarge_chunks_in_place: 1.
 - new_chunks_are_fully_committed: 0.
 - uncommit_free_chunks: 1.
 - use_allocation_guard: 0.


Internal statistics:

num_allocs_failed_limit: 3.
num_arena_births: 624.
num_arena_deaths: 0.
num_vsnodes_births: 2.
num_vsnodes_deaths: 0.
num_space_committed: 525.
num_space_uncommitted: 0.
num_chunks_returned_to_freelist: 3.
num_chunks_taken_from_freelist: 1826.
num_chunk_merges: 3.
num_chunk_splits: 1293.
num_chunks_enlarged: 954.
num_inconsistent_stats: 0.

CodeHeap 'non-profiled nmethods': size=120000Kb used=4065Kb max_used=4065Kb free=115935Kb
 bounds [0x0000016438d00000, 0x0000016439100000, 0x0000016440230000]
CodeHeap 'profiled nmethods': size=120000Kb used=18221Kb max_used=18221Kb free=101778Kb
 bounds [0x00000164317d0000, 0x00000164329a0000, 0x0000016438d00000]
CodeHeap 'non-nmethods': size=5760Kb used=1258Kb max_used=1395Kb free=4502Kb
 bounds [0x0000016431230000, 0x00000164314a0000, 0x00000164317d0000]
 total_blobs=8430 nmethods=7869 adapters=473
 compilation: enabled
              stopped_count=0, restarted_count=0
 full_count=0

Compilation events (20 events):
Event: 8.138 Thread 0x00000164472008c0 nmethod 8649 0x0000016432921b10 code [0x0000016432921e80, 0x0000016432923418]
Event: 8.138 Thread 0x00000164472008c0 8648       3       org.apache.maven.plugin.PluginParameterExpressionEvaluator::stripTokens (38 bytes)
Event: 8.138 Thread 0x00000164472008c0 nmethod 8648 0x0000016432923c90 code [0x0000016432923ec0, 0x0000016432924598]
Event: 8.138 Thread 0x00000164472008c0 8650       3       jdk.internal.reflect.Reflection::verifyMemberAccess (200 bytes)
Event: 8.140 Thread 0x00000164472008c0 nmethod 8650 0x0000016432924810 code [0x0000016432924ca0, 0x0000016432927078]
Event: 8.140 Thread 0x00000164472008c0 8654       1       java.lang.invoke.LambdaForm::arity (5 bytes)
Event: 8.140 Thread 0x00000164472008c0 nmethod 8654 0x00000164390e2310 code [0x00000164390e24a0, 0x00000164390e2578]
Event: 8.144 Thread 0x000001644baeed90 8657   !   4       java.lang.ClassLoader::loadClass (121 bytes)
Event: 8.147 Thread 0x00000164472008c0 8658       3       java.lang.invoke.VarHandleGuards::guard_LI_I (78 bytes)
Event: 8.148 Thread 0x00000164472008c0 nmethod 8658 0x0000016432927a90 code [0x0000016432927de0, 0x0000016432929b48]
Event: 8.158 Thread 0x00000164472008c0 8662       3       java.lang.invoke.VarHandleByteArrayAsInts$ArrayHandle::index (12 bytes)
Event: 8.158 Thread 0x00000164472008c0 nmethod 8662 0x000001643292a390 code [0x000001643292a520, 0x000001643292a658]
Event: 8.158 Thread 0x00000164472008c0 8665       3       org.codehaus.plexus.classworlds.realm.Entry::matches (282 bytes)
Event: 8.161 Thread 0x00000164472008c0 nmethod 8665 0x000001643292a790 code [0x000001643292ae80, 0x000001643292e918]
Event: 8.161 Thread 0x00000164472008c0 8663       3       java.lang.invoke.VarHandleByteArrayAsInts$ArrayHandle::get (36 bytes)
Event: 8.161 Thread 0x00000164472008c0 nmethod 8663 0x000001643292fc90 code [0x000001643292fe60, 0x00000164329302a8]
Event: 8.161 Thread 0x00000164472008c0 8666       3       java.lang.invoke.LambdaFormEditor::oldSpeciesData (8 bytes)
Event: 8.161 Thread 0x00000164472008c0 nmethod 8666 0x0000016432930490 code [0x0000016432930660, 0x0000016432930a78]
Event: 8.164 Thread 0x00000164472008c0 8667       3       java.lang.String::encode (48 bytes)
Event: 8.165 Thread 0x00000164472008c0 nmethod 8667 0x0000016432930b90 code [0x0000016432930d80, 0x00000164329310d8]

GC Heap History (20 events):
Event: 1.243 GC heap before
{Heap before GC invocations=1 (full 0):
 garbage-first heap   total 131072K, used 15615K [0x0000000081800000, 0x0000000100000000)
  region size 1024K, 14 young (14336K), 2 survivors (2048K)
 Metaspace       used 5438K, committed 5632K, reserved 1114112K
  class space    used 621K, committed 704K, reserved 1048576K
}
Event: 1.246 GC heap after
{Heap after GC invocations=2 (full 0):
 garbage-first heap   total 131072K, used 4165K [0x0000000081800000, 0x0000000100000000)
  region size 1024K, 1 young (1024K), 1 survivors (1024K)
 Metaspace       used 5438K, committed 5632K, reserved 1114112K
  class space    used 621K, committed 704K, reserved 1048576K
}
Event: 1.811 GC heap before
{Heap before GC invocations=2 (full 0):
 garbage-first heap   total 131072K, used 29765K [0x0000000081800000, 0x0000000100000000)
  region size 1024K, 26 young (26624K), 1 survivors (1024K)
 Metaspace       used 9963K, committed 10112K, reserved 1114112K
  class space    used 1181K, committed 1280K, reserved 1048576K
}
Event: 1.815 GC heap after
{Heap after GC invocations=3 (full 0):
 garbage-first heap   total 131072K, used 6324K [0x0000000081800000, 0x0000000100000000)
  region size 1024K, 3 young (3072K), 3 survivors (3072K)
 Metaspace       used 9963K, committed 10112K, reserved 1114112K
  class space    used 1181K, committed 1280K, reserved 1048576K
}
Event: 2.401 GC heap before
{Heap before GC invocations=3 (full 0):
 garbage-first heap   total 131072K, used 44212K [0x0000000081800000, 0x0000000100000000)
  region size 1024K, 40 young (40960K), 3 survivors (3072K)
 Metaspace       used 13462K, committed 13760K, reserved 1114112K
  class space    used 1511K, committed 1664K, reserved 1048576K
}
Event: 2.409 GC heap after
{Heap after GC invocations=4 (full 0):
 garbage-first heap   total 131072K, used 11111K [0x0000000081800000, 0x0000000100000000)
  region size 1024K, 5 young (5120K), 5 survivors (5120K)
 Metaspace       used 13462K, committed 13760K, reserved 1114112K
  class space    used 1511K, committed 1664K, reserved 1048576K
}
Event: 4.310 GC heap before
{Heap before GC invocations=4 (full 0):
 garbage-first heap   total 131072K, used 83815K [0x0000000081800000, 0x0000000100000000)
  region size 1024K, 76 young (77824K), 5 survivors (5120K)
 Metaspace       used 15295K, committed 15616K, reserved 1114112K
  class space    used 1646K, committed 1792K, reserved 1048576K
}
Event: 4.321 GC heap after
{Heap after GC invocations=5 (full 0):
 garbage-first heap   total 131072K, used 16355K [0x0000000081800000, 0x0000000100000000)
  region size 1024K, 10 young (10240K), 10 survivors (10240K)
 Metaspace       used 15295K, committed 15616K, reserved 1114112K
  class space    used 1646K, committed 1792K, reserved 1048576K
}
Event: 4.637 GC heap before
{Heap before GC invocations=5 (full 0):
 garbage-first heap   total 131072K, used 30691K [0x0000000081800000, 0x0000000100000000)
  region size 1024K, 25 young (25600K), 10 survivors (10240K)
 Metaspace       used 21157K, committed 21504K, reserved 1114112K
  class space    used 2316K, committed 2496K, reserved 1048576K
}
Event: 4.648 GC heap after
{Heap after GC invocations=6 (full 0):
 garbage-first heap   total 131072K, used 18432K [0x0000000081800000, 0x0000000100000000)
  region size 1024K, 7 young (7168K), 7 survivors (7168K)
 Metaspace       used 21157K, committed 21504K, reserved 1114112K
  class space    used 2316K, committed 2496K, reserved 1048576K
}
Event: 5.173 GC heap before
{Heap before GC invocations=7 (full 0):
 garbage-first heap   total 65536K, used 64512K [0x0000000081800000, 0x0000000100000000)
  region size 1024K, 53 young (54272K), 7 survivors (7168K)
 Metaspace       used 24060K, committed 24448K, reserved 1114112K
  class space    used 2611K, committed 2816K, reserved 1048576K
}
Event: 5.197 GC heap after
{Heap after GC invocations=8 (full 0):
 garbage-first heap   total 87040K, used 32137K [0x0000000081800000, 0x0000000100000000)
  region size 1024K, 10 young (10240K), 10 survivors (10240K)
 Metaspace       used 24060K, committed 24448K, reserved 1114112K
  class space    used 2611K, committed 2816K, reserved 1048576K
}
Event: 5.220 GC heap before
{Heap before GC invocations=8 (full 0):
 garbage-first heap   total 87040K, used 33161K [0x0000000081800000, 0x0000000100000000)
  region size 1024K, 11 young (11264K), 10 survivors (10240K)
 Metaspace       used 24136K, committed 24512K, reserved 1114112K
  class space    used 2617K, committed 2816K, reserved 1048576K
}
Event: 5.229 GC heap after
{Heap after GC invocations=9 (full 0):
 garbage-first heap   total 87040K, used 33280K [0x0000000081800000, 0x0000000100000000)
  region size 1024K, 1 young (1024K), 1 survivors (1024K)
 Metaspace       used 24136K, committed 24512K, reserved 1114112K
  class space    used 2617K, committed 2816K, reserved 1048576K
}
Event: 5.740 GC heap before
{Heap before GC invocations=9 (full 0):
 garbage-first heap   total 87040K, used 62976K [0x0000000081800000, 0x0000000100000000)
  region size 1024K, 30 young (30720K), 1 survivors (1024K)
 Metaspace       used 25478K, committed 25920K, reserved 1114112K
  class space    used 2723K, committed 2944K, reserved 1048576K
}
Event: 5.748 GC heap after
{Heap after GC invocations=10 (full 0):
 garbage-first heap   total 174080K, used 38400K [0x0000000081800000, 0x0000000100000000)
  region size 1024K, 4 young (4096K), 4 survivors (4096K)
 Metaspace       used 25478K, committed 25920K, reserved 1114112K
  class space    used 2723K, committed 2944K, reserved 1048576K
}
Event: 6.553 GC heap before
{Heap before GC invocations=10 (full 0):
 garbage-first heap   total 174080K, used 115200K [0x0000000081800000, 0x0000000100000000)
  region size 1024K, 80 young (81920K), 4 survivors (4096K)
 Metaspace       used 27372K, committed 27904K, reserved 1114112K
  class space    used 2924K, committed 3200K, reserved 1048576K
}
Event: 6.559 GC heap after
{Heap after GC invocations=11 (full 0):
 garbage-first heap   total 174080K, used 40328K [0x0000000081800000, 0x0000000100000000)
  region size 1024K, 6 young (6144K), 6 survivors (6144K)
 Metaspace       used 27372K, committed 27904K, reserved 1114112K
  class space    used 2924K, committed 3200K, reserved 1048576K
}
Event: 7.623 GC heap before
{Heap before GC invocations=11 (full 0):
 garbage-first heap   total 174080K, used 125320K [0x0000000081800000, 0x0000000100000000)
  region size 1024K, 89 young (91136K), 6 survivors (6144K)
 Metaspace       used 29609K, committed 30144K, reserved 1114112K
  class space    used 3157K, committed 3392K, reserved 1048576K
}
Event: 7.633 GC heap after
{Heap after GC invocations=12 (full 0):
 garbage-first heap   total 174080K, used 52528K [0x0000000081800000, 0x0000000100000000)
  region size 1024K, 12 young (12288K), 12 survivors (12288K)
 Metaspace       used 29609K, committed 30144K, reserved 1114112K
  class space    used 3157K, committed 3392K, reserved 1048576K
}

Deoptimization events (20 events):
Event: 8.117 Thread 0x00000164298f18e0 Uncommon trap: trap_request=0xffffffde fr.pc=0x0000016438dbd970 relative=0x0000000000000470
Event: 8.117 Thread 0x00000164298f18e0 Uncommon trap: reason=class_check action=maybe_recompile pc=0x0000016438dbd970 method=com.google.inject.internal.MoreTypes.getRawType(Ljava/lang/reflect/Type;)Ljava/lang/Class; @ 13 c2
Event: 8.117 Thread 0x00000164298f18e0 DEOPT PACKING pc=0x0000016438dbd970 sp=0x0000005bda3fe440
Event: 8.117 Thread 0x00000164298f18e0 DEOPT UNPACKING pc=0x00000164312823a3 sp=0x0000005bda3fe388 mode 2
Event: 8.118 Thread 0x00000164298f18e0 Uncommon trap: trap_request=0xffffffde fr.pc=0x0000016438dbd970 relative=0x0000000000000470
Event: 8.118 Thread 0x00000164298f18e0 Uncommon trap: reason=class_check action=maybe_recompile pc=0x0000016438dbd970 method=com.google.inject.internal.MoreTypes.getRawType(Ljava/lang/reflect/Type;)Ljava/lang/Class; @ 13 c2
Event: 8.118 Thread 0x00000164298f18e0 DEOPT PACKING pc=0x0000016438dbd970 sp=0x0000005bda3fe440
Event: 8.118 Thread 0x00000164298f18e0 DEOPT UNPACKING pc=0x00000164312823a3 sp=0x0000005bda3fe388 mode 2
Event: 8.118 Thread 0x00000164298f18e0 Uncommon trap: trap_request=0xffffffde fr.pc=0x0000016438dbd970 relative=0x0000000000000470
Event: 8.118 Thread 0x00000164298f18e0 Uncommon trap: reason=class_check action=maybe_recompile pc=0x0000016438dbd970 method=com.google.inject.internal.MoreTypes.getRawType(Ljava/lang/reflect/Type;)Ljava/lang/Class; @ 13 c2
Event: 8.118 Thread 0x00000164298f18e0 DEOPT PACKING pc=0x0000016438dbd970 sp=0x0000005bda3fe440
Event: 8.118 Thread 0x00000164298f18e0 DEOPT UNPACKING pc=0x00000164312823a3 sp=0x0000005bda3fe388 mode 2
Event: 8.124 Thread 0x00000164298f18e0 Uncommon trap: trap_request=0xffffffde fr.pc=0x0000016438dbd970 relative=0x0000000000000470
Event: 8.124 Thread 0x00000164298f18e0 Uncommon trap: reason=class_check action=maybe_recompile pc=0x0000016438dbd970 method=com.google.inject.internal.MoreTypes.getRawType(Ljava/lang/reflect/Type;)Ljava/lang/Class; @ 13 c2
Event: 8.124 Thread 0x00000164298f18e0 DEOPT PACKING pc=0x0000016438dbd970 sp=0x0000005bda3fe440
Event: 8.124 Thread 0x00000164298f18e0 DEOPT UNPACKING pc=0x00000164312823a3 sp=0x0000005bda3fe388 mode 2
Event: 8.157 Thread 0x00000164298f18e0 Uncommon trap: trap_request=0xffffff45 fr.pc=0x0000016438eccdb8 relative=0x0000000000000778
Event: 8.157 Thread 0x00000164298f18e0 Uncommon trap: reason=unstable_if action=reinterpret pc=0x0000016438eccdb8 method=org.codehaus.plexus.classworlds.realm.Entry.matches(Ljava/lang/String;)Z @ 20 c2
Event: 8.157 Thread 0x00000164298f18e0 DEOPT PACKING pc=0x0000016438eccdb8 sp=0x0000005bda3fe1c0
Event: 8.157 Thread 0x00000164298f18e0 DEOPT UNPACKING pc=0x00000164312823a3 sp=0x0000005bda3fe148 mode 2

Classes loaded (20 events):
Event: 8.146 Loading class java/lang/constant/PrimitiveClassDescImpl
Event: 8.147 Loading class java/lang/constant/DynamicConstantDesc
Event: 8.147 Loading class java/lang/constant/DynamicConstantDesc done
Event: 8.147 Loading class java/lang/constant/PrimitiveClassDescImpl done
Event: 8.147 Loading class java/lang/constant/DynamicConstantDesc$AnonymousDynamicConstantDesc
Event: 8.147 Loading class java/lang/constant/DynamicConstantDesc$AnonymousDynamicConstantDesc done
Event: 8.159 Loading class java/nio/file/attribute/UserPrincipal
Event: 8.159 Loading class java/nio/file/attribute/UserPrincipal done
Event: 8.159 Loading class java/nio/file/TempFileHelper
Event: 8.160 Loading class java/nio/file/TempFileHelper done
Event: 8.160 Loading class java/security/DrbgParameters$NextBytes
Event: 8.160 Loading class java/security/DrbgParameters$NextBytes done
Event: 8.160 Loading class sun/security/provider/AbstractDrbg$SeederHolder
Event: 8.160 Loading class sun/security/provider/AbstractDrbg$SeederHolder done
Event: 8.160 Loading class sun/security/provider/SeedGenerator
Event: 8.160 Loading class sun/security/provider/SeedGenerator done
Event: 8.160 Loading class sun/security/provider/NativeSeedGenerator
Event: 8.160 Loading class sun/security/provider/NativeSeedGenerator done
Event: 8.164 Loading class sun/security/provider/SeedGenerator$1
Event: 8.164 Loading class sun/security/provider/SeedGenerator$1 done

Classes unloaded (0 events):
No events

Classes redefined (0 events):
No events

Internal exceptions (20 events):
Event: 7.931 Thread 0x00000164298f18e0 Exception <a 'sun/nio/fs/WindowsException'{0x0000000089a64b98}> (0x0000000089a64b98) 
thrown [s\open\src\hotspot\share\prims\jni.cpp, line 516]
Event: 7.932 Thread 0x00000164298f18e0 Exception <a 'sun/nio/fs/WindowsException'{0x0000000089a66b48}> (0x0000000089a66b48) 
thrown [s\open\src\hotspot\share\prims\jni.cpp, line 516]
Event: 7.932 Thread 0x00000164298f18e0 Exception <a 'sun/nio/fs/WindowsException'{0x0000000089a66e78}> (0x0000000089a66e78) 
thrown [s\open\src\hotspot\share\prims\jni.cpp, line 516]
Event: 7.932 Thread 0x00000164298f18e0 Exception <a 'sun/nio/fs/WindowsException'{0x0000000089a6c950}> (0x0000000089a6c950) 
thrown [s\open\src\hotspot\share\prims\jni.cpp, line 516]
Event: 7.932 Thread 0x00000164298f18e0 Exception <a 'sun/nio/fs/WindowsException'{0x0000000089a6cc40}> (0x0000000089a6cc40) 
thrown [s\open\src\hotspot\share\prims\jni.cpp, line 516]
Event: 7.932 Thread 0x00000164298f18e0 Exception <a 'sun/nio/fs/WindowsException'{0x0000000089a76c58}> (0x0000000089a76c58) 
thrown [s\open\src\hotspot\share\prims\jni.cpp, line 516]
Event: 7.932 Thread 0x00000164298f18e0 Exception <a 'sun/nio/fs/WindowsException'{0x0000000089a76f88}> (0x0000000089a76f88) 
thrown [s\open\src\hotspot\share\prims\jni.cpp, line 516]
Event: 7.932 Thread 0x00000164298f18e0 Exception <a 'sun/nio/fs/WindowsException'{0x0000000089a78f50}> (0x0000000089a78f50) 
thrown [s\open\src\hotspot\share\prims\jni.cpp, line 516]
Event: 7.932 Thread 0x00000164298f18e0 Exception <a 'sun/nio/fs/WindowsException'{0x0000000089a79340}> (0x0000000089a79340) 
thrown [s\open\src\hotspot\share\prims\jni.cpp, line 516]
Event: 7.939 Thread 0x00000164298f18e0 Exception <a 'sun/nio/fs/WindowsException'{0x0000000089962d00}> (0x0000000089962d00) 
thrown [s\open\src\hotspot\share\prims\jni.cpp, line 516]
Event: 7.939 Thread 0x00000164298f18e0 Exception <a 'sun/nio/fs/WindowsException'{0x0000000089963398}> (0x0000000089963398) 
thrown [s\open\src\hotspot\share\prims\jni.cpp, line 516]
Event: 7.939 Thread 0x00000164298f18e0 Exception <a 'sun/nio/fs/WindowsException'{0x0000000089963b78}> (0x0000000089963b78) 
thrown [s\open\src\hotspot\share\prims\jni.cpp, line 516]
Event: 7.939 Thread 0x00000164298f18e0 Exception <a 'sun/nio/fs/WindowsException'{0x0000000089964280}> (0x0000000089964280) 
thrown [s\open\src\hotspot\share\prims\jni.cpp, line 516]
Event: 8.131 Thread 0x00000164298f18e0 Exception <a 'java/lang/NoSuchMethodError'{0x000000008804e0e8}: 'java.lang.String org.apache.maven.execution.MavenExecutionRequest.getFailureBehavior()'> (0x000000008804e0e8) 
thrown [s\open\src\hotspot\share\interpreter\linkResolver.cpp, line 855]
Event: 8.132 Thread 0x000001644c3fc020 Exception <a 'java/lang/NoSuchMethodError'{0x0000000088242d98}: 'java.lang.Object java.lang.invoke.DirectMethodHandle$Holder.invokeStatic(java.lang.Object, java.lang.Object, long, java.lang.Object)'> (0x0000000088242d98) 
thrown [s\open\src\hotspot\share\interpreter\linkResolver.cpp, line 759]
Event: 8.132 Thread 0x000001644c3fc020 Exception <a 'java/lang/NoSuchMethodError'{0x00000000882462c0}: 'java.lang.Object java.lang.invoke.DirectMethodHandle$Holder.invokeStaticInit(java.lang.Object, java.lang.Object, long, java.lang.Object)'> (0x00000000882462c0) 
thrown [s\open\src\hotspot\share\interpreter\linkResolver.cpp, line 759]
Event: 8.133 Thread 0x000001644c3fc020 Exception <a 'java/lang/NoSuchMethodError'{0x000000008824c758}: 'java.lang.Object java.lang.invoke.DirectMethodHandle$Holder.newInvokeSpecial(java.lang.Object, java.lang.Object, long)'> (0x000000008824c758) 
thrown [s\open\src\hotspot\share\interpreter\linkResolver.cpp, line 759]
Event: 8.133 Thread 0x000001644c3fc020 Exception <a 'java/lang/NoSuchMethodError'{0x00000000882501a0}: 'java.lang.Object java.lang.invoke.Invokers$Holder.linkToTargetMethod(java.lang.Object, long, java.lang.Object)'> (0x00000000882501a0) 
thrown [s\open\src\hotspot\share\interpreter\linkResolver.cpp, line 759]
Event: 8.134 Thread 0x000001644c3fc020 Exception <a 'java/lang/NoSuchMethodError'{0x0000000088253d20}: 'long java.lang.invoke.DirectMethodHandle$Holder.invokeInterface(java.lang.Object, java.lang.Object)'> (0x0000000088253d20) 
thrown [s\open\src\hotspot\share\interpreter\linkResolver.cpp, line 759]
Event: 8.135 Thread 0x000001644c3fc020 Exception <a 'java/lang/NoSuchMethodError'{0x0000000088257680}: 'long java.lang.invoke.DelegatingMethodHandle$Holder.reinvoke_L(java.lang.Object, java.lang.Object)'> (0x0000000088257680) 
thrown [s\open\src\hotspot\share\interpreter\linkResolver.cpp, line 759]

VM Operations (20 events):
Event: 6.964 Executing VM operation: ICBufferFull
Event: 6.964 Executing VM operation: ICBufferFull done
Event: 7.053 Executing VM operation: ICBufferFull
Event: 7.053 Executing VM operation: ICBufferFull done
Event: 7.124 Executing VM operation: ICBufferFull
Event: 7.124 Executing VM operation: ICBufferFull done
Event: 7.194 Executing VM operation: ICBufferFull
Event: 7.194 Executing VM operation: ICBufferFull done
Event: 7.279 Executing VM operation: HandshakeAllThreads
Event: 7.279 Executing VM operation: HandshakeAllThreads done
Event: 7.283 Executing VM operation: ICBufferFull
Event: 7.283 Executing VM operation: ICBufferFull done
Event: 7.456 Executing VM operation: ICBufferFull
Event: 7.456 Executing VM operation: ICBufferFull done
Event: 7.623 Executing VM operation: G1CollectForAllocation
Event: 7.634 Executing VM operation: G1CollectForAllocation done
Event: 8.015 Executing VM operation: ICBufferFull
Event: 8.016 Executing VM operation: ICBufferFull done
Event: 8.112 Executing VM operation: HandshakeAllThreads
Event: 8.113 Executing VM operation: HandshakeAllThreads done

Events (20 events):
Event: 5.858 Thread 0x000001644723b980 flushing nmethod 0x0000016432359490
Event: 5.858 Thread 0x000001644723b980 flushing nmethod 0x000001643235f810
Event: 5.858 Thread 0x000001644723b980 flushing nmethod 0x0000016432363810
Event: 5.859 Thread 0x000001644723b980 flushing nmethod 0x0000016432371490
Event: 5.859 Thread 0x000001644723b980 flushing nmethod 0x0000016432375b90
Event: 5.859 Thread 0x000001644723b980 flushing nmethod 0x000001643237c590
Event: 5.859 Thread 0x000001644723b980 flushing nmethod 0x0000016432389d10
Event: 5.859 Thread 0x000001644723b980 flushing nmethod 0x000001643238f510
Event: 5.859 Thread 0x000001644723b980 flushing nmethod 0x000001643238f890
Event: 5.859 Thread 0x000001644723b980 flushing nmethod 0x00000164323b4490
Event: 5.859 Thread 0x000001644723b980 flushing nmethod 0x00000164323f6410
Event: 5.859 Thread 0x000001644723b980 flushing nmethod 0x0000016432411190
Event: 5.859 Thread 0x000001644723b980 flushing nmethod 0x000001643241ef90
Event: 5.859 Thread 0x000001644723b980 flushing nmethod 0x000001643247e910
Event: 5.859 Thread 0x000001644723b980 flushing nmethod 0x00000164324c9d10
Event: 5.859 Thread 0x000001644723b980 flushing nmethod 0x00000164324ccd10
Event: 7.281 Thread 0x000001644723b980 flushing nmethod 0x00000164318fdb90
Event: 7.285 Thread 0x000001644723b980 flushing nmethod 0x00000164320eef10
Event: 8.114 Thread 0x000001644c3fc020 Thread added: 0x000001644c3fc020
Event: 8.135 Thread 0x000001644c3fc020 Thread exited: 0x000001644c3fc020


Dynamic libraries:
0x00007ff7728b0000 - 0x00007ff7728c0000 	D:\jdk\bin\java.exe
0x00007ffe11ad0000 - 0x00007ffe11cc8000 	C:\WINDOWS\SYSTEM32\ntdll.dll
0x00007ffe11410000 - 0x00007ffe114cd000 	C:\WINDOWS\System32\KERNEL32.DLL
0x00007ffe0f490000 - 0x00007ffe0f762000 	C:\WINDOWS\System32\KERNELBASE.dll
0x00007ffe0f900000 - 0x00007ffe0fa00000 	C:\WINDOWS\System32\ucrtbase.dll
0x00007ffde68a0000 - 0x00007ffde68ba000 	D:\jdk\bin\VCRUNTIME140.dll
0x00007ffde78f0000 - 0x00007ffde7908000 	D:\jdk\bin\jli.dll
0x00007ffe114d0000 - 0x00007ffe1157e000 	C:\WINDOWS\System32\ADVAPI32.dll
0x00007ffe10bf0000 - 0x00007ffe10c8e000 	C:\WINDOWS\System32\msvcrt.dll
0x00007ffe119c0000 - 0x00007ffe11a5c000 	C:\WINDOWS\System32\sechost.dll
0x00007ffe10cf0000 - 0x00007ffe10e15000 	C:\WINDOWS\System32\RPCRT4.dll
0x00007ffe10a50000 - 0x00007ffe10bed000 	C:\WINDOWS\System32\USER32.dll
0x00007ffe0fa00000 - 0x00007ffe0fa22000 	C:\WINDOWS\System32\win32u.dll
0x00007ffe0ffd0000 - 0x00007ffe0fffb000 	C:\WINDOWS\System32\GDI32.dll
0x00007ffe0f2d0000 - 0x00007ffe0f3df000 	C:\WINDOWS\System32\gdi32full.dll
0x00007ffe0f1e0000 - 0x00007ffe0f27d000 	C:\WINDOWS\System32\msvcp_win.dll
0x00007ffe00c50000 - 0x00007ffe00eea000 	C:\WINDOWS\WinSxS\amd64_microsoft.windows.common-controls_6595b64144ccf1df_6.0.19041.1110_none_60b5254171f9507e\COMCTL32.dll
0x00007ffe0df70000 - 0x00007ffe0df7a000 	C:\WINDOWS\SYSTEM32\VERSION.dll
0x00007ffe11a60000 - 0x00007ffe11a90000 	C:\WINDOWS\System32\IMM32.DLL
0x00007ffdff340000 - 0x00007ffdff34c000 	D:\jdk\bin\vcruntime140_1.dll
0x00007ffdc76b0000 - 0x00007ffdc773d000 	D:\jdk\bin\msvcp140.dll
0x00007ffd70550000 - 0x00007ffd71161000 	D:\jdk\bin\server\jvm.dll
0x00007ffe0fb30000 - 0x00007ffe0fb38000 	C:\WINDOWS\System32\PSAPI.DLL
0x00007ffe005b0000 - 0x00007ffe005d7000 	C:\WINDOWS\SYSTEM32\WINMM.dll
0x00007ffdfaec0000 - 0x00007ffdfaec9000 	C:\WINDOWS\SYSTEM32\WSOCK32.dll
0x00007ffe109e0000 - 0x00007ffe10a4b000 	C:\WINDOWS\System32\WS2_32.dll
0x00007ffe0df30000 - 0x00007ffe0df42000 	C:\WINDOWS\SYSTEM32\kernel.appcore.dll
0x00007ffdfeb70000 - 0x00007ffdfeb7a000 	D:\jdk\bin\jimage.dll
0x00007ffe09b60000 - 0x00007ffe09d44000 	C:\WINDOWS\SYSTEM32\DBGHELP.DLL
0x00007ffe09b00000 - 0x00007ffe09b2c000 	C:\WINDOWS\SYSTEM32\dbgcore.DLL
0x00007ffe0fa30000 - 0x00007ffe0fab2000 	C:\WINDOWS\System32\bcryptPrimitives.dll
0x00007ffe07860000 - 0x00007ffe0786e000 	D:\jdk\bin\instrument.dll
0x00007ffde6280000 - 0x00007ffde62a5000 	D:\jdk\bin\java.dll
0x00007ffdaf200000 - 0x00007ffdaf2d6000 	D:\jdk\bin\jsvml.dll
0x00007ffe10250000 - 0x00007ffe10993000 	C:\WINDOWS\System32\SHELL32.dll
0x00007ffe0d0f0000 - 0x00007ffe0d881000 	C:\WINDOWS\SYSTEM32\windows.storage.dll
0x00007ffe0fb40000 - 0x00007ffe0fe94000 	C:\WINDOWS\System32\combase.dll
0x00007ffe0eb60000 - 0x00007ffe0eb90000 	C:\WINDOWS\SYSTEM32\Wldp.dll
0x00007ffe11690000 - 0x00007ffe1173d000 	C:\WINDOWS\System32\SHCORE.dll
0x00007ffe113b0000 - 0x00007ffe11405000 	C:\WINDOWS\System32\shlwapi.dll
0x00007ffe0f120000 - 0x00007ffe0f13f000 	C:\WINDOWS\SYSTEM32\profapi.dll
0x00007ffde5890000 - 0x00007ffde58a8000 	D:\jdk\bin\zip.dll
0x00007ffde6880000 - 0x00007ffde6893000 	D:\jdk\bin\net.dll
0x00007ffe08110000 - 0x00007ffe0821d000 	C:\WINDOWS\SYSTEM32\WINHTTP.dll
0x00007ffe0e8c0000 - 0x00007ffe0e92a000 	C:\WINDOWS\system32\mswsock.dll
0x00007ffde5fb0000 - 0x00007ffde5fc6000 	D:\jdk\bin\nio.dll
0x00007ffdfebc0000 - 0x00007ffdfebda000 	D:\IntelliJ IDEA 2022.2\bin\breakgen64.dll
0x0000000069ac0000 - 0x0000000069ae4000 	C:\Users\admin\AppData\Local\Temp\jansi-2.4.0-1f5bf0bad4764d48-jansi.dll
0x00007ffdf46c0000 - 0x00007ffdf46d0000 	D:\jdk\bin\verify.dll
0x00007ffe0eab0000 - 0x00007ffe0eac8000 	C:\WINDOWS\SYSTEM32\CRYPTSP.dll
0x00007ffe0e1e0000 - 0x00007ffe0e214000 	C:\WINDOWS\system32\rsaenh.dll
0x00007ffe0f770000 - 0x00007ffe0f797000 	C:\WINDOWS\System32\bcrypt.dll
0x00007ffe0f0e0000 - 0x00007ffe0f10e000 	C:\WINDOWS\SYSTEM32\USERENV.dll
0x00007ffe0ead0000 - 0x00007ffe0eadc000 	C:\WINDOWS\SYSTEM32\CRYPTBASE.dll
0x00007ffe0e5b0000 - 0x00007ffe0e5eb000 	C:\WINDOWS\SYSTEM32\IPHLPAPI.DLL
0x00007ffe109c0000 - 0x00007ffe109c8000 	C:\WINDOWS\System32\NSI.dll
0x00007ffe09500000 - 0x00007ffe09517000 	C:\WINDOWS\SYSTEM32\dhcpcsvc6.DLL
0x00007ffe094e0000 - 0x00007ffe094fd000 	C:\WINDOWS\SYSTEM32\dhcpcsvc.DLL
0x00007ffe0e640000 - 0x00007ffe0e70a000 	C:\WINDOWS\SYSTEM32\DNSAPI.dll

dbghelp: loaded successfully - version: 4.0.5 - missing functions: none
symbol engine: initialized successfully - sym options: 0x614 - pdb path: .;D:\jdk\bin;C:\WINDOWS\SYSTEM32;C:\WINDOWS\WinSxS\amd64_microsoft.windows.common-controls_6595b64144ccf1df_6.0.19041.1110_none_60b5254171f9507e;D:\jdk\bin\server;D:\IntelliJ IDEA 2022.2\bin;C:\Users\admin\AppData\Local\Temp

VM Arguments:
jvm_args: -Dmaven.multiModuleProjectDirectory=E:\sgwProject\jingsai -Dmaven.home=D:\maven\apache-maven-3.8.6 -Dclassworlds.conf=D:\maven\apache-maven-3.8.6\bin\m2.conf -Dmaven.ext.class.path=D:\IntelliJ IDEA 2022.2\plugins\maven\lib\maven-event-listener.jar -javaagent:D:\IntelliJ IDEA 2022.2\lib\idea_rt.jar=50828:D:\IntelliJ IDEA 2022.2\bin -Dfile.encoding=UTF-8 
java_command: org.codehaus.classworlds.Launcher -Didea.version=2022.2 install
java_class_path (initial): D:\maven\apache-maven-3.8.6\boot\plexus-classworlds-2.6.0.jar;D:\maven\apache-maven-3.8.6\boot\plexus-classworlds.license
Launcher Type: SUN_STANDARD

[Global flags]
     intx CICompilerCount                          = 3                                         {product} {ergonomic}
     uint ConcGCThreads                            = 1                                         {product} {ergonomic}
     uint G1ConcRefinementThreads                  = 4                                         {product} {ergonomic}
   size_t G1HeapRegionSize                         = 1048576                                   {product} {ergonomic}
    uintx GCDrainStackTargetSize                   = 64                                        {product} {ergonomic}
   size_t InitialHeapSize                          = 134217728                                 {product} {ergonomic}
   size_t MarkStackSize                            = 4194304                                   {product} {ergonomic}
   size_t MaxHeapSize                              = 2122317824                                {product} {ergonomic}
   size_t MaxNewSize                               = 1272971264                                {product} {ergonomic}
   size_t MinHeapDeltaBytes                        = 1048576                                   {product} {ergonomic}
   size_t MinHeapSize                              = 8388608                                   {product} {ergonomic}
    uintx NonNMethodCodeHeapSize                   = 5832780                                {pd product} {ergonomic}
    uintx NonProfiledCodeHeapSize                  = 122912730                              {pd product} {ergonomic}
    uintx ProfiledCodeHeapSize                     = 122912730                              {pd product} {ergonomic}
    uintx ReservedCodeCacheSize                    = 251658240                              {pd product} {ergonomic}
     bool SegmentedCodeCache                       = true                                      {product} {ergonomic}
   size_t SoftMaxHeapSize                          = 2122317824                             {manageable} {ergonomic}
     bool UseCompressedClassPointers               = true                           {product lp64_product} {ergonomic}
     bool UseCompressedOops                        = true                           {product lp64_product} {ergonomic}
     bool UseG1GC                                  = true                                      {product} {ergonomic}
     bool UseLargePagesIndividualAllocation        = false                                  {pd product} {ergonomic}

Logging:
Log output configuration:
 #0: stdout all=warning uptime,level,tags foldmultilines=false
 #1: stderr all=off uptime,level,tags foldmultilines=false

Environment Variables:
PATH=C:\GeneralData\GBase\Server\bin;D:\oracle\bin;D:\oracle\WINDOWS.X64_193000_db_home\bin;C:\Program Files\Common Files\Oracle\Java\javapath;C:\Program Files (x86)\Intel\iCLS Client\;C:\Program Files\Intel\iCLS Client\;C:\WINDOWS\system32;C:\WINDOWS;C:\WINDOWS\System32\Wbem;C:\WINDOWS\System32\WindowsPowerShell\v1.0\;C:\Program Files (x86)\Intel\Intel(R) Management Engine Components\DAL;C:\Program Files\Intel\Intel(R) Management Engine Components\DAL;C:\Program Files (x86)\Intel\Intel(R) Management Engine Components\IPT;C:\Program Files\Intel\Intel(R) Management Engine Components\IPT;C:\WINDOWS\System32\OpenSSH\;C:\Program Files\dotnet\;C:\Program Files (x86)\NetSarang\Xshell 7\;C:\Program Files\Git\cmd;C:\Users\admin\AppData\Local\Microsoft\WindowsApps;D:\maven\apache-maven-3.8.6\bin;
USERNAME=admin
OS=Windows_NT
PROCESSOR_IDENTIFIER=Intel64 Family 6 Model 158 Stepping 9, GenuineIntel



---------------  S Y S T E M  ---------------

OS:
 Windows 10 , 64 bit Build 19041 (10.0.19041.1889)
OS uptime: 0 days 10:34 hours

CPU: total 4 (initial active 4) (4 cores per cpu, 1 threads per core) family 6 model 158 stepping 9 microcode 0xb4, cx8, cmov, fxsr, mmx, 3dnowpref, sse, sse2, sse3, ssse3, sse4.1, sse4.2, popcnt, lzcnt, tsc, tscinvbit, avx, avx2, aes, erms, clmul, bmi1, bmi2, rtm, adx, fma, vzeroupper, clflush, clflushopt

Memory: 4k page, system-wide physical 8088M (411M free)
TotalPageFile size 12184M (AvailPageFile size 4M)
current process WorkingSet (physical memory assigned to process): 332M, peak: 332M
current process commit charge ("private bytes"): 359M, peak: 360M

vm_info: Java HotSpot(TM) 64-Bit Server VM (18.0.2+9-61) for windows-amd64 JRE (18.0.2+9-61), built on Jun  7 2022 13:09:01 by "mach5one" with MS VC++ 16.8 / 16.9 (VS2019)

END.
